[0.008s] Invoking command in '/home/aiv/ev_ws/ros2_ver2/build/patchworkpp': CMAKE_PREFIX_PATH=${CMAKE_PREFIX_PATH}:/home/aiv/ros2_study/install/my_second_package:/opt/ros/humble /usr/bin/cmake --build /home/aiv/ev_ws/ros2_ver2/build/patchworkpp -- -j28 -l28
[0.104s] Building CXX object patchworkpp_cpp/patchworkpp/CMakeFiles/ground_seg_cores.dir/src/patchworkpp.cpp.o
[0.107s] Built target patchworkpp_node
[6.821s] Linking CXX static library libground_seg_cores.a
[6.846s] Built target ground_seg_cores
[6.866s] Linking CXX shared library libgseg_component.so
[6.972s] Built target gseg_component
[6.981s] Invoked command in '/home/aiv/ev_ws/ros2_ver2/build/patchworkpp' returned '0': CMAKE_PREFIX_PATH=${CMAKE_PREFIX_PATH}:/home/aiv/ros2_study/install/my_second_package:/opt/ros/humble /usr/bin/cmake --build /home/aiv/ev_ws/ros2_ver2/build/patchworkpp -- -j28 -l28
[6.988s] Invoking command in '/home/aiv/ev_ws/ros2_ver2/build/patchworkpp': CMAKE_PREFIX_PATH=${CMAKE_PREFIX_PATH}:/home/aiv/ros2_study/install/my_second_package:/opt/ros/humble /usr/bin/cmake --install /home/aiv/ev_ws/ros2_ver2/build/patchworkpp
[6.994s] -- Install configuration: "Release"
[6.994s] -- Up-to-date: /home/aiv/ev_ws/ros2_ver2/install/patchworkpp/include
[6.994s] -- Up-to-date: /home/aiv/ev_ws/ros2_ver2/install/patchworkpp/include/patchwork
[6.994s] -- Up-to-date: /home/aiv/ev_ws/ros2_ver2/install/patchworkpp/include/patchwork/patchworkpp.h
[6.994s] -- Installing: /home/aiv/ev_ws/ros2_ver2/install/patchworkpp/lib/libground_seg_cores.a
[6.995s] -- Up-to-date: /home/aiv/ev_ws/ros2_ver2/install/patchworkpp/lib/cmake/patchworkpp/patchworkppConfig.cmake
[6.995s] -- Up-to-date: /home/aiv/ev_ws/ros2_ver2/install/patchworkpp/lib/cmake/patchworkpp/patchworkppConfig-release.cmake
[6.995s] -- Up-to-date: /home/aiv/ev_ws/ros2_ver2/install/patchworkpp/lib/cmake/patchworkpp/patchworkppTargets.cmake
[6.995s] -- Up-to-date: /home/aiv/ev_ws/ros2_ver2/install/patchworkpp/lib/cmake/patchworkpp/patchworkppTargets-release.cmake
[6.995s] -- Up-to-date: /home/aiv/ev_ws/ros2_ver2/install/patchworkpp/lib/patchworkpp/patchworkpp_node
[6.995s] -- Installing: /home/aiv/ev_ws/ros2_ver2/install/patchworkpp/lib/libgseg_component.so
[6.996s] -- Set runtime path of "/home/aiv/ev_ws/ros2_ver2/install/patchworkpp/lib/libgseg_component.so" to ""
[6.996s] -- Up-to-date: /home/aiv/ev_ws/ros2_ver2/install/patchworkpp/share/patchworkpp//launch
[6.996s] -- Up-to-date: /home/aiv/ev_ws/ros2_ver2/install/patchworkpp/share/patchworkpp//launch/patchworkpp.launch.py
[6.996s] -- Up-to-date: /home/aiv/ev_ws/ros2_ver2/install/patchworkpp/share/patchworkpp//rviz
[6.996s] -- Up-to-date: /home/aiv/ev_ws/ros2_ver2/install/patchworkpp/share/patchworkpp//rviz/patchworkpp.rviz
[6.996s] -- Up-to-date: /home/aiv/ev_ws/ros2_ver2/install/patchworkpp/share/patchworkpp//config
[6.996s] -- Up-to-date: /home/aiv/ev_ws/ros2_ver2/install/patchworkpp/share/patchworkpp//config/patchworkpp_params.yaml
[6.996s] -- Up-to-date: /home/aiv/ev_ws/ros2_ver2/install/patchworkpp/share/ament_index/resource_index/package_run_dependencies/patchworkpp
[6.996s] -- Up-to-date: /home/aiv/ev_ws/ros2_ver2/install/patchworkpp/share/ament_index/resource_index/parent_prefix_path/patchworkpp
[6.996s] -- Up-to-date: /home/aiv/ev_ws/ros2_ver2/install/patchworkpp/share/patchworkpp/environment/ament_prefix_path.sh
[6.996s] -- Up-to-date: /home/aiv/ev_ws/ros2_ver2/install/patchworkpp/share/patchworkpp/environment/ament_prefix_path.dsv
[6.996s] -- Up-to-date: /home/aiv/ev_ws/ros2_ver2/install/patchworkpp/share/patchworkpp/environment/path.sh
[6.996s] -- Up-to-date: /home/aiv/ev_ws/ros2_ver2/install/patchworkpp/share/patchworkpp/environment/path.dsv
[6.996s] -- Up-to-date: /home/aiv/ev_ws/ros2_ver2/install/patchworkpp/share/patchworkpp/local_setup.bash
[6.996s] -- Up-to-date: /home/aiv/ev_ws/ros2_ver2/install/patchworkpp/share/patchworkpp/local_setup.sh
[6.996s] -- Up-to-date: /home/aiv/ev_ws/ros2_ver2/install/patchworkpp/share/patchworkpp/local_setup.zsh
[6.996s] -- Up-to-date: /home/aiv/ev_ws/ros2_ver2/install/patchworkpp/share/patchworkpp/local_setup.dsv
[6.996s] -- Installing: /home/aiv/ev_ws/ros2_ver2/install/patchworkpp/share/patchworkpp/package.dsv
[6.996s] -- Up-to-date: /home/aiv/ev_ws/ros2_ver2/install/patchworkpp/share/ament_index/resource_index/packages/patchworkpp
[6.996s] -- Up-to-date: /home/aiv/ev_ws/ros2_ver2/install/patchworkpp/share/ament_index/resource_index/rclcpp_components/patchworkpp
[6.996s] -- Up-to-date: /home/aiv/ev_ws/ros2_ver2/install/patchworkpp/share/patchworkpp/cmake/patchworkppConfig.cmake
[6.996s] -- Up-to-date: /home/aiv/ev_ws/ros2_ver2/install/patchworkpp/share/patchworkpp/cmake/patchworkppConfig-version.cmake
[6.996s] -- Up-to-date: /home/aiv/ev_ws/ros2_ver2/install/patchworkpp/share/patchworkpp/package.xml
[6.997s] Invoked command in '/home/aiv/ev_ws/ros2_ver2/build/patchworkpp' returned '0': CMAKE_PREFIX_PATH=${CMAKE_PREFIX_PATH}:/home/aiv/ros2_study/install/my_second_package:/opt/ros/humble /usr/bin/cmake --install /home/aiv/ev_ws/ros2_ver2/build/patchworkpp
