[0.007s] Invoking command in '/home/aiv/ev_ws/ros2_ver2/build/velodyne_ground_segmentation': CMAKE_PREFIX_PATH=${CMAKE_PREFIX_PATH}:/home/aiv/ros2_study/install/my_second_package:/opt/ros/humble /usr/bin/cmake --build /home/aiv/ev_ws/ros2_ver2/build/velodyne_ground_segmentation -- -j28 -l28
[0.036s] Consolidate compiler generated dependencies of target ground_segmentation_component
[0.044s] [ 50%] Building CXX object CMakeFiles/ground_segmentation_component.dir/src/ground_segmentation_component.cpp.o
[3.832s] [100%] Linking CXX shared library libground_segmentation_component.so
[4.040s] [100%] Built target ground_segmentation_component
[4.048s] Invoked command in '/home/aiv/ev_ws/ros2_ver2/build/velodyne_ground_segmentation' returned '0': CMAKE_PREFIX_PATH=${CMAKE_PREFIX_PATH}:/home/aiv/ros2_study/install/my_second_package:/opt/ros/humble /usr/bin/cmake --build /home/aiv/ev_ws/ros2_ver2/build/velodyne_ground_segmentation -- -j28 -l28
[4.054s] Invoking command in '/home/aiv/ev_ws/ros2_ver2/build/velodyne_ground_segmentation': CMAKE_PREFIX_PATH=${CMAKE_PREFIX_PATH}:/home/aiv/ros2_study/install/my_second_package:/opt/ros/humble /usr/bin/cmake --install /home/aiv/ev_ws/ros2_ver2/build/velodyne_ground_segmentation
[4.059s] -- Install configuration: ""
[4.059s] -- Installing: /home/aiv/ev_ws/ros2_ver2/install/velodyne_ground_segmentation/lib/libground_segmentation_component.so
[4.062s] -- Set runtime path of "/home/aiv/ev_ws/ros2_ver2/install/velodyne_ground_segmentation/lib/libground_segmentation_component.so" to ""
[4.062s] -- Up-to-date: /home/aiv/ev_ws/ros2_ver2/install/velodyne_ground_segmentation/include
[4.062s] -- Up-to-date: /home/aiv/ev_ws/ros2_ver2/install/velodyne_ground_segmentation/include/velodyne_ground_segmentation
[4.062s] -- Up-to-date: /home/aiv/ev_ws/ros2_ver2/install/velodyne_ground_segmentation/include/velodyne_ground_segmentation/ground_segmentation_component.hpp
[4.062s] -- Up-to-date: /home/aiv/ev_ws/ros2_ver2/install/velodyne_ground_segmentation/share/velodyne_ground_segmentation/config
[4.062s] -- Up-to-date: /home/aiv/ev_ws/ros2_ver2/install/velodyne_ground_segmentation/share/velodyne_ground_segmentation/config/default_ground_segmentation_params.yaml
[4.062s] -- Up-to-date: /home/aiv/ev_ws/ros2_ver2/install/velodyne_ground_segmentation/share/velodyne_ground_segmentation/launch
[4.062s] -- Up-to-date: /home/aiv/ev_ws/ros2_ver2/install/velodyne_ground_segmentation/share/velodyne_ground_segmentation/environment/library_path.sh
[4.062s] -- Up-to-date: /home/aiv/ev_ws/ros2_ver2/install/velodyne_ground_segmentation/share/velodyne_ground_segmentation/environment/library_path.dsv
[4.062s] -- Up-to-date: /home/aiv/ev_ws/ros2_ver2/install/velodyne_ground_segmentation/share/ament_index/resource_index/package_run_dependencies/velodyne_ground_segmentation
[4.062s] -- Up-to-date: /home/aiv/ev_ws/ros2_ver2/install/velodyne_ground_segmentation/share/ament_index/resource_index/parent_prefix_path/velodyne_ground_segmentation
[4.062s] -- Up-to-date: /home/aiv/ev_ws/ros2_ver2/install/velodyne_ground_segmentation/share/velodyne_ground_segmentation/environment/ament_prefix_path.sh
[4.062s] -- Up-to-date: /home/aiv/ev_ws/ros2_ver2/install/velodyne_ground_segmentation/share/velodyne_ground_segmentation/environment/ament_prefix_path.dsv
[4.063s] -- Up-to-date: /home/aiv/ev_ws/ros2_ver2/install/velodyne_ground_segmentation/share/velodyne_ground_segmentation/environment/path.sh
[4.063s] -- Up-to-date: /home/aiv/ev_ws/ros2_ver2/install/velodyne_ground_segmentation/share/velodyne_ground_segmentation/environment/path.dsv
[4.063s] -- Up-to-date: /home/aiv/ev_ws/ros2_ver2/install/velodyne_ground_segmentation/share/velodyne_ground_segmentation/local_setup.bash
[4.063s] -- Up-to-date: /home/aiv/ev_ws/ros2_ver2/install/velodyne_ground_segmentation/share/velodyne_ground_segmentation/local_setup.sh
[4.063s] -- Up-to-date: /home/aiv/ev_ws/ros2_ver2/install/velodyne_ground_segmentation/share/velodyne_ground_segmentation/local_setup.zsh
[4.063s] -- Up-to-date: /home/aiv/ev_ws/ros2_ver2/install/velodyne_ground_segmentation/share/velodyne_ground_segmentation/local_setup.dsv
[4.063s] -- Installing: /home/aiv/ev_ws/ros2_ver2/install/velodyne_ground_segmentation/share/velodyne_ground_segmentation/package.dsv
[4.063s] -- Up-to-date: /home/aiv/ev_ws/ros2_ver2/install/velodyne_ground_segmentation/share/ament_index/resource_index/packages/velodyne_ground_segmentation
[4.063s] -- Up-to-date: /home/aiv/ev_ws/ros2_ver2/install/velodyne_ground_segmentation/share/ament_index/resource_index/rclcpp_components/velodyne_ground_segmentation
[4.063s] -- Up-to-date: /home/aiv/ev_ws/ros2_ver2/install/velodyne_ground_segmentation/share/velodyne_ground_segmentation/cmake/ament_cmake_export_include_directories-extras.cmake
[4.063s] -- Up-to-date: /home/aiv/ev_ws/ros2_ver2/install/velodyne_ground_segmentation/share/velodyne_ground_segmentation/cmake/ament_cmake_export_libraries-extras.cmake
[4.063s] -- Up-to-date: /home/aiv/ev_ws/ros2_ver2/install/velodyne_ground_segmentation/share/velodyne_ground_segmentation/cmake/ament_cmake_export_dependencies-extras.cmake
[4.063s] -- Up-to-date: /home/aiv/ev_ws/ros2_ver2/install/velodyne_ground_segmentation/share/velodyne_ground_segmentation/cmake/velodyne_ground_segmentationConfig.cmake
[4.063s] -- Up-to-date: /home/aiv/ev_ws/ros2_ver2/install/velodyne_ground_segmentation/share/velodyne_ground_segmentation/cmake/velodyne_ground_segmentationConfig-version.cmake
[4.063s] -- Up-to-date: /home/aiv/ev_ws/ros2_ver2/install/velodyne_ground_segmentation/share/velodyne_ground_segmentation/package.xml
[4.063s] Invoked command in '/home/aiv/ev_ws/ros2_ver2/build/velodyne_ground_segmentation' returned '0': CMAKE_PREFIX_PATH=${CMAKE_PREFIX_PATH}:/home/aiv/ros2_study/install/my_second_package:/opt/ros/humble /usr/bin/cmake --install /home/aiv/ev_ws/ros2_ver2/build/velodyne_ground_segmentation
