[0.009s] Invoking command in '/home/aiv/ev_ws/ros2_ver2/build/velodyne_cropbox': CMAKE_PREFIX_PATH=${CMAKE_PREFIX_PATH}:/home/aiv/ros2_study/install/my_second_package:/opt/ros/humble /usr/bin/cmake --build /home/aiv/ev_ws/ros2_ver2/build/velodyne_cropbox -- -j28 -l28
[0.028s] -- Found ament_cmake: 1.3.12 (/opt/ros/humble/share/ament_cmake/cmake)
[0.090s] -- Override CMake install command with custom implementation using symlinks instead of copying resources
[0.093s] -- Found rclcpp: 16.0.17 (/opt/ros/humble/share/rclcpp/cmake)
[0.107s] -- Found rosidl_generator_c: 3.1.8 (/opt/ros/humble/share/rosidl_generator_c/cmake)
[0.108s] -- Found rosidl_adapter: 3.1.8 (/opt/ros/humble/share/rosidl_adapter/cmake)
[0.110s] -- Found rosidl_generator_cpp: 3.1.8 (/opt/ros/humble/share/rosidl_generator_cpp/cmake)
[0.115s] -- Using all available rosidl_typesupport_c: rosidl_typesupport_fastrtps_c;rosidl_typesupport_introspection_c
[0.121s] -- Using all available rosidl_typesupport_cpp: rosidl_typesupport_fastrtps_cpp;rosidl_typesupport_introspection_cpp
[0.136s] -- Found rmw_implementation_cmake: 6.1.2 (/opt/ros/humble/share/rmw_implementation_cmake/cmake)
[0.138s] -- Found rmw_cyclonedds_cpp: 1.3.4 (/opt/ros/humble/share/rmw_cyclonedds_cpp/cmake)
[0.146s] -- Using RMW implementation 'rmw_cyclonedds_cpp' as default
[0.168s] -- Found rclcpp_components: 16.0.17 (/opt/ros/humble/share/rclcpp_components/cmake)
[0.176s] -- Found sensor_msgs: 4.9.0 (/opt/ros/humble/share/sensor_msgs/cmake)
[0.191s] -- Found ament_lint_auto: 0.12.14 (/opt/ros/humble/share/ament_lint_auto/cmake)
[0.230s] -- Added test 'cppcheck' to perform static code analysis on C / C++ code
[0.230s] -- Configured cppcheck include dirs: $<BUILD_INTERFACE:/home/aiv/ev_ws/ros2_ver2/velodyne/velodyne_cropbox/include>
[0.230s] -- Configured cppcheck exclude dirs and/or files: 
[0.231s] -- Added test 'flake8' to check Python code syntax and style conventions
[0.231s] -- Added test 'lint_cmake' to check CMake code style
[0.231s] -- Added test 'pep257' to check Python code against some of the docstring style conventions in PEP 257
[0.231s] -- Added test 'uncrustify' to check C / C++ code style
[0.231s] -- Configured uncrustify additional arguments: 
[0.231s] -- Added test 'xmllint' to check XML markup files
[0.232s] -- Configuring done
[0.237s] -- Generating done
[0.238s] -- Build files have been written to: /home/aiv/ev_ws/ros2_ver2/build/velodyne_cropbox
[0.262s] Consolidate compiler generated dependencies of target cropbox_component
[0.289s] [ 50%] Building CXX object CMakeFiles/cropbox_component.dir/src/cropbox_component.cpp.o
[4.008s] [100%] Linking CXX shared library libcropbox_component.so
[4.214s] [100%] Built target cropbox_component
[4.220s] Invoked command in '/home/aiv/ev_ws/ros2_ver2/build/velodyne_cropbox' returned '0': CMAKE_PREFIX_PATH=${CMAKE_PREFIX_PATH}:/home/aiv/ros2_study/install/my_second_package:/opt/ros/humble /usr/bin/cmake --build /home/aiv/ev_ws/ros2_ver2/build/velodyne_cropbox -- -j28 -l28
[4.220s] Invoking command in '/home/aiv/ev_ws/ros2_ver2/build/velodyne_cropbox': CMAKE_PREFIX_PATH=${CMAKE_PREFIX_PATH}:/home/aiv/ros2_study/install/my_second_package:/opt/ros/humble /usr/bin/cmake --install /home/aiv/ev_ws/ros2_ver2/build/velodyne_cropbox
[4.226s] -- Install configuration: ""
[4.226s] -- Execute custom install script
[4.226s] -- Up-to-date symlink: /home/aiv/ev_ws/ros2_ver2/install/velodyne_cropbox/lib/libcropbox_component.so
[4.226s] -- Up-to-date symlink: /home/aiv/ev_ws/ros2_ver2/install/velodyne_cropbox/include/velodyne_cropbox/cropbox_component.hpp
[4.226s] -- Up-to-date symlink: /home/aiv/ev_ws/ros2_ver2/install/velodyne_cropbox/share/velodyne_cropbox/config/default_cropbox_params.yaml
[4.226s] -- Up-to-date symlink: /home/aiv/ev_ws/ros2_ver2/install/velodyne_cropbox/share/velodyne_cropbox/launch/velodyne_with_cropbox-VLP16-launch.py
[4.226s] -- Up-to-date symlink: /home/aiv/ev_ws/ros2_ver2/install/velodyne_cropbox/share/velodyne_cropbox/environment/library_path.sh
[4.226s] -- Up-to-date symlink: /home/aiv/ev_ws/ros2_ver2/install/velodyne_cropbox/share/velodyne_cropbox/environment/library_path.dsv
[4.227s] -- Up-to-date symlink: /home/aiv/ev_ws/ros2_ver2/install/velodyne_cropbox/share/ament_index/resource_index/package_run_dependencies/velodyne_cropbox
[4.227s] -- Up-to-date symlink: /home/aiv/ev_ws/ros2_ver2/install/velodyne_cropbox/share/ament_index/resource_index/parent_prefix_path/velodyne_cropbox
[4.227s] -- Up-to-date symlink: /home/aiv/ev_ws/ros2_ver2/install/velodyne_cropbox/share/velodyne_cropbox/environment/ament_prefix_path.sh
[4.227s] -- Up-to-date symlink: /home/aiv/ev_ws/ros2_ver2/install/velodyne_cropbox/share/velodyne_cropbox/environment/ament_prefix_path.dsv
[4.227s] -- Up-to-date symlink: /home/aiv/ev_ws/ros2_ver2/install/velodyne_cropbox/share/velodyne_cropbox/environment/path.sh
[4.227s] -- Up-to-date symlink: /home/aiv/ev_ws/ros2_ver2/install/velodyne_cropbox/share/velodyne_cropbox/environment/path.dsv
[4.227s] -- Up-to-date symlink: /home/aiv/ev_ws/ros2_ver2/install/velodyne_cropbox/share/velodyne_cropbox/local_setup.bash
[4.227s] -- Up-to-date symlink: /home/aiv/ev_ws/ros2_ver2/install/velodyne_cropbox/share/velodyne_cropbox/local_setup.sh
[4.227s] -- Up-to-date symlink: /home/aiv/ev_ws/ros2_ver2/install/velodyne_cropbox/share/velodyne_cropbox/local_setup.zsh
[4.227s] -- Up-to-date symlink: /home/aiv/ev_ws/ros2_ver2/install/velodyne_cropbox/share/velodyne_cropbox/local_setup.dsv
[4.227s] -- Symlinking: /home/aiv/ev_ws/ros2_ver2/install/velodyne_cropbox/share/velodyne_cropbox/package.dsv
[4.234s] -- Up-to-date symlink: /home/aiv/ev_ws/ros2_ver2/install/velodyne_cropbox/share/ament_index/resource_index/packages/velodyne_cropbox
[4.234s] -- Up-to-date symlink: /home/aiv/ev_ws/ros2_ver2/install/velodyne_cropbox/share/ament_index/resource_index/rclcpp_components/velodyne_cropbox
[4.234s] -- Up-to-date symlink: /home/aiv/ev_ws/ros2_ver2/install/velodyne_cropbox/share/velodyne_cropbox/cmake/ament_cmake_export_include_directories-extras.cmake
[4.234s] -- Up-to-date symlink: /home/aiv/ev_ws/ros2_ver2/install/velodyne_cropbox/share/velodyne_cropbox/cmake/ament_cmake_export_libraries-extras.cmake
[4.234s] -- Up-to-date symlink: /home/aiv/ev_ws/ros2_ver2/install/velodyne_cropbox/share/velodyne_cropbox/cmake/ament_cmake_export_dependencies-extras.cmake
[4.234s] -- Up-to-date symlink: /home/aiv/ev_ws/ros2_ver2/install/velodyne_cropbox/share/velodyne_cropbox/cmake/velodyne_cropboxConfig.cmake
[4.234s] -- Up-to-date symlink: /home/aiv/ev_ws/ros2_ver2/install/velodyne_cropbox/share/velodyne_cropbox/cmake/velodyne_cropboxConfig-version.cmake
[4.234s] -- Up-to-date symlink: /home/aiv/ev_ws/ros2_ver2/install/velodyne_cropbox/share/velodyne_cropbox/package.xml
[4.235s] Invoked command in '/home/aiv/ev_ws/ros2_ver2/build/velodyne_cropbox' returned '0': CMAKE_PREFIX_PATH=${CMAKE_PREFIX_PATH}:/home/aiv/ros2_study/install/my_second_package:/opt/ros/humble /usr/bin/cmake --install /home/aiv/ev_ws/ros2_ver2/build/velodyne_cropbox
