[0.049s] DEBUG:colcon:Command line arguments: ['/usr/bin/colcon', 'build', '--symlink-install', '--packages-select', 'lidar_clustering', 'lidar_launch']
[0.049s] DEBUG:colcon:Parsed command line arguments: Namespace(log_base=None, log_level=None, verb_name='build', build_base='build', install_base='install', merge_install=False, symlink_install=True, test_result_base=None, continue_on_error=False, executor='parallel', parallel_workers=28, event_handlers=None, ignore_user_meta=False, metas=['./colcon.meta'], base_paths=['.'], packages_ignore=None, packages_ignore_regex=None, paths=None, packages_up_to=None, packages_up_to_regex=None, packages_above=None, packages_above_and_dependencies=None, packages_above_depth=None, packages_select_by_dep=None, packages_skip_by_dep=None, packages_skip_up_to=None, packages_select_build_failed=False, packages_skip_build_finished=False, packages_select_test_failures=False, packages_skip_test_passed=False, packages_select=['lidar_clustering', 'lidar_launch'], packages_skip=None, packages_select_regex=None, packages_skip_regex=None, packages_start=None, packages_end=None, allow_overriding=[], cmake_args=None, cmake_target=None, cmake_target_skip_unavailable=False, cmake_clean_cache=False, cmake_clean_first=False, cmake_force_configure=False, ament_cmake_args=None, catkin_cmake_args=None, catkin_skip_building_tests=False, mixin_files=None, mixin=None, verb_parser=<colcon_mixin.mixin.mixin_argument.MixinArgumentDecorator object at 0x72453b1746a0>, verb_extension=<colcon_core.verb.build.BuildVerb object at 0x72453b174130>, main=<bound method BuildVerb.main of <colcon_core.verb.build.BuildVerb object at 0x72453b174130>>, mixin_verb=('build',))
[0.124s] Level 1:colcon.colcon_core.package_discovery:discover_packages(colcon_meta) check parameters
[0.124s] Level 1:colcon.colcon_core.package_discovery:discover_packages(recursive) check parameters
[0.124s] Level 1:colcon.colcon_core.package_discovery:discover_packages(ignore) check parameters
[0.124s] Level 1:colcon.colcon_core.package_discovery:discover_packages(path) check parameters
[0.124s] Level 1:colcon.colcon_core.package_discovery:discover_packages(colcon_meta) discover
[0.124s] Level 1:colcon.colcon_core.package_discovery:discover_packages(recursive) discover
[0.124s] INFO:colcon.colcon_core.package_discovery:Crawling recursively for packages in '/home/aiv/ev_ws/ros2_ver2'
[0.124s] Level 1:colcon.colcon_core.package_identification:_identify(.) by extensions ['ignore', 'ignore_ament_install']
[0.124s] Level 1:colcon.colcon_core.package_identification:_identify(.) by extension 'ignore'
[0.124s] Level 1:colcon.colcon_core.package_identification:_identify(.) by extension 'ignore_ament_install'
[0.124s] Level 1:colcon.colcon_core.package_identification:_identify(.) by extensions ['colcon_pkg']
[0.124s] Level 1:colcon.colcon_core.package_identification:_identify(.) by extension 'colcon_pkg'
[0.124s] Level 1:colcon.colcon_core.package_identification:_identify(.) by extensions ['colcon_meta']
[0.124s] Level 1:colcon.colcon_core.package_identification:_identify(.) by extension 'colcon_meta'
[0.125s] Level 1:colcon.colcon_core.package_identification:_identify(.) by extensions ['ros']
[0.125s] Level 1:colcon.colcon_core.package_identification:_identify(.) by extension 'ros'
[0.129s] Level 1:colcon.colcon_core.package_identification:_identify(.) by extensions ['cmake', 'python']
[0.130s] Level 1:colcon.colcon_core.package_identification:_identify(.) by extension 'cmake'
[0.130s] Level 1:colcon.colcon_core.package_identification:_identify(.) by extension 'python'
[0.130s] Level 1:colcon.colcon_core.package_identification:_identify(.) by extensions ['python_setup_py']
[0.130s] Level 1:colcon.colcon_core.package_identification:_identify(.) by extension 'python_setup_py'
[0.130s] Level 1:colcon.colcon_core.package_identification:_identify(build) by extensions ['ignore', 'ignore_ament_install']
[0.130s] Level 1:colcon.colcon_core.package_identification:_identify(build) by extension 'ignore'
[0.130s] Level 1:colcon.colcon_core.package_identification:_identify(build) ignored
[0.130s] Level 1:colcon.colcon_core.package_identification:_identify(install) by extensions ['ignore', 'ignore_ament_install']
[0.130s] Level 1:colcon.colcon_core.package_identification:_identify(install) by extension 'ignore'
[0.130s] Level 1:colcon.colcon_core.package_identification:_identify(install) ignored
[0.130s] Level 1:colcon.colcon_core.package_identification:_identify(log) by extensions ['ignore', 'ignore_ament_install']
[0.130s] Level 1:colcon.colcon_core.package_identification:_identify(log) by extension 'ignore'
[0.130s] Level 1:colcon.colcon_core.package_identification:_identify(log) ignored
[0.130s] Level 1:colcon.colcon_core.package_identification:_identify(rosbag) by extensions ['ignore', 'ignore_ament_install']
[0.130s] Level 1:colcon.colcon_core.package_identification:_identify(rosbag) by extension 'ignore'
[0.130s] Level 1:colcon.colcon_core.package_identification:_identify(rosbag) by extension 'ignore_ament_install'
[0.130s] Level 1:colcon.colcon_core.package_identification:_identify(rosbag) by extensions ['colcon_pkg']
[0.130s] Level 1:colcon.colcon_core.package_identification:_identify(rosbag) by extension 'colcon_pkg'
[0.130s] Level 1:colcon.colcon_core.package_identification:_identify(rosbag) by extensions ['colcon_meta']
[0.130s] Level 1:colcon.colcon_core.package_identification:_identify(rosbag) by extension 'colcon_meta'
[0.130s] Level 1:colcon.colcon_core.package_identification:_identify(rosbag) by extensions ['ros']
[0.130s] Level 1:colcon.colcon_core.package_identification:_identify(rosbag) by extension 'ros'
[0.130s] Level 1:colcon.colcon_core.package_identification:_identify(rosbag) by extensions ['cmake', 'python']
[0.130s] Level 1:colcon.colcon_core.package_identification:_identify(rosbag) by extension 'cmake'
[0.130s] Level 1:colcon.colcon_core.package_identification:_identify(rosbag) by extension 'python'
[0.130s] Level 1:colcon.colcon_core.package_identification:_identify(rosbag) by extensions ['python_setup_py']
[0.130s] Level 1:colcon.colcon_core.package_identification:_identify(rosbag) by extension 'python_setup_py'
[0.130s] Level 1:colcon.colcon_core.package_identification:_identify(rosbag/02061915) by extensions ['ignore', 'ignore_ament_install']
[0.130s] Level 1:colcon.colcon_core.package_identification:_identify(rosbag/02061915) by extension 'ignore'
[0.130s] Level 1:colcon.colcon_core.package_identification:_identify(rosbag/02061915) by extension 'ignore_ament_install'
[0.130s] Level 1:colcon.colcon_core.package_identification:_identify(rosbag/02061915) by extensions ['colcon_pkg']
[0.130s] Level 1:colcon.colcon_core.package_identification:_identify(rosbag/02061915) by extension 'colcon_pkg'
[0.130s] Level 1:colcon.colcon_core.package_identification:_identify(rosbag/02061915) by extensions ['colcon_meta']
[0.130s] Level 1:colcon.colcon_core.package_identification:_identify(rosbag/02061915) by extension 'colcon_meta'
[0.130s] Level 1:colcon.colcon_core.package_identification:_identify(rosbag/02061915) by extensions ['ros']
[0.130s] Level 1:colcon.colcon_core.package_identification:_identify(rosbag/02061915) by extension 'ros'
[0.130s] Level 1:colcon.colcon_core.package_identification:_identify(rosbag/02061915) by extensions ['cmake', 'python']
[0.130s] Level 1:colcon.colcon_core.package_identification:_identify(rosbag/02061915) by extension 'cmake'
[0.130s] Level 1:colcon.colcon_core.package_identification:_identify(rosbag/02061915) by extension 'python'
[0.130s] Level 1:colcon.colcon_core.package_identification:_identify(rosbag/02061915) by extensions ['python_setup_py']
[0.130s] Level 1:colcon.colcon_core.package_identification:_identify(rosbag/02061915) by extension 'python_setup_py'
[0.130s] Level 1:colcon.colcon_core.package_identification:_identify(rosbag/02111745) by extensions ['ignore', 'ignore_ament_install']
[0.130s] Level 1:colcon.colcon_core.package_identification:_identify(rosbag/02111745) by extension 'ignore'
[0.130s] Level 1:colcon.colcon_core.package_identification:_identify(rosbag/02111745) by extension 'ignore_ament_install'
[0.130s] Level 1:colcon.colcon_core.package_identification:_identify(rosbag/02111745) by extensions ['colcon_pkg']
[0.130s] Level 1:colcon.colcon_core.package_identification:_identify(rosbag/02111745) by extension 'colcon_pkg'
[0.130s] Level 1:colcon.colcon_core.package_identification:_identify(rosbag/02111745) by extensions ['colcon_meta']
[0.130s] Level 1:colcon.colcon_core.package_identification:_identify(rosbag/02111745) by extension 'colcon_meta'
[0.130s] Level 1:colcon.colcon_core.package_identification:_identify(rosbag/02111745) by extensions ['ros']
[0.131s] Level 1:colcon.colcon_core.package_identification:_identify(rosbag/02111745) by extension 'ros'
[0.131s] Level 1:colcon.colcon_core.package_identification:_identify(rosbag/02111745) by extensions ['cmake', 'python']
[0.131s] Level 1:colcon.colcon_core.package_identification:_identify(rosbag/02111745) by extension 'cmake'
[0.131s] Level 1:colcon.colcon_core.package_identification:_identify(rosbag/02111745) by extension 'python'
[0.131s] Level 1:colcon.colcon_core.package_identification:_identify(rosbag/02111745) by extensions ['python_setup_py']
[0.131s] Level 1:colcon.colcon_core.package_identification:_identify(rosbag/02111745) by extension 'python_setup_py'
[0.131s] Level 1:colcon.colcon_core.package_identification:_identify(rosbag/0211_1) by extensions ['ignore', 'ignore_ament_install']
[0.131s] Level 1:colcon.colcon_core.package_identification:_identify(rosbag/0211_1) by extension 'ignore'
[0.131s] Level 1:colcon.colcon_core.package_identification:_identify(rosbag/0211_1) by extension 'ignore_ament_install'
[0.131s] Level 1:colcon.colcon_core.package_identification:_identify(rosbag/0211_1) by extensions ['colcon_pkg']
[0.131s] Level 1:colcon.colcon_core.package_identification:_identify(rosbag/0211_1) by extension 'colcon_pkg'
[0.131s] Level 1:colcon.colcon_core.package_identification:_identify(rosbag/0211_1) by extensions ['colcon_meta']
[0.131s] Level 1:colcon.colcon_core.package_identification:_identify(rosbag/0211_1) by extension 'colcon_meta'
[0.131s] Level 1:colcon.colcon_core.package_identification:_identify(rosbag/0211_1) by extensions ['ros']
[0.131s] Level 1:colcon.colcon_core.package_identification:_identify(rosbag/0211_1) by extension 'ros'
[0.131s] Level 1:colcon.colcon_core.package_identification:_identify(rosbag/0211_1) by extensions ['cmake', 'python']
[0.131s] Level 1:colcon.colcon_core.package_identification:_identify(rosbag/0211_1) by extension 'cmake'
[0.131s] Level 1:colcon.colcon_core.package_identification:_identify(rosbag/0211_1) by extension 'python'
[0.131s] Level 1:colcon.colcon_core.package_identification:_identify(rosbag/0211_1) by extensions ['python_setup_py']
[0.131s] Level 1:colcon.colcon_core.package_identification:_identify(rosbag/0211_1) by extension 'python_setup_py'
[0.131s] Level 1:colcon.colcon_core.package_identification:_identify(rosbag/1749) by extensions ['ignore', 'ignore_ament_install']
[0.131s] Level 1:colcon.colcon_core.package_identification:_identify(rosbag/1749) by extension 'ignore'
[0.131s] Level 1:colcon.colcon_core.package_identification:_identify(rosbag/1749) by extension 'ignore_ament_install'
[0.131s] Level 1:colcon.colcon_core.package_identification:_identify(rosbag/1749) by extensions ['colcon_pkg']
[0.131s] Level 1:colcon.colcon_core.package_identification:_identify(rosbag/1749) by extension 'colcon_pkg'
[0.131s] Level 1:colcon.colcon_core.package_identification:_identify(rosbag/1749) by extensions ['colcon_meta']
[0.131s] Level 1:colcon.colcon_core.package_identification:_identify(rosbag/1749) by extension 'colcon_meta'
[0.131s] Level 1:colcon.colcon_core.package_identification:_identify(rosbag/1749) by extensions ['ros']
[0.131s] Level 1:colcon.colcon_core.package_identification:_identify(rosbag/1749) by extension 'ros'
[0.131s] Level 1:colcon.colcon_core.package_identification:_identify(rosbag/1749) by extensions ['cmake', 'python']
[0.131s] Level 1:colcon.colcon_core.package_identification:_identify(rosbag/1749) by extension 'cmake'
[0.131s] Level 1:colcon.colcon_core.package_identification:_identify(rosbag/1749) by extension 'python'
[0.131s] Level 1:colcon.colcon_core.package_identification:_identify(rosbag/1749) by extensions ['python_setup_py']
[0.131s] Level 1:colcon.colcon_core.package_identification:_identify(rosbag/1749) by extension 'python_setup_py'
[0.131s] Level 1:colcon.colcon_core.package_identification:_identify(rosbag/1753) by extensions ['ignore', 'ignore_ament_install']
[0.131s] Level 1:colcon.colcon_core.package_identification:_identify(rosbag/1753) by extension 'ignore'
[0.131s] Level 1:colcon.colcon_core.package_identification:_identify(rosbag/1753) by extension 'ignore_ament_install'
[0.131s] Level 1:colcon.colcon_core.package_identification:_identify(rosbag/1753) by extensions ['colcon_pkg']
[0.131s] Level 1:colcon.colcon_core.package_identification:_identify(rosbag/1753) by extension 'colcon_pkg'
[0.131s] Level 1:colcon.colcon_core.package_identification:_identify(rosbag/1753) by extensions ['colcon_meta']
[0.131s] Level 1:colcon.colcon_core.package_identification:_identify(rosbag/1753) by extension 'colcon_meta'
[0.131s] Level 1:colcon.colcon_core.package_identification:_identify(rosbag/1753) by extensions ['ros']
[0.131s] Level 1:colcon.colcon_core.package_identification:_identify(rosbag/1753) by extension 'ros'
[0.131s] Level 1:colcon.colcon_core.package_identification:_identify(rosbag/1753) by extensions ['cmake', 'python']
[0.131s] Level 1:colcon.colcon_core.package_identification:_identify(rosbag/1753) by extension 'cmake'
[0.131s] Level 1:colcon.colcon_core.package_identification:_identify(rosbag/1753) by extension 'python'
[0.131s] Level 1:colcon.colcon_core.package_identification:_identify(rosbag/1753) by extensions ['python_setup_py']
[0.131s] Level 1:colcon.colcon_core.package_identification:_identify(rosbag/1753) by extension 'python_setup_py'
[0.131s] Level 1:colcon.colcon_core.package_identification:_identify(rosbag/forStudy) by extensions ['ignore', 'ignore_ament_install']
[0.131s] Level 1:colcon.colcon_core.package_identification:_identify(rosbag/forStudy) by extension 'ignore'
[0.131s] Level 1:colcon.colcon_core.package_identification:_identify(rosbag/forStudy) by extension 'ignore_ament_install'
[0.131s] Level 1:colcon.colcon_core.package_identification:_identify(rosbag/forStudy) by extensions ['colcon_pkg']
[0.131s] Level 1:colcon.colcon_core.package_identification:_identify(rosbag/forStudy) by extension 'colcon_pkg'
[0.131s] Level 1:colcon.colcon_core.package_identification:_identify(rosbag/forStudy) by extensions ['colcon_meta']
[0.131s] Level 1:colcon.colcon_core.package_identification:_identify(rosbag/forStudy) by extension 'colcon_meta'
[0.131s] Level 1:colcon.colcon_core.package_identification:_identify(rosbag/forStudy) by extensions ['ros']
[0.131s] Level 1:colcon.colcon_core.package_identification:_identify(rosbag/forStudy) by extension 'ros'
[0.131s] Level 1:colcon.colcon_core.package_identification:_identify(rosbag/forStudy) by extensions ['cmake', 'python']
[0.131s] Level 1:colcon.colcon_core.package_identification:_identify(rosbag/forStudy) by extension 'cmake'
[0.131s] Level 1:colcon.colcon_core.package_identification:_identify(rosbag/forStudy) by extension 'python'
[0.131s] Level 1:colcon.colcon_core.package_identification:_identify(rosbag/forStudy) by extensions ['python_setup_py']
[0.131s] Level 1:colcon.colcon_core.package_identification:_identify(rosbag/forStudy) by extension 'python_setup_py'
[0.132s] Level 1:colcon.colcon_core.package_identification:_identify(src) by extensions ['ignore', 'ignore_ament_install']
[0.132s] Level 1:colcon.colcon_core.package_identification:_identify(src) by extension 'ignore'
[0.132s] Level 1:colcon.colcon_core.package_identification:_identify(src) by extension 'ignore_ament_install'
[0.132s] Level 1:colcon.colcon_core.package_identification:_identify(src) by extensions ['colcon_pkg']
[0.132s] Level 1:colcon.colcon_core.package_identification:_identify(src) by extension 'colcon_pkg'
[0.132s] Level 1:colcon.colcon_core.package_identification:_identify(src) by extensions ['colcon_meta']
[0.132s] Level 1:colcon.colcon_core.package_identification:_identify(src) by extension 'colcon_meta'
[0.132s] Level 1:colcon.colcon_core.package_identification:_identify(src) by extensions ['ros']
[0.132s] Level 1:colcon.colcon_core.package_identification:_identify(src) by extension 'ros'
[0.132s] Level 1:colcon.colcon_core.package_identification:_identify(src) by extensions ['cmake', 'python']
[0.132s] Level 1:colcon.colcon_core.package_identification:_identify(src) by extension 'cmake'
[0.132s] Level 1:colcon.colcon_core.package_identification:_identify(src) by extension 'python'
[0.132s] Level 1:colcon.colcon_core.package_identification:_identify(src) by extensions ['python_setup_py']
[0.132s] Level 1:colcon.colcon_core.package_identification:_identify(src) by extension 'python_setup_py'
[0.132s] Level 1:colcon.colcon_core.package_identification:_identify(src/lidar) by extensions ['ignore', 'ignore_ament_install']
[0.132s] Level 1:colcon.colcon_core.package_identification:_identify(src/lidar) by extension 'ignore'
[0.132s] Level 1:colcon.colcon_core.package_identification:_identify(src/lidar) by extension 'ignore_ament_install'
[0.132s] Level 1:colcon.colcon_core.package_identification:_identify(src/lidar) by extensions ['colcon_pkg']
[0.132s] Level 1:colcon.colcon_core.package_identification:_identify(src/lidar) by extension 'colcon_pkg'
[0.132s] Level 1:colcon.colcon_core.package_identification:_identify(src/lidar) by extensions ['colcon_meta']
[0.132s] Level 1:colcon.colcon_core.package_identification:_identify(src/lidar) by extension 'colcon_meta'
[0.132s] Level 1:colcon.colcon_core.package_identification:_identify(src/lidar) by extensions ['ros']
[0.132s] Level 1:colcon.colcon_core.package_identification:_identify(src/lidar) by extension 'ros'
[0.132s] Level 1:colcon.colcon_core.package_identification:_identify(src/lidar) by extensions ['cmake', 'python']
[0.132s] Level 1:colcon.colcon_core.package_identification:_identify(src/lidar) by extension 'cmake'
[0.132s] Level 1:colcon.colcon_core.package_identification:_identify(src/lidar) by extension 'python'
[0.132s] Level 1:colcon.colcon_core.package_identification:_identify(src/lidar) by extensions ['python_setup_py']
[0.132s] Level 1:colcon.colcon_core.package_identification:_identify(src/lidar) by extension 'python_setup_py'
[0.132s] Level 1:colcon.colcon_core.package_identification:_identify(src/lidar/lidar_clustering) by extensions ['ignore', 'ignore_ament_install']
[0.132s] Level 1:colcon.colcon_core.package_identification:_identify(src/lidar/lidar_clustering) by extension 'ignore'
[0.132s] Level 1:colcon.colcon_core.package_identification:_identify(src/lidar/lidar_clustering) by extension 'ignore_ament_install'
[0.132s] Level 1:colcon.colcon_core.package_identification:_identify(src/lidar/lidar_clustering) by extensions ['colcon_pkg']
[0.132s] Level 1:colcon.colcon_core.package_identification:_identify(src/lidar/lidar_clustering) by extension 'colcon_pkg'
[0.132s] Level 1:colcon.colcon_core.package_identification:_identify(src/lidar/lidar_clustering) by extensions ['colcon_meta']
[0.132s] Level 1:colcon.colcon_core.package_identification:_identify(src/lidar/lidar_clustering) by extension 'colcon_meta'
[0.132s] Level 1:colcon.colcon_core.package_identification:_identify(src/lidar/lidar_clustering) by extensions ['ros']
[0.132s] Level 1:colcon.colcon_core.package_identification:_identify(src/lidar/lidar_clustering) by extension 'ros'
[0.133s] DEBUG:colcon.colcon_core.package_identification:Package 'src/lidar/lidar_clustering' with type 'ros.ament_cmake' and name 'lidar_clustering'
[0.133s] Level 1:colcon.colcon_core.package_identification:_identify(src/lidar/patchwork-plusplus) by extensions ['ignore', 'ignore_ament_install']
[0.133s] Level 1:colcon.colcon_core.package_identification:_identify(src/lidar/patchwork-plusplus) by extension 'ignore'
[0.133s] Level 1:colcon.colcon_core.package_identification:_identify(src/lidar/patchwork-plusplus) by extension 'ignore_ament_install'
[0.133s] Level 1:colcon.colcon_core.package_identification:_identify(src/lidar/patchwork-plusplus) by extensions ['colcon_pkg']
[0.133s] Level 1:colcon.colcon_core.package_identification:_identify(src/lidar/patchwork-plusplus) by extension 'colcon_pkg'
[0.133s] Level 1:colcon.colcon_core.package_identification:_identify(src/lidar/patchwork-plusplus) by extensions ['colcon_meta']
[0.133s] Level 1:colcon.colcon_core.package_identification:_identify(src/lidar/patchwork-plusplus) by extension 'colcon_meta'
[0.133s] Level 1:colcon.colcon_core.package_identification:_identify(src/lidar/patchwork-plusplus) by extensions ['ros']
[0.133s] Level 1:colcon.colcon_core.package_identification:_identify(src/lidar/patchwork-plusplus) by extension 'ros'
[0.133s] Level 1:colcon.colcon_core.package_identification:_identify(src/lidar/patchwork-plusplus) by extensions ['cmake', 'python']
[0.133s] Level 1:colcon.colcon_core.package_identification:_identify(src/lidar/patchwork-plusplus) by extension 'cmake'
[0.133s] Level 1:colcon.colcon_core.package_identification:_identify(src/lidar/patchwork-plusplus) by extension 'python'
[0.133s] Level 1:colcon.colcon_core.package_identification:_identify(src/lidar/patchwork-plusplus) by extensions ['python_setup_py']
[0.134s] Level 1:colcon.colcon_core.package_identification:_identify(src/lidar/patchwork-plusplus) by extension 'python_setup_py'
[0.134s] Level 1:colcon.colcon_core.package_identification:_identify(src/lidar/patchwork-plusplus/cpp) by extensions ['ignore', 'ignore_ament_install']
[0.134s] Level 1:colcon.colcon_core.package_identification:_identify(src/lidar/patchwork-plusplus/cpp) by extension 'ignore'
[0.134s] Level 1:colcon.colcon_core.package_identification:_identify(src/lidar/patchwork-plusplus/cpp) ignored
[0.134s] Level 1:colcon.colcon_core.package_identification:_identify(src/lidar/patchwork-plusplus/data) by extensions ['ignore', 'ignore_ament_install']
[0.134s] Level 1:colcon.colcon_core.package_identification:_identify(src/lidar/patchwork-plusplus/data) by extension 'ignore'
[0.134s] Level 1:colcon.colcon_core.package_identification:_identify(src/lidar/patchwork-plusplus/data) by extension 'ignore_ament_install'
[0.134s] Level 1:colcon.colcon_core.package_identification:_identify(src/lidar/patchwork-plusplus/data) by extensions ['colcon_pkg']
[0.134s] Level 1:colcon.colcon_core.package_identification:_identify(src/lidar/patchwork-plusplus/data) by extension 'colcon_pkg'
[0.134s] Level 1:colcon.colcon_core.package_identification:_identify(src/lidar/patchwork-plusplus/data) by extensions ['colcon_meta']
[0.134s] Level 1:colcon.colcon_core.package_identification:_identify(src/lidar/patchwork-plusplus/data) by extension 'colcon_meta'
[0.134s] Level 1:colcon.colcon_core.package_identification:_identify(src/lidar/patchwork-plusplus/data) by extensions ['ros']
[0.134s] Level 1:colcon.colcon_core.package_identification:_identify(src/lidar/patchwork-plusplus/data) by extension 'ros'
[0.134s] Level 1:colcon.colcon_core.package_identification:_identify(src/lidar/patchwork-plusplus/data) by extensions ['cmake', 'python']
[0.134s] Level 1:colcon.colcon_core.package_identification:_identify(src/lidar/patchwork-plusplus/data) by extension 'cmake'
[0.134s] Level 1:colcon.colcon_core.package_identification:_identify(src/lidar/patchwork-plusplus/data) by extension 'python'
[0.134s] Level 1:colcon.colcon_core.package_identification:_identify(src/lidar/patchwork-plusplus/data) by extensions ['python_setup_py']
[0.134s] Level 1:colcon.colcon_core.package_identification:_identify(src/lidar/patchwork-plusplus/data) by extension 'python_setup_py'
[0.134s] Level 1:colcon.colcon_core.package_identification:_identify(src/lidar/patchwork-plusplus/pictures) by extensions ['ignore', 'ignore_ament_install']
[0.134s] Level 1:colcon.colcon_core.package_identification:_identify(src/lidar/patchwork-plusplus/pictures) by extension 'ignore'
[0.134s] Level 1:colcon.colcon_core.package_identification:_identify(src/lidar/patchwork-plusplus/pictures) by extension 'ignore_ament_install'
[0.134s] Level 1:colcon.colcon_core.package_identification:_identify(src/lidar/patchwork-plusplus/pictures) by extensions ['colcon_pkg']
[0.134s] Level 1:colcon.colcon_core.package_identification:_identify(src/lidar/patchwork-plusplus/pictures) by extension 'colcon_pkg'
[0.134s] Level 1:colcon.colcon_core.package_identification:_identify(src/lidar/patchwork-plusplus/pictures) by extensions ['colcon_meta']
[0.134s] Level 1:colcon.colcon_core.package_identification:_identify(src/lidar/patchwork-plusplus/pictures) by extension 'colcon_meta'
[0.134s] Level 1:colcon.colcon_core.package_identification:_identify(src/lidar/patchwork-plusplus/pictures) by extensions ['ros']
[0.134s] Level 1:colcon.colcon_core.package_identification:_identify(src/lidar/patchwork-plusplus/pictures) by extension 'ros'
[0.134s] Level 1:colcon.colcon_core.package_identification:_identify(src/lidar/patchwork-plusplus/pictures) by extensions ['cmake', 'python']
[0.134s] Level 1:colcon.colcon_core.package_identification:_identify(src/lidar/patchwork-plusplus/pictures) by extension 'cmake'
[0.134s] Level 1:colcon.colcon_core.package_identification:_identify(src/lidar/patchwork-plusplus/pictures) by extension 'python'
[0.134s] Level 1:colcon.colcon_core.package_identification:_identify(src/lidar/patchwork-plusplus/pictures) by extensions ['python_setup_py']
[0.134s] Level 1:colcon.colcon_core.package_identification:_identify(src/lidar/patchwork-plusplus/pictures) by extension 'python_setup_py'
[0.134s] Level 1:colcon.colcon_core.package_identification:_identify(src/lidar/patchwork-plusplus/python) by extensions ['ignore', 'ignore_ament_install']
[0.134s] Level 1:colcon.colcon_core.package_identification:_identify(src/lidar/patchwork-plusplus/python) by extension 'ignore'
[0.134s] Level 1:colcon.colcon_core.package_identification:_identify(src/lidar/patchwork-plusplus/python) ignored
[0.134s] Level 1:colcon.colcon_core.package_identification:_identify(src/lidar/patchwork-plusplus/ros) by extensions ['ignore', 'ignore_ament_install']
[0.134s] Level 1:colcon.colcon_core.package_identification:_identify(src/lidar/patchwork-plusplus/ros) by extension 'ignore'
[0.134s] Level 1:colcon.colcon_core.package_identification:_identify(src/lidar/patchwork-plusplus/ros) by extension 'ignore_ament_install'
[0.134s] Level 1:colcon.colcon_core.package_identification:_identify(src/lidar/patchwork-plusplus/ros) by extensions ['colcon_pkg']
[0.134s] Level 1:colcon.colcon_core.package_identification:_identify(src/lidar/patchwork-plusplus/ros) by extension 'colcon_pkg'
[0.134s] Level 1:colcon.colcon_core.package_identification:_identify(src/lidar/patchwork-plusplus/ros) by extensions ['colcon_meta']
[0.134s] Level 1:colcon.colcon_core.package_identification:_identify(src/lidar/patchwork-plusplus/ros) by extension 'colcon_meta'
[0.134s] Level 1:colcon.colcon_core.package_identification:_identify(src/lidar/patchwork-plusplus/ros) by extensions ['ros']
[0.134s] Level 1:colcon.colcon_core.package_identification:_identify(src/lidar/patchwork-plusplus/ros) by extension 'ros'
[0.135s] DEBUG:colcon.colcon_core.package_identification:Package 'src/lidar/patchwork-plusplus/ros' with type 'ros.ament_cmake' and name 'patchworkpp'
[0.135s] Level 1:colcon.colcon_core.package_identification:_identify(src/lidar/patchwork-plusplus/scripts) by extensions ['ignore', 'ignore_ament_install']
[0.135s] Level 1:colcon.colcon_core.package_identification:_identify(src/lidar/patchwork-plusplus/scripts) by extension 'ignore'
[0.135s] Level 1:colcon.colcon_core.package_identification:_identify(src/lidar/patchwork-plusplus/scripts) by extension 'ignore_ament_install'
[0.135s] Level 1:colcon.colcon_core.package_identification:_identify(src/lidar/patchwork-plusplus/scripts) by extensions ['colcon_pkg']
[0.135s] Level 1:colcon.colcon_core.package_identification:_identify(src/lidar/patchwork-plusplus/scripts) by extension 'colcon_pkg'
[0.135s] Level 1:colcon.colcon_core.package_identification:_identify(src/lidar/patchwork-plusplus/scripts) by extensions ['colcon_meta']
[0.135s] Level 1:colcon.colcon_core.package_identification:_identify(src/lidar/patchwork-plusplus/scripts) by extension 'colcon_meta'
[0.135s] Level 1:colcon.colcon_core.package_identification:_identify(src/lidar/patchwork-plusplus/scripts) by extensions ['ros']
[0.135s] Level 1:colcon.colcon_core.package_identification:_identify(src/lidar/patchwork-plusplus/scripts) by extension 'ros'
[0.135s] Level 1:colcon.colcon_core.package_identification:_identify(src/lidar/patchwork-plusplus/scripts) by extensions ['cmake', 'python']
[0.136s] Level 1:colcon.colcon_core.package_identification:_identify(src/lidar/patchwork-plusplus/scripts) by extension 'cmake'
[0.136s] Level 1:colcon.colcon_core.package_identification:_identify(src/lidar/patchwork-plusplus/scripts) by extension 'python'
[0.136s] Level 1:colcon.colcon_core.package_identification:_identify(src/lidar/patchwork-plusplus/scripts) by extensions ['python_setup_py']
[0.136s] Level 1:colcon.colcon_core.package_identification:_identify(src/lidar/patchwork-plusplus/scripts) by extension 'python_setup_py'
[0.136s] Level 1:colcon.colcon_core.package_identification:_identify(src/lidar/velodyne) by extensions ['ignore', 'ignore_ament_install']
[0.136s] Level 1:colcon.colcon_core.package_identification:_identify(src/lidar/velodyne) by extension 'ignore'
[0.136s] Level 1:colcon.colcon_core.package_identification:_identify(src/lidar/velodyne) by extension 'ignore_ament_install'
[0.136s] Level 1:colcon.colcon_core.package_identification:_identify(src/lidar/velodyne) by extensions ['colcon_pkg']
[0.136s] Level 1:colcon.colcon_core.package_identification:_identify(src/lidar/velodyne) by extension 'colcon_pkg'
[0.136s] Level 1:colcon.colcon_core.package_identification:_identify(src/lidar/velodyne) by extensions ['colcon_meta']
[0.136s] Level 1:colcon.colcon_core.package_identification:_identify(src/lidar/velodyne) by extension 'colcon_meta'
[0.136s] Level 1:colcon.colcon_core.package_identification:_identify(src/lidar/velodyne) by extensions ['ros']
[0.136s] Level 1:colcon.colcon_core.package_identification:_identify(src/lidar/velodyne) by extension 'ros'
[0.136s] DEBUG:colcon.colcon_core.package_identification:Package 'src/lidar/velodyne' with type 'ros.ament_cmake' and name 'velodyne'
[0.136s] Level 1:colcon.colcon_core.package_identification:_identify(src/lidar/velodyne_cropbox) by extensions ['ignore', 'ignore_ament_install']
[0.136s] Level 1:colcon.colcon_core.package_identification:_identify(src/lidar/velodyne_cropbox) by extension 'ignore'
[0.136s] Level 1:colcon.colcon_core.package_identification:_identify(src/lidar/velodyne_cropbox) by extension 'ignore_ament_install'
[0.136s] Level 1:colcon.colcon_core.package_identification:_identify(src/lidar/velodyne_cropbox) by extensions ['colcon_pkg']
[0.136s] Level 1:colcon.colcon_core.package_identification:_identify(src/lidar/velodyne_cropbox) by extension 'colcon_pkg'
[0.136s] Level 1:colcon.colcon_core.package_identification:_identify(src/lidar/velodyne_cropbox) by extensions ['colcon_meta']
[0.136s] Level 1:colcon.colcon_core.package_identification:_identify(src/lidar/velodyne_cropbox) by extension 'colcon_meta'
[0.136s] Level 1:colcon.colcon_core.package_identification:_identify(src/lidar/velodyne_cropbox) by extensions ['ros']
[0.136s] Level 1:colcon.colcon_core.package_identification:_identify(src/lidar/velodyne_cropbox) by extension 'ros'
[0.136s] DEBUG:colcon.colcon_core.package_identification:Package 'src/lidar/velodyne_cropbox' with type 'ros.ament_cmake' and name 'velodyne_cropbox'
[0.136s] Level 1:colcon.colcon_core.package_identification:_identify(src/lidar/velodyne_driver) by extensions ['ignore', 'ignore_ament_install']
[0.136s] Level 1:colcon.colcon_core.package_identification:_identify(src/lidar/velodyne_driver) by extension 'ignore'
[0.136s] Level 1:colcon.colcon_core.package_identification:_identify(src/lidar/velodyne_driver) by extension 'ignore_ament_install'
[0.137s] Level 1:colcon.colcon_core.package_identification:_identify(src/lidar/velodyne_driver) by extensions ['colcon_pkg']
[0.137s] Level 1:colcon.colcon_core.package_identification:_identify(src/lidar/velodyne_driver) by extension 'colcon_pkg'
[0.137s] Level 1:colcon.colcon_core.package_identification:_identify(src/lidar/velodyne_driver) by extensions ['colcon_meta']
[0.137s] Level 1:colcon.colcon_core.package_identification:_identify(src/lidar/velodyne_driver) by extension 'colcon_meta'
[0.137s] Level 1:colcon.colcon_core.package_identification:_identify(src/lidar/velodyne_driver) by extensions ['ros']
[0.137s] Level 1:colcon.colcon_core.package_identification:_identify(src/lidar/velodyne_driver) by extension 'ros'
[0.137s] DEBUG:colcon.colcon_core.package_identification:Package 'src/lidar/velodyne_driver' with type 'ros.ament_cmake' and name 'velodyne_driver'
[0.137s] Level 1:colcon.colcon_core.package_identification:_identify(src/lidar/velodyne_laserscan) by extensions ['ignore', 'ignore_ament_install']
[0.137s] Level 1:colcon.colcon_core.package_identification:_identify(src/lidar/velodyne_laserscan) by extension 'ignore'
[0.137s] Level 1:colcon.colcon_core.package_identification:_identify(src/lidar/velodyne_laserscan) by extension 'ignore_ament_install'
[0.137s] Level 1:colcon.colcon_core.package_identification:_identify(src/lidar/velodyne_laserscan) by extensions ['colcon_pkg']
[0.137s] Level 1:colcon.colcon_core.package_identification:_identify(src/lidar/velodyne_laserscan) by extension 'colcon_pkg'
[0.137s] Level 1:colcon.colcon_core.package_identification:_identify(src/lidar/velodyne_laserscan) by extensions ['colcon_meta']
[0.137s] Level 1:colcon.colcon_core.package_identification:_identify(src/lidar/velodyne_laserscan) by extension 'colcon_meta'
[0.137s] Level 1:colcon.colcon_core.package_identification:_identify(src/lidar/velodyne_laserscan) by extensions ['ros']
[0.137s] Level 1:colcon.colcon_core.package_identification:_identify(src/lidar/velodyne_laserscan) by extension 'ros'
[0.142s] DEBUG:colcon.colcon_core.package_identification:Package 'src/lidar/velodyne_laserscan' with type 'ros.ament_cmake' and name 'velodyne_laserscan'
[0.142s] Level 1:colcon.colcon_core.package_identification:_identify(src/lidar/velodyne_msgs) by extensions ['ignore', 'ignore_ament_install']
[0.142s] Level 1:colcon.colcon_core.package_identification:_identify(src/lidar/velodyne_msgs) by extension 'ignore'
[0.142s] Level 1:colcon.colcon_core.package_identification:_identify(src/lidar/velodyne_msgs) by extension 'ignore_ament_install'
[0.142s] Level 1:colcon.colcon_core.package_identification:_identify(src/lidar/velodyne_msgs) by extensions ['colcon_pkg']
[0.142s] Level 1:colcon.colcon_core.package_identification:_identify(src/lidar/velodyne_msgs) by extension 'colcon_pkg'
[0.142s] Level 1:colcon.colcon_core.package_identification:_identify(src/lidar/velodyne_msgs) by extensions ['colcon_meta']
[0.142s] Level 1:colcon.colcon_core.package_identification:_identify(src/lidar/velodyne_msgs) by extension 'colcon_meta'
[0.142s] Level 1:colcon.colcon_core.package_identification:_identify(src/lidar/velodyne_msgs) by extensions ['ros']
[0.142s] Level 1:colcon.colcon_core.package_identification:_identify(src/lidar/velodyne_msgs) by extension 'ros'
[0.142s] DEBUG:colcon.colcon_core.package_identification:Package 'src/lidar/velodyne_msgs' with type 'ros.ament_cmake' and name 'velodyne_msgs'
[0.142s] Level 1:colcon.colcon_core.package_identification:_identify(src/lidar/velodyne_pointcloud) by extensions ['ignore', 'ignore_ament_install']
[0.143s] Level 1:colcon.colcon_core.package_identification:_identify(src/lidar/velodyne_pointcloud) by extension 'ignore'
[0.143s] Level 1:colcon.colcon_core.package_identification:_identify(src/lidar/velodyne_pointcloud) by extension 'ignore_ament_install'
[0.143s] Level 1:colcon.colcon_core.package_identification:_identify(src/lidar/velodyne_pointcloud) by extensions ['colcon_pkg']
[0.143s] Level 1:colcon.colcon_core.package_identification:_identify(src/lidar/velodyne_pointcloud) by extension 'colcon_pkg'
[0.143s] Level 1:colcon.colcon_core.package_identification:_identify(src/lidar/velodyne_pointcloud) by extensions ['colcon_meta']
[0.143s] Level 1:colcon.colcon_core.package_identification:_identify(src/lidar/velodyne_pointcloud) by extension 'colcon_meta'
[0.143s] Level 1:colcon.colcon_core.package_identification:_identify(src/lidar/velodyne_pointcloud) by extensions ['ros']
[0.143s] Level 1:colcon.colcon_core.package_identification:_identify(src/lidar/velodyne_pointcloud) by extension 'ros'
[0.143s] DEBUG:colcon.colcon_core.package_identification:Package 'src/lidar/velodyne_pointcloud' with type 'ros.ament_cmake' and name 'velodyne_pointcloud'
[0.143s] Level 1:colcon.colcon_core.package_identification:_identify(src/lidar_launch) by extensions ['ignore', 'ignore_ament_install']
[0.143s] Level 1:colcon.colcon_core.package_identification:_identify(src/lidar_launch) by extension 'ignore'
[0.143s] Level 1:colcon.colcon_core.package_identification:_identify(src/lidar_launch) by extension 'ignore_ament_install'
[0.143s] Level 1:colcon.colcon_core.package_identification:_identify(src/lidar_launch) by extensions ['colcon_pkg']
[0.143s] Level 1:colcon.colcon_core.package_identification:_identify(src/lidar_launch) by extension 'colcon_pkg'
[0.143s] Level 1:colcon.colcon_core.package_identification:_identify(src/lidar_launch) by extensions ['colcon_meta']
[0.143s] Level 1:colcon.colcon_core.package_identification:_identify(src/lidar_launch) by extension 'colcon_meta'
[0.143s] Level 1:colcon.colcon_core.package_identification:_identify(src/lidar_launch) by extensions ['ros']
[0.143s] Level 1:colcon.colcon_core.package_identification:_identify(src/lidar_launch) by extension 'ros'
[0.144s] DEBUG:colcon.colcon_core.package_identification:Package 'src/lidar_launch' with type 'ros.ament_cmake' and name 'lidar_launch'
[0.144s] Level 1:colcon.colcon_core.package_discovery:discover_packages(recursive) using defaults
[0.144s] Level 1:colcon.colcon_core.package_discovery:discover_packages(ignore) discover
[0.144s] Level 1:colcon.colcon_core.package_discovery:discover_packages(ignore) using defaults
[0.144s] Level 1:colcon.colcon_core.package_discovery:discover_packages(path) discover
[0.144s] Level 1:colcon.colcon_core.package_discovery:discover_packages(path) using defaults
[0.153s] INFO:colcon.colcon_core.package_selection:Skipping not selected package 'patchworkpp' in 'src/lidar/patchwork-plusplus/ros'
[0.153s] INFO:colcon.colcon_core.package_selection:Skipping not selected package 'velodyne_cropbox' in 'src/lidar/velodyne_cropbox'
[0.153s] INFO:colcon.colcon_core.package_selection:Skipping not selected package 'velodyne_laserscan' in 'src/lidar/velodyne_laserscan'
[0.153s] INFO:colcon.colcon_core.package_selection:Skipping not selected package 'velodyne_msgs' in 'src/lidar/velodyne_msgs'
[0.153s] INFO:colcon.colcon_core.package_selection:Skipping not selected package 'velodyne_driver' in 'src/lidar/velodyne_driver'
[0.153s] INFO:colcon.colcon_core.package_selection:Skipping not selected package 'velodyne_pointcloud' in 'src/lidar/velodyne_pointcloud'
[0.153s] INFO:colcon.colcon_core.package_selection:Skipping not selected package 'velodyne' in 'src/lidar/velodyne'
[0.154s] Level 1:colcon.colcon_core.package_discovery:discover_packages(prefix_path) check parameters
[0.154s] Level 1:colcon.colcon_core.package_discovery:discover_packages(prefix_path) discover
[0.155s] DEBUG:colcon.colcon_installed_package_information.package_discovery:Found 9 installed packages in /home/aiv/ev_ws/ros2_ver2/install
[0.155s] DEBUG:colcon.colcon_installed_package_information.package_discovery:Found 6 installed packages in /home/aiv/ev_ws/ros2/install
[0.155s] DEBUG:colcon.colcon_installed_package_information.package_discovery:Found 2 installed packages in /home/aiv/ros2_study/install
[0.156s] DEBUG:colcon.colcon_installed_package_information.package_discovery:Found 7 installed packages in /home/aiv/workspace/ros2/erp42_ros/install
[0.156s] DEBUG:colcon.colcon_installed_package_information.package_discovery:Found 5 installed packages in /home/aiv/workspace/ros2/t870_ros/install
[0.156s] DEBUG:colcon.colcon_installed_package_information.package_discovery:Found 7 installed packages in /home/aiv/workspace/ros2/erp42_racing_ros/install
[0.156s] DEBUG:colcon.colcon_installed_package_information.package_discovery:Found 5 installed packages in /home/aiv/workspace/ros2/velodyne/install
[0.157s] DEBUG:colcon.colcon_installed_package_information.package_discovery:Found 301 installed packages in /opt/ros/humble
[0.158s] Level 1:colcon.colcon_core.package_discovery:discover_packages(prefix_path) using defaults
[0.175s] Level 5:colcon.colcon_core.verb:set package 'lidar_clustering' build argument 'cmake_args' from command line to 'None'
[0.175s] Level 5:colcon.colcon_core.verb:set package 'lidar_clustering' build argument 'cmake_target' from command line to 'None'
[0.175s] Level 5:colcon.colcon_core.verb:set package 'lidar_clustering' build argument 'cmake_target_skip_unavailable' from command line to 'False'
[0.175s] Level 5:colcon.colcon_core.verb:set package 'lidar_clustering' build argument 'cmake_clean_cache' from command line to 'False'
[0.175s] Level 5:colcon.colcon_core.verb:set package 'lidar_clustering' build argument 'cmake_clean_first' from command line to 'False'
[0.175s] Level 5:colcon.colcon_core.verb:set package 'lidar_clustering' build argument 'cmake_force_configure' from command line to 'False'
[0.175s] Level 5:colcon.colcon_core.verb:set package 'lidar_clustering' build argument 'ament_cmake_args' from command line to 'None'
[0.175s] Level 5:colcon.colcon_core.verb:set package 'lidar_clustering' build argument 'catkin_cmake_args' from command line to 'None'
[0.175s] Level 5:colcon.colcon_core.verb:set package 'lidar_clustering' build argument 'catkin_skip_building_tests' from command line to 'False'
[0.175s] DEBUG:colcon.colcon_core.verb:Building package 'lidar_clustering' with the following arguments: {'ament_cmake_args': None, 'build_base': '/home/aiv/ev_ws/ros2_ver2/build/lidar_clustering', 'catkin_cmake_args': None, 'catkin_skip_building_tests': False, 'cmake_args': None, 'cmake_clean_cache': False, 'cmake_clean_first': False, 'cmake_force_configure': False, 'cmake_target': None, 'cmake_target_skip_unavailable': False, 'install_base': '/home/aiv/ev_ws/ros2_ver2/install/lidar_clustering', 'merge_install': False, 'path': '/home/aiv/ev_ws/ros2_ver2/src/lidar/lidar_clustering', 'symlink_install': True, 'test_result_base': None}
[0.175s] Level 5:colcon.colcon_core.verb:set package 'lidar_launch' build argument 'cmake_args' from command line to 'None'
[0.175s] Level 5:colcon.colcon_core.verb:set package 'lidar_launch' build argument 'cmake_target' from command line to 'None'
[0.175s] Level 5:colcon.colcon_core.verb:set package 'lidar_launch' build argument 'cmake_target_skip_unavailable' from command line to 'False'
[0.175s] Level 5:colcon.colcon_core.verb:set package 'lidar_launch' build argument 'cmake_clean_cache' from command line to 'False'
[0.175s] Level 5:colcon.colcon_core.verb:set package 'lidar_launch' build argument 'cmake_clean_first' from command line to 'False'
[0.175s] Level 5:colcon.colcon_core.verb:set package 'lidar_launch' build argument 'cmake_force_configure' from command line to 'False'
[0.175s] Level 5:colcon.colcon_core.verb:set package 'lidar_launch' build argument 'ament_cmake_args' from command line to 'None'
[0.175s] Level 5:colcon.colcon_core.verb:set package 'lidar_launch' build argument 'catkin_cmake_args' from command line to 'None'
[0.175s] Level 5:colcon.colcon_core.verb:set package 'lidar_launch' build argument 'catkin_skip_building_tests' from command line to 'False'
[0.175s] DEBUG:colcon.colcon_core.verb:Building package 'lidar_launch' with the following arguments: {'ament_cmake_args': None, 'build_base': '/home/aiv/ev_ws/ros2_ver2/build/lidar_launch', 'catkin_cmake_args': None, 'catkin_skip_building_tests': False, 'cmake_args': None, 'cmake_clean_cache': False, 'cmake_clean_first': False, 'cmake_force_configure': False, 'cmake_target': None, 'cmake_target_skip_unavailable': False, 'install_base': '/home/aiv/ev_ws/ros2_ver2/install/lidar_launch', 'merge_install': False, 'path': '/home/aiv/ev_ws/ros2_ver2/src/lidar_launch', 'symlink_install': True, 'test_result_base': None}
[0.175s] INFO:colcon.colcon_core.executor:Executing jobs using 'parallel' executor
[0.176s] DEBUG:colcon.colcon_parallel_executor.executor.parallel:run_until_complete
[0.176s] INFO:colcon.colcon_ros.task.ament_cmake.build:Building ROS package in '/home/aiv/ev_ws/ros2_ver2/src/lidar/lidar_clustering' with build type 'ament_cmake'
[0.176s] INFO:colcon.colcon_cmake.task.cmake.build:Building CMake package in '/home/aiv/ev_ws/ros2_ver2/src/lidar/lidar_clustering'
[0.177s] INFO:colcon.colcon_core.plugin_system:Skipping extension 'colcon_core.shell.bat': Not used on non-Windows systems
[0.177s] INFO:colcon.colcon_core.shell:Skip shell extension 'powershell' for command environment: Not usable outside of PowerShell
[0.177s] DEBUG:colcon.colcon_core.shell:Skip shell extension 'dsv' for command environment
[0.183s] DEBUG:colcon.colcon_core.event_handler.log_command:Invoking command in '/home/aiv/ev_ws/ros2_ver2/build/lidar_clustering': CMAKE_PREFIX_PATH=${CMAKE_PREFIX_PATH}:/home/aiv/ros2_study/install/my_second_package:/opt/ros/humble /usr/bin/cmake /home/aiv/ev_ws/ros2_ver2/src/lidar/lidar_clustering -DAMENT_CMAKE_SYMLINK_INSTALL=1 -DCMAKE_INSTALL_PREFIX=/home/aiv/ev_ws/ros2_ver2/install/lidar_clustering
[0.482s] DEBUG:colcon.colcon_core.event_handler.log_command:Invoked command in '/home/aiv/ev_ws/ros2_ver2/build/lidar_clustering' returned '0': CMAKE_PREFIX_PATH=${CMAKE_PREFIX_PATH}:/home/aiv/ros2_study/install/my_second_package:/opt/ros/humble /usr/bin/cmake /home/aiv/ev_ws/ros2_ver2/src/lidar/lidar_clustering -DAMENT_CMAKE_SYMLINK_INSTALL=1 -DCMAKE_INSTALL_PREFIX=/home/aiv/ev_ws/ros2_ver2/install/lidar_clustering
[0.482s] DEBUG:colcon.colcon_core.event_handler.log_command:Invoking command in '/home/aiv/ev_ws/ros2_ver2/build/lidar_clustering': CMAKE_PREFIX_PATH=${CMAKE_PREFIX_PATH}:/home/aiv/ros2_study/install/my_second_package:/opt/ros/humble /usr/bin/cmake --build /home/aiv/ev_ws/ros2_ver2/build/lidar_clustering -- -j28 -l28
[0.816s] DEBUG:colcon.colcon_core.event_handler.log_command:Invoked command in '/home/aiv/ev_ws/ros2_ver2/build/lidar_clustering' returned '0': CMAKE_PREFIX_PATH=${CMAKE_PREFIX_PATH}:/home/aiv/ros2_study/install/my_second_package:/opt/ros/humble /usr/bin/cmake --build /home/aiv/ev_ws/ros2_ver2/build/lidar_clustering -- -j28 -l28
[0.823s] DEBUG:colcon.colcon_core.event_handler.log_command:Invoking command in '/home/aiv/ev_ws/ros2_ver2/build/lidar_clustering': CMAKE_PREFIX_PATH=${CMAKE_PREFIX_PATH}:/home/aiv/ros2_study/install/my_second_package:/opt/ros/humble /usr/bin/cmake --install /home/aiv/ev_ws/ros2_ver2/build/lidar_clustering
[0.985s] Level 1:colcon.colcon_core.environment:create_environment_scripts_only(lidar_clustering)
[0.985s] DEBUG:colcon.colcon_core.event_handler.log_command:Invoked command in '/home/aiv/ev_ws/ros2_ver2/build/lidar_clustering' returned '0': CMAKE_PREFIX_PATH=${CMAKE_PREFIX_PATH}:/home/aiv/ros2_study/install/my_second_package:/opt/ros/humble /usr/bin/cmake --install /home/aiv/ev_ws/ros2_ver2/build/lidar_clustering
[0.987s] Level 1:colcon.colcon_core.environment:checking '/home/aiv/ev_ws/ros2_ver2/install/lidar_clustering' for CMake module files
[0.987s] Level 1:colcon.colcon_core.environment:checking '/home/aiv/ev_ws/ros2_ver2/install/lidar_clustering' for CMake config files
[0.988s] Level 1:colcon.colcon_core.shell:create_environment_hook('lidar_clustering', 'cmake_prefix_path')
[0.988s] INFO:colcon.colcon_core.shell:Creating environment hook '/home/aiv/ev_ws/ros2_ver2/install/lidar_clustering/share/lidar_clustering/hook/cmake_prefix_path.ps1'
[0.988s] INFO:colcon.colcon_core.shell:Creating environment descriptor '/home/aiv/ev_ws/ros2_ver2/install/lidar_clustering/share/lidar_clustering/hook/cmake_prefix_path.dsv'
[0.988s] INFO:colcon.colcon_core.shell:Creating environment hook '/home/aiv/ev_ws/ros2_ver2/install/lidar_clustering/share/lidar_clustering/hook/cmake_prefix_path.sh'
[0.989s] Level 1:colcon.colcon_core.environment:checking '/home/aiv/ev_ws/ros2_ver2/install/lidar_clustering/lib'
[0.989s] Level 1:colcon.colcon_core.shell:create_environment_hook('lidar_clustering', 'ld_library_path_lib')
[0.989s] INFO:colcon.colcon_core.shell:Creating environment hook '/home/aiv/ev_ws/ros2_ver2/install/lidar_clustering/share/lidar_clustering/hook/ld_library_path_lib.ps1'
[0.989s] INFO:colcon.colcon_core.shell:Creating environment descriptor '/home/aiv/ev_ws/ros2_ver2/install/lidar_clustering/share/lidar_clustering/hook/ld_library_path_lib.dsv'
[0.989s] INFO:colcon.colcon_core.shell:Creating environment hook '/home/aiv/ev_ws/ros2_ver2/install/lidar_clustering/share/lidar_clustering/hook/ld_library_path_lib.sh'
[0.989s] Level 1:colcon.colcon_core.environment:checking '/home/aiv/ev_ws/ros2_ver2/install/lidar_clustering/bin'
[0.989s] Level 1:colcon.colcon_core.environment:checking '/home/aiv/ev_ws/ros2_ver2/install/lidar_clustering/lib/pkgconfig/lidar_clustering.pc'
[0.990s] Level 1:colcon.colcon_core.environment:checking '/home/aiv/ev_ws/ros2_ver2/install/lidar_clustering/lib/python3.10/site-packages'
[0.990s] Level 1:colcon.colcon_core.environment:checking '/home/aiv/ev_ws/ros2_ver2/install/lidar_clustering/bin'
[0.990s] INFO:colcon.colcon_core.shell:Creating package script '/home/aiv/ev_ws/ros2_ver2/install/lidar_clustering/share/lidar_clustering/package.ps1'
[0.990s] INFO:colcon.colcon_core.shell:Creating package descriptor '/home/aiv/ev_ws/ros2_ver2/install/lidar_clustering/share/lidar_clustering/package.dsv'
[0.990s] INFO:colcon.colcon_core.shell:Creating package script '/home/aiv/ev_ws/ros2_ver2/install/lidar_clustering/share/lidar_clustering/package.sh'
[0.991s] INFO:colcon.colcon_core.shell:Creating package script '/home/aiv/ev_ws/ros2_ver2/install/lidar_clustering/share/lidar_clustering/package.bash'
[0.991s] INFO:colcon.colcon_core.shell:Creating package script '/home/aiv/ev_ws/ros2_ver2/install/lidar_clustering/share/lidar_clustering/package.zsh'
[0.991s] Level 1:colcon.colcon_core.environment:create_file_with_runtime_dependencies(/home/aiv/ev_ws/ros2_ver2/install/lidar_clustering/share/colcon-core/packages/lidar_clustering)
[0.991s] Level 1:colcon.colcon_core.environment:create_environment_scripts_only(lidar_clustering)
[0.991s] Level 1:colcon.colcon_core.environment:checking '/home/aiv/ev_ws/ros2_ver2/install/lidar_clustering' for CMake module files
[0.992s] Level 1:colcon.colcon_core.environment:checking '/home/aiv/ev_ws/ros2_ver2/install/lidar_clustering' for CMake config files
[0.992s] Level 1:colcon.colcon_core.shell:create_environment_hook('lidar_clustering', 'cmake_prefix_path')
[0.992s] INFO:colcon.colcon_core.shell:Creating environment hook '/home/aiv/ev_ws/ros2_ver2/install/lidar_clustering/share/lidar_clustering/hook/cmake_prefix_path.ps1'
[0.992s] INFO:colcon.colcon_core.shell:Creating environment descriptor '/home/aiv/ev_ws/ros2_ver2/install/lidar_clustering/share/lidar_clustering/hook/cmake_prefix_path.dsv'
[0.992s] INFO:colcon.colcon_core.shell:Creating environment hook '/home/aiv/ev_ws/ros2_ver2/install/lidar_clustering/share/lidar_clustering/hook/cmake_prefix_path.sh'
[0.992s] Level 1:colcon.colcon_core.environment:checking '/home/aiv/ev_ws/ros2_ver2/install/lidar_clustering/lib'
[0.992s] Level 1:colcon.colcon_core.shell:create_environment_hook('lidar_clustering', 'ld_library_path_lib')
[0.992s] INFO:colcon.colcon_core.shell:Creating environment hook '/home/aiv/ev_ws/ros2_ver2/install/lidar_clustering/share/lidar_clustering/hook/ld_library_path_lib.ps1'
[0.993s] INFO:colcon.colcon_core.shell:Creating environment descriptor '/home/aiv/ev_ws/ros2_ver2/install/lidar_clustering/share/lidar_clustering/hook/ld_library_path_lib.dsv'
[0.993s] INFO:colcon.colcon_core.shell:Creating environment hook '/home/aiv/ev_ws/ros2_ver2/install/lidar_clustering/share/lidar_clustering/hook/ld_library_path_lib.sh'
[0.993s] Level 1:colcon.colcon_core.environment:checking '/home/aiv/ev_ws/ros2_ver2/install/lidar_clustering/bin'
[0.993s] Level 1:colcon.colcon_core.environment:checking '/home/aiv/ev_ws/ros2_ver2/install/lidar_clustering/lib/pkgconfig/lidar_clustering.pc'
[0.993s] Level 1:colcon.colcon_core.environment:checking '/home/aiv/ev_ws/ros2_ver2/install/lidar_clustering/lib/python3.10/site-packages'
[0.993s] Level 1:colcon.colcon_core.environment:checking '/home/aiv/ev_ws/ros2_ver2/install/lidar_clustering/bin'
[0.993s] INFO:colcon.colcon_core.shell:Creating package script '/home/aiv/ev_ws/ros2_ver2/install/lidar_clustering/share/lidar_clustering/package.ps1'
[0.994s] INFO:colcon.colcon_core.shell:Creating package descriptor '/home/aiv/ev_ws/ros2_ver2/install/lidar_clustering/share/lidar_clustering/package.dsv'
[0.994s] INFO:colcon.colcon_core.shell:Creating package script '/home/aiv/ev_ws/ros2_ver2/install/lidar_clustering/share/lidar_clustering/package.sh'
[0.994s] INFO:colcon.colcon_core.shell:Creating package script '/home/aiv/ev_ws/ros2_ver2/install/lidar_clustering/share/lidar_clustering/package.bash'
[0.994s] INFO:colcon.colcon_core.shell:Creating package script '/home/aiv/ev_ws/ros2_ver2/install/lidar_clustering/share/lidar_clustering/package.zsh'
[0.994s] Level 1:colcon.colcon_core.environment:create_file_with_runtime_dependencies(/home/aiv/ev_ws/ros2_ver2/install/lidar_clustering/share/colcon-core/packages/lidar_clustering)
[0.994s] INFO:colcon.colcon_ros.task.ament_cmake.build:Building ROS package in '/home/aiv/ev_ws/ros2_ver2/src/lidar_launch' with build type 'ament_cmake'
[0.994s] INFO:colcon.colcon_cmake.task.cmake.build:Building CMake package in '/home/aiv/ev_ws/ros2_ver2/src/lidar_launch'
[0.994s] INFO:colcon.colcon_core.shell:Skip shell extension 'powershell' for command environment: Not usable outside of PowerShell
[0.994s] DEBUG:colcon.colcon_core.shell:Skip shell extension 'dsv' for command environment
[1.012s] DEBUG:colcon.colcon_core.event_handler.log_command:Invoking command in '/home/aiv/ev_ws/ros2_ver2/build/lidar_launch': CMAKE_PREFIX_PATH=/home/aiv/ev_ws/ros2_ver2/install/velodyne_pointcloud:/home/aiv/ev_ws/ros2_ver2/install/velodyne_driver:/home/aiv/ev_ws/ros2_ver2/install/velodyne_msgs:/home/aiv/ev_ws/ros2_ver2/install/velodyne_cropbox:/home/aiv/ev_ws/ros2_ver2/install/patchworkpp:/home/aiv/ev_ws/ros2_ver2/install/lidar_clustering:/home/aiv/ev_ws/ros2_ver2/install/velodyne:/home/aiv/ev_ws/ros2_ver2/install/lidar_launch:/home/aiv/ev_ws/ros2_ver2/install/velodyne_laserscan:/home/aiv/ev_ws/ros2/install/velodyne:/home/aiv/ev_ws/ros2/install/velodyne_pointcloud:/home/aiv/ev_ws/ros2/install/velodyne_driver:/home/aiv/ev_ws/ros2/install/velodyne_msgs:/home/aiv/ev_ws/ros2/install/velodyne_laserscan:/home/aiv/ev_ws/ros2/install/patchworkpp:/home/aiv/ros2_study/install/my_first_package_msgs:/home/aiv/workspace/ros2/velodyne/install/velodyne:/home/aiv/workspace/ros2/velodyne/install/velodyne_pointcloud:/home/aiv/workspace/ros2/velodyne/install/velodyne_driver:/home/aiv/workspace/ros2/velodyne/install/velodyne_msgs:/home/aiv/workspace/ros2/velodyne/install/velodyne_laserscan:/home/aiv/workspace/ros2/erp42_ros/install/erp42_serial:/home/aiv/workspace/ros2/erp42_ros/install/erp42_rqt_plugin:/home/aiv/workspace/ros2/erp42_ros/install/erp42_gazebo:/home/aiv/workspace/ros2/erp42_ros/install/erp42_util:/home/aiv/workspace/ros2/erp42_ros/install/erp42_msgs:/home/aiv/workspace/ros2/erp42_ros/install/erp42_description:/home/aiv/workspace/ros2/erp42_ros/install/erp42_cmake:/home/aiv/workspace/ros2/t870_ros/install/t870_serial:/home/aiv/workspace/ros2/t870_ros/install/t870_rqt_plugin:/home/aiv/workspace/ros2/t870_ros/install/t870_util:/home/aiv/workspace/ros2/t870_ros/install/t870_msgs:/home/aiv/workspace/ros2/t870_ros/install/t870_cmake:/home/aiv/workspace/ros2/erp42_racing_ros/install/erp42_racing_serial:/home/aiv/workspace/ros2/erp42_racing_ros/install/erp42_racing_rqt_plugin:/home/aiv/workspace/ros2/erp42_racing_ros/install/erp42_racing_gazebo:/home/aiv/workspace/ros2/erp42_racing_ros/install/erp42_racing_util:/home/aiv/workspace/ros2/erp42_racing_ros/install/erp42_racing_msgs:/home/aiv/workspace/ros2/erp42_racing_ros/install/erp42_racing_description:/home/aiv/workspace/ros2/erp42_racing_ros/install/erp42_racing_cmake:/home/aiv/ros2_study/install/my_second_package:/opt/ros/humble LD_LIBRARY_PATH=/home/aiv/ev_ws/ros2_ver2/install/velodyne_pointcloud/lib:/home/aiv/ev_ws/ros2_ver2/install/velodyne_driver/lib:/home/aiv/ev_ws/ros2_ver2/install/velodyne_msgs/lib:/home/aiv/ev_ws/ros2_ver2/install/velodyne_cropbox/lib:/home/aiv/ev_ws/ros2_ver2/install/patchworkpp/lib:/home/aiv/ev_ws/ros2_ver2/install/lidar_clustering/lib:/home/aiv/ev_ws/ros2_ver2/install/velodyne_laserscan/lib:/home/aiv/ev_ws/ros2/install/velodyne_pointcloud/lib:/home/aiv/ev_ws/ros2/install/velodyne_driver/lib:/home/aiv/ev_ws/ros2/install/velodyne_msgs/lib:/home/aiv/ev_ws/ros2/install/velodyne_laserscan/lib:/home/aiv/ev_ws/ros2/install/patchworkpp/lib:/home/aiv/ros2_study/install/my_first_package_msgs/lib:/home/aiv/workspace/ros2/velodyne/install/velodyne_pointcloud/lib:/home/aiv/workspace/ros2/velodyne/install/velodyne_driver/lib:/home/aiv/workspace/ros2/velodyne/install/velodyne_msgs/lib:/home/aiv/workspace/ros2/velodyne/install/velodyne_laserscan/lib:/home/aiv/workspace/ros2/erp42_ros/install/erp42_serial/lib:/home/aiv/workspace/ros2/erp42_ros/install/erp42_rqt_plugin/lib:/home/aiv/workspace/ros2/erp42_ros/install/erp42_gazebo/lib:/home/aiv/workspace/ros2/erp42_ros/install/erp42_util/lib:/home/aiv/workspace/ros2/erp42_ros/install/erp42_msgs/lib:/home/aiv/workspace/ros2/t870_ros/install/t870_serial/lib:/home/aiv/workspace/ros2/t870_ros/install/t870_rqt_plugin/lib:/home/aiv/workspace/ros2/t870_ros/install/t870_util/lib:/home/aiv/workspace/ros2/t870_ros/install/t870_msgs/lib:/home/aiv/workspace/ros2/erp42_racing_ros/install/erp42_racing_serial/lib:/home/aiv/workspace/ros2/erp42_racing_ros/install/erp42_racing_rqt_plugin/lib:/home/aiv/workspace/ros2/erp42_racing_ros/install/erp42_racing_gazebo/lib:/home/aiv/workspace/ros2/erp42_racing_ros/install/erp42_racing_util/lib:/home/aiv/workspace/ros2/erp42_racing_ros/install/erp42_racing_msgs/lib:/usr/lib/x86_64-linux-gnu/gazebo-11/plugins:/opt/ros/humble/opt/rviz_ogre_vendor/lib:/opt/ros/humble/lib/x86_64-linux-gnu:/opt/ros/humble/lib /usr/bin/cmake /home/aiv/ev_ws/ros2_ver2/src/lidar_launch -DAMENT_CMAKE_SYMLINK_INSTALL=1 -DCMAKE_INSTALL_PREFIX=/home/aiv/ev_ws/ros2_ver2/install/lidar_launch
[1.123s] DEBUG:colcon.colcon_core.event_handler.log_command:Invoked command in '/home/aiv/ev_ws/ros2_ver2/build/lidar_launch' returned '0': CMAKE_PREFIX_PATH=/home/aiv/ev_ws/ros2_ver2/install/velodyne_pointcloud:/home/aiv/ev_ws/ros2_ver2/install/velodyne_driver:/home/aiv/ev_ws/ros2_ver2/install/velodyne_msgs:/home/aiv/ev_ws/ros2_ver2/install/velodyne_cropbox:/home/aiv/ev_ws/ros2_ver2/install/patchworkpp:/home/aiv/ev_ws/ros2_ver2/install/lidar_clustering:/home/aiv/ev_ws/ros2_ver2/install/velodyne:/home/aiv/ev_ws/ros2_ver2/install/lidar_launch:/home/aiv/ev_ws/ros2_ver2/install/velodyne_laserscan:/home/aiv/ev_ws/ros2/install/velodyne:/home/aiv/ev_ws/ros2/install/velodyne_pointcloud:/home/aiv/ev_ws/ros2/install/velodyne_driver:/home/aiv/ev_ws/ros2/install/velodyne_msgs:/home/aiv/ev_ws/ros2/install/velodyne_laserscan:/home/aiv/ev_ws/ros2/install/patchworkpp:/home/aiv/ros2_study/install/my_first_package_msgs:/home/aiv/workspace/ros2/velodyne/install/velodyne:/home/aiv/workspace/ros2/velodyne/install/velodyne_pointcloud:/home/aiv/workspace/ros2/velodyne/install/velodyne_driver:/home/aiv/workspace/ros2/velodyne/install/velodyne_msgs:/home/aiv/workspace/ros2/velodyne/install/velodyne_laserscan:/home/aiv/workspace/ros2/erp42_ros/install/erp42_serial:/home/aiv/workspace/ros2/erp42_ros/install/erp42_rqt_plugin:/home/aiv/workspace/ros2/erp42_ros/install/erp42_gazebo:/home/aiv/workspace/ros2/erp42_ros/install/erp42_util:/home/aiv/workspace/ros2/erp42_ros/install/erp42_msgs:/home/aiv/workspace/ros2/erp42_ros/install/erp42_description:/home/aiv/workspace/ros2/erp42_ros/install/erp42_cmake:/home/aiv/workspace/ros2/t870_ros/install/t870_serial:/home/aiv/workspace/ros2/t870_ros/install/t870_rqt_plugin:/home/aiv/workspace/ros2/t870_ros/install/t870_util:/home/aiv/workspace/ros2/t870_ros/install/t870_msgs:/home/aiv/workspace/ros2/t870_ros/install/t870_cmake:/home/aiv/workspace/ros2/erp42_racing_ros/install/erp42_racing_serial:/home/aiv/workspace/ros2/erp42_racing_ros/install/erp42_racing_rqt_plugin:/home/aiv/workspace/ros2/erp42_racing_ros/install/erp42_racing_gazebo:/home/aiv/workspace/ros2/erp42_racing_ros/install/erp42_racing_util:/home/aiv/workspace/ros2/erp42_racing_ros/install/erp42_racing_msgs:/home/aiv/workspace/ros2/erp42_racing_ros/install/erp42_racing_description:/home/aiv/workspace/ros2/erp42_racing_ros/install/erp42_racing_cmake:/home/aiv/ros2_study/install/my_second_package:/opt/ros/humble LD_LIBRARY_PATH=/home/aiv/ev_ws/ros2_ver2/install/velodyne_pointcloud/lib:/home/aiv/ev_ws/ros2_ver2/install/velodyne_driver/lib:/home/aiv/ev_ws/ros2_ver2/install/velodyne_msgs/lib:/home/aiv/ev_ws/ros2_ver2/install/velodyne_cropbox/lib:/home/aiv/ev_ws/ros2_ver2/install/patchworkpp/lib:/home/aiv/ev_ws/ros2_ver2/install/lidar_clustering/lib:/home/aiv/ev_ws/ros2_ver2/install/velodyne_laserscan/lib:/home/aiv/ev_ws/ros2/install/velodyne_pointcloud/lib:/home/aiv/ev_ws/ros2/install/velodyne_driver/lib:/home/aiv/ev_ws/ros2/install/velodyne_msgs/lib:/home/aiv/ev_ws/ros2/install/velodyne_laserscan/lib:/home/aiv/ev_ws/ros2/install/patchworkpp/lib:/home/aiv/ros2_study/install/my_first_package_msgs/lib:/home/aiv/workspace/ros2/velodyne/install/velodyne_pointcloud/lib:/home/aiv/workspace/ros2/velodyne/install/velodyne_driver/lib:/home/aiv/workspace/ros2/velodyne/install/velodyne_msgs/lib:/home/aiv/workspace/ros2/velodyne/install/velodyne_laserscan/lib:/home/aiv/workspace/ros2/erp42_ros/install/erp42_serial/lib:/home/aiv/workspace/ros2/erp42_ros/install/erp42_rqt_plugin/lib:/home/aiv/workspace/ros2/erp42_ros/install/erp42_gazebo/lib:/home/aiv/workspace/ros2/erp42_ros/install/erp42_util/lib:/home/aiv/workspace/ros2/erp42_ros/install/erp42_msgs/lib:/home/aiv/workspace/ros2/t870_ros/install/t870_serial/lib:/home/aiv/workspace/ros2/t870_ros/install/t870_rqt_plugin/lib:/home/aiv/workspace/ros2/t870_ros/install/t870_util/lib:/home/aiv/workspace/ros2/t870_ros/install/t870_msgs/lib:/home/aiv/workspace/ros2/erp42_racing_ros/install/erp42_racing_serial/lib:/home/aiv/workspace/ros2/erp42_racing_ros/install/erp42_racing_rqt_plugin/lib:/home/aiv/workspace/ros2/erp42_racing_ros/install/erp42_racing_gazebo/lib:/home/aiv/workspace/ros2/erp42_racing_ros/install/erp42_racing_util/lib:/home/aiv/workspace/ros2/erp42_racing_ros/install/erp42_racing_msgs/lib:/usr/lib/x86_64-linux-gnu/gazebo-11/plugins:/opt/ros/humble/opt/rviz_ogre_vendor/lib:/opt/ros/humble/lib/x86_64-linux-gnu:/opt/ros/humble/lib /usr/bin/cmake /home/aiv/ev_ws/ros2_ver2/src/lidar_launch -DAMENT_CMAKE_SYMLINK_INSTALL=1 -DCMAKE_INSTALL_PREFIX=/home/aiv/ev_ws/ros2_ver2/install/lidar_launch
[1.124s] DEBUG:colcon.colcon_core.event_handler.log_command:Invoking command in '/home/aiv/ev_ws/ros2_ver2/build/lidar_launch': CMAKE_PREFIX_PATH=/home/aiv/ev_ws/ros2_ver2/install/velodyne_pointcloud:/home/aiv/ev_ws/ros2_ver2/install/velodyne_driver:/home/aiv/ev_ws/ros2_ver2/install/velodyne_msgs:/home/aiv/ev_ws/ros2_ver2/install/velodyne_cropbox:/home/aiv/ev_ws/ros2_ver2/install/patchworkpp:/home/aiv/ev_ws/ros2_ver2/install/lidar_clustering:/home/aiv/ev_ws/ros2_ver2/install/velodyne:/home/aiv/ev_ws/ros2_ver2/install/lidar_launch:/home/aiv/ev_ws/ros2_ver2/install/velodyne_laserscan:/home/aiv/ev_ws/ros2/install/velodyne:/home/aiv/ev_ws/ros2/install/velodyne_pointcloud:/home/aiv/ev_ws/ros2/install/velodyne_driver:/home/aiv/ev_ws/ros2/install/velodyne_msgs:/home/aiv/ev_ws/ros2/install/velodyne_laserscan:/home/aiv/ev_ws/ros2/install/patchworkpp:/home/aiv/ros2_study/install/my_first_package_msgs:/home/aiv/workspace/ros2/velodyne/install/velodyne:/home/aiv/workspace/ros2/velodyne/install/velodyne_pointcloud:/home/aiv/workspace/ros2/velodyne/install/velodyne_driver:/home/aiv/workspace/ros2/velodyne/install/velodyne_msgs:/home/aiv/workspace/ros2/velodyne/install/velodyne_laserscan:/home/aiv/workspace/ros2/erp42_ros/install/erp42_serial:/home/aiv/workspace/ros2/erp42_ros/install/erp42_rqt_plugin:/home/aiv/workspace/ros2/erp42_ros/install/erp42_gazebo:/home/aiv/workspace/ros2/erp42_ros/install/erp42_util:/home/aiv/workspace/ros2/erp42_ros/install/erp42_msgs:/home/aiv/workspace/ros2/erp42_ros/install/erp42_description:/home/aiv/workspace/ros2/erp42_ros/install/erp42_cmake:/home/aiv/workspace/ros2/t870_ros/install/t870_serial:/home/aiv/workspace/ros2/t870_ros/install/t870_rqt_plugin:/home/aiv/workspace/ros2/t870_ros/install/t870_util:/home/aiv/workspace/ros2/t870_ros/install/t870_msgs:/home/aiv/workspace/ros2/t870_ros/install/t870_cmake:/home/aiv/workspace/ros2/erp42_racing_ros/install/erp42_racing_serial:/home/aiv/workspace/ros2/erp42_racing_ros/install/erp42_racing_rqt_plugin:/home/aiv/workspace/ros2/erp42_racing_ros/install/erp42_racing_gazebo:/home/aiv/workspace/ros2/erp42_racing_ros/install/erp42_racing_util:/home/aiv/workspace/ros2/erp42_racing_ros/install/erp42_racing_msgs:/home/aiv/workspace/ros2/erp42_racing_ros/install/erp42_racing_description:/home/aiv/workspace/ros2/erp42_racing_ros/install/erp42_racing_cmake:/home/aiv/ros2_study/install/my_second_package:/opt/ros/humble LD_LIBRARY_PATH=/home/aiv/ev_ws/ros2_ver2/install/velodyne_pointcloud/lib:/home/aiv/ev_ws/ros2_ver2/install/velodyne_driver/lib:/home/aiv/ev_ws/ros2_ver2/install/velodyne_msgs/lib:/home/aiv/ev_ws/ros2_ver2/install/velodyne_cropbox/lib:/home/aiv/ev_ws/ros2_ver2/install/patchworkpp/lib:/home/aiv/ev_ws/ros2_ver2/install/lidar_clustering/lib:/home/aiv/ev_ws/ros2_ver2/install/velodyne_laserscan/lib:/home/aiv/ev_ws/ros2/install/velodyne_pointcloud/lib:/home/aiv/ev_ws/ros2/install/velodyne_driver/lib:/home/aiv/ev_ws/ros2/install/velodyne_msgs/lib:/home/aiv/ev_ws/ros2/install/velodyne_laserscan/lib:/home/aiv/ev_ws/ros2/install/patchworkpp/lib:/home/aiv/ros2_study/install/my_first_package_msgs/lib:/home/aiv/workspace/ros2/velodyne/install/velodyne_pointcloud/lib:/home/aiv/workspace/ros2/velodyne/install/velodyne_driver/lib:/home/aiv/workspace/ros2/velodyne/install/velodyne_msgs/lib:/home/aiv/workspace/ros2/velodyne/install/velodyne_laserscan/lib:/home/aiv/workspace/ros2/erp42_ros/install/erp42_serial/lib:/home/aiv/workspace/ros2/erp42_ros/install/erp42_rqt_plugin/lib:/home/aiv/workspace/ros2/erp42_ros/install/erp42_gazebo/lib:/home/aiv/workspace/ros2/erp42_ros/install/erp42_util/lib:/home/aiv/workspace/ros2/erp42_ros/install/erp42_msgs/lib:/home/aiv/workspace/ros2/t870_ros/install/t870_serial/lib:/home/aiv/workspace/ros2/t870_ros/install/t870_rqt_plugin/lib:/home/aiv/workspace/ros2/t870_ros/install/t870_util/lib:/home/aiv/workspace/ros2/t870_ros/install/t870_msgs/lib:/home/aiv/workspace/ros2/erp42_racing_ros/install/erp42_racing_serial/lib:/home/aiv/workspace/ros2/erp42_racing_ros/install/erp42_racing_rqt_plugin/lib:/home/aiv/workspace/ros2/erp42_racing_ros/install/erp42_racing_gazebo/lib:/home/aiv/workspace/ros2/erp42_racing_ros/install/erp42_racing_util/lib:/home/aiv/workspace/ros2/erp42_racing_ros/install/erp42_racing_msgs/lib:/usr/lib/x86_64-linux-gnu/gazebo-11/plugins:/opt/ros/humble/opt/rviz_ogre_vendor/lib:/opt/ros/humble/lib/x86_64-linux-gnu:/opt/ros/humble/lib /usr/bin/cmake --build /home/aiv/ev_ws/ros2_ver2/build/lidar_launch -- -j28 -l28
[1.151s] DEBUG:colcon.colcon_core.event_handler.log_command:Invoked command in '/home/aiv/ev_ws/ros2_ver2/build/lidar_launch' returned '0': CMAKE_PREFIX_PATH=/home/aiv/ev_ws/ros2_ver2/install/velodyne_pointcloud:/home/aiv/ev_ws/ros2_ver2/install/velodyne_driver:/home/aiv/ev_ws/ros2_ver2/install/velodyne_msgs:/home/aiv/ev_ws/ros2_ver2/install/velodyne_cropbox:/home/aiv/ev_ws/ros2_ver2/install/patchworkpp:/home/aiv/ev_ws/ros2_ver2/install/lidar_clustering:/home/aiv/ev_ws/ros2_ver2/install/velodyne:/home/aiv/ev_ws/ros2_ver2/install/lidar_launch:/home/aiv/ev_ws/ros2_ver2/install/velodyne_laserscan:/home/aiv/ev_ws/ros2/install/velodyne:/home/aiv/ev_ws/ros2/install/velodyne_pointcloud:/home/aiv/ev_ws/ros2/install/velodyne_driver:/home/aiv/ev_ws/ros2/install/velodyne_msgs:/home/aiv/ev_ws/ros2/install/velodyne_laserscan:/home/aiv/ev_ws/ros2/install/patchworkpp:/home/aiv/ros2_study/install/my_first_package_msgs:/home/aiv/workspace/ros2/velodyne/install/velodyne:/home/aiv/workspace/ros2/velodyne/install/velodyne_pointcloud:/home/aiv/workspace/ros2/velodyne/install/velodyne_driver:/home/aiv/workspace/ros2/velodyne/install/velodyne_msgs:/home/aiv/workspace/ros2/velodyne/install/velodyne_laserscan:/home/aiv/workspace/ros2/erp42_ros/install/erp42_serial:/home/aiv/workspace/ros2/erp42_ros/install/erp42_rqt_plugin:/home/aiv/workspace/ros2/erp42_ros/install/erp42_gazebo:/home/aiv/workspace/ros2/erp42_ros/install/erp42_util:/home/aiv/workspace/ros2/erp42_ros/install/erp42_msgs:/home/aiv/workspace/ros2/erp42_ros/install/erp42_description:/home/aiv/workspace/ros2/erp42_ros/install/erp42_cmake:/home/aiv/workspace/ros2/t870_ros/install/t870_serial:/home/aiv/workspace/ros2/t870_ros/install/t870_rqt_plugin:/home/aiv/workspace/ros2/t870_ros/install/t870_util:/home/aiv/workspace/ros2/t870_ros/install/t870_msgs:/home/aiv/workspace/ros2/t870_ros/install/t870_cmake:/home/aiv/workspace/ros2/erp42_racing_ros/install/erp42_racing_serial:/home/aiv/workspace/ros2/erp42_racing_ros/install/erp42_racing_rqt_plugin:/home/aiv/workspace/ros2/erp42_racing_ros/install/erp42_racing_gazebo:/home/aiv/workspace/ros2/erp42_racing_ros/install/erp42_racing_util:/home/aiv/workspace/ros2/erp42_racing_ros/install/erp42_racing_msgs:/home/aiv/workspace/ros2/erp42_racing_ros/install/erp42_racing_description:/home/aiv/workspace/ros2/erp42_racing_ros/install/erp42_racing_cmake:/home/aiv/ros2_study/install/my_second_package:/opt/ros/humble LD_LIBRARY_PATH=/home/aiv/ev_ws/ros2_ver2/install/velodyne_pointcloud/lib:/home/aiv/ev_ws/ros2_ver2/install/velodyne_driver/lib:/home/aiv/ev_ws/ros2_ver2/install/velodyne_msgs/lib:/home/aiv/ev_ws/ros2_ver2/install/velodyne_cropbox/lib:/home/aiv/ev_ws/ros2_ver2/install/patchworkpp/lib:/home/aiv/ev_ws/ros2_ver2/install/lidar_clustering/lib:/home/aiv/ev_ws/ros2_ver2/install/velodyne_laserscan/lib:/home/aiv/ev_ws/ros2/install/velodyne_pointcloud/lib:/home/aiv/ev_ws/ros2/install/velodyne_driver/lib:/home/aiv/ev_ws/ros2/install/velodyne_msgs/lib:/home/aiv/ev_ws/ros2/install/velodyne_laserscan/lib:/home/aiv/ev_ws/ros2/install/patchworkpp/lib:/home/aiv/ros2_study/install/my_first_package_msgs/lib:/home/aiv/workspace/ros2/velodyne/install/velodyne_pointcloud/lib:/home/aiv/workspace/ros2/velodyne/install/velodyne_driver/lib:/home/aiv/workspace/ros2/velodyne/install/velodyne_msgs/lib:/home/aiv/workspace/ros2/velodyne/install/velodyne_laserscan/lib:/home/aiv/workspace/ros2/erp42_ros/install/erp42_serial/lib:/home/aiv/workspace/ros2/erp42_ros/install/erp42_rqt_plugin/lib:/home/aiv/workspace/ros2/erp42_ros/install/erp42_gazebo/lib:/home/aiv/workspace/ros2/erp42_ros/install/erp42_util/lib:/home/aiv/workspace/ros2/erp42_ros/install/erp42_msgs/lib:/home/aiv/workspace/ros2/t870_ros/install/t870_serial/lib:/home/aiv/workspace/ros2/t870_ros/install/t870_rqt_plugin/lib:/home/aiv/workspace/ros2/t870_ros/install/t870_util/lib:/home/aiv/workspace/ros2/t870_ros/install/t870_msgs/lib:/home/aiv/workspace/ros2/erp42_racing_ros/install/erp42_racing_serial/lib:/home/aiv/workspace/ros2/erp42_racing_ros/install/erp42_racing_rqt_plugin/lib:/home/aiv/workspace/ros2/erp42_racing_ros/install/erp42_racing_gazebo/lib:/home/aiv/workspace/ros2/erp42_racing_ros/install/erp42_racing_util/lib:/home/aiv/workspace/ros2/erp42_racing_ros/install/erp42_racing_msgs/lib:/usr/lib/x86_64-linux-gnu/gazebo-11/plugins:/opt/ros/humble/opt/rviz_ogre_vendor/lib:/opt/ros/humble/lib/x86_64-linux-gnu:/opt/ros/humble/lib /usr/bin/cmake --build /home/aiv/ev_ws/ros2_ver2/build/lidar_launch -- -j28 -l28
[1.151s] DEBUG:colcon.colcon_core.event_handler.log_command:Invoking command in '/home/aiv/ev_ws/ros2_ver2/build/lidar_launch': CMAKE_PREFIX_PATH=/home/aiv/ev_ws/ros2_ver2/install/velodyne_pointcloud:/home/aiv/ev_ws/ros2_ver2/install/velodyne_driver:/home/aiv/ev_ws/ros2_ver2/install/velodyne_msgs:/home/aiv/ev_ws/ros2_ver2/install/velodyne_cropbox:/home/aiv/ev_ws/ros2_ver2/install/patchworkpp:/home/aiv/ev_ws/ros2_ver2/install/lidar_clustering:/home/aiv/ev_ws/ros2_ver2/install/velodyne:/home/aiv/ev_ws/ros2_ver2/install/lidar_launch:/home/aiv/ev_ws/ros2_ver2/install/velodyne_laserscan:/home/aiv/ev_ws/ros2/install/velodyne:/home/aiv/ev_ws/ros2/install/velodyne_pointcloud:/home/aiv/ev_ws/ros2/install/velodyne_driver:/home/aiv/ev_ws/ros2/install/velodyne_msgs:/home/aiv/ev_ws/ros2/install/velodyne_laserscan:/home/aiv/ev_ws/ros2/install/patchworkpp:/home/aiv/ros2_study/install/my_first_package_msgs:/home/aiv/workspace/ros2/velodyne/install/velodyne:/home/aiv/workspace/ros2/velodyne/install/velodyne_pointcloud:/home/aiv/workspace/ros2/velodyne/install/velodyne_driver:/home/aiv/workspace/ros2/velodyne/install/velodyne_msgs:/home/aiv/workspace/ros2/velodyne/install/velodyne_laserscan:/home/aiv/workspace/ros2/erp42_ros/install/erp42_serial:/home/aiv/workspace/ros2/erp42_ros/install/erp42_rqt_plugin:/home/aiv/workspace/ros2/erp42_ros/install/erp42_gazebo:/home/aiv/workspace/ros2/erp42_ros/install/erp42_util:/home/aiv/workspace/ros2/erp42_ros/install/erp42_msgs:/home/aiv/workspace/ros2/erp42_ros/install/erp42_description:/home/aiv/workspace/ros2/erp42_ros/install/erp42_cmake:/home/aiv/workspace/ros2/t870_ros/install/t870_serial:/home/aiv/workspace/ros2/t870_ros/install/t870_rqt_plugin:/home/aiv/workspace/ros2/t870_ros/install/t870_util:/home/aiv/workspace/ros2/t870_ros/install/t870_msgs:/home/aiv/workspace/ros2/t870_ros/install/t870_cmake:/home/aiv/workspace/ros2/erp42_racing_ros/install/erp42_racing_serial:/home/aiv/workspace/ros2/erp42_racing_ros/install/erp42_racing_rqt_plugin:/home/aiv/workspace/ros2/erp42_racing_ros/install/erp42_racing_gazebo:/home/aiv/workspace/ros2/erp42_racing_ros/install/erp42_racing_util:/home/aiv/workspace/ros2/erp42_racing_ros/install/erp42_racing_msgs:/home/aiv/workspace/ros2/erp42_racing_ros/install/erp42_racing_description:/home/aiv/workspace/ros2/erp42_racing_ros/install/erp42_racing_cmake:/home/aiv/ros2_study/install/my_second_package:/opt/ros/humble LD_LIBRARY_PATH=/home/aiv/ev_ws/ros2_ver2/install/velodyne_pointcloud/lib:/home/aiv/ev_ws/ros2_ver2/install/velodyne_driver/lib:/home/aiv/ev_ws/ros2_ver2/install/velodyne_msgs/lib:/home/aiv/ev_ws/ros2_ver2/install/velodyne_cropbox/lib:/home/aiv/ev_ws/ros2_ver2/install/patchworkpp/lib:/home/aiv/ev_ws/ros2_ver2/install/lidar_clustering/lib:/home/aiv/ev_ws/ros2_ver2/install/velodyne_laserscan/lib:/home/aiv/ev_ws/ros2/install/velodyne_pointcloud/lib:/home/aiv/ev_ws/ros2/install/velodyne_driver/lib:/home/aiv/ev_ws/ros2/install/velodyne_msgs/lib:/home/aiv/ev_ws/ros2/install/velodyne_laserscan/lib:/home/aiv/ev_ws/ros2/install/patchworkpp/lib:/home/aiv/ros2_study/install/my_first_package_msgs/lib:/home/aiv/workspace/ros2/velodyne/install/velodyne_pointcloud/lib:/home/aiv/workspace/ros2/velodyne/install/velodyne_driver/lib:/home/aiv/workspace/ros2/velodyne/install/velodyne_msgs/lib:/home/aiv/workspace/ros2/velodyne/install/velodyne_laserscan/lib:/home/aiv/workspace/ros2/erp42_ros/install/erp42_serial/lib:/home/aiv/workspace/ros2/erp42_ros/install/erp42_rqt_plugin/lib:/home/aiv/workspace/ros2/erp42_ros/install/erp42_gazebo/lib:/home/aiv/workspace/ros2/erp42_ros/install/erp42_util/lib:/home/aiv/workspace/ros2/erp42_ros/install/erp42_msgs/lib:/home/aiv/workspace/ros2/t870_ros/install/t870_serial/lib:/home/aiv/workspace/ros2/t870_ros/install/t870_rqt_plugin/lib:/home/aiv/workspace/ros2/t870_ros/install/t870_util/lib:/home/aiv/workspace/ros2/t870_ros/install/t870_msgs/lib:/home/aiv/workspace/ros2/erp42_racing_ros/install/erp42_racing_serial/lib:/home/aiv/workspace/ros2/erp42_racing_ros/install/erp42_racing_rqt_plugin/lib:/home/aiv/workspace/ros2/erp42_racing_ros/install/erp42_racing_gazebo/lib:/home/aiv/workspace/ros2/erp42_racing_ros/install/erp42_racing_util/lib:/home/aiv/workspace/ros2/erp42_racing_ros/install/erp42_racing_msgs/lib:/usr/lib/x86_64-linux-gnu/gazebo-11/plugins:/opt/ros/humble/opt/rviz_ogre_vendor/lib:/opt/ros/humble/lib/x86_64-linux-gnu:/opt/ros/humble/lib /usr/bin/cmake --install /home/aiv/ev_ws/ros2_ver2/build/lidar_launch
[1.251s] Level 1:colcon.colcon_core.environment:create_environment_scripts_only(lidar_launch)
[1.251s] Level 1:colcon.colcon_core.environment:checking '/home/aiv/ev_ws/ros2_ver2/install/lidar_launch' for CMake module files
[1.252s] DEBUG:colcon.colcon_core.event_handler.log_command:Invoked command in '/home/aiv/ev_ws/ros2_ver2/build/lidar_launch' returned '0': CMAKE_PREFIX_PATH=/home/aiv/ev_ws/ros2_ver2/install/velodyne_pointcloud:/home/aiv/ev_ws/ros2_ver2/install/velodyne_driver:/home/aiv/ev_ws/ros2_ver2/install/velodyne_msgs:/home/aiv/ev_ws/ros2_ver2/install/velodyne_cropbox:/home/aiv/ev_ws/ros2_ver2/install/patchworkpp:/home/aiv/ev_ws/ros2_ver2/install/lidar_clustering:/home/aiv/ev_ws/ros2_ver2/install/velodyne:/home/aiv/ev_ws/ros2_ver2/install/lidar_launch:/home/aiv/ev_ws/ros2_ver2/install/velodyne_laserscan:/home/aiv/ev_ws/ros2/install/velodyne:/home/aiv/ev_ws/ros2/install/velodyne_pointcloud:/home/aiv/ev_ws/ros2/install/velodyne_driver:/home/aiv/ev_ws/ros2/install/velodyne_msgs:/home/aiv/ev_ws/ros2/install/velodyne_laserscan:/home/aiv/ev_ws/ros2/install/patchworkpp:/home/aiv/ros2_study/install/my_first_package_msgs:/home/aiv/workspace/ros2/velodyne/install/velodyne:/home/aiv/workspace/ros2/velodyne/install/velodyne_pointcloud:/home/aiv/workspace/ros2/velodyne/install/velodyne_driver:/home/aiv/workspace/ros2/velodyne/install/velodyne_msgs:/home/aiv/workspace/ros2/velodyne/install/velodyne_laserscan:/home/aiv/workspace/ros2/erp42_ros/install/erp42_serial:/home/aiv/workspace/ros2/erp42_ros/install/erp42_rqt_plugin:/home/aiv/workspace/ros2/erp42_ros/install/erp42_gazebo:/home/aiv/workspace/ros2/erp42_ros/install/erp42_util:/home/aiv/workspace/ros2/erp42_ros/install/erp42_msgs:/home/aiv/workspace/ros2/erp42_ros/install/erp42_description:/home/aiv/workspace/ros2/erp42_ros/install/erp42_cmake:/home/aiv/workspace/ros2/t870_ros/install/t870_serial:/home/aiv/workspace/ros2/t870_ros/install/t870_rqt_plugin:/home/aiv/workspace/ros2/t870_ros/install/t870_util:/home/aiv/workspace/ros2/t870_ros/install/t870_msgs:/home/aiv/workspace/ros2/t870_ros/install/t870_cmake:/home/aiv/workspace/ros2/erp42_racing_ros/install/erp42_racing_serial:/home/aiv/workspace/ros2/erp42_racing_ros/install/erp42_racing_rqt_plugin:/home/aiv/workspace/ros2/erp42_racing_ros/install/erp42_racing_gazebo:/home/aiv/workspace/ros2/erp42_racing_ros/install/erp42_racing_util:/home/aiv/workspace/ros2/erp42_racing_ros/install/erp42_racing_msgs:/home/aiv/workspace/ros2/erp42_racing_ros/install/erp42_racing_description:/home/aiv/workspace/ros2/erp42_racing_ros/install/erp42_racing_cmake:/home/aiv/ros2_study/install/my_second_package:/opt/ros/humble LD_LIBRARY_PATH=/home/aiv/ev_ws/ros2_ver2/install/velodyne_pointcloud/lib:/home/aiv/ev_ws/ros2_ver2/install/velodyne_driver/lib:/home/aiv/ev_ws/ros2_ver2/install/velodyne_msgs/lib:/home/aiv/ev_ws/ros2_ver2/install/velodyne_cropbox/lib:/home/aiv/ev_ws/ros2_ver2/install/patchworkpp/lib:/home/aiv/ev_ws/ros2_ver2/install/lidar_clustering/lib:/home/aiv/ev_ws/ros2_ver2/install/velodyne_laserscan/lib:/home/aiv/ev_ws/ros2/install/velodyne_pointcloud/lib:/home/aiv/ev_ws/ros2/install/velodyne_driver/lib:/home/aiv/ev_ws/ros2/install/velodyne_msgs/lib:/home/aiv/ev_ws/ros2/install/velodyne_laserscan/lib:/home/aiv/ev_ws/ros2/install/patchworkpp/lib:/home/aiv/ros2_study/install/my_first_package_msgs/lib:/home/aiv/workspace/ros2/velodyne/install/velodyne_pointcloud/lib:/home/aiv/workspace/ros2/velodyne/install/velodyne_driver/lib:/home/aiv/workspace/ros2/velodyne/install/velodyne_msgs/lib:/home/aiv/workspace/ros2/velodyne/install/velodyne_laserscan/lib:/home/aiv/workspace/ros2/erp42_ros/install/erp42_serial/lib:/home/aiv/workspace/ros2/erp42_ros/install/erp42_rqt_plugin/lib:/home/aiv/workspace/ros2/erp42_ros/install/erp42_gazebo/lib:/home/aiv/workspace/ros2/erp42_ros/install/erp42_util/lib:/home/aiv/workspace/ros2/erp42_ros/install/erp42_msgs/lib:/home/aiv/workspace/ros2/t870_ros/install/t870_serial/lib:/home/aiv/workspace/ros2/t870_ros/install/t870_rqt_plugin/lib:/home/aiv/workspace/ros2/t870_ros/install/t870_util/lib:/home/aiv/workspace/ros2/t870_ros/install/t870_msgs/lib:/home/aiv/workspace/ros2/erp42_racing_ros/install/erp42_racing_serial/lib:/home/aiv/workspace/ros2/erp42_racing_ros/install/erp42_racing_rqt_plugin/lib:/home/aiv/workspace/ros2/erp42_racing_ros/install/erp42_racing_gazebo/lib:/home/aiv/workspace/ros2/erp42_racing_ros/install/erp42_racing_util/lib:/home/aiv/workspace/ros2/erp42_racing_ros/install/erp42_racing_msgs/lib:/usr/lib/x86_64-linux-gnu/gazebo-11/plugins:/opt/ros/humble/opt/rviz_ogre_vendor/lib:/opt/ros/humble/lib/x86_64-linux-gnu:/opt/ros/humble/lib /usr/bin/cmake --install /home/aiv/ev_ws/ros2_ver2/build/lidar_launch
[1.252s] Level 1:colcon.colcon_core.environment:checking '/home/aiv/ev_ws/ros2_ver2/install/lidar_launch' for CMake config files
[1.252s] Level 1:colcon.colcon_core.shell:create_environment_hook('lidar_launch', 'cmake_prefix_path')
[1.252s] INFO:colcon.colcon_core.shell:Creating environment hook '/home/aiv/ev_ws/ros2_ver2/install/lidar_launch/share/lidar_launch/hook/cmake_prefix_path.ps1'
[1.252s] INFO:colcon.colcon_core.shell:Creating environment descriptor '/home/aiv/ev_ws/ros2_ver2/install/lidar_launch/share/lidar_launch/hook/cmake_prefix_path.dsv'
[1.253s] INFO:colcon.colcon_core.shell:Creating environment hook '/home/aiv/ev_ws/ros2_ver2/install/lidar_launch/share/lidar_launch/hook/cmake_prefix_path.sh'
[1.253s] Level 1:colcon.colcon_core.environment:checking '/home/aiv/ev_ws/ros2_ver2/install/lidar_launch/bin'
[1.253s] Level 1:colcon.colcon_core.environment:checking '/home/aiv/ev_ws/ros2_ver2/install/lidar_launch/lib/pkgconfig/lidar_launch.pc'
[1.253s] Level 1:colcon.colcon_core.environment:checking '/home/aiv/ev_ws/ros2_ver2/install/lidar_launch/lib/python3.10/site-packages'
[1.253s] Level 1:colcon.colcon_core.environment:checking '/home/aiv/ev_ws/ros2_ver2/install/lidar_launch/bin'
[1.253s] INFO:colcon.colcon_core.shell:Creating package script '/home/aiv/ev_ws/ros2_ver2/install/lidar_launch/share/lidar_launch/package.ps1'
[1.253s] INFO:colcon.colcon_core.shell:Creating package descriptor '/home/aiv/ev_ws/ros2_ver2/install/lidar_launch/share/lidar_launch/package.dsv'
[1.254s] INFO:colcon.colcon_core.shell:Creating package script '/home/aiv/ev_ws/ros2_ver2/install/lidar_launch/share/lidar_launch/package.sh'
[1.254s] INFO:colcon.colcon_core.shell:Creating package script '/home/aiv/ev_ws/ros2_ver2/install/lidar_launch/share/lidar_launch/package.bash'
[1.254s] INFO:colcon.colcon_core.shell:Creating package script '/home/aiv/ev_ws/ros2_ver2/install/lidar_launch/share/lidar_launch/package.zsh'
[1.254s] Level 1:colcon.colcon_core.environment:create_file_with_runtime_dependencies(/home/aiv/ev_ws/ros2_ver2/install/lidar_launch/share/colcon-core/packages/lidar_launch)
[1.254s] Level 1:colcon.colcon_core.environment:create_environment_scripts_only(lidar_launch)
[1.254s] Level 1:colcon.colcon_core.environment:checking '/home/aiv/ev_ws/ros2_ver2/install/lidar_launch' for CMake module files
[1.254s] Level 1:colcon.colcon_core.environment:checking '/home/aiv/ev_ws/ros2_ver2/install/lidar_launch' for CMake config files
[1.254s] Level 1:colcon.colcon_core.shell:create_environment_hook('lidar_launch', 'cmake_prefix_path')
[1.255s] INFO:colcon.colcon_core.shell:Creating environment hook '/home/aiv/ev_ws/ros2_ver2/install/lidar_launch/share/lidar_launch/hook/cmake_prefix_path.ps1'
[1.255s] INFO:colcon.colcon_core.shell:Creating environment descriptor '/home/aiv/ev_ws/ros2_ver2/install/lidar_launch/share/lidar_launch/hook/cmake_prefix_path.dsv'
[1.255s] INFO:colcon.colcon_core.shell:Creating environment hook '/home/aiv/ev_ws/ros2_ver2/install/lidar_launch/share/lidar_launch/hook/cmake_prefix_path.sh'
[1.255s] Level 1:colcon.colcon_core.environment:checking '/home/aiv/ev_ws/ros2_ver2/install/lidar_launch/bin'
[1.255s] Level 1:colcon.colcon_core.environment:checking '/home/aiv/ev_ws/ros2_ver2/install/lidar_launch/lib/pkgconfig/lidar_launch.pc'
[1.255s] Level 1:colcon.colcon_core.environment:checking '/home/aiv/ev_ws/ros2_ver2/install/lidar_launch/lib/python3.10/site-packages'
[1.255s] Level 1:colcon.colcon_core.environment:checking '/home/aiv/ev_ws/ros2_ver2/install/lidar_launch/bin'
[1.255s] INFO:colcon.colcon_core.shell:Creating package script '/home/aiv/ev_ws/ros2_ver2/install/lidar_launch/share/lidar_launch/package.ps1'
[1.256s] INFO:colcon.colcon_core.shell:Creating package descriptor '/home/aiv/ev_ws/ros2_ver2/install/lidar_launch/share/lidar_launch/package.dsv'
[1.256s] INFO:colcon.colcon_core.shell:Creating package script '/home/aiv/ev_ws/ros2_ver2/install/lidar_launch/share/lidar_launch/package.sh'
[1.256s] INFO:colcon.colcon_core.shell:Creating package script '/home/aiv/ev_ws/ros2_ver2/install/lidar_launch/share/lidar_launch/package.bash'
[1.256s] INFO:colcon.colcon_core.shell:Creating package script '/home/aiv/ev_ws/ros2_ver2/install/lidar_launch/share/lidar_launch/package.zsh'
[1.256s] Level 1:colcon.colcon_core.environment:create_file_with_runtime_dependencies(/home/aiv/ev_ws/ros2_ver2/install/lidar_launch/share/colcon-core/packages/lidar_launch)
[1.256s] DEBUG:colcon.colcon_parallel_executor.executor.parallel:closing loop
[1.256s] DEBUG:colcon.colcon_parallel_executor.executor.parallel:loop closed
[1.256s] DEBUG:colcon.colcon_parallel_executor.executor.parallel:run_until_complete finished with '0'
[1.256s] DEBUG:colcon.colcon_core.event_reactor:joining thread
[1.260s] INFO:colcon.colcon_core.plugin_system:Skipping extension 'colcon_notification.desktop_notification.terminal_notifier': Not used on non-Darwin systems
[1.260s] INFO:colcon.colcon_core.plugin_system:Skipping extension 'colcon_notification.desktop_notification.win32': Not used on non-Windows systems
[1.260s] INFO:colcon.colcon_notification.desktop_notification:Sending desktop notification using 'notify2'
[1.266s] DEBUG:colcon.colcon_core.event_reactor:joined thread
[1.266s] INFO:colcon.colcon_core.shell:Creating prefix script '/home/aiv/ev_ws/ros2_ver2/install/local_setup.ps1'
[1.266s] INFO:colcon.colcon_core.shell:Creating prefix util module '/home/aiv/ev_ws/ros2_ver2/install/_local_setup_util_ps1.py'
[1.267s] INFO:colcon.colcon_core.shell:Creating prefix chain script '/home/aiv/ev_ws/ros2_ver2/install/setup.ps1'
[1.268s] INFO:colcon.colcon_core.shell:Creating prefix script '/home/aiv/ev_ws/ros2_ver2/install/local_setup.sh'
[1.268s] INFO:colcon.colcon_core.shell:Creating prefix util module '/home/aiv/ev_ws/ros2_ver2/install/_local_setup_util_sh.py'
[1.268s] INFO:colcon.colcon_core.shell:Creating prefix chain script '/home/aiv/ev_ws/ros2_ver2/install/setup.sh'
[1.269s] INFO:colcon.colcon_core.shell:Creating prefix script '/home/aiv/ev_ws/ros2_ver2/install/local_setup.bash'
[1.269s] INFO:colcon.colcon_core.shell:Creating prefix chain script '/home/aiv/ev_ws/ros2_ver2/install/setup.bash'
[1.270s] INFO:colcon.colcon_core.shell:Creating prefix script '/home/aiv/ev_ws/ros2_ver2/install/local_setup.zsh'
[1.270s] INFO:colcon.colcon_core.shell:Creating prefix chain script '/home/aiv/ev_ws/ros2_ver2/install/setup.zsh'
