[0.008s] Invoking command in '/home/aiv/ev_ws/ros2_ver2/build/velodyne_pointcloud': AMENT_PREFIX_PATH=/home/aiv/ev_ws/ros2_ver2/install/velodyne_msgs:${AMENT_PREFIX_PATH} CMAKE_PREFIX_PATH=/home/aiv/ev_ws/ros2_ver2/install/velodyne_msgs:/home/aiv/ev_ws/ros2/install/velodyne:/home/aiv/ev_ws/ros2/install/velodyne_pointcloud:/home/aiv/ev_ws/ros2/install/velodyne_driver:/home/aiv/ev_ws/ros2/install/velodyne_msgs:/home/aiv/ev_ws/ros2/install/velodyne_laserscan:/home/aiv/ev_ws/ros2/install/patchworkpp:/home/aiv/ros2_study/install/my_first_package_msgs:/home/aiv/workspace/ros2/velodyne/install/velodyne:/home/aiv/workspace/ros2/velodyne/install/velodyne_pointcloud:/home/aiv/workspace/ros2/velodyne/install/velodyne_driver:/home/aiv/workspace/ros2/velodyne/install/velodyne_msgs:/home/aiv/workspace/ros2/velodyne/install/velodyne_laserscan:/home/aiv/workspace/ros2/erp42_ros/install/erp42_serial:/home/aiv/workspace/ros2/erp42_ros/install/erp42_rqt_plugin:/home/aiv/workspace/ros2/erp42_ros/install/erp42_gazebo:/home/aiv/workspace/ros2/erp42_ros/install/erp42_util:/home/aiv/workspace/ros2/erp42_ros/install/erp42_msgs:/home/aiv/workspace/ros2/erp42_ros/install/erp42_description:/home/aiv/workspace/ros2/erp42_ros/install/erp42_cmake:/home/aiv/workspace/ros2/t870_ros/install/t870_serial:/home/aiv/workspace/ros2/t870_ros/install/t870_rqt_plugin:/home/aiv/workspace/ros2/t870_ros/install/t870_util:/home/aiv/workspace/ros2/t870_ros/install/t870_msgs:/home/aiv/workspace/ros2/t870_ros/install/t870_cmake:/home/aiv/workspace/ros2/erp42_racing_ros/install/erp42_racing_serial:/home/aiv/workspace/ros2/erp42_racing_ros/install/erp42_racing_rqt_plugin:/home/aiv/workspace/ros2/erp42_racing_ros/install/erp42_racing_gazebo:/home/aiv/workspace/ros2/erp42_racing_ros/install/erp42_racing_util:/home/aiv/workspace/ros2/erp42_racing_ros/install/erp42_racing_msgs:/home/aiv/workspace/ros2/erp42_racing_ros/install/erp42_racing_description:/home/aiv/workspace/ros2/erp42_racing_ros/install/erp42_racing_cmake:/home/aiv/ros2_study/install/my_second_package:/opt/ros/humble LD_LIBRARY_PATH=/home/aiv/ev_ws/ros2_ver2/install/velodyne_msgs/lib:${LD_LIBRARY_PATH} PYTHONPATH=/home/aiv/ev_ws/ros2_ver2/install/velodyne_msgs/local/lib/python3.10/dist-packages:${PYTHONPATH} /usr/bin/cmake /home/aiv/ev_ws/ros2_ver2/src/lidar/velodyne_pointcloud -DCMAKE_INSTALL_PREFIX=/home/aiv/ev_ws/ros2_ver2/install/velodyne_pointcloud
[0.045s] -- The C compiler identification is GNU 11.4.0
[0.087s] -- The CXX compiler identification is GNU 11.4.0
[0.091s] -- Detecting C compiler ABI info
[0.138s] -- Detecting C compiler ABI info - done
[0.142s] -- Check for working C compiler: /usr/bin/cc - skipped
[0.142s] -- Detecting C compile features
[0.142s] -- Detecting C compile features - done
[0.143s] -- Detecting CXX compiler ABI info
[0.197s] -- Detecting CXX compiler ABI info - done
[0.201s] -- Check for working CXX compiler: /usr/bin/c++ - skipped
[0.201s] -- Detecting CXX compile features
[0.201s] -- Detecting CXX compile features - done
[0.203s] -- Found ament_cmake: 1.3.12 (/opt/ros/humble/share/ament_cmake/cmake)
[0.311s] -- Found Python3: /usr/bin/python3 (found version "3.10.12") found components: Interpreter 
[0.375s] -- Found angles: 1.15.0 (/opt/ros/humble/share/angles/cmake)
[0.377s] -- Found diagnostic_updater: 4.0.6 (/opt/ros/humble/share/diagnostic_updater/cmake)
[0.408s] -- Found rosidl_generator_c: 3.1.8 (/opt/ros/humble/share/rosidl_generator_c/cmake)
[0.413s] -- Found rosidl_adapter: 3.1.8 (/opt/ros/humble/share/rosidl_adapter/cmake)
[0.419s] -- Found rosidl_generator_cpp: 3.1.8 (/opt/ros/humble/share/rosidl_generator_cpp/cmake)
[0.427s] -- Using all available rosidl_typesupport_c: rosidl_typesupport_fastrtps_c;rosidl_typesupport_introspection_c
[0.439s] -- Using all available rosidl_typesupport_cpp: rosidl_typesupport_fastrtps_cpp;rosidl_typesupport_introspection_cpp
[0.490s] -- Found rmw_implementation_cmake: 6.1.2 (/opt/ros/humble/share/rmw_implementation_cmake/cmake)
[0.493s] -- Found rmw_cyclonedds_cpp: 1.3.4 (/opt/ros/humble/share/rmw_cyclonedds_cpp/cmake)
[0.510s] -- Using RMW implementation 'rmw_cyclonedds_cpp' as default
[0.517s] -- Looking for pthread.h
[0.573s] -- Looking for pthread.h - found
[0.573s] -- Performing Test CMAKE_HAVE_LIBC_PTHREAD
[0.624s] -- Performing Test CMAKE_HAVE_LIBC_PTHREAD - Success
[0.625s] -- Found Threads: TRUE  
[0.655s] -- Found geometry_msgs: 4.9.0 (/opt/ros/humble/share/geometry_msgs/cmake)
[0.663s] -- Found message_filters: 4.3.11 (/opt/ros/humble/share/message_filters/cmake)
[0.674s] -- Checking for module 'eigen3'
[0.686s] --   Found eigen3, version 3.4.0
[0.712s] -- Found Eigen: /usr/include/eigen3 (Required is at least version "3.1") 
[0.712s] -- Eigen found (include: /usr/include/eigen3, version: 3.4.0)
[0.730s] -- Found Boost: /usr/lib/x86_64-linux-gnu/cmake/Boost-1.74.0/BoostConfig.cmake (found suitable version "1.74.0", minimum required is "1.65.0") found components: system filesystem date_time iostreams serialization 
[0.730s] -- looking for PCL_COMMON
[0.731s] -- Found PCL_COMMON: /usr/lib/x86_64-linux-gnu/libpcl_common.so  
[0.731s] -- Found PCL: pcl_common;Boost::system;Boost::filesystem;Boost::date_time;Boost::iostreams;Boost::serialization  
[0.733s] -- Found rclcpp_components: 16.0.17 (/opt/ros/humble/share/rclcpp_components/cmake)
[0.750s] -- Found sensor_msgs: 4.9.0 (/opt/ros/humble/share/sensor_msgs/cmake)
[0.761s] -- Found tf2: 0.25.18 (/opt/ros/humble/share/tf2/cmake)
[0.764s] -- Found tf2_ros: 0.25.18 (/opt/ros/humble/share/tf2_ros/cmake)
[0.800s] -- Found velodyne_msgs: 2.5.1 (/home/aiv/ev_ws/ros2_ver2/install/velodyne_msgs/share/velodyne_msgs/cmake)
[0.808s] -- Found yaml_cpp_vendor: 8.0.2 (/opt/ros/humble/share/yaml_cpp_vendor/cmake)
[0.812s] -- Found ament_lint_auto: 0.12.14 (/opt/ros/humble/share/ament_lint_auto/cmake)
[0.875s] -- Found gtest sources under '/opt/ros/humble/src/gtest_vendor': C++ tests using 'Google Test' will be built
[0.880s] -- Added test 'copyright' to check source files copyright and LICENSE
[0.882s] -- Added test 'cppcheck' to perform static code analysis on C / C++ code
[0.882s] -- Configured cppcheck include dirs: $<BUILD_INTERFACE:/home/aiv/ev_ws/ros2_ver2/src/lidar/velodyne_pointcloud/include>
[0.882s] -- Configured cppcheck exclude dirs and/or files: 
[0.883s] -- Added test 'cpplint' to check C / C++ code against the Google style
[0.883s] -- Configured cpplint exclude dirs and/or files: 
[0.884s] -- Added test 'flake8' to check Python code syntax and style conventions
[0.885s] -- Added test 'lint_cmake' to check CMake code style
[0.885s] -- Added test 'pep257' to check Python code against some of the docstring style conventions in PEP 257
[0.886s] -- Added test 'uncrustify' to check C / C++ code style
[0.886s] -- Configured uncrustify additional arguments: 
[0.888s] -- Configuring done
[0.909s] -- Generating done
[0.916s] -- Build files have been written to: /home/aiv/ev_ws/ros2_ver2/build/velodyne_pointcloud
[0.925s] Invoked command in '/home/aiv/ev_ws/ros2_ver2/build/velodyne_pointcloud' returned '0': AMENT_PREFIX_PATH=/home/aiv/ev_ws/ros2_ver2/install/velodyne_msgs:${AMENT_PREFIX_PATH} CMAKE_PREFIX_PATH=/home/aiv/ev_ws/ros2_ver2/install/velodyne_msgs:/home/aiv/ev_ws/ros2/install/velodyne:/home/aiv/ev_ws/ros2/install/velodyne_pointcloud:/home/aiv/ev_ws/ros2/install/velodyne_driver:/home/aiv/ev_ws/ros2/install/velodyne_msgs:/home/aiv/ev_ws/ros2/install/velodyne_laserscan:/home/aiv/ev_ws/ros2/install/patchworkpp:/home/aiv/ros2_study/install/my_first_package_msgs:/home/aiv/workspace/ros2/velodyne/install/velodyne:/home/aiv/workspace/ros2/velodyne/install/velodyne_pointcloud:/home/aiv/workspace/ros2/velodyne/install/velodyne_driver:/home/aiv/workspace/ros2/velodyne/install/velodyne_msgs:/home/aiv/workspace/ros2/velodyne/install/velodyne_laserscan:/home/aiv/workspace/ros2/erp42_ros/install/erp42_serial:/home/aiv/workspace/ros2/erp42_ros/install/erp42_rqt_plugin:/home/aiv/workspace/ros2/erp42_ros/install/erp42_gazebo:/home/aiv/workspace/ros2/erp42_ros/install/erp42_util:/home/aiv/workspace/ros2/erp42_ros/install/erp42_msgs:/home/aiv/workspace/ros2/erp42_ros/install/erp42_description:/home/aiv/workspace/ros2/erp42_ros/install/erp42_cmake:/home/aiv/workspace/ros2/t870_ros/install/t870_serial:/home/aiv/workspace/ros2/t870_ros/install/t870_rqt_plugin:/home/aiv/workspace/ros2/t870_ros/install/t870_util:/home/aiv/workspace/ros2/t870_ros/install/t870_msgs:/home/aiv/workspace/ros2/t870_ros/install/t870_cmake:/home/aiv/workspace/ros2/erp42_racing_ros/install/erp42_racing_serial:/home/aiv/workspace/ros2/erp42_racing_ros/install/erp42_racing_rqt_plugin:/home/aiv/workspace/ros2/erp42_racing_ros/install/erp42_racing_gazebo:/home/aiv/workspace/ros2/erp42_racing_ros/install/erp42_racing_util:/home/aiv/workspace/ros2/erp42_racing_ros/install/erp42_racing_msgs:/home/aiv/workspace/ros2/erp42_racing_ros/install/erp42_racing_description:/home/aiv/workspace/ros2/erp42_racing_ros/install/erp42_racing_cmake:/home/aiv/ros2_study/install/my_second_package:/opt/ros/humble LD_LIBRARY_PATH=/home/aiv/ev_ws/ros2_ver2/install/velodyne_msgs/lib:${LD_LIBRARY_PATH} PYTHONPATH=/home/aiv/ev_ws/ros2_ver2/install/velodyne_msgs/local/lib/python3.10/dist-packages:${PYTHONPATH} /usr/bin/cmake /home/aiv/ev_ws/ros2_ver2/src/lidar/velodyne_pointcloud -DCMAKE_INSTALL_PREFIX=/home/aiv/ev_ws/ros2_ver2/install/velodyne_pointcloud
[0.925s] Invoking command in '/home/aiv/ev_ws/ros2_ver2/build/velodyne_pointcloud': AMENT_PREFIX_PATH=/home/aiv/ev_ws/ros2_ver2/install/velodyne_msgs:${AMENT_PREFIX_PATH} CMAKE_PREFIX_PATH=/home/aiv/ev_ws/ros2_ver2/install/velodyne_msgs:/home/aiv/ev_ws/ros2/install/velodyne:/home/aiv/ev_ws/ros2/install/velodyne_pointcloud:/home/aiv/ev_ws/ros2/install/velodyne_driver:/home/aiv/ev_ws/ros2/install/velodyne_msgs:/home/aiv/ev_ws/ros2/install/velodyne_laserscan:/home/aiv/ev_ws/ros2/install/patchworkpp:/home/aiv/ros2_study/install/my_first_package_msgs:/home/aiv/workspace/ros2/velodyne/install/velodyne:/home/aiv/workspace/ros2/velodyne/install/velodyne_pointcloud:/home/aiv/workspace/ros2/velodyne/install/velodyne_driver:/home/aiv/workspace/ros2/velodyne/install/velodyne_msgs:/home/aiv/workspace/ros2/velodyne/install/velodyne_laserscan:/home/aiv/workspace/ros2/erp42_ros/install/erp42_serial:/home/aiv/workspace/ros2/erp42_ros/install/erp42_rqt_plugin:/home/aiv/workspace/ros2/erp42_ros/install/erp42_gazebo:/home/aiv/workspace/ros2/erp42_ros/install/erp42_util:/home/aiv/workspace/ros2/erp42_ros/install/erp42_msgs:/home/aiv/workspace/ros2/erp42_ros/install/erp42_description:/home/aiv/workspace/ros2/erp42_ros/install/erp42_cmake:/home/aiv/workspace/ros2/t870_ros/install/t870_serial:/home/aiv/workspace/ros2/t870_ros/install/t870_rqt_plugin:/home/aiv/workspace/ros2/t870_ros/install/t870_util:/home/aiv/workspace/ros2/t870_ros/install/t870_msgs:/home/aiv/workspace/ros2/t870_ros/install/t870_cmake:/home/aiv/workspace/ros2/erp42_racing_ros/install/erp42_racing_serial:/home/aiv/workspace/ros2/erp42_racing_ros/install/erp42_racing_rqt_plugin:/home/aiv/workspace/ros2/erp42_racing_ros/install/erp42_racing_gazebo:/home/aiv/workspace/ros2/erp42_racing_ros/install/erp42_racing_util:/home/aiv/workspace/ros2/erp42_racing_ros/install/erp42_racing_msgs:/home/aiv/workspace/ros2/erp42_racing_ros/install/erp42_racing_description:/home/aiv/workspace/ros2/erp42_racing_ros/install/erp42_racing_cmake:/home/aiv/ros2_study/install/my_second_package:/opt/ros/humble LD_LIBRARY_PATH=/home/aiv/ev_ws/ros2_ver2/install/velodyne_msgs/lib:${LD_LIBRARY_PATH} PYTHONPATH=/home/aiv/ev_ws/ros2_ver2/install/velodyne_msgs/local/lib/python3.10/dist-packages:${PYTHONPATH} /usr/bin/cmake --build /home/aiv/ev_ws/ros2_ver2/build/velodyne_pointcloud -- -j28 -l28
[0.973s] [ 16%] Building CXX object CMakeFiles/velodyne_rawdata.dir/src/lib/calibration.cpp.o
[0.973s] [ 16%] Building CXX object CMakeFiles/velodyne_cloud_types.dir/src/lib/organized_cloudXYZIRT.cpp.o
[0.973s] [ 16%] Building CXX object CMakeFiles/velodyne_cloud_types.dir/src/lib/pointcloudXYZIRT.cpp.o
[0.975s] [ 33%] Building CXX object gtest/CMakeFiles/gtest_main.dir/src/gtest_main.cc.o
[0.976s] [ 33%] Building CXX object CMakeFiles/velodyne_rawdata.dir/src/lib/rawdata.cpp.o
[0.976s] [ 33%] Building CXX object gtest/CMakeFiles/gtest.dir/src/gtest-all.cc.o
[1.294s] [ 38%] Linking CXX static library libgtest_main.a
[1.326s] [ 38%] Built target gtest_main
[2.803s] [ 44%] Linking CXX static library libgtest.a
[2.850s] [ 44%] Built target gtest
[2.873s] [ 50%] Building CXX object tests/CMakeFiles/test_row_step.dir/test_row_step.cpp.o
[3.629s] [ 55%] Linking CXX shared library libvelodyne_rawdata.so
[3.725s] [ 55%] Built target velodyne_rawdata
[3.745s] [ 61%] Building CXX object tests/CMakeFiles/test_calibration.dir/test_calibration.cpp.o
[4.313s] [ 66%] Linking CXX executable test_calibration
[4.361s] [ 72%] Linking CXX shared library libvelodyne_cloud_types.so
[4.441s] [ 72%] Built target test_calibration
[4.449s] [ 72%] Built target velodyne_cloud_types
[4.469s] [ 77%] Building CXX object CMakeFiles/transform.dir/src/conversions/transform.cpp.o
[5.801s] [ 83%] Linking CXX executable test_row_step
[5.932s] [ 83%] Built target test_row_step
[10.194s] [ 88%] Linking CXX shared library libtransform.so
[10.470s] [ 88%] Built target transform
[10.487s] [ 94%] Building CXX object CMakeFiles/velodyne_transform_node.dir/src/conversions/transform_node.cpp.o
[12.965s] [100%] Linking CXX executable velodyne_transform_node
[13.117s] [100%] Built target velodyne_transform_node
[13.125s] Invoked command in '/home/aiv/ev_ws/ros2_ver2/build/velodyne_pointcloud' returned '0': AMENT_PREFIX_PATH=/home/aiv/ev_ws/ros2_ver2/install/velodyne_msgs:${AMENT_PREFIX_PATH} CMAKE_PREFIX_PATH=/home/aiv/ev_ws/ros2_ver2/install/velodyne_msgs:/home/aiv/ev_ws/ros2/install/velodyne:/home/aiv/ev_ws/ros2/install/velodyne_pointcloud:/home/aiv/ev_ws/ros2/install/velodyne_driver:/home/aiv/ev_ws/ros2/install/velodyne_msgs:/home/aiv/ev_ws/ros2/install/velodyne_laserscan:/home/aiv/ev_ws/ros2/install/patchworkpp:/home/aiv/ros2_study/install/my_first_package_msgs:/home/aiv/workspace/ros2/velodyne/install/velodyne:/home/aiv/workspace/ros2/velodyne/install/velodyne_pointcloud:/home/aiv/workspace/ros2/velodyne/install/velodyne_driver:/home/aiv/workspace/ros2/velodyne/install/velodyne_msgs:/home/aiv/workspace/ros2/velodyne/install/velodyne_laserscan:/home/aiv/workspace/ros2/erp42_ros/install/erp42_serial:/home/aiv/workspace/ros2/erp42_ros/install/erp42_rqt_plugin:/home/aiv/workspace/ros2/erp42_ros/install/erp42_gazebo:/home/aiv/workspace/ros2/erp42_ros/install/erp42_util:/home/aiv/workspace/ros2/erp42_ros/install/erp42_msgs:/home/aiv/workspace/ros2/erp42_ros/install/erp42_description:/home/aiv/workspace/ros2/erp42_ros/install/erp42_cmake:/home/aiv/workspace/ros2/t870_ros/install/t870_serial:/home/aiv/workspace/ros2/t870_ros/install/t870_rqt_plugin:/home/aiv/workspace/ros2/t870_ros/install/t870_util:/home/aiv/workspace/ros2/t870_ros/install/t870_msgs:/home/aiv/workspace/ros2/t870_ros/install/t870_cmake:/home/aiv/workspace/ros2/erp42_racing_ros/install/erp42_racing_serial:/home/aiv/workspace/ros2/erp42_racing_ros/install/erp42_racing_rqt_plugin:/home/aiv/workspace/ros2/erp42_racing_ros/install/erp42_racing_gazebo:/home/aiv/workspace/ros2/erp42_racing_ros/install/erp42_racing_util:/home/aiv/workspace/ros2/erp42_racing_ros/install/erp42_racing_msgs:/home/aiv/workspace/ros2/erp42_racing_ros/install/erp42_racing_description:/home/aiv/workspace/ros2/erp42_racing_ros/install/erp42_racing_cmake:/home/aiv/ros2_study/install/my_second_package:/opt/ros/humble LD_LIBRARY_PATH=/home/aiv/ev_ws/ros2_ver2/install/velodyne_msgs/lib:${LD_LIBRARY_PATH} PYTHONPATH=/home/aiv/ev_ws/ros2_ver2/install/velodyne_msgs/local/lib/python3.10/dist-packages:${PYTHONPATH} /usr/bin/cmake --build /home/aiv/ev_ws/ros2_ver2/build/velodyne_pointcloud -- -j28 -l28
[13.125s] Invoking command in '/home/aiv/ev_ws/ros2_ver2/build/velodyne_pointcloud': AMENT_PREFIX_PATH=/home/aiv/ev_ws/ros2_ver2/install/velodyne_msgs:${AMENT_PREFIX_PATH} CMAKE_PREFIX_PATH=/home/aiv/ev_ws/ros2_ver2/install/velodyne_msgs:/home/aiv/ev_ws/ros2/install/velodyne:/home/aiv/ev_ws/ros2/install/velodyne_pointcloud:/home/aiv/ev_ws/ros2/install/velodyne_driver:/home/aiv/ev_ws/ros2/install/velodyne_msgs:/home/aiv/ev_ws/ros2/install/velodyne_laserscan:/home/aiv/ev_ws/ros2/install/patchworkpp:/home/aiv/ros2_study/install/my_first_package_msgs:/home/aiv/workspace/ros2/velodyne/install/velodyne:/home/aiv/workspace/ros2/velodyne/install/velodyne_pointcloud:/home/aiv/workspace/ros2/velodyne/install/velodyne_driver:/home/aiv/workspace/ros2/velodyne/install/velodyne_msgs:/home/aiv/workspace/ros2/velodyne/install/velodyne_laserscan:/home/aiv/workspace/ros2/erp42_ros/install/erp42_serial:/home/aiv/workspace/ros2/erp42_ros/install/erp42_rqt_plugin:/home/aiv/workspace/ros2/erp42_ros/install/erp42_gazebo:/home/aiv/workspace/ros2/erp42_ros/install/erp42_util:/home/aiv/workspace/ros2/erp42_ros/install/erp42_msgs:/home/aiv/workspace/ros2/erp42_ros/install/erp42_description:/home/aiv/workspace/ros2/erp42_ros/install/erp42_cmake:/home/aiv/workspace/ros2/t870_ros/install/t870_serial:/home/aiv/workspace/ros2/t870_ros/install/t870_rqt_plugin:/home/aiv/workspace/ros2/t870_ros/install/t870_util:/home/aiv/workspace/ros2/t870_ros/install/t870_msgs:/home/aiv/workspace/ros2/t870_ros/install/t870_cmake:/home/aiv/workspace/ros2/erp42_racing_ros/install/erp42_racing_serial:/home/aiv/workspace/ros2/erp42_racing_ros/install/erp42_racing_rqt_plugin:/home/aiv/workspace/ros2/erp42_racing_ros/install/erp42_racing_gazebo:/home/aiv/workspace/ros2/erp42_racing_ros/install/erp42_racing_util:/home/aiv/workspace/ros2/erp42_racing_ros/install/erp42_racing_msgs:/home/aiv/workspace/ros2/erp42_racing_ros/install/erp42_racing_description:/home/aiv/workspace/ros2/erp42_racing_ros/install/erp42_racing_cmake:/home/aiv/ros2_study/install/my_second_package:/opt/ros/humble LD_LIBRARY_PATH=/home/aiv/ev_ws/ros2_ver2/install/velodyne_msgs/lib:${LD_LIBRARY_PATH} PYTHONPATH=/home/aiv/ev_ws/ros2_ver2/install/velodyne_msgs/local/lib/python3.10/dist-packages:${PYTHONPATH} /usr/bin/cmake --install /home/aiv/ev_ws/ros2_ver2/build/velodyne_pointcloud
[13.132s] -- Install configuration: ""
[13.132s] -- Installing: /home/aiv/ev_ws/ros2_ver2/install/velodyne_pointcloud/lib/libvelodyne_cloud_types.so
[13.133s] -- Set runtime path of "/home/aiv/ev_ws/ros2_ver2/install/velodyne_pointcloud/lib/libvelodyne_cloud_types.so" to ""
[13.133s] -- Installing: /home/aiv/ev_ws/ros2_ver2/install/velodyne_pointcloud/lib/libvelodyne_rawdata.so
[13.133s] -- Set runtime path of "/home/aiv/ev_ws/ros2_ver2/install/velodyne_pointcloud/lib/libvelodyne_rawdata.so" to ""
[13.133s] -- Installing: /home/aiv/ev_ws/ros2_ver2/install/velodyne_pointcloud/lib/libtransform.so
[13.138s] -- Set runtime path of "/home/aiv/ev_ws/ros2_ver2/install/velodyne_pointcloud/lib/libtransform.so" to ""
[13.138s] -- Installing: /home/aiv/ev_ws/ros2_ver2/install/velodyne_pointcloud/lib/velodyne_pointcloud/velodyne_transform_node
[13.139s] -- Set runtime path of "/home/aiv/ev_ws/ros2_ver2/install/velodyne_pointcloud/lib/velodyne_pointcloud/velodyne_transform_node" to ""
[13.139s] -- Installing: /home/aiv/ev_ws/ros2_ver2/install/velodyne_pointcloud/include/velodyne_pointcloud
[13.139s] -- Installing: /home/aiv/ev_ws/ros2_ver2/install/velodyne_pointcloud/include/velodyne_pointcloud/pointcloudXYZIRT.hpp
[13.139s] -- Installing: /home/aiv/ev_ws/ros2_ver2/install/velodyne_pointcloud/include/velodyne_pointcloud/datacontainerbase.hpp
[13.139s] -- Installing: /home/aiv/ev_ws/ros2_ver2/install/velodyne_pointcloud/include/velodyne_pointcloud/organized_cloudXYZIRT.hpp
[13.139s] -- Installing: /home/aiv/ev_ws/ros2_ver2/install/velodyne_pointcloud/include/velodyne_pointcloud/rawdata.hpp
[13.139s] -- Installing: /home/aiv/ev_ws/ros2_ver2/install/velodyne_pointcloud/include/velodyne_pointcloud/calibration.hpp
[13.139s] -- Installing: /home/aiv/ev_ws/ros2_ver2/install/velodyne_pointcloud/include/velodyne_pointcloud/transform.hpp
[13.139s] -- Installing: /home/aiv/ev_ws/ros2_ver2/install/velodyne_pointcloud/share/velodyne_pointcloud/config
[13.139s] -- Installing: /home/aiv/ev_ws/ros2_ver2/install/velodyne_pointcloud/share/velodyne_pointcloud/config/VLP32C-velodyne_transform_node-params.yaml
[13.139s] -- Installing: /home/aiv/ev_ws/ros2_ver2/install/velodyne_pointcloud/share/velodyne_pointcloud/config/VLS128-velodyne_transform_node-params.yaml
[13.139s] -- Installing: /home/aiv/ev_ws/ros2_ver2/install/velodyne_pointcloud/share/velodyne_pointcloud/config/VLP16-velodyne_transform_node-params.yaml
[13.139s] -- Installing: /home/aiv/ev_ws/ros2_ver2/install/velodyne_pointcloud/share/velodyne_pointcloud/launch
[13.139s] -- Installing: /home/aiv/ev_ws/ros2_ver2/install/velodyne_pointcloud/share/velodyne_pointcloud/launch/velodyne_transform_node-VLS128-launch.py
[13.139s] -- Installing: /home/aiv/ev_ws/ros2_ver2/install/velodyne_pointcloud/share/velodyne_pointcloud/launch/velodyne_transform_node-VLP32C-launch.py
[13.139s] -- Installing: /home/aiv/ev_ws/ros2_ver2/install/velodyne_pointcloud/share/velodyne_pointcloud/launch/velodyne_transform_node-VLP16-launch.py
[13.139s] -- Installing: /home/aiv/ev_ws/ros2_ver2/install/velodyne_pointcloud/share/velodyne_pointcloud/launch/velodyne_transform_node-VLP16-composed-launch.py
[13.139s] -- Installing: /home/aiv/ev_ws/ros2_ver2/install/velodyne_pointcloud/share/velodyne_pointcloud/launch/velodyne_transform_node-VLS128-composed-launch.py
[13.139s] -- Installing: /home/aiv/ev_ws/ros2_ver2/install/velodyne_pointcloud/share/velodyne_pointcloud/launch/velodyne_transform_node-VLP32C-composed-launch.py
[13.139s] -- Installing: /home/aiv/ev_ws/ros2_ver2/install/velodyne_pointcloud/share/velodyne_pointcloud/params
[13.139s] -- Installing: /home/aiv/ev_ws/ros2_ver2/install/velodyne_pointcloud/share/velodyne_pointcloud/params/VLP16_hires_db.yaml
[13.139s] -- Installing: /home/aiv/ev_ws/ros2_ver2/install/velodyne_pointcloud/share/velodyne_pointcloud/params/VLP16db.yaml
[13.139s] -- Installing: /home/aiv/ev_ws/ros2_ver2/install/velodyne_pointcloud/share/velodyne_pointcloud/params/32db.yaml
[13.139s] -- Installing: /home/aiv/ev_ws/ros2_ver2/install/velodyne_pointcloud/share/velodyne_pointcloud/params/issue_84_float_intensities.yaml
[13.139s] -- Installing: /home/aiv/ev_ws/ros2_ver2/install/velodyne_pointcloud/share/velodyne_pointcloud/params/VLS128.yaml
[13.139s] -- Installing: /home/aiv/ev_ws/ros2_ver2/install/velodyne_pointcloud/share/velodyne_pointcloud/params/VeloView-VLP-32C.yaml
[13.140s] -- Installing: /home/aiv/ev_ws/ros2_ver2/install/velodyne_pointcloud/share/velodyne_pointcloud/params/64e_s2.1-sztaki.yaml
[13.140s] -- Installing: /home/aiv/ev_ws/ros2_ver2/install/velodyne_pointcloud/share/velodyne_pointcloud/params/64e_utexas.yaml
[13.140s] -- Installing: /home/aiv/ev_ws/ros2_ver2/install/velodyne_pointcloud/share/velodyne_pointcloud/params/rviz_points.vcg
[13.140s] -- Installing: /home/aiv/ev_ws/ros2_ver2/install/velodyne_pointcloud/share/velodyne_pointcloud/params/64e_s3-xiesc.yaml
[13.140s] -- Installing: /home/aiv/ev_ws/ros2_ver2/install/velodyne_pointcloud/share/velodyne_pointcloud/environment/library_path.sh
[13.140s] -- Installing: /home/aiv/ev_ws/ros2_ver2/install/velodyne_pointcloud/share/velodyne_pointcloud/environment/library_path.dsv
[13.140s] -- Installing: /home/aiv/ev_ws/ros2_ver2/install/velodyne_pointcloud/share/ament_index/resource_index/package_run_dependencies/velodyne_pointcloud
[13.140s] -- Installing: /home/aiv/ev_ws/ros2_ver2/install/velodyne_pointcloud/share/ament_index/resource_index/parent_prefix_path/velodyne_pointcloud
[13.140s] -- Installing: /home/aiv/ev_ws/ros2_ver2/install/velodyne_pointcloud/share/velodyne_pointcloud/environment/ament_prefix_path.sh
[13.140s] -- Installing: /home/aiv/ev_ws/ros2_ver2/install/velodyne_pointcloud/share/velodyne_pointcloud/environment/ament_prefix_path.dsv
[13.140s] -- Installing: /home/aiv/ev_ws/ros2_ver2/install/velodyne_pointcloud/share/velodyne_pointcloud/environment/path.sh
[13.140s] -- Installing: /home/aiv/ev_ws/ros2_ver2/install/velodyne_pointcloud/share/velodyne_pointcloud/environment/path.dsv
[13.140s] -- Installing: /home/aiv/ev_ws/ros2_ver2/install/velodyne_pointcloud/share/velodyne_pointcloud/local_setup.bash
[13.140s] -- Installing: /home/aiv/ev_ws/ros2_ver2/install/velodyne_pointcloud/share/velodyne_pointcloud/local_setup.sh
[13.140s] -- Installing: /home/aiv/ev_ws/ros2_ver2/install/velodyne_pointcloud/share/velodyne_pointcloud/local_setup.zsh
[13.140s] -- Installing: /home/aiv/ev_ws/ros2_ver2/install/velodyne_pointcloud/share/velodyne_pointcloud/local_setup.dsv
[13.140s] -- Installing: /home/aiv/ev_ws/ros2_ver2/install/velodyne_pointcloud/share/velodyne_pointcloud/package.dsv
[13.140s] -- Installing: /home/aiv/ev_ws/ros2_ver2/install/velodyne_pointcloud/share/ament_index/resource_index/packages/velodyne_pointcloud
[13.140s] -- Installing: /home/aiv/ev_ws/ros2_ver2/install/velodyne_pointcloud/share/ament_index/resource_index/rclcpp_components/velodyne_pointcloud
[13.140s] -- Installing: /home/aiv/ev_ws/ros2_ver2/install/velodyne_pointcloud/share/velodyne_pointcloud/cmake/velodyne_pointcloudExport.cmake
[13.140s] -- Installing: /home/aiv/ev_ws/ros2_ver2/install/velodyne_pointcloud/share/velodyne_pointcloud/cmake/velodyne_pointcloudExport-noconfig.cmake
[13.140s] -- Installing: /home/aiv/ev_ws/ros2_ver2/install/velodyne_pointcloud/share/velodyne_pointcloud/cmake/ament_cmake_export_include_directories-extras.cmake
[13.140s] -- Installing: /home/aiv/ev_ws/ros2_ver2/install/velodyne_pointcloud/share/velodyne_pointcloud/cmake/ament_cmake_export_dependencies-extras.cmake
[13.140s] -- Installing: /home/aiv/ev_ws/ros2_ver2/install/velodyne_pointcloud/share/velodyne_pointcloud/cmake/ament_cmake_export_libraries-extras.cmake
[13.140s] -- Installing: /home/aiv/ev_ws/ros2_ver2/install/velodyne_pointcloud/share/velodyne_pointcloud/cmake/ament_cmake_export_targets-extras.cmake
[13.140s] -- Installing: /home/aiv/ev_ws/ros2_ver2/install/velodyne_pointcloud/share/velodyne_pointcloud/cmake/velodyne_pointcloudConfig.cmake
[13.140s] -- Installing: /home/aiv/ev_ws/ros2_ver2/install/velodyne_pointcloud/share/velodyne_pointcloud/cmake/velodyne_pointcloudConfig-version.cmake
[13.140s] -- Installing: /home/aiv/ev_ws/ros2_ver2/install/velodyne_pointcloud/share/velodyne_pointcloud/package.xml
[13.141s] Invoked command in '/home/aiv/ev_ws/ros2_ver2/build/velodyne_pointcloud' returned '0': AMENT_PREFIX_PATH=/home/aiv/ev_ws/ros2_ver2/install/velodyne_msgs:${AMENT_PREFIX_PATH} CMAKE_PREFIX_PATH=/home/aiv/ev_ws/ros2_ver2/install/velodyne_msgs:/home/aiv/ev_ws/ros2/install/velodyne:/home/aiv/ev_ws/ros2/install/velodyne_pointcloud:/home/aiv/ev_ws/ros2/install/velodyne_driver:/home/aiv/ev_ws/ros2/install/velodyne_msgs:/home/aiv/ev_ws/ros2/install/velodyne_laserscan:/home/aiv/ev_ws/ros2/install/patchworkpp:/home/aiv/ros2_study/install/my_first_package_msgs:/home/aiv/workspace/ros2/velodyne/install/velodyne:/home/aiv/workspace/ros2/velodyne/install/velodyne_pointcloud:/home/aiv/workspace/ros2/velodyne/install/velodyne_driver:/home/aiv/workspace/ros2/velodyne/install/velodyne_msgs:/home/aiv/workspace/ros2/velodyne/install/velodyne_laserscan:/home/aiv/workspace/ros2/erp42_ros/install/erp42_serial:/home/aiv/workspace/ros2/erp42_ros/install/erp42_rqt_plugin:/home/aiv/workspace/ros2/erp42_ros/install/erp42_gazebo:/home/aiv/workspace/ros2/erp42_ros/install/erp42_util:/home/aiv/workspace/ros2/erp42_ros/install/erp42_msgs:/home/aiv/workspace/ros2/erp42_ros/install/erp42_description:/home/aiv/workspace/ros2/erp42_ros/install/erp42_cmake:/home/aiv/workspace/ros2/t870_ros/install/t870_serial:/home/aiv/workspace/ros2/t870_ros/install/t870_rqt_plugin:/home/aiv/workspace/ros2/t870_ros/install/t870_util:/home/aiv/workspace/ros2/t870_ros/install/t870_msgs:/home/aiv/workspace/ros2/t870_ros/install/t870_cmake:/home/aiv/workspace/ros2/erp42_racing_ros/install/erp42_racing_serial:/home/aiv/workspace/ros2/erp42_racing_ros/install/erp42_racing_rqt_plugin:/home/aiv/workspace/ros2/erp42_racing_ros/install/erp42_racing_gazebo:/home/aiv/workspace/ros2/erp42_racing_ros/install/erp42_racing_util:/home/aiv/workspace/ros2/erp42_racing_ros/install/erp42_racing_msgs:/home/aiv/workspace/ros2/erp42_racing_ros/install/erp42_racing_description:/home/aiv/workspace/ros2/erp42_racing_ros/install/erp42_racing_cmake:/home/aiv/ros2_study/install/my_second_package:/opt/ros/humble LD_LIBRARY_PATH=/home/aiv/ev_ws/ros2_ver2/install/velodyne_msgs/lib:${LD_LIBRARY_PATH} PYTHONPATH=/home/aiv/ev_ws/ros2_ver2/install/velodyne_msgs/local/lib/python3.10/dist-packages:${PYTHONPATH} /usr/bin/cmake --install /home/aiv/ev_ws/ros2_ver2/build/velodyne_pointcloud
