[0.008s] Invoking command in '/home/aiv/ev_ws/ros2_ver2/build/velodyne_ground_segmentation': CMAKE_PREFIX_PATH=${CMAKE_PREFIX_PATH}:/home/aiv/ros2_study/install/my_second_package:/opt/ros/humble /usr/bin/cmake /home/aiv/ev_ws/ros2_ver2/velodyne/velodyne_ground_segmentation -DCMAKE_INSTALL_PREFIX=/home/aiv/ev_ws/ros2_ver2/install/velodyne_ground_segmentation
[0.077s] -- The C compiler identification is GNU 11.4.0
[0.127s] -- The CXX compiler identification is GNU 11.4.0
[0.133s] -- Detecting C compiler ABI info
[0.176s] -- Detecting C compiler ABI info - done
[0.180s] -- Check for working C compiler: /usr/bin/cc - skipped
[0.180s] -- Detecting C compile features
[0.180s] -- Detecting C compile features - done
[0.182s] -- Detecting CXX compiler ABI info
[0.235s] -- Detecting CXX compiler ABI info - done
[0.239s] -- Check for working CXX compiler: /usr/bin/c++ - skipped
[0.239s] -- Detecting CXX compile features
[0.239s] -- Detecting CXX compile features - done
[0.242s] -- Found ament_cmake: 1.3.12 (/opt/ros/humble/share/ament_cmake/cmake)
[0.332s] -- Found Python3: /usr/bin/python3 (found version "3.10.12") found components: Interpreter 
[0.398s] -- Found rclcpp: 16.0.17 (/opt/ros/humble/share/rclcpp/cmake)
[0.433s] -- Found rosidl_generator_c: 3.1.8 (/opt/ros/humble/share/rosidl_generator_c/cmake)
[0.438s] -- Found rosidl_adapter: 3.1.8 (/opt/ros/humble/share/rosidl_adapter/cmake)
[0.445s] -- Found rosidl_generator_cpp: 3.1.8 (/opt/ros/humble/share/rosidl_generator_cpp/cmake)
[0.455s] -- Using all available rosidl_typesupport_c: rosidl_typesupport_fastrtps_c;rosidl_typesupport_introspection_c
[0.467s] -- Using all available rosidl_typesupport_cpp: rosidl_typesupport_fastrtps_cpp;rosidl_typesupport_introspection_cpp
[0.503s] -- Found rmw_implementation_cmake: 6.1.2 (/opt/ros/humble/share/rmw_implementation_cmake/cmake)
[0.506s] -- Found rmw_cyclonedds_cpp: 1.3.4 (/opt/ros/humble/share/rmw_cyclonedds_cpp/cmake)
[0.525s] -- Using RMW implementation 'rmw_cyclonedds_cpp' as default
[0.533s] -- Looking for pthread.h
[0.587s] -- Looking for pthread.h - found
[0.587s] -- Performing Test CMAKE_HAVE_LIBC_PTHREAD
[0.633s] -- Performing Test CMAKE_HAVE_LIBC_PTHREAD - Success
[0.634s] -- Found Threads: TRUE  
[0.668s] -- Found rclcpp_components: 16.0.17 (/opt/ros/humble/share/rclcpp_components/cmake)
[0.688s] -- Found sensor_msgs: 4.9.0 (/opt/ros/humble/share/sensor_msgs/cmake)
[0.709s] -- Found ament_lint_auto: 0.12.14 (/opt/ros/humble/share/ament_lint_auto/cmake)
[0.757s] -- Added test 'cppcheck' to perform static code analysis on C / C++ code
[0.757s] -- Configured cppcheck include dirs: $<BUILD_INTERFACE:/home/aiv/ev_ws/ros2_ver2/velodyne/velodyne_ground_segmentation/include>
[0.757s] -- Configured cppcheck exclude dirs and/or files: 
[0.758s] -- Added test 'lint_cmake' to check CMake code style
[0.758s] -- Added test 'uncrustify' to check C / C++ code style
[0.759s] -- Configured uncrustify additional arguments: 
[0.759s] -- Added test 'xmllint' to check XML markup files
[0.761s] -- Configuring done
[0.766s] -- Generating done
[0.767s] -- Build files have been written to: /home/aiv/ev_ws/ros2_ver2/build/velodyne_ground_segmentation
[0.771s] Invoked command in '/home/aiv/ev_ws/ros2_ver2/build/velodyne_ground_segmentation' returned '0': CMAKE_PREFIX_PATH=${CMAKE_PREFIX_PATH}:/home/aiv/ros2_study/install/my_second_package:/opt/ros/humble /usr/bin/cmake /home/aiv/ev_ws/ros2_ver2/velodyne/velodyne_ground_segmentation -DCMAKE_INSTALL_PREFIX=/home/aiv/ev_ws/ros2_ver2/install/velodyne_ground_segmentation
[0.772s] Invoking command in '/home/aiv/ev_ws/ros2_ver2/build/velodyne_ground_segmentation': CMAKE_PREFIX_PATH=${CMAKE_PREFIX_PATH}:/home/aiv/ros2_study/install/my_second_package:/opt/ros/humble /usr/bin/cmake --build /home/aiv/ev_ws/ros2_ver2/build/velodyne_ground_segmentation -- -j28 -l28
[0.807s] [ 50%] Building CXX object CMakeFiles/ground_segmentation_component.dir/src/ground_segmentation_component.cpp.o
[1.865s] /home/aiv/ev_ws/ros2_ver2/velodyne/velodyne_ground_segmentation/src/ground_segmentation_component.cpp: In member function ‘void velodyne_ground_segmentation::GroundSegmentationComponent::pointCloudCallback(sensor_msgs::msg::PointCloud2_<std::allocator<void> >::SharedPtr)’:
[1.865s] /home/aiv/ev_ws/ros2_ver2/velodyne/velodyne_ground_segmentation/src/ground_segmentation_component.cpp:45:8: warning: variable ‘has_time’ set but not used [-Wunused-but-set-variable]
[1.865s]    45 |   bool has_time = false;
[1.865s]       |        ^~~~~~~~
[4.638s] [100%] Linking CXX shared library libground_segmentation_component.so
[4.862s] [100%] Built target ground_segmentation_component
[4.869s] Invoked command in '/home/aiv/ev_ws/ros2_ver2/build/velodyne_ground_segmentation' returned '0': CMAKE_PREFIX_PATH=${CMAKE_PREFIX_PATH}:/home/aiv/ros2_study/install/my_second_package:/opt/ros/humble /usr/bin/cmake --build /home/aiv/ev_ws/ros2_ver2/build/velodyne_ground_segmentation -- -j28 -l28
[4.876s] Invoking command in '/home/aiv/ev_ws/ros2_ver2/build/velodyne_ground_segmentation': CMAKE_PREFIX_PATH=${CMAKE_PREFIX_PATH}:/home/aiv/ros2_study/install/my_second_package:/opt/ros/humble /usr/bin/cmake --install /home/aiv/ev_ws/ros2_ver2/build/velodyne_ground_segmentation
[4.881s] -- Install configuration: ""
[4.882s] -- Installing: /home/aiv/ev_ws/ros2_ver2/install/velodyne_ground_segmentation/lib/libground_segmentation_component.so
[4.884s] -- Set runtime path of "/home/aiv/ev_ws/ros2_ver2/install/velodyne_ground_segmentation/lib/libground_segmentation_component.so" to ""
[4.884s] -- Installing: /home/aiv/ev_ws/ros2_ver2/install/velodyne_ground_segmentation/include
[4.884s] -- Installing: /home/aiv/ev_ws/ros2_ver2/install/velodyne_ground_segmentation/include/velodyne_ground_segmentation
[4.884s] -- Installing: /home/aiv/ev_ws/ros2_ver2/install/velodyne_ground_segmentation/include/velodyne_ground_segmentation/ground_segmentation_component.hpp
[4.884s] -- Installing: /home/aiv/ev_ws/ros2_ver2/install/velodyne_ground_segmentation/share/velodyne_ground_segmentation/config
[4.884s] -- Installing: /home/aiv/ev_ws/ros2_ver2/install/velodyne_ground_segmentation/share/velodyne_ground_segmentation/config/default_ground_segmentation_params.yaml
[4.884s] -- Installing: /home/aiv/ev_ws/ros2_ver2/install/velodyne_ground_segmentation/share/velodyne_ground_segmentation/launch
[4.884s] -- Installing: /home/aiv/ev_ws/ros2_ver2/install/velodyne_ground_segmentation/share/velodyne_ground_segmentation/environment/library_path.sh
[4.884s] -- Installing: /home/aiv/ev_ws/ros2_ver2/install/velodyne_ground_segmentation/share/velodyne_ground_segmentation/environment/library_path.dsv
[4.884s] -- Installing: /home/aiv/ev_ws/ros2_ver2/install/velodyne_ground_segmentation/share/ament_index/resource_index/package_run_dependencies/velodyne_ground_segmentation
[4.884s] -- Installing: /home/aiv/ev_ws/ros2_ver2/install/velodyne_ground_segmentation/share/ament_index/resource_index/parent_prefix_path/velodyne_ground_segmentation
[4.884s] -- Installing: /home/aiv/ev_ws/ros2_ver2/install/velodyne_ground_segmentation/share/velodyne_ground_segmentation/environment/ament_prefix_path.sh
[4.884s] -- Installing: /home/aiv/ev_ws/ros2_ver2/install/velodyne_ground_segmentation/share/velodyne_ground_segmentation/environment/ament_prefix_path.dsv
[4.884s] -- Installing: /home/aiv/ev_ws/ros2_ver2/install/velodyne_ground_segmentation/share/velodyne_ground_segmentation/environment/path.sh
[4.884s] -- Installing: /home/aiv/ev_ws/ros2_ver2/install/velodyne_ground_segmentation/share/velodyne_ground_segmentation/environment/path.dsv
[4.884s] -- Installing: /home/aiv/ev_ws/ros2_ver2/install/velodyne_ground_segmentation/share/velodyne_ground_segmentation/local_setup.bash
[4.884s] -- Installing: /home/aiv/ev_ws/ros2_ver2/install/velodyne_ground_segmentation/share/velodyne_ground_segmentation/local_setup.sh
[4.884s] -- Installing: /home/aiv/ev_ws/ros2_ver2/install/velodyne_ground_segmentation/share/velodyne_ground_segmentation/local_setup.zsh
[4.884s] -- Installing: /home/aiv/ev_ws/ros2_ver2/install/velodyne_ground_segmentation/share/velodyne_ground_segmentation/local_setup.dsv
[4.885s] -- Installing: /home/aiv/ev_ws/ros2_ver2/install/velodyne_ground_segmentation/share/velodyne_ground_segmentation/package.dsv
[4.885s] -- Installing: /home/aiv/ev_ws/ros2_ver2/install/velodyne_ground_segmentation/share/ament_index/resource_index/packages/velodyne_ground_segmentation
[4.885s] -- Installing: /home/aiv/ev_ws/ros2_ver2/install/velodyne_ground_segmentation/share/ament_index/resource_index/rclcpp_components/velodyne_ground_segmentation
[4.885s] -- Installing: /home/aiv/ev_ws/ros2_ver2/install/velodyne_ground_segmentation/share/velodyne_ground_segmentation/cmake/ament_cmake_export_include_directories-extras.cmake
[4.885s] -- Installing: /home/aiv/ev_ws/ros2_ver2/install/velodyne_ground_segmentation/share/velodyne_ground_segmentation/cmake/ament_cmake_export_libraries-extras.cmake
[4.885s] -- Installing: /home/aiv/ev_ws/ros2_ver2/install/velodyne_ground_segmentation/share/velodyne_ground_segmentation/cmake/ament_cmake_export_dependencies-extras.cmake
[4.885s] -- Installing: /home/aiv/ev_ws/ros2_ver2/install/velodyne_ground_segmentation/share/velodyne_ground_segmentation/cmake/velodyne_ground_segmentationConfig.cmake
[4.885s] -- Installing: /home/aiv/ev_ws/ros2_ver2/install/velodyne_ground_segmentation/share/velodyne_ground_segmentation/cmake/velodyne_ground_segmentationConfig-version.cmake
[4.885s] -- Installing: /home/aiv/ev_ws/ros2_ver2/install/velodyne_ground_segmentation/share/velodyne_ground_segmentation/package.xml
[4.886s] Invoked command in '/home/aiv/ev_ws/ros2_ver2/build/velodyne_ground_segmentation' returned '0': CMAKE_PREFIX_PATH=${CMAKE_PREFIX_PATH}:/home/aiv/ros2_study/install/my_second_package:/opt/ros/humble /usr/bin/cmake --install /home/aiv/ev_ws/ros2_ver2/build/velodyne_ground_segmentation
