[0.118s] DEBUG:colcon:Command line arguments: ['/usr/bin/colcon', 'build', '--packages-select', 'velodyne_ground_segmentation']
[0.118s] DEBUG:colcon:Parsed command line arguments: Namespace(log_base=None, log_level=None, verb_name='build', build_base='build', install_base='install', merge_install=False, symlink_install=False, test_result_base=None, continue_on_error=False, executor='parallel', parallel_workers=28, event_handlers=None, ignore_user_meta=False, metas=['./colcon.meta'], base_paths=['.'], packages_ignore=None, packages_ignore_regex=None, paths=None, packages_up_to=None, packages_up_to_regex=None, packages_above=None, packages_above_and_dependencies=None, packages_above_depth=None, packages_select_by_dep=None, packages_skip_by_dep=None, packages_skip_up_to=None, packages_select_build_failed=False, packages_skip_build_finished=False, packages_select_test_failures=False, packages_skip_test_passed=False, packages_select=['velodyne_ground_segmentation'], packages_skip=None, packages_select_regex=None, packages_skip_regex=None, packages_start=None, packages_end=None, allow_overriding=[], cmake_args=None, cmake_target=None, cmake_target_skip_unavailable=False, cmake_clean_cache=False, cmake_clean_first=False, cmake_force_configure=False, ament_cmake_args=None, catkin_cmake_args=None, catkin_skip_building_tests=False, mixin_files=None, mixin=None, verb_parser=<colcon_mixin.mixin.mixin_argument.MixinArgumentDecorator object at 0x791df1178400>, verb_extension=<colcon_core.verb.build.BuildVerb object at 0x791df1147e50>, main=<bound method BuildVerb.main of <colcon_core.verb.build.BuildVerb object at 0x791df1147e50>>, mixin_verb=('build',))
[0.240s] Level 1:colcon.colcon_core.package_discovery:discover_packages(colcon_meta) check parameters
[0.240s] Level 1:colcon.colcon_core.package_discovery:discover_packages(recursive) check parameters
[0.240s] Level 1:colcon.colcon_core.package_discovery:discover_packages(ignore) check parameters
[0.240s] Level 1:colcon.colcon_core.package_discovery:discover_packages(path) check parameters
[0.240s] Level 1:colcon.colcon_core.package_discovery:discover_packages(colcon_meta) discover
[0.240s] Level 1:colcon.colcon_core.package_discovery:discover_packages(recursive) discover
[0.240s] INFO:colcon.colcon_core.package_discovery:Crawling recursively for packages in '/home/aiv/ev_ws/ros2_ver2'
[0.240s] Level 1:colcon.colcon_core.package_identification:_identify(.) by extensions ['ignore', 'ignore_ament_install']
[0.240s] Level 1:colcon.colcon_core.package_identification:_identify(.) by extension 'ignore'
[0.240s] Level 1:colcon.colcon_core.package_identification:_identify(.) by extension 'ignore_ament_install'
[0.240s] Level 1:colcon.colcon_core.package_identification:_identify(.) by extensions ['colcon_pkg']
[0.240s] Level 1:colcon.colcon_core.package_identification:_identify(.) by extension 'colcon_pkg'
[0.240s] Level 1:colcon.colcon_core.package_identification:_identify(.) by extensions ['colcon_meta']
[0.240s] Level 1:colcon.colcon_core.package_identification:_identify(.) by extension 'colcon_meta'
[0.240s] Level 1:colcon.colcon_core.package_identification:_identify(.) by extensions ['ros']
[0.240s] Level 1:colcon.colcon_core.package_identification:_identify(.) by extension 'ros'
[0.246s] Level 1:colcon.colcon_core.package_identification:_identify(.) by extensions ['cmake', 'python']
[0.246s] Level 1:colcon.colcon_core.package_identification:_identify(.) by extension 'cmake'
[0.246s] Level 1:colcon.colcon_core.package_identification:_identify(.) by extension 'python'
[0.246s] Level 1:colcon.colcon_core.package_identification:_identify(.) by extensions ['python_setup_py']
[0.246s] Level 1:colcon.colcon_core.package_identification:_identify(.) by extension 'python_setup_py'
[0.246s] Level 1:colcon.colcon_core.package_identification:_identify(build) by extensions ['ignore', 'ignore_ament_install']
[0.246s] Level 1:colcon.colcon_core.package_identification:_identify(build) by extension 'ignore'
[0.246s] Level 1:colcon.colcon_core.package_identification:_identify(build) ignored
[0.246s] Level 1:colcon.colcon_core.package_identification:_identify(install) by extensions ['ignore', 'ignore_ament_install']
[0.246s] Level 1:colcon.colcon_core.package_identification:_identify(install) by extension 'ignore'
[0.246s] Level 1:colcon.colcon_core.package_identification:_identify(install) ignored
[0.246s] Level 1:colcon.colcon_core.package_identification:_identify(log) by extensions ['ignore', 'ignore_ament_install']
[0.246s] Level 1:colcon.colcon_core.package_identification:_identify(log) by extension 'ignore'
[0.246s] Level 1:colcon.colcon_core.package_identification:_identify(log) ignored
[0.246s] Level 1:colcon.colcon_core.package_identification:_identify(rosbag) by extensions ['ignore', 'ignore_ament_install']
[0.247s] Level 1:colcon.colcon_core.package_identification:_identify(rosbag) by extension 'ignore'
[0.247s] Level 1:colcon.colcon_core.package_identification:_identify(rosbag) by extension 'ignore_ament_install'
[0.247s] Level 1:colcon.colcon_core.package_identification:_identify(rosbag) by extensions ['colcon_pkg']
[0.247s] Level 1:colcon.colcon_core.package_identification:_identify(rosbag) by extension 'colcon_pkg'
[0.247s] Level 1:colcon.colcon_core.package_identification:_identify(rosbag) by extensions ['colcon_meta']
[0.247s] Level 1:colcon.colcon_core.package_identification:_identify(rosbag) by extension 'colcon_meta'
[0.247s] Level 1:colcon.colcon_core.package_identification:_identify(rosbag) by extensions ['ros']
[0.247s] Level 1:colcon.colcon_core.package_identification:_identify(rosbag) by extension 'ros'
[0.247s] Level 1:colcon.colcon_core.package_identification:_identify(rosbag) by extensions ['cmake', 'python']
[0.247s] Level 1:colcon.colcon_core.package_identification:_identify(rosbag) by extension 'cmake'
[0.247s] Level 1:colcon.colcon_core.package_identification:_identify(rosbag) by extension 'python'
[0.247s] Level 1:colcon.colcon_core.package_identification:_identify(rosbag) by extensions ['python_setup_py']
[0.247s] Level 1:colcon.colcon_core.package_identification:_identify(rosbag) by extension 'python_setup_py'
[0.247s] Level 1:colcon.colcon_core.package_identification:_identify(rosbag/02061915) by extensions ['ignore', 'ignore_ament_install']
[0.247s] Level 1:colcon.colcon_core.package_identification:_identify(rosbag/02061915) by extension 'ignore'
[0.247s] Level 1:colcon.colcon_core.package_identification:_identify(rosbag/02061915) by extension 'ignore_ament_install'
[0.247s] Level 1:colcon.colcon_core.package_identification:_identify(rosbag/02061915) by extensions ['colcon_pkg']
[0.247s] Level 1:colcon.colcon_core.package_identification:_identify(rosbag/02061915) by extension 'colcon_pkg'
[0.247s] Level 1:colcon.colcon_core.package_identification:_identify(rosbag/02061915) by extensions ['colcon_meta']
[0.247s] Level 1:colcon.colcon_core.package_identification:_identify(rosbag/02061915) by extension 'colcon_meta'
[0.247s] Level 1:colcon.colcon_core.package_identification:_identify(rosbag/02061915) by extensions ['ros']
[0.247s] Level 1:colcon.colcon_core.package_identification:_identify(rosbag/02061915) by extension 'ros'
[0.247s] Level 1:colcon.colcon_core.package_identification:_identify(rosbag/02061915) by extensions ['cmake', 'python']
[0.247s] Level 1:colcon.colcon_core.package_identification:_identify(rosbag/02061915) by extension 'cmake'
[0.247s] Level 1:colcon.colcon_core.package_identification:_identify(rosbag/02061915) by extension 'python'
[0.247s] Level 1:colcon.colcon_core.package_identification:_identify(rosbag/02061915) by extensions ['python_setup_py']
[0.247s] Level 1:colcon.colcon_core.package_identification:_identify(rosbag/02061915) by extension 'python_setup_py'
[0.247s] Level 1:colcon.colcon_core.package_identification:_identify(rosbag/02111745) by extensions ['ignore', 'ignore_ament_install']
[0.247s] Level 1:colcon.colcon_core.package_identification:_identify(rosbag/02111745) by extension 'ignore'
[0.247s] Level 1:colcon.colcon_core.package_identification:_identify(rosbag/02111745) by extension 'ignore_ament_install'
[0.247s] Level 1:colcon.colcon_core.package_identification:_identify(rosbag/02111745) by extensions ['colcon_pkg']
[0.247s] Level 1:colcon.colcon_core.package_identification:_identify(rosbag/02111745) by extension 'colcon_pkg'
[0.247s] Level 1:colcon.colcon_core.package_identification:_identify(rosbag/02111745) by extensions ['colcon_meta']
[0.247s] Level 1:colcon.colcon_core.package_identification:_identify(rosbag/02111745) by extension 'colcon_meta'
[0.247s] Level 1:colcon.colcon_core.package_identification:_identify(rosbag/02111745) by extensions ['ros']
[0.247s] Level 1:colcon.colcon_core.package_identification:_identify(rosbag/02111745) by extension 'ros'
[0.247s] Level 1:colcon.colcon_core.package_identification:_identify(rosbag/02111745) by extensions ['cmake', 'python']
[0.247s] Level 1:colcon.colcon_core.package_identification:_identify(rosbag/02111745) by extension 'cmake'
[0.247s] Level 1:colcon.colcon_core.package_identification:_identify(rosbag/02111745) by extension 'python'
[0.247s] Level 1:colcon.colcon_core.package_identification:_identify(rosbag/02111745) by extensions ['python_setup_py']
[0.247s] Level 1:colcon.colcon_core.package_identification:_identify(rosbag/02111745) by extension 'python_setup_py'
[0.247s] Level 1:colcon.colcon_core.package_identification:_identify(rosbag/0211_1) by extensions ['ignore', 'ignore_ament_install']
[0.247s] Level 1:colcon.colcon_core.package_identification:_identify(rosbag/0211_1) by extension 'ignore'
[0.247s] Level 1:colcon.colcon_core.package_identification:_identify(rosbag/0211_1) by extension 'ignore_ament_install'
[0.247s] Level 1:colcon.colcon_core.package_identification:_identify(rosbag/0211_1) by extensions ['colcon_pkg']
[0.247s] Level 1:colcon.colcon_core.package_identification:_identify(rosbag/0211_1) by extension 'colcon_pkg'
[0.247s] Level 1:colcon.colcon_core.package_identification:_identify(rosbag/0211_1) by extensions ['colcon_meta']
[0.247s] Level 1:colcon.colcon_core.package_identification:_identify(rosbag/0211_1) by extension 'colcon_meta'
[0.247s] Level 1:colcon.colcon_core.package_identification:_identify(rosbag/0211_1) by extensions ['ros']
[0.247s] Level 1:colcon.colcon_core.package_identification:_identify(rosbag/0211_1) by extension 'ros'
[0.247s] Level 1:colcon.colcon_core.package_identification:_identify(rosbag/0211_1) by extensions ['cmake', 'python']
[0.247s] Level 1:colcon.colcon_core.package_identification:_identify(rosbag/0211_1) by extension 'cmake'
[0.247s] Level 1:colcon.colcon_core.package_identification:_identify(rosbag/0211_1) by extension 'python'
[0.247s] Level 1:colcon.colcon_core.package_identification:_identify(rosbag/0211_1) by extensions ['python_setup_py']
[0.247s] Level 1:colcon.colcon_core.package_identification:_identify(rosbag/0211_1) by extension 'python_setup_py'
[0.247s] Level 1:colcon.colcon_core.package_identification:_identify(rosbag/1749) by extensions ['ignore', 'ignore_ament_install']
[0.248s] Level 1:colcon.colcon_core.package_identification:_identify(rosbag/1749) by extension 'ignore'
[0.248s] Level 1:colcon.colcon_core.package_identification:_identify(rosbag/1749) by extension 'ignore_ament_install'
[0.248s] Level 1:colcon.colcon_core.package_identification:_identify(rosbag/1749) by extensions ['colcon_pkg']
[0.248s] Level 1:colcon.colcon_core.package_identification:_identify(rosbag/1749) by extension 'colcon_pkg'
[0.248s] Level 1:colcon.colcon_core.package_identification:_identify(rosbag/1749) by extensions ['colcon_meta']
[0.248s] Level 1:colcon.colcon_core.package_identification:_identify(rosbag/1749) by extension 'colcon_meta'
[0.248s] Level 1:colcon.colcon_core.package_identification:_identify(rosbag/1749) by extensions ['ros']
[0.248s] Level 1:colcon.colcon_core.package_identification:_identify(rosbag/1749) by extension 'ros'
[0.248s] Level 1:colcon.colcon_core.package_identification:_identify(rosbag/1749) by extensions ['cmake', 'python']
[0.248s] Level 1:colcon.colcon_core.package_identification:_identify(rosbag/1749) by extension 'cmake'
[0.248s] Level 1:colcon.colcon_core.package_identification:_identify(rosbag/1749) by extension 'python'
[0.248s] Level 1:colcon.colcon_core.package_identification:_identify(rosbag/1749) by extensions ['python_setup_py']
[0.248s] Level 1:colcon.colcon_core.package_identification:_identify(rosbag/1749) by extension 'python_setup_py'
[0.248s] Level 1:colcon.colcon_core.package_identification:_identify(rosbag/1753) by extensions ['ignore', 'ignore_ament_install']
[0.248s] Level 1:colcon.colcon_core.package_identification:_identify(rosbag/1753) by extension 'ignore'
[0.248s] Level 1:colcon.colcon_core.package_identification:_identify(rosbag/1753) by extension 'ignore_ament_install'
[0.248s] Level 1:colcon.colcon_core.package_identification:_identify(rosbag/1753) by extensions ['colcon_pkg']
[0.248s] Level 1:colcon.colcon_core.package_identification:_identify(rosbag/1753) by extension 'colcon_pkg'
[0.248s] Level 1:colcon.colcon_core.package_identification:_identify(rosbag/1753) by extensions ['colcon_meta']
[0.248s] Level 1:colcon.colcon_core.package_identification:_identify(rosbag/1753) by extension 'colcon_meta'
[0.248s] Level 1:colcon.colcon_core.package_identification:_identify(rosbag/1753) by extensions ['ros']
[0.248s] Level 1:colcon.colcon_core.package_identification:_identify(rosbag/1753) by extension 'ros'
[0.248s] Level 1:colcon.colcon_core.package_identification:_identify(rosbag/1753) by extensions ['cmake', 'python']
[0.248s] Level 1:colcon.colcon_core.package_identification:_identify(rosbag/1753) by extension 'cmake'
[0.248s] Level 1:colcon.colcon_core.package_identification:_identify(rosbag/1753) by extension 'python'
[0.248s] Level 1:colcon.colcon_core.package_identification:_identify(rosbag/1753) by extensions ['python_setup_py']
[0.248s] Level 1:colcon.colcon_core.package_identification:_identify(rosbag/1753) by extension 'python_setup_py'
[0.248s] Level 1:colcon.colcon_core.package_identification:_identify(rosbag/forStudy) by extensions ['ignore', 'ignore_ament_install']
[0.248s] Level 1:colcon.colcon_core.package_identification:_identify(rosbag/forStudy) by extension 'ignore'
[0.248s] Level 1:colcon.colcon_core.package_identification:_identify(rosbag/forStudy) by extension 'ignore_ament_install'
[0.248s] Level 1:colcon.colcon_core.package_identification:_identify(rosbag/forStudy) by extensions ['colcon_pkg']
[0.248s] Level 1:colcon.colcon_core.package_identification:_identify(rosbag/forStudy) by extension 'colcon_pkg'
[0.248s] Level 1:colcon.colcon_core.package_identification:_identify(rosbag/forStudy) by extensions ['colcon_meta']
[0.248s] Level 1:colcon.colcon_core.package_identification:_identify(rosbag/forStudy) by extension 'colcon_meta'
[0.248s] Level 1:colcon.colcon_core.package_identification:_identify(rosbag/forStudy) by extensions ['ros']
[0.248s] Level 1:colcon.colcon_core.package_identification:_identify(rosbag/forStudy) by extension 'ros'
[0.248s] Level 1:colcon.colcon_core.package_identification:_identify(rosbag/forStudy) by extensions ['cmake', 'python']
[0.248s] Level 1:colcon.colcon_core.package_identification:_identify(rosbag/forStudy) by extension 'cmake'
[0.248s] Level 1:colcon.colcon_core.package_identification:_identify(rosbag/forStudy) by extension 'python'
[0.248s] Level 1:colcon.colcon_core.package_identification:_identify(rosbag/forStudy) by extensions ['python_setup_py']
[0.248s] Level 1:colcon.colcon_core.package_identification:_identify(rosbag/forStudy) by extension 'python_setup_py'
[0.248s] Level 1:colcon.colcon_core.package_identification:_identify(velodyne) by extensions ['ignore', 'ignore_ament_install']
[0.248s] Level 1:colcon.colcon_core.package_identification:_identify(velodyne) by extension 'ignore'
[0.248s] Level 1:colcon.colcon_core.package_identification:_identify(velodyne) by extension 'ignore_ament_install'
[0.248s] Level 1:colcon.colcon_core.package_identification:_identify(velodyne) by extensions ['colcon_pkg']
[0.248s] Level 1:colcon.colcon_core.package_identification:_identify(velodyne) by extension 'colcon_pkg'
[0.248s] Level 1:colcon.colcon_core.package_identification:_identify(velodyne) by extensions ['colcon_meta']
[0.248s] Level 1:colcon.colcon_core.package_identification:_identify(velodyne) by extension 'colcon_meta'
[0.248s] Level 1:colcon.colcon_core.package_identification:_identify(velodyne) by extensions ['ros']
[0.248s] Level 1:colcon.colcon_core.package_identification:_identify(velodyne) by extension 'ros'
[0.248s] Level 1:colcon.colcon_core.package_identification:_identify(velodyne) by extensions ['cmake', 'python']
[0.248s] Level 1:colcon.colcon_core.package_identification:_identify(velodyne) by extension 'cmake'
[0.248s] Level 1:colcon.colcon_core.package_identification:_identify(velodyne) by extension 'python'
[0.248s] Level 1:colcon.colcon_core.package_identification:_identify(velodyne) by extensions ['python_setup_py']
[0.248s] Level 1:colcon.colcon_core.package_identification:_identify(velodyne) by extension 'python_setup_py'
[0.249s] Level 1:colcon.colcon_core.package_identification:_identify(velodyne/build) by extensions ['ignore', 'ignore_ament_install']
[0.249s] Level 1:colcon.colcon_core.package_identification:_identify(velodyne/build) by extension 'ignore'
[0.249s] Level 1:colcon.colcon_core.package_identification:_identify(velodyne/build) ignored
[0.249s] Level 1:colcon.colcon_core.package_identification:_identify(velodyne/install) by extensions ['ignore', 'ignore_ament_install']
[0.249s] Level 1:colcon.colcon_core.package_identification:_identify(velodyne/install) by extension 'ignore'
[0.249s] Level 1:colcon.colcon_core.package_identification:_identify(velodyne/install) ignored
[0.249s] Level 1:colcon.colcon_core.package_identification:_identify(velodyne/log) by extensions ['ignore', 'ignore_ament_install']
[0.249s] Level 1:colcon.colcon_core.package_identification:_identify(velodyne/log) by extension 'ignore'
[0.249s] Level 1:colcon.colcon_core.package_identification:_identify(velodyne/log) ignored
[0.249s] Level 1:colcon.colcon_core.package_identification:_identify(velodyne/velodyne) by extensions ['ignore', 'ignore_ament_install']
[0.249s] Level 1:colcon.colcon_core.package_identification:_identify(velodyne/velodyne) by extension 'ignore'
[0.249s] Level 1:colcon.colcon_core.package_identification:_identify(velodyne/velodyne) by extension 'ignore_ament_install'
[0.249s] Level 1:colcon.colcon_core.package_identification:_identify(velodyne/velodyne) by extensions ['colcon_pkg']
[0.249s] Level 1:colcon.colcon_core.package_identification:_identify(velodyne/velodyne) by extension 'colcon_pkg'
[0.249s] Level 1:colcon.colcon_core.package_identification:_identify(velodyne/velodyne) by extensions ['colcon_meta']
[0.249s] Level 1:colcon.colcon_core.package_identification:_identify(velodyne/velodyne) by extension 'colcon_meta'
[0.249s] Level 1:colcon.colcon_core.package_identification:_identify(velodyne/velodyne) by extensions ['ros']
[0.249s] Level 1:colcon.colcon_core.package_identification:_identify(velodyne/velodyne) by extension 'ros'
[0.250s] DEBUG:colcon.colcon_core.package_identification:Package 'velodyne/velodyne' with type 'ros.ament_cmake' and name 'velodyne'
[0.250s] Level 1:colcon.colcon_core.package_identification:_identify(velodyne/velodyne_cropbox) by extensions ['ignore', 'ignore_ament_install']
[0.250s] Level 1:colcon.colcon_core.package_identification:_identify(velodyne/velodyne_cropbox) by extension 'ignore'
[0.250s] Level 1:colcon.colcon_core.package_identification:_identify(velodyne/velodyne_cropbox) by extension 'ignore_ament_install'
[0.251s] Level 1:colcon.colcon_core.package_identification:_identify(velodyne/velodyne_cropbox) by extensions ['colcon_pkg']
[0.251s] Level 1:colcon.colcon_core.package_identification:_identify(velodyne/velodyne_cropbox) by extension 'colcon_pkg'
[0.251s] Level 1:colcon.colcon_core.package_identification:_identify(velodyne/velodyne_cropbox) by extensions ['colcon_meta']
[0.251s] Level 1:colcon.colcon_core.package_identification:_identify(velodyne/velodyne_cropbox) by extension 'colcon_meta'
[0.251s] Level 1:colcon.colcon_core.package_identification:_identify(velodyne/velodyne_cropbox) by extensions ['ros']
[0.251s] Level 1:colcon.colcon_core.package_identification:_identify(velodyne/velodyne_cropbox) by extension 'ros'
[0.251s] DEBUG:colcon.colcon_core.package_identification:Package 'velodyne/velodyne_cropbox' with type 'ros.ament_cmake' and name 'velodyne_cropbox'
[0.251s] Level 1:colcon.colcon_core.package_identification:_identify(velodyne/velodyne_driver) by extensions ['ignore', 'ignore_ament_install']
[0.252s] Level 1:colcon.colcon_core.package_identification:_identify(velodyne/velodyne_driver) by extension 'ignore'
[0.252s] Level 1:colcon.colcon_core.package_identification:_identify(velodyne/velodyne_driver) by extension 'ignore_ament_install'
[0.252s] Level 1:colcon.colcon_core.package_identification:_identify(velodyne/velodyne_driver) by extensions ['colcon_pkg']
[0.252s] Level 1:colcon.colcon_core.package_identification:_identify(velodyne/velodyne_driver) by extension 'colcon_pkg'
[0.252s] Level 1:colcon.colcon_core.package_identification:_identify(velodyne/velodyne_driver) by extensions ['colcon_meta']
[0.252s] Level 1:colcon.colcon_core.package_identification:_identify(velodyne/velodyne_driver) by extension 'colcon_meta'
[0.252s] Level 1:colcon.colcon_core.package_identification:_identify(velodyne/velodyne_driver) by extensions ['ros']
[0.252s] Level 1:colcon.colcon_core.package_identification:_identify(velodyne/velodyne_driver) by extension 'ros'
[0.252s] DEBUG:colcon.colcon_core.package_identification:Package 'velodyne/velodyne_driver' with type 'ros.ament_cmake' and name 'velodyne_driver'
[0.252s] Level 1:colcon.colcon_core.package_identification:_identify(velodyne/velodyne_ground_segmentation) by extensions ['ignore', 'ignore_ament_install']
[0.252s] Level 1:colcon.colcon_core.package_identification:_identify(velodyne/velodyne_ground_segmentation) by extension 'ignore'
[0.252s] Level 1:colcon.colcon_core.package_identification:_identify(velodyne/velodyne_ground_segmentation) by extension 'ignore_ament_install'
[0.252s] Level 1:colcon.colcon_core.package_identification:_identify(velodyne/velodyne_ground_segmentation) by extensions ['colcon_pkg']
[0.252s] Level 1:colcon.colcon_core.package_identification:_identify(velodyne/velodyne_ground_segmentation) by extension 'colcon_pkg'
[0.252s] Level 1:colcon.colcon_core.package_identification:_identify(velodyne/velodyne_ground_segmentation) by extensions ['colcon_meta']
[0.252s] Level 1:colcon.colcon_core.package_identification:_identify(velodyne/velodyne_ground_segmentation) by extension 'colcon_meta'
[0.252s] Level 1:colcon.colcon_core.package_identification:_identify(velodyne/velodyne_ground_segmentation) by extensions ['ros']
[0.252s] Level 1:colcon.colcon_core.package_identification:_identify(velodyne/velodyne_ground_segmentation) by extension 'ros'
[0.253s] DEBUG:colcon.colcon_core.package_identification:Package 'velodyne/velodyne_ground_segmentation' with type 'ros.ament_cmake' and name 'velodyne_ground_segmentation'
[0.253s] Level 1:colcon.colcon_core.package_identification:_identify(velodyne/velodyne_laserscan) by extensions ['ignore', 'ignore_ament_install']
[0.253s] Level 1:colcon.colcon_core.package_identification:_identify(velodyne/velodyne_laserscan) by extension 'ignore'
[0.253s] Level 1:colcon.colcon_core.package_identification:_identify(velodyne/velodyne_laserscan) by extension 'ignore_ament_install'
[0.253s] Level 1:colcon.colcon_core.package_identification:_identify(velodyne/velodyne_laserscan) by extensions ['colcon_pkg']
[0.253s] Level 1:colcon.colcon_core.package_identification:_identify(velodyne/velodyne_laserscan) by extension 'colcon_pkg'
[0.253s] Level 1:colcon.colcon_core.package_identification:_identify(velodyne/velodyne_laserscan) by extensions ['colcon_meta']
[0.253s] Level 1:colcon.colcon_core.package_identification:_identify(velodyne/velodyne_laserscan) by extension 'colcon_meta'
[0.253s] Level 1:colcon.colcon_core.package_identification:_identify(velodyne/velodyne_laserscan) by extensions ['ros']
[0.253s] Level 1:colcon.colcon_core.package_identification:_identify(velodyne/velodyne_laserscan) by extension 'ros'
[0.253s] DEBUG:colcon.colcon_core.package_identification:Package 'velodyne/velodyne_laserscan' with type 'ros.ament_cmake' and name 'velodyne_laserscan'
[0.253s] Level 1:colcon.colcon_core.package_identification:_identify(velodyne/velodyne_msgs) by extensions ['ignore', 'ignore_ament_install']
[0.253s] Level 1:colcon.colcon_core.package_identification:_identify(velodyne/velodyne_msgs) by extension 'ignore'
[0.253s] Level 1:colcon.colcon_core.package_identification:_identify(velodyne/velodyne_msgs) by extension 'ignore_ament_install'
[0.253s] Level 1:colcon.colcon_core.package_identification:_identify(velodyne/velodyne_msgs) by extensions ['colcon_pkg']
[0.253s] Level 1:colcon.colcon_core.package_identification:_identify(velodyne/velodyne_msgs) by extension 'colcon_pkg'
[0.253s] Level 1:colcon.colcon_core.package_identification:_identify(velodyne/velodyne_msgs) by extensions ['colcon_meta']
[0.253s] Level 1:colcon.colcon_core.package_identification:_identify(velodyne/velodyne_msgs) by extension 'colcon_meta'
[0.253s] Level 1:colcon.colcon_core.package_identification:_identify(velodyne/velodyne_msgs) by extensions ['ros']
[0.253s] Level 1:colcon.colcon_core.package_identification:_identify(velodyne/velodyne_msgs) by extension 'ros'
[0.258s] DEBUG:colcon.colcon_core.package_identification:Package 'velodyne/velodyne_msgs' with type 'ros.ament_cmake' and name 'velodyne_msgs'
[0.258s] Level 1:colcon.colcon_core.package_identification:_identify(velodyne/velodyne_pointcloud) by extensions ['ignore', 'ignore_ament_install']
[0.258s] Level 1:colcon.colcon_core.package_identification:_identify(velodyne/velodyne_pointcloud) by extension 'ignore'
[0.258s] Level 1:colcon.colcon_core.package_identification:_identify(velodyne/velodyne_pointcloud) by extension 'ignore_ament_install'
[0.258s] Level 1:colcon.colcon_core.package_identification:_identify(velodyne/velodyne_pointcloud) by extensions ['colcon_pkg']
[0.258s] Level 1:colcon.colcon_core.package_identification:_identify(velodyne/velodyne_pointcloud) by extension 'colcon_pkg'
[0.258s] Level 1:colcon.colcon_core.package_identification:_identify(velodyne/velodyne_pointcloud) by extensions ['colcon_meta']
[0.258s] Level 1:colcon.colcon_core.package_identification:_identify(velodyne/velodyne_pointcloud) by extension 'colcon_meta'
[0.258s] Level 1:colcon.colcon_core.package_identification:_identify(velodyne/velodyne_pointcloud) by extensions ['ros']
[0.258s] Level 1:colcon.colcon_core.package_identification:_identify(velodyne/velodyne_pointcloud) by extension 'ros'
[0.258s] DEBUG:colcon.colcon_core.package_identification:Package 'velodyne/velodyne_pointcloud' with type 'ros.ament_cmake' and name 'velodyne_pointcloud'
[0.258s] Level 1:colcon.colcon_core.package_discovery:discover_packages(recursive) using defaults
[0.258s] Level 1:colcon.colcon_core.package_discovery:discover_packages(ignore) discover
[0.258s] Level 1:colcon.colcon_core.package_discovery:discover_packages(ignore) using defaults
[0.258s] Level 1:colcon.colcon_core.package_discovery:discover_packages(path) discover
[0.258s] Level 1:colcon.colcon_core.package_discovery:discover_packages(path) using defaults
[0.272s] INFO:colcon.colcon_core.package_selection:Skipping not selected package 'velodyne_cropbox' in 'velodyne/velodyne_cropbox'
[0.272s] INFO:colcon.colcon_core.package_selection:Skipping not selected package 'velodyne_laserscan' in 'velodyne/velodyne_laserscan'
[0.272s] INFO:colcon.colcon_core.package_selection:Skipping not selected package 'velodyne_msgs' in 'velodyne/velodyne_msgs'
[0.272s] INFO:colcon.colcon_core.package_selection:Skipping not selected package 'velodyne_driver' in 'velodyne/velodyne_driver'
[0.272s] INFO:colcon.colcon_core.package_selection:Skipping not selected package 'velodyne_pointcloud' in 'velodyne/velodyne_pointcloud'
[0.272s] INFO:colcon.colcon_core.package_selection:Skipping not selected package 'velodyne' in 'velodyne/velodyne'
[0.273s] Level 1:colcon.colcon_core.package_discovery:discover_packages(prefix_path) check parameters
[0.273s] Level 1:colcon.colcon_core.package_discovery:discover_packages(prefix_path) discover
[0.275s] DEBUG:colcon.colcon_installed_package_information.package_discovery:Found 6 installed packages in /home/aiv/ev_ws/ros2/install
[0.275s] DEBUG:colcon.colcon_installed_package_information.package_discovery:Found 2 installed packages in /home/aiv/ros2_study/install
[0.276s] DEBUG:colcon.colcon_installed_package_information.package_discovery:Found 7 installed packages in /home/aiv/workspace/ros2/erp42_ros/install
[0.276s] DEBUG:colcon.colcon_installed_package_information.package_discovery:Found 5 installed packages in /home/aiv/workspace/ros2/t870_ros/install
[0.276s] DEBUG:colcon.colcon_installed_package_information.package_discovery:Found 7 installed packages in /home/aiv/workspace/ros2/erp42_racing_ros/install
[0.276s] DEBUG:colcon.colcon_installed_package_information.package_discovery:Found 5 installed packages in /home/aiv/workspace/ros2/velodyne/install
[0.277s] DEBUG:colcon.colcon_installed_package_information.package_discovery:Found 301 installed packages in /opt/ros/humble
[0.278s] Level 1:colcon.colcon_core.package_discovery:discover_packages(prefix_path) using defaults
[0.313s] Level 5:colcon.colcon_core.verb:set package 'velodyne_ground_segmentation' build argument 'cmake_args' from command line to 'None'
[0.313s] Level 5:colcon.colcon_core.verb:set package 'velodyne_ground_segmentation' build argument 'cmake_target' from command line to 'None'
[0.313s] Level 5:colcon.colcon_core.verb:set package 'velodyne_ground_segmentation' build argument 'cmake_target_skip_unavailable' from command line to 'False'
[0.313s] Level 5:colcon.colcon_core.verb:set package 'velodyne_ground_segmentation' build argument 'cmake_clean_cache' from command line to 'False'
[0.313s] Level 5:colcon.colcon_core.verb:set package 'velodyne_ground_segmentation' build argument 'cmake_clean_first' from command line to 'False'
[0.313s] Level 5:colcon.colcon_core.verb:set package 'velodyne_ground_segmentation' build argument 'cmake_force_configure' from command line to 'False'
[0.313s] Level 5:colcon.colcon_core.verb:set package 'velodyne_ground_segmentation' build argument 'ament_cmake_args' from command line to 'None'
[0.313s] Level 5:colcon.colcon_core.verb:set package 'velodyne_ground_segmentation' build argument 'catkin_cmake_args' from command line to 'None'
[0.313s] Level 5:colcon.colcon_core.verb:set package 'velodyne_ground_segmentation' build argument 'catkin_skip_building_tests' from command line to 'False'
[0.313s] DEBUG:colcon.colcon_core.verb:Building package 'velodyne_ground_segmentation' with the following arguments: {'ament_cmake_args': None, 'build_base': '/home/aiv/ev_ws/ros2_ver2/build/velodyne_ground_segmentation', 'catkin_cmake_args': None, 'catkin_skip_building_tests': False, 'cmake_args': None, 'cmake_clean_cache': False, 'cmake_clean_first': False, 'cmake_force_configure': False, 'cmake_target': None, 'cmake_target_skip_unavailable': False, 'install_base': '/home/aiv/ev_ws/ros2_ver2/install/velodyne_ground_segmentation', 'merge_install': False, 'path': '/home/aiv/ev_ws/ros2_ver2/velodyne/velodyne_ground_segmentation', 'symlink_install': False, 'test_result_base': None}
[0.313s] INFO:colcon.colcon_core.executor:Executing jobs using 'parallel' executor
[0.314s] DEBUG:colcon.colcon_parallel_executor.executor.parallel:run_until_complete
[0.314s] INFO:colcon.colcon_ros.task.ament_cmake.build:Building ROS package in '/home/aiv/ev_ws/ros2_ver2/velodyne/velodyne_ground_segmentation' with build type 'ament_cmake'
[0.314s] INFO:colcon.colcon_cmake.task.cmake.build:Building CMake package in '/home/aiv/ev_ws/ros2_ver2/velodyne/velodyne_ground_segmentation'
[0.316s] INFO:colcon.colcon_core.plugin_system:Skipping extension 'colcon_core.shell.bat': Not used on non-Windows systems
[0.316s] INFO:colcon.colcon_core.shell:Skip shell extension 'powershell' for command environment: Not usable outside of PowerShell
[0.316s] DEBUG:colcon.colcon_core.shell:Skip shell extension 'dsv' for command environment
[0.323s] DEBUG:colcon.colcon_core.event_handler.log_command:Invoking command in '/home/aiv/ev_ws/ros2_ver2/build/velodyne_ground_segmentation': CMAKE_PREFIX_PATH=${CMAKE_PREFIX_PATH}:/home/aiv/ros2_study/install/my_second_package:/opt/ros/humble /usr/bin/cmake /home/aiv/ev_ws/ros2_ver2/velodyne/velodyne_ground_segmentation -DCMAKE_INSTALL_PREFIX=/home/aiv/ev_ws/ros2_ver2/install/velodyne_ground_segmentation
[1.085s] DEBUG:colcon.colcon_core.event_handler.log_command:Invoked command in '/home/aiv/ev_ws/ros2_ver2/build/velodyne_ground_segmentation' returned '0': CMAKE_PREFIX_PATH=${CMAKE_PREFIX_PATH}:/home/aiv/ros2_study/install/my_second_package:/opt/ros/humble /usr/bin/cmake /home/aiv/ev_ws/ros2_ver2/velodyne/velodyne_ground_segmentation -DCMAKE_INSTALL_PREFIX=/home/aiv/ev_ws/ros2_ver2/install/velodyne_ground_segmentation
[1.086s] DEBUG:colcon.colcon_core.event_handler.log_command:Invoking command in '/home/aiv/ev_ws/ros2_ver2/build/velodyne_ground_segmentation': CMAKE_PREFIX_PATH=${CMAKE_PREFIX_PATH}:/home/aiv/ros2_study/install/my_second_package:/opt/ros/humble /usr/bin/cmake --build /home/aiv/ev_ws/ros2_ver2/build/velodyne_ground_segmentation -- -j28 -l28
[5.184s] DEBUG:colcon.colcon_core.event_handler.log_command:Invoked command in '/home/aiv/ev_ws/ros2_ver2/build/velodyne_ground_segmentation' returned '0': CMAKE_PREFIX_PATH=${CMAKE_PREFIX_PATH}:/home/aiv/ros2_study/install/my_second_package:/opt/ros/humble /usr/bin/cmake --build /home/aiv/ev_ws/ros2_ver2/build/velodyne_ground_segmentation -- -j28 -l28
[5.191s] DEBUG:colcon.colcon_core.event_handler.log_command:Invoking command in '/home/aiv/ev_ws/ros2_ver2/build/velodyne_ground_segmentation': CMAKE_PREFIX_PATH=${CMAKE_PREFIX_PATH}:/home/aiv/ros2_study/install/my_second_package:/opt/ros/humble /usr/bin/cmake --install /home/aiv/ev_ws/ros2_ver2/build/velodyne_ground_segmentation
[5.200s] Level 1:colcon.colcon_core.environment:create_environment_scripts_only(velodyne_ground_segmentation)
[5.200s] DEBUG:colcon.colcon_core.event_handler.log_command:Invoked command in '/home/aiv/ev_ws/ros2_ver2/build/velodyne_ground_segmentation' returned '0': CMAKE_PREFIX_PATH=${CMAKE_PREFIX_PATH}:/home/aiv/ros2_study/install/my_second_package:/opt/ros/humble /usr/bin/cmake --install /home/aiv/ev_ws/ros2_ver2/build/velodyne_ground_segmentation
[5.204s] Level 1:colcon.colcon_core.environment:checking '/home/aiv/ev_ws/ros2_ver2/install/velodyne_ground_segmentation' for CMake module files
[5.204s] Level 1:colcon.colcon_core.environment:checking '/home/aiv/ev_ws/ros2_ver2/install/velodyne_ground_segmentation' for CMake config files
[5.204s] Level 1:colcon.colcon_core.shell:create_environment_hook('velodyne_ground_segmentation', 'cmake_prefix_path')
[5.205s] INFO:colcon.colcon_core.shell:Creating environment hook '/home/aiv/ev_ws/ros2_ver2/install/velodyne_ground_segmentation/share/velodyne_ground_segmentation/hook/cmake_prefix_path.ps1'
[5.205s] INFO:colcon.colcon_core.shell:Creating environment descriptor '/home/aiv/ev_ws/ros2_ver2/install/velodyne_ground_segmentation/share/velodyne_ground_segmentation/hook/cmake_prefix_path.dsv'
[5.205s] INFO:colcon.colcon_core.shell:Creating environment hook '/home/aiv/ev_ws/ros2_ver2/install/velodyne_ground_segmentation/share/velodyne_ground_segmentation/hook/cmake_prefix_path.sh'
[5.206s] Level 1:colcon.colcon_core.environment:checking '/home/aiv/ev_ws/ros2_ver2/install/velodyne_ground_segmentation/lib'
[5.206s] Level 1:colcon.colcon_core.shell:create_environment_hook('velodyne_ground_segmentation', 'ld_library_path_lib')
[5.206s] INFO:colcon.colcon_core.shell:Creating environment hook '/home/aiv/ev_ws/ros2_ver2/install/velodyne_ground_segmentation/share/velodyne_ground_segmentation/hook/ld_library_path_lib.ps1'
[5.206s] INFO:colcon.colcon_core.shell:Creating environment descriptor '/home/aiv/ev_ws/ros2_ver2/install/velodyne_ground_segmentation/share/velodyne_ground_segmentation/hook/ld_library_path_lib.dsv'
[5.206s] INFO:colcon.colcon_core.shell:Creating environment hook '/home/aiv/ev_ws/ros2_ver2/install/velodyne_ground_segmentation/share/velodyne_ground_segmentation/hook/ld_library_path_lib.sh'
[5.206s] Level 1:colcon.colcon_core.environment:checking '/home/aiv/ev_ws/ros2_ver2/install/velodyne_ground_segmentation/bin'
[5.206s] Level 1:colcon.colcon_core.environment:checking '/home/aiv/ev_ws/ros2_ver2/install/velodyne_ground_segmentation/lib/pkgconfig/velodyne_ground_segmentation.pc'
[5.207s] Level 1:colcon.colcon_core.environment:checking '/home/aiv/ev_ws/ros2_ver2/install/velodyne_ground_segmentation/lib/python3.10/site-packages'
[5.207s] Level 1:colcon.colcon_core.environment:checking '/home/aiv/ev_ws/ros2_ver2/install/velodyne_ground_segmentation/bin'
[5.207s] INFO:colcon.colcon_core.shell:Creating package script '/home/aiv/ev_ws/ros2_ver2/install/velodyne_ground_segmentation/share/velodyne_ground_segmentation/package.ps1'
[5.207s] INFO:colcon.colcon_core.shell:Creating package descriptor '/home/aiv/ev_ws/ros2_ver2/install/velodyne_ground_segmentation/share/velodyne_ground_segmentation/package.dsv'
[5.208s] INFO:colcon.colcon_core.shell:Creating package script '/home/aiv/ev_ws/ros2_ver2/install/velodyne_ground_segmentation/share/velodyne_ground_segmentation/package.sh'
[5.208s] INFO:colcon.colcon_core.shell:Creating package script '/home/aiv/ev_ws/ros2_ver2/install/velodyne_ground_segmentation/share/velodyne_ground_segmentation/package.bash'
[5.208s] INFO:colcon.colcon_core.shell:Creating package script '/home/aiv/ev_ws/ros2_ver2/install/velodyne_ground_segmentation/share/velodyne_ground_segmentation/package.zsh'
[5.209s] Level 1:colcon.colcon_core.environment:create_file_with_runtime_dependencies(/home/aiv/ev_ws/ros2_ver2/install/velodyne_ground_segmentation/share/colcon-core/packages/velodyne_ground_segmentation)
[5.209s] Level 1:colcon.colcon_core.environment:create_environment_scripts_only(velodyne_ground_segmentation)
[5.209s] Level 1:colcon.colcon_core.environment:checking '/home/aiv/ev_ws/ros2_ver2/install/velodyne_ground_segmentation' for CMake module files
[5.209s] Level 1:colcon.colcon_core.environment:checking '/home/aiv/ev_ws/ros2_ver2/install/velodyne_ground_segmentation' for CMake config files
[5.209s] Level 1:colcon.colcon_core.shell:create_environment_hook('velodyne_ground_segmentation', 'cmake_prefix_path')
[5.210s] INFO:colcon.colcon_core.shell:Creating environment hook '/home/aiv/ev_ws/ros2_ver2/install/velodyne_ground_segmentation/share/velodyne_ground_segmentation/hook/cmake_prefix_path.ps1'
[5.210s] INFO:colcon.colcon_core.shell:Creating environment descriptor '/home/aiv/ev_ws/ros2_ver2/install/velodyne_ground_segmentation/share/velodyne_ground_segmentation/hook/cmake_prefix_path.dsv'
[5.210s] INFO:colcon.colcon_core.shell:Creating environment hook '/home/aiv/ev_ws/ros2_ver2/install/velodyne_ground_segmentation/share/velodyne_ground_segmentation/hook/cmake_prefix_path.sh'
[5.210s] Level 1:colcon.colcon_core.environment:checking '/home/aiv/ev_ws/ros2_ver2/install/velodyne_ground_segmentation/lib'
[5.210s] Level 1:colcon.colcon_core.shell:create_environment_hook('velodyne_ground_segmentation', 'ld_library_path_lib')
[5.210s] INFO:colcon.colcon_core.shell:Creating environment hook '/home/aiv/ev_ws/ros2_ver2/install/velodyne_ground_segmentation/share/velodyne_ground_segmentation/hook/ld_library_path_lib.ps1'
[5.210s] INFO:colcon.colcon_core.shell:Creating environment descriptor '/home/aiv/ev_ws/ros2_ver2/install/velodyne_ground_segmentation/share/velodyne_ground_segmentation/hook/ld_library_path_lib.dsv'
[5.210s] INFO:colcon.colcon_core.shell:Creating environment hook '/home/aiv/ev_ws/ros2_ver2/install/velodyne_ground_segmentation/share/velodyne_ground_segmentation/hook/ld_library_path_lib.sh'
[5.210s] Level 1:colcon.colcon_core.environment:checking '/home/aiv/ev_ws/ros2_ver2/install/velodyne_ground_segmentation/bin'
[5.211s] Level 1:colcon.colcon_core.environment:checking '/home/aiv/ev_ws/ros2_ver2/install/velodyne_ground_segmentation/lib/pkgconfig/velodyne_ground_segmentation.pc'
[5.211s] Level 1:colcon.colcon_core.environment:checking '/home/aiv/ev_ws/ros2_ver2/install/velodyne_ground_segmentation/lib/python3.10/site-packages'
[5.211s] Level 1:colcon.colcon_core.environment:checking '/home/aiv/ev_ws/ros2_ver2/install/velodyne_ground_segmentation/bin'
[5.211s] INFO:colcon.colcon_core.shell:Creating package script '/home/aiv/ev_ws/ros2_ver2/install/velodyne_ground_segmentation/share/velodyne_ground_segmentation/package.ps1'
[5.211s] INFO:colcon.colcon_core.shell:Creating package descriptor '/home/aiv/ev_ws/ros2_ver2/install/velodyne_ground_segmentation/share/velodyne_ground_segmentation/package.dsv'
[5.211s] INFO:colcon.colcon_core.shell:Creating package script '/home/aiv/ev_ws/ros2_ver2/install/velodyne_ground_segmentation/share/velodyne_ground_segmentation/package.sh'
[5.211s] INFO:colcon.colcon_core.shell:Creating package script '/home/aiv/ev_ws/ros2_ver2/install/velodyne_ground_segmentation/share/velodyne_ground_segmentation/package.bash'
[5.212s] INFO:colcon.colcon_core.shell:Creating package script '/home/aiv/ev_ws/ros2_ver2/install/velodyne_ground_segmentation/share/velodyne_ground_segmentation/package.zsh'
[5.212s] Level 1:colcon.colcon_core.environment:create_file_with_runtime_dependencies(/home/aiv/ev_ws/ros2_ver2/install/velodyne_ground_segmentation/share/colcon-core/packages/velodyne_ground_segmentation)
[5.212s] DEBUG:colcon.colcon_parallel_executor.executor.parallel:closing loop
[5.212s] DEBUG:colcon.colcon_parallel_executor.executor.parallel:loop closed
[5.212s] DEBUG:colcon.colcon_parallel_executor.executor.parallel:run_until_complete finished with '0'
[5.212s] DEBUG:colcon.colcon_core.event_reactor:joining thread
[5.215s] INFO:colcon.colcon_core.plugin_system:Skipping extension 'colcon_notification.desktop_notification.terminal_notifier': Not used on non-Darwin systems
[5.215s] INFO:colcon.colcon_core.plugin_system:Skipping extension 'colcon_notification.desktop_notification.win32': Not used on non-Windows systems
[5.215s] INFO:colcon.colcon_notification.desktop_notification:Sending desktop notification using 'notify2'
[5.225s] DEBUG:colcon.colcon_core.event_reactor:joined thread
[5.225s] INFO:colcon.colcon_core.shell:Creating prefix script '/home/aiv/ev_ws/ros2_ver2/install/local_setup.ps1'
[5.226s] INFO:colcon.colcon_core.shell:Creating prefix util module '/home/aiv/ev_ws/ros2_ver2/install/_local_setup_util_ps1.py'
[5.226s] INFO:colcon.colcon_core.shell:Creating prefix chain script '/home/aiv/ev_ws/ros2_ver2/install/setup.ps1'
[5.227s] INFO:colcon.colcon_core.shell:Creating prefix script '/home/aiv/ev_ws/ros2_ver2/install/local_setup.sh'
[5.228s] INFO:colcon.colcon_core.shell:Creating prefix util module '/home/aiv/ev_ws/ros2_ver2/install/_local_setup_util_sh.py'
[5.228s] INFO:colcon.colcon_core.shell:Creating prefix chain script '/home/aiv/ev_ws/ros2_ver2/install/setup.sh'
[5.229s] INFO:colcon.colcon_core.shell:Creating prefix script '/home/aiv/ev_ws/ros2_ver2/install/local_setup.bash'
[5.229s] INFO:colcon.colcon_core.shell:Creating prefix chain script '/home/aiv/ev_ws/ros2_ver2/install/setup.bash'
[5.230s] INFO:colcon.colcon_core.shell:Creating prefix script '/home/aiv/ev_ws/ros2_ver2/install/local_setup.zsh'
[5.230s] INFO:colcon.colcon_core.shell:Creating prefix chain script '/home/aiv/ev_ws/ros2_ver2/install/setup.zsh'
