[0.010s] Invoking command in '/home/aiv/ev_ws/ros2_ver2/build/velodyne_laserscan': CMAKE_PREFIX_PATH=${CMAKE_PREFIX_PATH}:/home/aiv/ros2_study/install/my_second_package:/opt/ros/humble /usr/bin/cmake --build /home/aiv/ev_ws/ros2_ver2/build/velodyne_laserscan -- -j28 -l28
[0.038s] [35m[1mConsolidate compiler generated dependencies of target velodyne_laserscan[0m
[0.048s] [ 50%] Built target velodyne_laserscan
[0.056s] [35m[1mConsolidate compiler generated dependencies of target velodyne_laserscan_node[0m
[0.067s] [100%] Built target velodyne_laserscan_node
[0.080s] Invoked command in '/home/aiv/ev_ws/ros2_ver2/build/velodyne_laserscan' returned '0': CMAKE_PREFIX_PATH=${CMAKE_PREFIX_PATH}:/home/aiv/ros2_study/install/my_second_package:/opt/ros/humble /usr/bin/cmake --build /home/aiv/ev_ws/ros2_ver2/build/velodyne_laserscan -- -j28 -l28
[0.080s] Invoking command in '/home/aiv/ev_ws/ros2_ver2/build/velodyne_laserscan': CMAKE_PREFIX_PATH=${CMAKE_PREFIX_PATH}:/home/aiv/ros2_study/install/my_second_package:/opt/ros/humble /usr/bin/cmake --install /home/aiv/ev_ws/ros2_ver2/build/velodyne_laserscan
[0.086s] -- Install configuration: ""
[0.086s] -- Up-to-date: /home/aiv/ev_ws/ros2_ver2/install/velodyne_laserscan/lib/libvelodyne_laserscan.so
[0.086s] -- Up-to-date: /home/aiv/ev_ws/ros2_ver2/install/velodyne_laserscan/lib/velodyne_laserscan/velodyne_laserscan_node
[0.086s] -- Up-to-date: /home/aiv/ev_ws/ros2_ver2/install/velodyne_laserscan/include/velodyne_laserscan
[0.086s] -- Up-to-date: /home/aiv/ev_ws/ros2_ver2/install/velodyne_laserscan/include/velodyne_laserscan/velodyne_laserscan.hpp
[0.086s] -- Up-to-date: /home/aiv/ev_ws/ros2_ver2/install/velodyne_laserscan/share/velodyne_laserscan/config
[0.086s] -- Up-to-date: /home/aiv/ev_ws/ros2_ver2/install/velodyne_laserscan/share/velodyne_laserscan/config/default-velodyne_laserscan_node-params.yaml
[0.086s] -- Up-to-date: /home/aiv/ev_ws/ros2_ver2/install/velodyne_laserscan/share/velodyne_laserscan/launch
[0.086s] -- Up-to-date: /home/aiv/ev_ws/ros2_ver2/install/velodyne_laserscan/share/velodyne_laserscan/launch/velodyne_laserscan_node-launch.py
[0.086s] -- Up-to-date: /home/aiv/ev_ws/ros2_ver2/install/velodyne_laserscan/share/velodyne_laserscan/launch/velodyne_laserscan_node-composed-launch.py
[0.086s] -- Up-to-date: /home/aiv/ev_ws/ros2_ver2/install/velodyne_laserscan/share/ament_index/resource_index/package_run_dependencies/velodyne_laserscan
[0.086s] -- Up-to-date: /home/aiv/ev_ws/ros2_ver2/install/velodyne_laserscan/share/ament_index/resource_index/parent_prefix_path/velodyne_laserscan
[0.086s] -- Up-to-date: /home/aiv/ev_ws/ros2_ver2/install/velodyne_laserscan/share/velodyne_laserscan/environment/ament_prefix_path.sh
[0.086s] -- Up-to-date: /home/aiv/ev_ws/ros2_ver2/install/velodyne_laserscan/share/velodyne_laserscan/environment/ament_prefix_path.dsv
[0.086s] -- Up-to-date: /home/aiv/ev_ws/ros2_ver2/install/velodyne_laserscan/share/velodyne_laserscan/environment/path.sh
[0.086s] -- Up-to-date: /home/aiv/ev_ws/ros2_ver2/install/velodyne_laserscan/share/velodyne_laserscan/environment/path.dsv
[0.086s] -- Up-to-date: /home/aiv/ev_ws/ros2_ver2/install/velodyne_laserscan/share/velodyne_laserscan/local_setup.bash
[0.087s] -- Up-to-date: /home/aiv/ev_ws/ros2_ver2/install/velodyne_laserscan/share/velodyne_laserscan/local_setup.sh
[0.087s] -- Up-to-date: /home/aiv/ev_ws/ros2_ver2/install/velodyne_laserscan/share/velodyne_laserscan/local_setup.zsh
[0.087s] -- Up-to-date: /home/aiv/ev_ws/ros2_ver2/install/velodyne_laserscan/share/velodyne_laserscan/local_setup.dsv
[0.087s] -- Installing: /home/aiv/ev_ws/ros2_ver2/install/velodyne_laserscan/share/velodyne_laserscan/package.dsv
[0.087s] -- Up-to-date: /home/aiv/ev_ws/ros2_ver2/install/velodyne_laserscan/share/ament_index/resource_index/packages/velodyne_laserscan
[0.087s] -- Up-to-date: /home/aiv/ev_ws/ros2_ver2/install/velodyne_laserscan/share/ament_index/resource_index/rclcpp_components/velodyne_laserscan
[0.087s] -- Up-to-date: /home/aiv/ev_ws/ros2_ver2/install/velodyne_laserscan/share/velodyne_laserscan/cmake/velodyne_laserscanExport.cmake
[0.087s] -- Up-to-date: /home/aiv/ev_ws/ros2_ver2/install/velodyne_laserscan/share/velodyne_laserscan/cmake/velodyne_laserscanExport-noconfig.cmake
[0.087s] -- Up-to-date: /home/aiv/ev_ws/ros2_ver2/install/velodyne_laserscan/share/velodyne_laserscan/cmake/ament_cmake_export_include_directories-extras.cmake
[0.087s] -- Up-to-date: /home/aiv/ev_ws/ros2_ver2/install/velodyne_laserscan/share/velodyne_laserscan/cmake/ament_cmake_export_targets-extras.cmake
[0.087s] -- Up-to-date: /home/aiv/ev_ws/ros2_ver2/install/velodyne_laserscan/share/velodyne_laserscan/cmake/ament_cmake_export_dependencies-extras.cmake
[0.087s] -- Up-to-date: /home/aiv/ev_ws/ros2_ver2/install/velodyne_laserscan/share/velodyne_laserscan/cmake/velodyne_laserscanConfig.cmake
[0.087s] -- Up-to-date: /home/aiv/ev_ws/ros2_ver2/install/velodyne_laserscan/share/velodyne_laserscan/cmake/velodyne_laserscanConfig-version.cmake
[0.087s] -- Up-to-date: /home/aiv/ev_ws/ros2_ver2/install/velodyne_laserscan/share/velodyne_laserscan/package.xml
[0.088s] Invoked command in '/home/aiv/ev_ws/ros2_ver2/build/velodyne_laserscan' returned '0': CMAKE_PREFIX_PATH=${CMAKE_PREFIX_PATH}:/home/aiv/ros2_study/install/my_second_package:/opt/ros/humble /usr/bin/cmake --install /home/aiv/ev_ws/ros2_ver2/build/velodyne_laserscan
