[0.007s] Invoking command in '/home/aiv/ev_ws/ros2_ver2/build/lidar_voxel_grid': CMAKE_PREFIX_PATH=${CMAKE_PREFIX_PATH}:/home/aiv/ros2_study/install/my_second_package:/opt/ros/humble /usr/bin/cmake /home/aiv/ev_ws/ros2_ver2/src/lidar/lidar_voxel_grid -DCMAKE_INSTALL_PREFIX=/home/aiv/ev_ws/ros2_ver2/install/lidar_voxel_grid
[0.063s] -- The C compiler identification is GNU 11.4.0
[0.095s] -- The CXX compiler identification is GNU 11.4.0
[0.100s] -- Detecting C compiler ABI info
[0.146s] -- Detecting C compiler ABI info - done
[0.149s] -- Check for working C compiler: /usr/bin/cc - skipped
[0.149s] -- Detecting C compile features
[0.150s] -- Detecting C compile features - done
[0.151s] -- Detecting CXX compiler ABI info
[0.210s] -- Detecting CXX compiler ABI info - done
[0.213s] -- Check for working CXX compiler: /usr/bin/c++ - skipped
[0.214s] -- Detecting CXX compile features
[0.214s] -- Detecting CXX compile features - done
[0.217s] -- Found ament_cmake: 1.3.12 (/opt/ros/humble/share/ament_cmake/cmake)
[0.316s] -- Found Python3: /usr/bin/python3 (found version "3.10.12") found components: Interpreter 
[0.384s] -- Found rclcpp: 16.0.17 (/opt/ros/humble/share/rclcpp/cmake)
[0.420s] -- Found rosidl_generator_c: 3.1.8 (/opt/ros/humble/share/rosidl_generator_c/cmake)
[0.425s] -- Found rosidl_adapter: 3.1.8 (/opt/ros/humble/share/rosidl_adapter/cmake)
[0.431s] -- Found rosidl_generator_cpp: 3.1.8 (/opt/ros/humble/share/rosidl_generator_cpp/cmake)
[0.440s] -- Using all available rosidl_typesupport_c: rosidl_typesupport_fastrtps_c;rosidl_typesupport_introspection_c
[0.451s] -- Using all available rosidl_typesupport_cpp: rosidl_typesupport_fastrtps_cpp;rosidl_typesupport_introspection_cpp
[0.484s] -- Found rmw_implementation_cmake: 6.1.2 (/opt/ros/humble/share/rmw_implementation_cmake/cmake)
[0.487s] -- Found rmw_cyclonedds_cpp: 1.3.4 (/opt/ros/humble/share/rmw_cyclonedds_cpp/cmake)
[0.505s] -- Using RMW implementation 'rmw_cyclonedds_cpp' as default
[0.513s] -- Looking for pthread.h
[0.563s] -- Looking for pthread.h - found
[0.563s] -- Performing Test CMAKE_HAVE_LIBC_PTHREAD
[0.615s] -- Performing Test CMAKE_HAVE_LIBC_PTHREAD - Success
[0.615s] -- Found Threads: TRUE  
[0.645s] -- Found rclcpp_components: 16.0.17 (/opt/ros/humble/share/rclcpp_components/cmake)
[0.663s] -- Found sensor_msgs: 4.9.0 (/opt/ros/humble/share/sensor_msgs/cmake)
[0.680s] -- Found pcl_conversions: 2.4.5 (/opt/ros/humble/share/pcl_conversions/cmake)
[0.708s] -- Checking for module 'eigen3'
[0.720s] --   Found eigen3, version 3.4.0
[0.750s] -- Found Eigen: /usr/include/eigen3 (Required is at least version "3.1") 
[0.750s] -- Eigen found (include: /usr/include/eigen3, version: 3.4.0)
[0.785s] -- Checking for module 'flann'
[0.795s] --   Found flann, version 1.9.1
[0.829s] -- Found FLANN: /usr/lib/x86_64-linux-gnu/libflann_cpp.so  
[0.829s] -- FLANN found (include: /usr/include, lib: /usr/lib/x86_64-linux-gnu/libflann_cpp.so)
[1.463s] -- Checking for module 'libusb-1.0'
[1.475s] --   Found libusb-1.0, version 1.0.25
[1.504s] -- Found libusb: /usr/lib/x86_64-linux-gnu/libusb-1.0.so  
[1.506s] -- OpenNI found (version: 1.5.4.0, include: /usr/include/ni, lib: /usr/lib/libOpenNI.so;libusb::libusb)
[1.550s] -- OpenNI2 found (version: 2.2.0.33, include: /usr/include/openni2, lib: /usr/lib/x86_64-linux-gnu/libOpenNI2.so;libusb::libusb)
[1.644s] -- Eigen found (include: /usr/include/eigen3, version: 3.4.0)
[1.648s] -- OpenNI found (version: 1.5.4.0, include: /usr/include/ni, lib: /usr/lib/libOpenNI.so;libusb::libusb)
[1.652s] -- OpenNI2 found (version: 2.2.0.33, include: /usr/include/openni2, lib: /usr/lib/x86_64-linux-gnu/libOpenNI2.so;libusb::libusb)
[1.740s] -- Found Qhull version 8.0.2
[1.836s] -- OpenNI found (version: 1.5.4.0, include: /usr/include/ni, lib: /usr/lib/libOpenNI.so;libusb::libusb)
[1.924s] -- Found PCL_COMMON: /usr/lib/x86_64-linux-gnu/libpcl_common.so  
[1.924s] -- Found PCL_KDTREE: /usr/lib/x86_64-linux-gnu/libpcl_kdtree.so  
[1.925s] -- Found PCL_OCTREE: /usr/lib/x86_64-linux-gnu/libpcl_octree.so  
[1.925s] -- Found PCL_SEARCH: /usr/lib/x86_64-linux-gnu/libpcl_search.so  
[1.925s] -- Found PCL_SAMPLE_CONSENSUS: /usr/lib/x86_64-linux-gnu/libpcl_sample_consensus.so  
[1.926s] -- Found PCL_FILTERS: /usr/lib/x86_64-linux-gnu/libpcl_filters.so  
[1.926s] -- Found PCL_2D: /usr/include/pcl-1.12  
[1.926s] -- Found PCL_GEOMETRY: /usr/include/pcl-1.12  
[1.927s] -- Found PCL_IO: /usr/lib/x86_64-linux-gnu/libpcl_io.so  
[1.927s] -- Found PCL_FEATURES: /usr/lib/x86_64-linux-gnu/libpcl_features.so  
[1.927s] -- Found PCL_ML: /usr/lib/x86_64-linux-gnu/libpcl_ml.so  
[1.928s] -- Found PCL_SEGMENTATION: /usr/lib/x86_64-linux-gnu/libpcl_segmentation.so  
[1.928s] -- Found PCL_VISUALIZATION: /usr/lib/x86_64-linux-gnu/libpcl_visualization.so  
[1.929s] -- Found PCL_SURFACE: /usr/lib/x86_64-linux-gnu/libpcl_surface.so  
[1.929s] -- Found PCL_REGISTRATION: /usr/lib/x86_64-linux-gnu/libpcl_registration.so  
[1.930s] -- Found PCL_KEYPOINTS: /usr/lib/x86_64-linux-gnu/libpcl_keypoints.so  
[1.930s] -- Found PCL_TRACKING: /usr/lib/x86_64-linux-gnu/libpcl_tracking.so  
[1.931s] -- Found PCL_RECOGNITION: /usr/lib/x86_64-linux-gnu/libpcl_recognition.so  
[1.931s] -- Found PCL_STEREO: /usr/lib/x86_64-linux-gnu/libpcl_stereo.so  
[1.931s] -- Found PCL_APPS: /usr/lib/x86_64-linux-gnu/libpcl_apps.so  
[1.932s] -- Found PCL_IN_HAND_SCANNER: /usr/include/pcl-1.12  
[1.932s] -- Found PCL_MODELER: /usr/include/pcl-1.12  
[1.932s] -- Found PCL_POINT_CLOUD_EDITOR: /usr/include/pcl-1.12  
[1.933s] -- Found PCL_OUTOFCORE: /usr/lib/x86_64-linux-gnu/libpcl_outofcore.so  
[1.933s] -- Found PCL_PEOPLE: /usr/lib/x86_64-linux-gnu/libpcl_people.so  
[1.940s] -- Configuring incomplete, errors occurred!
[1.940s] See also "/home/aiv/ev_ws/ros2_ver2/build/lidar_voxel_grid/CMakeFiles/CMakeOutput.log".
[1.940s] [31mCMake Error at CMakeLists.txt:14 (find_package):
[1.940s]   By not providing "Findpcl_ros.cmake" in CMAKE_MODULE_PATH this project has
[1.940s]   asked CMake to find a package configuration file provided by "pcl_ros", but
[1.940s]   CMake did not find one.
[1.940s] 
[1.940s]   Could not find a package configuration file provided by "pcl_ros" with any
[1.940s]   of the following names:
[1.940s] 
[1.940s]     pcl_rosConfig.cmake
[1.940s]     pcl_ros-config.cmake
[1.940s] 
[1.940s]   Add the installation prefix of "pcl_ros" to CMAKE_PREFIX_PATH or set
[1.940s]   "pcl_ros_DIR" to a directory containing one of the above files.  If
[1.940s]   "pcl_ros" provides a separate development package or SDK, be sure it has
[1.940s]   been installed.
[1.940s] 
[1.940s] [0m
[1.948s] Invoked command in '/home/aiv/ev_ws/ros2_ver2/build/lidar_voxel_grid' returned '1': CMAKE_PREFIX_PATH=${CMAKE_PREFIX_PATH}:/home/aiv/ros2_study/install/my_second_package:/opt/ros/humble /usr/bin/cmake /home/aiv/ev_ws/ros2_ver2/src/lidar/lidar_voxel_grid -DCMAKE_INSTALL_PREFIX=/home/aiv/ev_ws/ros2_ver2/install/lidar_voxel_grid
