[0.013s] Invoking command in '/home/aiv/ev_ws/ros2_ver2/build/patchworkpp': CMAKE_PREFIX_PATH=${CMAKE_PREFIX_PATH}:/home/aiv/ros2_study/install/my_second_package:/opt/ros/humble /usr/bin/cmake --build /home/aiv/ev_ws/ros2_ver2/build/patchworkpp -- -j28 -l28
[0.128s] Built target patchworkpp_node
[0.129s] Built target ground_seg_cores
[0.139s] [35m[1mConsolidate compiler generated dependencies of target gseg_component[0m
[0.151s] [32mBuilding CXX object CMakeFiles/gseg_component.dir/src/GroundSegmentationServer.cpp.o[0m
[7.872s] [32m[1mLinking CXX shared library libgseg_component.so[0m
[7.966s] Built target gseg_component
[7.974s] Invoked command in '/home/aiv/ev_ws/ros2_ver2/build/patchworkpp' returned '0': CMAKE_PREFIX_PATH=${CMAKE_PREFIX_PATH}:/home/aiv/ros2_study/install/my_second_package:/opt/ros/humble /usr/bin/cmake --build /home/aiv/ev_ws/ros2_ver2/build/patchworkpp -- -j28 -l28
[7.977s] Invoking command in '/home/aiv/ev_ws/ros2_ver2/build/patchworkpp': CMAKE_PREFIX_PATH=${CMAKE_PREFIX_PATH}:/home/aiv/ros2_study/install/my_second_package:/opt/ros/humble /usr/bin/cmake --install /home/aiv/ev_ws/ros2_ver2/build/patchworkpp
[7.983s] -- Install configuration: "Release"
[7.983s] -- Up-to-date: /home/aiv/ev_ws/ros2_ver2/install/patchworkpp/include
[7.983s] -- Up-to-date: /home/aiv/ev_ws/ros2_ver2/install/patchworkpp/include/patchwork
[7.983s] -- Up-to-date: /home/aiv/ev_ws/ros2_ver2/install/patchworkpp/include/patchwork/patchworkpp.h
[7.983s] -- Up-to-date: /home/aiv/ev_ws/ros2_ver2/install/patchworkpp/lib/libground_seg_cores.a
[7.983s] -- Up-to-date: /home/aiv/ev_ws/ros2_ver2/install/patchworkpp/lib/cmake/patchworkpp/patchworkppConfig.cmake
[7.984s] -- Up-to-date: /home/aiv/ev_ws/ros2_ver2/install/patchworkpp/lib/cmake/patchworkpp/patchworkppConfig-release.cmake
[7.984s] -- Up-to-date: /home/aiv/ev_ws/ros2_ver2/install/patchworkpp/lib/cmake/patchworkpp/patchworkppTargets.cmake
[7.984s] -- Up-to-date: /home/aiv/ev_ws/ros2_ver2/install/patchworkpp/lib/cmake/patchworkpp/patchworkppTargets-release.cmake
[7.984s] -- Up-to-date: /home/aiv/ev_ws/ros2_ver2/install/patchworkpp/lib/patchworkpp/patchworkpp_node
[7.984s] -- Installing: /home/aiv/ev_ws/ros2_ver2/install/patchworkpp/lib/libgseg_component.so
[7.985s] -- Set runtime path of "/home/aiv/ev_ws/ros2_ver2/install/patchworkpp/lib/libgseg_component.so" to ""
[7.985s] -- Up-to-date: /home/aiv/ev_ws/ros2_ver2/install/patchworkpp/share/patchworkpp//launch
[7.985s] -- Up-to-date: /home/aiv/ev_ws/ros2_ver2/install/patchworkpp/share/patchworkpp//launch/patchworkpp.launch.py
[7.985s] -- Up-to-date: /home/aiv/ev_ws/ros2_ver2/install/patchworkpp/share/patchworkpp//rviz
[7.985s] -- Up-to-date: /home/aiv/ev_ws/ros2_ver2/install/patchworkpp/share/patchworkpp//rviz/patchworkpp.rviz
[7.985s] -- Up-to-date: /home/aiv/ev_ws/ros2_ver2/install/patchworkpp/share/patchworkpp//config
[7.985s] -- Up-to-date: /home/aiv/ev_ws/ros2_ver2/install/patchworkpp/share/patchworkpp//config/patchworkpp_params.yaml
[7.985s] -- Up-to-date: /home/aiv/ev_ws/ros2_ver2/install/patchworkpp/share/ament_index/resource_index/package_run_dependencies/patchworkpp
[7.985s] -- Up-to-date: /home/aiv/ev_ws/ros2_ver2/install/patchworkpp/share/ament_index/resource_index/parent_prefix_path/patchworkpp
[7.985s] -- Up-to-date: /home/aiv/ev_ws/ros2_ver2/install/patchworkpp/share/patchworkpp/environment/ament_prefix_path.sh
[7.985s] -- Up-to-date: /home/aiv/ev_ws/ros2_ver2/install/patchworkpp/share/patchworkpp/environment/ament_prefix_path.dsv
[7.985s] -- Up-to-date: /home/aiv/ev_ws/ros2_ver2/install/patchworkpp/share/patchworkpp/environment/path.sh
[7.985s] -- Up-to-date: /home/aiv/ev_ws/ros2_ver2/install/patchworkpp/share/patchworkpp/environment/path.dsv
[7.985s] -- Up-to-date: /home/aiv/ev_ws/ros2_ver2/install/patchworkpp/share/patchworkpp/local_setup.bash
[7.985s] -- Up-to-date: /home/aiv/ev_ws/ros2_ver2/install/patchworkpp/share/patchworkpp/local_setup.sh
[7.985s] -- Up-to-date: /home/aiv/ev_ws/ros2_ver2/install/patchworkpp/share/patchworkpp/local_setup.zsh
[7.985s] -- Up-to-date: /home/aiv/ev_ws/ros2_ver2/install/patchworkpp/share/patchworkpp/local_setup.dsv
[7.985s] -- Installing: /home/aiv/ev_ws/ros2_ver2/install/patchworkpp/share/patchworkpp/package.dsv
[7.985s] -- Up-to-date: /home/aiv/ev_ws/ros2_ver2/install/patchworkpp/share/ament_index/resource_index/packages/patchworkpp
[7.985s] -- Up-to-date: /home/aiv/ev_ws/ros2_ver2/install/patchworkpp/share/ament_index/resource_index/rclcpp_components/patchworkpp
[7.985s] -- Up-to-date: /home/aiv/ev_ws/ros2_ver2/install/patchworkpp/share/patchworkpp/cmake/patchworkppConfig.cmake
[7.985s] -- Up-to-date: /home/aiv/ev_ws/ros2_ver2/install/patchworkpp/share/patchworkpp/cmake/patchworkppConfig-version.cmake
[7.985s] -- Up-to-date: /home/aiv/ev_ws/ros2_ver2/install/patchworkpp/share/patchworkpp/package.xml
[7.986s] Invoked command in '/home/aiv/ev_ws/ros2_ver2/build/patchworkpp' returned '0': CMAKE_PREFIX_PATH=${CMAKE_PREFIX_PATH}:/home/aiv/ros2_study/install/my_second_package:/opt/ros/humble /usr/bin/cmake --install /home/aiv/ev_ws/ros2_ver2/build/patchworkpp
