[0.012s] Invoking command in '/home/aiv/ev_ws/ros2_ver2/build/velodyne_cropbox': CMAKE_PREFIX_PATH=${CMAKE_PREFIX_PATH}:/home/aiv/ros2_study/install/my_second_package:/opt/ros/humble /usr/bin/cmake --build /home/aiv/ev_ws/ros2_ver2/build/velodyne_cropbox -- -j28 -l28
[0.050s] [100%] Built target cropbox_component
[0.057s] Invoked command in '/home/aiv/ev_ws/ros2_ver2/build/velodyne_cropbox' returned '0': CMAKE_PREFIX_PATH=${CMAKE_PREFIX_PATH}:/home/aiv/ros2_study/install/my_second_package:/opt/ros/humble /usr/bin/cmake --build /home/aiv/ev_ws/ros2_ver2/build/velodyne_cropbox -- -j28 -l28
[0.063s] Invoking command in '/home/aiv/ev_ws/ros2_ver2/build/velodyne_cropbox': CMAKE_PREFIX_PATH=${CMAKE_PREFIX_PATH}:/home/aiv/ros2_study/install/my_second_package:/opt/ros/humble /usr/bin/cmake --install /home/aiv/ev_ws/ros2_ver2/build/velodyne_cropbox
[0.070s] -- Install configuration: ""
[0.070s] -- Up-to-date: /home/aiv/ev_ws/ros2_ver2/install/velodyne_cropbox/lib/libcropbox_component.so
[0.070s] -- Up-to-date: /home/aiv/ev_ws/ros2_ver2/install/velodyne_cropbox/include
[0.070s] -- Up-to-date: /home/aiv/ev_ws/ros2_ver2/install/velodyne_cropbox/include/velodyne_cropbox
[0.070s] -- Up-to-date: /home/aiv/ev_ws/ros2_ver2/install/velodyne_cropbox/include/velodyne_cropbox/cropbox_component.hpp
[0.070s] -- Up-to-date: /home/aiv/ev_ws/ros2_ver2/install/velodyne_cropbox/share/velodyne_cropbox/config
[0.070s] -- Up-to-date: /home/aiv/ev_ws/ros2_ver2/install/velodyne_cropbox/share/velodyne_cropbox/config/default_cropbox_params.yaml
[0.070s] -- Up-to-date: /home/aiv/ev_ws/ros2_ver2/install/velodyne_cropbox/share/velodyne_cropbox/environment/library_path.sh
[0.070s] -- Up-to-date: /home/aiv/ev_ws/ros2_ver2/install/velodyne_cropbox/share/velodyne_cropbox/environment/library_path.dsv
[0.070s] -- Up-to-date: /home/aiv/ev_ws/ros2_ver2/install/velodyne_cropbox/share/ament_index/resource_index/package_run_dependencies/velodyne_cropbox
[0.071s] -- Up-to-date: /home/aiv/ev_ws/ros2_ver2/install/velodyne_cropbox/share/ament_index/resource_index/parent_prefix_path/velodyne_cropbox
[0.071s] -- Up-to-date: /home/aiv/ev_ws/ros2_ver2/install/velodyne_cropbox/share/velodyne_cropbox/environment/ament_prefix_path.sh
[0.071s] -- Up-to-date: /home/aiv/ev_ws/ros2_ver2/install/velodyne_cropbox/share/velodyne_cropbox/environment/ament_prefix_path.dsv
[0.071s] -- Up-to-date: /home/aiv/ev_ws/ros2_ver2/install/velodyne_cropbox/share/velodyne_cropbox/environment/path.sh
[0.071s] -- Up-to-date: /home/aiv/ev_ws/ros2_ver2/install/velodyne_cropbox/share/velodyne_cropbox/environment/path.dsv
[0.071s] -- Up-to-date: /home/aiv/ev_ws/ros2_ver2/install/velodyne_cropbox/share/velodyne_cropbox/local_setup.bash
[0.071s] -- Up-to-date: /home/aiv/ev_ws/ros2_ver2/install/velodyne_cropbox/share/velodyne_cropbox/local_setup.sh
[0.071s] -- Up-to-date: /home/aiv/ev_ws/ros2_ver2/install/velodyne_cropbox/share/velodyne_cropbox/local_setup.zsh
[0.071s] -- Up-to-date: /home/aiv/ev_ws/ros2_ver2/install/velodyne_cropbox/share/velodyne_cropbox/local_setup.dsv
[0.071s] -- Installing: /home/aiv/ev_ws/ros2_ver2/install/velodyne_cropbox/share/velodyne_cropbox/package.dsv
[0.071s] -- Up-to-date: /home/aiv/ev_ws/ros2_ver2/install/velodyne_cropbox/share/ament_index/resource_index/packages/velodyne_cropbox
[0.071s] -- Up-to-date: /home/aiv/ev_ws/ros2_ver2/install/velodyne_cropbox/share/ament_index/resource_index/rclcpp_components/velodyne_cropbox
[0.071s] -- Up-to-date: /home/aiv/ev_ws/ros2_ver2/install/velodyne_cropbox/share/velodyne_cropbox/cmake/ament_cmake_export_include_directories-extras.cmake
[0.071s] -- Up-to-date: /home/aiv/ev_ws/ros2_ver2/install/velodyne_cropbox/share/velodyne_cropbox/cmake/ament_cmake_export_libraries-extras.cmake
[0.071s] -- Up-to-date: /home/aiv/ev_ws/ros2_ver2/install/velodyne_cropbox/share/velodyne_cropbox/cmake/ament_cmake_export_dependencies-extras.cmake
[0.071s] -- Up-to-date: /home/aiv/ev_ws/ros2_ver2/install/velodyne_cropbox/share/velodyne_cropbox/cmake/velodyne_cropboxConfig.cmake
[0.071s] -- Up-to-date: /home/aiv/ev_ws/ros2_ver2/install/velodyne_cropbox/share/velodyne_cropbox/cmake/velodyne_cropboxConfig-version.cmake
[0.071s] -- Up-to-date: /home/aiv/ev_ws/ros2_ver2/install/velodyne_cropbox/share/velodyne_cropbox/package.xml
[0.072s] Invoked command in '/home/aiv/ev_ws/ros2_ver2/build/velodyne_cropbox' returned '0': CMAKE_PREFIX_PATH=${CMAKE_PREFIX_PATH}:/home/aiv/ros2_study/install/my_second_package:/opt/ros/humble /usr/bin/cmake --install /home/aiv/ev_ws/ros2_ver2/build/velodyne_cropbox
