[0.013s] Invoking command in '/home/aiv/ev_ws/ros2_ver2/build/patchworkpp': CMAKE_PREFIX_PATH=${CMAKE_PREFIX_PATH}:/home/aiv/ros2_study/install/my_second_package:/opt/ros/humble /usr/bin/cmake /home/aiv/ev_ws/ros2_ver2/src/lidar/patchwork-plusplus/ros -DCMAKE_INSTALL_PREFIX=/home/aiv/ev_ws/ros2_ver2/install/patchworkpp
[0.064s] -- The CXX compiler identification is GNU 11.4.0
[0.071s] -- Detecting CXX compiler ABI info
[0.137s] -- Detecting CXX compiler ABI info - done
[0.143s] -- Check for working CXX compiler: /usr/bin/c++ - skipped
[0.143s] -- Detecting CXX compile features
[0.144s] -- Detecting CXX compile features - done
[0.177s] -- The C compiler identification is GNU 11.4.0
[0.182s] -- Detecting C compiler ABI info
[0.237s] -- Detecting C compiler ABI info - done
[0.243s] -- Check for working C compiler: /usr/bin/cc - skipped
[0.243s] -- Detecting C compile features
[0.243s] -- Detecting C compile features - done
[1.383s] -- Performing Test EIGEN_COMPILER_SUPPORT_CPP11
[1.447s] -- Performing Test EIGEN_COMPILER_SUPPORT_CPP11 - Success
[1.448s] -- Performing Test COMPILER_SUPPORT_std=cpp03
[1.519s] -- Performing Test COMPILER_SUPPORT_std=cpp03 - Success
[1.519s] -- Performing Test standard_math_library_linked_to_automatically
[1.608s] -- Performing Test standard_math_library_linked_to_automatically - Success
[1.608s] -- Standard libraries to link to explicitly: none
[1.609s] -- Performing Test COMPILER_SUPPORT_WERROR
[1.669s] -- Performing Test COMPILER_SUPPORT_WERROR - Success
[1.670s] -- Performing Test COMPILER_SUPPORT_pedantic
[1.738s] -- Performing Test COMPILER_SUPPORT_pedantic - Success
[1.739s] -- Performing Test COMPILER_SUPPORT_Wall
[1.812s] -- Performing Test COMPILER_SUPPORT_Wall - Success
[1.813s] -- Performing Test COMPILER_SUPPORT_Wextra
[1.871s] -- Performing Test COMPILER_SUPPORT_Wextra - Success
[1.871s] -- Performing Test COMPILER_SUPPORT_Wundef
[1.933s] -- Performing Test COMPILER_SUPPORT_Wundef - Success
[1.934s] -- Performing Test COMPILER_SUPPORT_Wcastalign
[1.999s] -- Performing Test COMPILER_SUPPORT_Wcastalign - Success
[2.000s] -- Performing Test COMPILER_SUPPORT_Wcharsubscripts
[2.064s] -- Performing Test COMPILER_SUPPORT_Wcharsubscripts - Success
[2.064s] -- Performing Test COMPILER_SUPPORT_Wnonvirtualdtor
[2.120s] -- Performing Test COMPILER_SUPPORT_Wnonvirtualdtor - Success
[2.120s] -- Performing Test COMPILER_SUPPORT_Wunusedlocaltypedefs
[2.182s] -- Performing Test COMPILER_SUPPORT_Wunusedlocaltypedefs - Success
[2.183s] -- Performing Test COMPILER_SUPPORT_Wpointerarith
[2.252s] -- Performing Test COMPILER_SUPPORT_Wpointerarith - Success
[2.254s] -- Performing Test COMPILER_SUPPORT_Wwritestrings
[2.320s] -- Performing Test COMPILER_SUPPORT_Wwritestrings - Success
[2.320s] -- Performing Test COMPILER_SUPPORT_Wformatsecurity
[2.382s] -- Performing Test COMPILER_SUPPORT_Wformatsecurity - Success
[2.383s] -- Performing Test COMPILER_SUPPORT_Wshorten64to32
[2.407s] -- Performing Test COMPILER_SUPPORT_Wshorten64to32 - Failed
[2.408s] -- Performing Test COMPILER_SUPPORT_Wlogicalop
[2.468s] -- Performing Test COMPILER_SUPPORT_Wlogicalop - Success
[2.469s] -- Performing Test COMPILER_SUPPORT_Wenumconversion
[2.532s] -- Performing Test COMPILER_SUPPORT_Wenumconversion - Success
[2.532s] -- Performing Test COMPILER_SUPPORT_Wcpp11extensions
[2.558s] -- Performing Test COMPILER_SUPPORT_Wcpp11extensions - Failed
[2.558s] -- Performing Test COMPILER_SUPPORT_Wdoublepromotion
[2.623s] -- Performing Test COMPILER_SUPPORT_Wdoublepromotion - Success
[2.624s] -- Performing Test COMPILER_SUPPORT_Wshadow
[2.693s] -- Performing Test COMPILER_SUPPORT_Wshadow - Success
[2.693s] -- Performing Test COMPILER_SUPPORT_Wnopsabi
[2.757s] -- Performing Test COMPILER_SUPPORT_Wnopsabi - Success
[2.758s] -- Performing Test COMPILER_SUPPORT_Wnovariadicmacros
[2.825s] -- Performing Test COMPILER_SUPPORT_Wnovariadicmacros - Success
[2.826s] -- Performing Test COMPILER_SUPPORT_Wnolonglong
[2.891s] -- Performing Test COMPILER_SUPPORT_Wnolonglong - Success
[2.891s] -- Performing Test COMPILER_SUPPORT_fnochecknew
[2.963s] -- Performing Test COMPILER_SUPPORT_fnochecknew - Success
[2.964s] -- Performing Test COMPILER_SUPPORT_fnocommon
[3.031s] -- Performing Test COMPILER_SUPPORT_fnocommon - Success
[3.031s] -- Performing Test COMPILER_SUPPORT_fstrictaliasing
[3.092s] -- Performing Test COMPILER_SUPPORT_fstrictaliasing - Success
[3.093s] -- Performing Test COMPILER_SUPPORT_wd981
[3.112s] -- Performing Test COMPILER_SUPPORT_wd981 - Failed
[3.112s] -- Performing Test COMPILER_SUPPORT_wd2304
[3.130s] -- Performing Test COMPILER_SUPPORT_wd2304 - Failed
[3.130s] -- Performing Test COMPILER_SUPPORT_STRICTANSI
[3.153s] -- Performing Test COMPILER_SUPPORT_STRICTANSI - Failed
[3.153s] -- Performing Test COMPILER_SUPPORT_Qunusedarguments
[3.176s] -- Performing Test COMPILER_SUPPORT_Qunusedarguments - Failed
[3.176s] -- Performing Test COMPILER_SUPPORT_ansi
[3.243s] -- Performing Test COMPILER_SUPPORT_ansi - Success
[3.243s] -- Performing Test COMPILER_SUPPORT_OPENMP
[3.310s] -- Performing Test COMPILER_SUPPORT_OPENMP - Success
[3.322s] -- Looking for a Fortran compiler
[3.490s] -- Looking for a Fortran compiler - /usr/bin/f95
[3.537s] -- The Fortran compiler identification is GNU 11.4.0
[3.548s] -- Detecting Fortran compiler ABI info
[3.617s] -- Detecting Fortran compiler ABI info - done
[3.621s] -- Check for working Fortran compiler: /usr/bin/f95 - skipped
[3.629s] -- Could NOT find CHOLMOD (missing: CHOLMOD_INCLUDES CHOLMOD_LIBRARIES) 
[3.631s] -- Could NOT find UMFPACK (missing: UMFPACK_INCLUDES UMFPACK_LIBRARIES) 
[3.633s] -- Could NOT find KLU (missing: KLU_INCLUDES KLU_LIBRARIES) 
[3.641s] -- Performing Test SUPERLU_HAS_GLOBAL_MEM_USAGE_T
[3.709s] -- Performing Test SUPERLU_HAS_GLOBAL_MEM_USAGE_T - Success
[3.709s] -- Performing Test SUPERLU_HAS_CLEAN_ENUMS
[3.777s] -- Performing Test SUPERLU_HAS_CLEAN_ENUMS - Success
[3.777s] -- Performing Test SUPERLU_HAS_GLOBALLU_T
[3.850s] -- Performing Test SUPERLU_HAS_GLOBALLU_T - Success
[3.851s] -- Found SuperLU: /usr/include/superlu (found suitable version "5.0", minimum required is "4.0") 
[3.988s] -- Checking for one of the modules 'hwloc'
[4.031s] -- Performing Test HAVE_HWLOC_PARENT_MEMBER
[4.101s] -- Performing Test HAVE_HWLOC_PARENT_MEMBER - Success
[4.101s] -- Performing Test HAVE_HWLOC_CACHE_ATTR
[4.179s] -- Performing Test HAVE_HWLOC_CACHE_ATTR - Success
[4.180s] -- Performing Test HAVE_HWLOC_OBJ_PU
[4.257s] -- Performing Test HAVE_HWLOC_OBJ_PU - Success
[4.257s] -- Looking for hwloc_bitmap_free in hwloc
[4.330s] -- Looking for hwloc_bitmap_free in hwloc - found
[4.357s] -- Looking for Fortran sgemm
[4.437s] -- Looking for Fortran sgemm - found
[4.444s] -- Performing Test SCOTCH_Num_4
[4.475s] -- Performing Test SCOTCH_Num_4 - Failed
[4.475s] -- Performing Test SCOTCH_Num_8
[4.505s] -- Performing Test SCOTCH_Num_8 - Failed
[4.507s] -- A version of Pastix has been found but pastix_nompi.h does not exist in the include directory. Because Eigen tests require a version without MPI, we disable the Pastix backend.
[4.511s] -- Could NOT find SPQR (missing: SPQR_INCLUDES SPQR_LIBRARIES) 
[4.527s] -- Found unsuitable Qt version "5.15.3" from /usr/bin/qmake
[4.624s] -- Performing Test COMPILER_SUPPORT_FASTMATH
[4.696s] -- Performing Test COMPILER_SUPPORT_FASTMATH - Success
[4.711s] -- Found Boost: /usr/lib/x86_64-linux-gnu/cmake/Boost-1.74.0/BoostConfig.cmake (found suitable version "1.74.0", minimum required is "1.53.0")  
[4.785s] -- The Fortran compiler identification is GNU 11.4.0
[4.801s] -- Found Threads: TRUE  
[4.802s] -- Could NOT find GoogleHash (missing: GOOGLEHASH_INCLUDES GOOGLEHASH_COMPILE) 
[4.807s] -- Could NOT find Adolc (missing: ADOLC_INCLUDES ADOLC_LIBRARIES) 
[4.824s] -- Could NOT find MPFR (missing: MPFR_INCLUDES MPFR_LIBRARIES MPFR_VERSION_OK) (Required is at least version "1.0.0")
[4.831s] -- Found PkgConfig: /usr/bin/pkg-config (found version "0.29.2") 
[4.843s] -- Could NOT find FFTW (missing: FFTW_INCLUDES FFTW_LIBRARIES) 
[4.897s] -- Found CUDA: /usr (found suitable version "11.5", minimum required is "7.0") 
[4.910s] -- Found unsuitable Qt version "5.15.3" from /usr/bin/qmake
[4.910s] -- Qt4 not found, so disabling the mandelbrot and opengl demos
[4.916s] -- Could NOT find CHOLMOD (missing: CHOLMOD_INCLUDES CHOLMOD_LIBRARIES) 
[4.919s] -- Could NOT find UMFPACK (missing: UMFPACK_INCLUDES UMFPACK_LIBRARIES) 
[4.922s] -- Could NOT find KLU (missing: KLU_INCLUDES KLU_LIBRARIES) 
[4.935s] -- A version of Pastix has been found but pastix_nompi.h does not exist in the include directory. Because Eigen tests require a version without MPI, we disable the Pastix backend.
[4.937s] -- ************************************************************
[4.937s] -- ***    Eigen's unit tests configuration summary          ***
[4.937s] -- ************************************************************
[4.937s] -- 
[4.937s] -- Build type:        Release
[4.937s] -- Build site:        aiv
[4.937s] -- Build string:      linux-6.8.0-94-generic-_-11.4.0-sse2-64bit
[4.937s] -- Enabled backends:  SuperLU,  Boost.Multiprecision, 
[4.938s] -- Disabled backends: CHOLMOD,  UMFPACK,  KLU,  PaStiX,  METIS,  SPQR,  Qt4 support,  GoogleHash,  Adolc,  MPFR C++,  fftw,  OpenGL, 
[4.938s] -- Default order:     Column-major
[4.938s] -- Maximal matrix/vector size: 320
[4.938s] -- SSE2:              Using architecture defaults
[4.938s] -- SSE3:              Using architecture defaults
[4.938s] -- SSSE3:             Using architecture defaults
[4.938s] -- SSE4.1:            Using architecture defaults
[4.938s] -- SSE4.2:            Using architecture defaults
[4.938s] -- AVX:               Using architecture defaults
[4.938s] -- AVX2:              Using architecture defaults
[4.938s] -- FMA:               Using architecture defaults
[4.938s] -- AVX512:            Using architecture defaults
[4.938s] -- AVX512DQ:          Using architecture defaults
[4.938s] -- Altivec:           Using architecture defaults
[4.938s] -- VSX:               Using architecture defaults
[4.938s] -- MIPS MSA:          Using architecture defaults
[4.938s] -- ARM NEON:          Using architecture defaults
[4.939s] -- ARMv8 NEON:        Using architecture defaults
[4.939s] -- S390X ZVECTOR:     Using architecture defaults
[4.939s] -- C++11:             OFF
[4.939s] -- SYCL:              OFF
[4.939s] -- CUDA:              OFF
[4.939s] -- HIP:               OFF
[4.939s] -- 
[4.939s] CXX:               /usr/bin/c++
[4.939s]  CXX_VERSION:       c++ (Ubuntu 11.4.0-1ubuntu1~22.04.2) 11.4.0
[4.939s]  CXX_FLAGS:           -std=c++03 -pedantic -Wall -Wextra -Wundef -Wcast-align -Wchar-subscripts -Wnon-virtual-dtor -Wunused-local-typedefs -Wpointer-arith -Wwrite-strings -Wformat-security -Wlogical-op -Wenum-conversion -Wdouble-promotion -Wshadow -Wno-psabi -Wno-variadic-macros -Wno-long-long -fno-check-new -fno-common -fstrict-aliasing -ansi
[4.939s]  Sparse lib flags:   ;/usr/lib/x86_64-linux-gnu/libsuperlu.so;eigen_blas
[4.939s] 
[4.939s] -- ************************************************************
[4.939s] -- 
[4.939s] -- Configured Eigen 3.4.0
[4.939s] -- 
[4.939s] -- Available targets (use: make TARGET):
[4.939s] -- ---------+--------------------------------------------------------------
[4.939s] -- Target   |   Description
[4.940s] -- ---------+--------------------------------------------------------------
[4.940s] -- install  | Install Eigen. Headers will be installed to:
[4.940s] --          |     <CMAKE_INSTALL_PREFIX>/<INCLUDE_INSTALL_DIR>
[4.940s] --          |   Using the following values:
[4.940s] --          |     CMAKE_INSTALL_PREFIX: /home/aiv/ev_ws/ros2_ver2/install/patchworkpp
[4.940s] --          |     INCLUDE_INSTALL_DIR:  include/eigen3
[4.940s] --          |   Change the install location of Eigen headers using:
[4.940s] --          |     cmake . -DCMAKE_INSTALL_PREFIX=yourprefix
[4.940s] --          |   Or:
[4.940s] --          |     cmake . -DINCLUDE_INSTALL_DIR=yourdir
[4.940s] -- doc      | Generate the API documentation, requires Doxygen & LaTeX
[4.940s] -- check    | Build and run the unit-tests. Read this page:
[4.940s] --          |   http://eigen.tuxfamily.org/index.php?title=Tests
[4.940s] -- blas     | Build BLAS library (not the same thing as Eigen)
[4.940s] -- uninstall| Remove files installed by the install target
[4.940s] -- ---------+--------------------------------------------------------------
[4.941s] -- 
[4.941s] [0mParent project name: patchworkpp[0m
[4.944s] -- Found ament_cmake: 1.3.12 (/opt/ros/humble/share/ament_cmake/cmake)
[5.110s] -- Found Python3: /usr/bin/python3 (found version "3.10.12") found components: Interpreter 
[5.226s] -- Found nav_msgs: 4.9.0 (/opt/ros/humble/share/nav_msgs/cmake)
[5.272s] -- Found rosidl_generator_c: 3.1.8 (/opt/ros/humble/share/rosidl_generator_c/cmake)
[5.280s] -- Found rosidl_adapter: 3.1.8 (/opt/ros/humble/share/rosidl_adapter/cmake)
[5.292s] -- Found rosidl_generator_cpp: 3.1.8 (/opt/ros/humble/share/rosidl_generator_cpp/cmake)
[5.310s] -- Using all available rosidl_typesupport_c: rosidl_typesupport_fastrtps_c;rosidl_typesupport_introspection_c
[5.333s] -- Using all available rosidl_typesupport_cpp: rosidl_typesupport_fastrtps_cpp;rosidl_typesupport_introspection_cpp
[5.383s] -- Found rclcpp: 16.0.17 (/opt/ros/humble/share/rclcpp/cmake)
[5.442s] -- Found rmw_implementation_cmake: 6.1.2 (/opt/ros/humble/share/rmw_implementation_cmake/cmake)
[5.448s] -- Found rmw_cyclonedds_cpp: 1.3.4 (/opt/ros/humble/share/rmw_cyclonedds_cpp/cmake)
[5.483s] -- Using RMW implementation 'rmw_cyclonedds_cpp' as default
[5.544s] -- Found rclcpp_components: 16.0.17 (/opt/ros/humble/share/rclcpp_components/cmake)
[5.566s] -- Found sensor_msgs: 4.9.0 (/opt/ros/humble/share/sensor_msgs/cmake)
[5.577s] -- Found tf2_ros: 0.25.18 (/opt/ros/humble/share/tf2_ros/cmake)
[5.679s] -- Configuring done
[6.639s] -- Generating done
[6.854s] -- Build files have been written to: /home/aiv/ev_ws/ros2_ver2/build/patchworkpp
[6.896s] Invoked command in '/home/aiv/ev_ws/ros2_ver2/build/patchworkpp' returned '0': CMAKE_PREFIX_PATH=${CMAKE_PREFIX_PATH}:/home/aiv/ros2_study/install/my_second_package:/opt/ros/humble /usr/bin/cmake /home/aiv/ev_ws/ros2_ver2/src/lidar/patchwork-plusplus/ros -DCMAKE_INSTALL_PREFIX=/home/aiv/ev_ws/ros2_ver2/install/patchworkpp
[6.898s] Invoking command in '/home/aiv/ev_ws/ros2_ver2/build/patchworkpp': CMAKE_PREFIX_PATH=${CMAKE_PREFIX_PATH}:/home/aiv/ros2_study/install/my_second_package:/opt/ros/humble /usr/bin/cmake --build /home/aiv/ev_ws/ros2_ver2/build/patchworkpp -- -j28 -l28
[7.040s] [32mBuilding CXX object CMakeFiles/patchworkpp_node.dir/rclcpp_components/node_main_patchworkpp_node.cpp.o[0m
[7.040s] [32mBuilding CXX object patchworkpp_cpp/patchworkpp/CMakeFiles/ground_seg_cores.dir/src/patchworkpp.cpp.o[0m
[9.095s] [32m[1mLinking CXX executable patchworkpp_node[0m
[9.167s] Built target patchworkpp_node
[15.206s] [32m[1mLinking CXX static library libground_seg_cores.a[0m
[15.232s] Built target ground_seg_cores
[15.248s] [32mBuilding CXX object CMakeFiles/gseg_component.dir/src/GroundSegmentationServer.cpp.o[0m
[23.775s] [32m[1mLinking CXX shared library libgseg_component.so[0m
[23.877s] Built target gseg_component
[23.887s] Invoked command in '/home/aiv/ev_ws/ros2_ver2/build/patchworkpp' returned '0': CMAKE_PREFIX_PATH=${CMAKE_PREFIX_PATH}:/home/aiv/ros2_study/install/my_second_package:/opt/ros/humble /usr/bin/cmake --build /home/aiv/ev_ws/ros2_ver2/build/patchworkpp -- -j28 -l28
[23.890s] Invoking command in '/home/aiv/ev_ws/ros2_ver2/build/patchworkpp': CMAKE_PREFIX_PATH=${CMAKE_PREFIX_PATH}:/home/aiv/ros2_study/install/my_second_package:/opt/ros/humble /usr/bin/cmake --install /home/aiv/ev_ws/ros2_ver2/build/patchworkpp
[23.896s] -- Install configuration: "Release"
[23.897s] -- Installing: /home/aiv/ev_ws/ros2_ver2/install/patchworkpp/include
[23.897s] -- Installing: /home/aiv/ev_ws/ros2_ver2/install/patchworkpp/include/patchwork
[23.897s] -- Installing: /home/aiv/ev_ws/ros2_ver2/install/patchworkpp/include/patchwork/patchworkpp.h
[23.897s] -- Installing: /home/aiv/ev_ws/ros2_ver2/install/patchworkpp/lib/libground_seg_cores.a
[23.897s] -- Installing: /home/aiv/ev_ws/ros2_ver2/install/patchworkpp/lib/cmake/patchworkpp/patchworkppConfig.cmake
[23.897s] -- Installing: /home/aiv/ev_ws/ros2_ver2/install/patchworkpp/lib/cmake/patchworkpp/patchworkppConfig-release.cmake
[23.897s] -- Installing: /home/aiv/ev_ws/ros2_ver2/install/patchworkpp/lib/cmake/patchworkpp/patchworkppTargets.cmake
[23.897s] -- Installing: /home/aiv/ev_ws/ros2_ver2/install/patchworkpp/lib/cmake/patchworkpp/patchworkppTargets-release.cmake
[23.897s] -- Installing: /home/aiv/ev_ws/ros2_ver2/install/patchworkpp/lib/patchworkpp/patchworkpp_node
[23.897s] -- Set runtime path of "/home/aiv/ev_ws/ros2_ver2/install/patchworkpp/lib/patchworkpp/patchworkpp_node" to ""
[23.897s] -- Installing: /home/aiv/ev_ws/ros2_ver2/install/patchworkpp/lib/libgseg_component.so
[23.898s] -- Set runtime path of "/home/aiv/ev_ws/ros2_ver2/install/patchworkpp/lib/libgseg_component.so" to ""
[23.898s] -- Installing: /home/aiv/ev_ws/ros2_ver2/install/patchworkpp/share/patchworkpp//launch
[23.898s] -- Installing: /home/aiv/ev_ws/ros2_ver2/install/patchworkpp/share/patchworkpp//launch/patchworkpp.launch.py
[23.898s] -- Installing: /home/aiv/ev_ws/ros2_ver2/install/patchworkpp/share/patchworkpp//rviz
[23.898s] -- Installing: /home/aiv/ev_ws/ros2_ver2/install/patchworkpp/share/patchworkpp//rviz/patchworkpp.rviz
[23.898s] -- Installing: /home/aiv/ev_ws/ros2_ver2/install/patchworkpp/share/patchworkpp//config
[23.898s] -- Installing: /home/aiv/ev_ws/ros2_ver2/install/patchworkpp/share/patchworkpp//config/patchworkpp_params.yaml
[23.900s] -- Installing: /home/aiv/ev_ws/ros2_ver2/install/patchworkpp/share/ament_index/resource_index/package_run_dependencies/patchworkpp
[23.900s] -- Installing: /home/aiv/ev_ws/ros2_ver2/install/patchworkpp/share/ament_index/resource_index/parent_prefix_path/patchworkpp
[23.900s] -- Installing: /home/aiv/ev_ws/ros2_ver2/install/patchworkpp/share/patchworkpp/environment/ament_prefix_path.sh
[23.900s] -- Installing: /home/aiv/ev_ws/ros2_ver2/install/patchworkpp/share/patchworkpp/environment/ament_prefix_path.dsv
[23.900s] -- Installing: /home/aiv/ev_ws/ros2_ver2/install/patchworkpp/share/patchworkpp/environment/path.sh
[23.900s] -- Installing: /home/aiv/ev_ws/ros2_ver2/install/patchworkpp/share/patchworkpp/environment/path.dsv
[23.900s] -- Installing: /home/aiv/ev_ws/ros2_ver2/install/patchworkpp/share/patchworkpp/local_setup.bash
[23.900s] -- Installing: /home/aiv/ev_ws/ros2_ver2/install/patchworkpp/share/patchworkpp/local_setup.sh
[23.900s] -- Installing: /home/aiv/ev_ws/ros2_ver2/install/patchworkpp/share/patchworkpp/local_setup.zsh
[23.900s] -- Installing: /home/aiv/ev_ws/ros2_ver2/install/patchworkpp/share/patchworkpp/local_setup.dsv
[23.900s] -- Installing: /home/aiv/ev_ws/ros2_ver2/install/patchworkpp/share/patchworkpp/package.dsv
[23.900s] -- Installing: /home/aiv/ev_ws/ros2_ver2/install/patchworkpp/share/ament_index/resource_index/packages/patchworkpp
[23.900s] -- Installing: /home/aiv/ev_ws/ros2_ver2/install/patchworkpp/share/ament_index/resource_index/rclcpp_components/patchworkpp
[23.900s] -- Installing: /home/aiv/ev_ws/ros2_ver2/install/patchworkpp/share/patchworkpp/cmake/patchworkppConfig.cmake
[23.900s] -- Installing: /home/aiv/ev_ws/ros2_ver2/install/patchworkpp/share/patchworkpp/cmake/patchworkppConfig-version.cmake
[23.900s] -- Installing: /home/aiv/ev_ws/ros2_ver2/install/patchworkpp/share/patchworkpp/package.xml
[23.902s] Invoked command in '/home/aiv/ev_ws/ros2_ver2/build/patchworkpp' returned '0': CMAKE_PREFIX_PATH=${CMAKE_PREFIX_PATH}:/home/aiv/ros2_study/install/my_second_package:/opt/ros/humble /usr/bin/cmake --install /home/aiv/ev_ws/ros2_ver2/build/patchworkpp
