[0.009s] Invoking command in '/home/aiv/ev_ws/ros2_ver2/build/velodyne_driver': AMENT_PREFIX_PATH=/home/aiv/ev_ws/ros2_ver2/install/velodyne_msgs:${AMENT_PREFIX_PATH} CMAKE_PREFIX_PATH=/home/aiv/ev_ws/ros2_ver2/install/velodyne_msgs:/home/aiv/ev_ws/ros2/install/velodyne:/home/aiv/ev_ws/ros2/install/velodyne_pointcloud:/home/aiv/ev_ws/ros2/install/velodyne_driver:/home/aiv/ev_ws/ros2/install/velodyne_msgs:/home/aiv/ev_ws/ros2/install/velodyne_laserscan:/home/aiv/ev_ws/ros2/install/patchworkpp:/home/aiv/ros2_study/install/my_first_package_msgs:/home/aiv/workspace/ros2/velodyne/install/velodyne:/home/aiv/workspace/ros2/velodyne/install/velodyne_pointcloud:/home/aiv/workspace/ros2/velodyne/install/velodyne_driver:/home/aiv/workspace/ros2/velodyne/install/velodyne_msgs:/home/aiv/workspace/ros2/velodyne/install/velodyne_laserscan:/home/aiv/workspace/ros2/erp42_ros/install/erp42_serial:/home/aiv/workspace/ros2/erp42_ros/install/erp42_rqt_plugin:/home/aiv/workspace/ros2/erp42_ros/install/erp42_gazebo:/home/aiv/workspace/ros2/erp42_ros/install/erp42_util:/home/aiv/workspace/ros2/erp42_ros/install/erp42_msgs:/home/aiv/workspace/ros2/erp42_ros/install/erp42_description:/home/aiv/workspace/ros2/erp42_ros/install/erp42_cmake:/home/aiv/workspace/ros2/t870_ros/install/t870_serial:/home/aiv/workspace/ros2/t870_ros/install/t870_rqt_plugin:/home/aiv/workspace/ros2/t870_ros/install/t870_util:/home/aiv/workspace/ros2/t870_ros/install/t870_msgs:/home/aiv/workspace/ros2/t870_ros/install/t870_cmake:/home/aiv/workspace/ros2/erp42_racing_ros/install/erp42_racing_serial:/home/aiv/workspace/ros2/erp42_racing_ros/install/erp42_racing_rqt_plugin:/home/aiv/workspace/ros2/erp42_racing_ros/install/erp42_racing_gazebo:/home/aiv/workspace/ros2/erp42_racing_ros/install/erp42_racing_util:/home/aiv/workspace/ros2/erp42_racing_ros/install/erp42_racing_msgs:/home/aiv/workspace/ros2/erp42_racing_ros/install/erp42_racing_description:/home/aiv/workspace/ros2/erp42_racing_ros/install/erp42_racing_cmake:/home/aiv/ros2_study/install/my_second_package:/opt/ros/humble LD_LIBRARY_PATH=/home/aiv/ev_ws/ros2_ver2/install/velodyne_msgs/lib:${LD_LIBRARY_PATH} PYTHONPATH=/home/aiv/ev_ws/ros2_ver2/install/velodyne_msgs/local/lib/python3.10/dist-packages:${PYTHONPATH} /usr/bin/cmake /home/aiv/ev_ws/ros2_ver2/src/lidar/velodyne_driver -DCMAKE_INSTALL_PREFIX=/home/aiv/ev_ws/ros2_ver2/install/velodyne_driver
[0.048s] -- The C compiler identification is GNU 11.4.0
[0.082s] -- The CXX compiler identification is GNU 11.4.0
[0.086s] -- Detecting C compiler ABI info
[0.138s] -- Detecting C compiler ABI info - done
[0.142s] -- Check for working C compiler: /usr/bin/cc - skipped
[0.142s] -- Detecting C compile features
[0.142s] -- Detecting C compile features - done
[0.144s] -- Detecting CXX compiler ABI info
[0.198s] -- Detecting CXX compiler ABI info - done
[0.201s] -- Check for working CXX compiler: /usr/bin/c++ - skipped
[0.202s] -- Detecting CXX compile features
[0.202s] -- Detecting CXX compile features - done
[0.204s] -- Found ament_cmake_ros: 0.10.0 (/opt/ros/humble/share/ament_cmake_ros/cmake)
[0.320s] -- Found Python3: /usr/bin/python3 (found version "3.10.12") found components: Interpreter 
[0.383s] -- Found diagnostic_updater: 4.0.6 (/opt/ros/humble/share/diagnostic_updater/cmake)
[0.414s] -- Found rosidl_generator_c: 3.1.8 (/opt/ros/humble/share/rosidl_generator_c/cmake)
[0.418s] -- Found rosidl_adapter: 3.1.8 (/opt/ros/humble/share/rosidl_adapter/cmake)
[0.424s] -- Found rosidl_generator_cpp: 3.1.8 (/opt/ros/humble/share/rosidl_generator_cpp/cmake)
[0.433s] -- Using all available rosidl_typesupport_c: rosidl_typesupport_fastrtps_c;rosidl_typesupport_introspection_c
[0.444s] -- Using all available rosidl_typesupport_cpp: rosidl_typesupport_fastrtps_cpp;rosidl_typesupport_introspection_cpp
[0.495s] -- Found rmw_implementation_cmake: 6.1.2 (/opt/ros/humble/share/rmw_implementation_cmake/cmake)
[0.497s] -- Found rmw_cyclonedds_cpp: 1.3.4 (/opt/ros/humble/share/rmw_cyclonedds_cpp/cmake)
[0.515s] -- Using RMW implementation 'rmw_cyclonedds_cpp' as default
[0.521s] -- Looking for pthread.h
[0.576s] -- Looking for pthread.h - found
[0.577s] -- Performing Test CMAKE_HAVE_LIBC_PTHREAD
[0.630s] -- Performing Test CMAKE_HAVE_LIBC_PTHREAD - Success
[0.631s] -- Found Threads: TRUE  
[0.657s] -- Found rclcpp_components: 16.0.17 (/opt/ros/humble/share/rclcpp_components/cmake)
[0.675s] -- Found tf2_ros: 0.25.18 (/opt/ros/humble/share/tf2_ros/cmake)
[0.726s] -- Found velodyne_msgs: 2.5.1 (/home/aiv/ev_ws/ros2_ver2/install/velodyne_msgs/share/velodyne_msgs/cmake)
[0.734s] -- Found ament_lint_auto: 0.12.14 (/opt/ros/humble/share/ament_lint_auto/cmake)
[0.788s] -- Found gtest sources under '/opt/ros/humble/src/gtest_vendor': C++ tests using 'Google Test' will be built
[0.791s] -- Added test 'copyright' to check source files copyright and LICENSE
[0.792s] -- Added test 'cppcheck' to perform static code analysis on C / C++ code
[0.792s] -- Configured cppcheck include dirs: $<BUILD_INTERFACE:/home/aiv/ev_ws/ros2_ver2/src/lidar/velodyne_driver/include>
[0.792s] -- Configured cppcheck exclude dirs and/or files: 
[0.793s] -- Added test 'cpplint' to check C / C++ code against the Google style
[0.793s] -- Configured cpplint exclude dirs and/or files: 
[0.794s] -- Added test 'flake8' to check Python code syntax and style conventions
[0.794s] -- Added test 'lint_cmake' to check CMake code style
[0.795s] -- Added test 'pep257' to check Python code against some of the docstring style conventions in PEP 257
[0.796s] -- Added test 'uncrustify' to check C / C++ code style
[0.796s] -- Configured uncrustify additional arguments: 
[0.796s] -- Added test 'xmllint' to check XML markup files
[0.798s] -- Configuring done
[0.809s] -- Generating done
[0.814s] -- Build files have been written to: /home/aiv/ev_ws/ros2_ver2/build/velodyne_driver
[0.819s] Invoked command in '/home/aiv/ev_ws/ros2_ver2/build/velodyne_driver' returned '0': AMENT_PREFIX_PATH=/home/aiv/ev_ws/ros2_ver2/install/velodyne_msgs:${AMENT_PREFIX_PATH} CMAKE_PREFIX_PATH=/home/aiv/ev_ws/ros2_ver2/install/velodyne_msgs:/home/aiv/ev_ws/ros2/install/velodyne:/home/aiv/ev_ws/ros2/install/velodyne_pointcloud:/home/aiv/ev_ws/ros2/install/velodyne_driver:/home/aiv/ev_ws/ros2/install/velodyne_msgs:/home/aiv/ev_ws/ros2/install/velodyne_laserscan:/home/aiv/ev_ws/ros2/install/patchworkpp:/home/aiv/ros2_study/install/my_first_package_msgs:/home/aiv/workspace/ros2/velodyne/install/velodyne:/home/aiv/workspace/ros2/velodyne/install/velodyne_pointcloud:/home/aiv/workspace/ros2/velodyne/install/velodyne_driver:/home/aiv/workspace/ros2/velodyne/install/velodyne_msgs:/home/aiv/workspace/ros2/velodyne/install/velodyne_laserscan:/home/aiv/workspace/ros2/erp42_ros/install/erp42_serial:/home/aiv/workspace/ros2/erp42_ros/install/erp42_rqt_plugin:/home/aiv/workspace/ros2/erp42_ros/install/erp42_gazebo:/home/aiv/workspace/ros2/erp42_ros/install/erp42_util:/home/aiv/workspace/ros2/erp42_ros/install/erp42_msgs:/home/aiv/workspace/ros2/erp42_ros/install/erp42_description:/home/aiv/workspace/ros2/erp42_ros/install/erp42_cmake:/home/aiv/workspace/ros2/t870_ros/install/t870_serial:/home/aiv/workspace/ros2/t870_ros/install/t870_rqt_plugin:/home/aiv/workspace/ros2/t870_ros/install/t870_util:/home/aiv/workspace/ros2/t870_ros/install/t870_msgs:/home/aiv/workspace/ros2/t870_ros/install/t870_cmake:/home/aiv/workspace/ros2/erp42_racing_ros/install/erp42_racing_serial:/home/aiv/workspace/ros2/erp42_racing_ros/install/erp42_racing_rqt_plugin:/home/aiv/workspace/ros2/erp42_racing_ros/install/erp42_racing_gazebo:/home/aiv/workspace/ros2/erp42_racing_ros/install/erp42_racing_util:/home/aiv/workspace/ros2/erp42_racing_ros/install/erp42_racing_msgs:/home/aiv/workspace/ros2/erp42_racing_ros/install/erp42_racing_description:/home/aiv/workspace/ros2/erp42_racing_ros/install/erp42_racing_cmake:/home/aiv/ros2_study/install/my_second_package:/opt/ros/humble LD_LIBRARY_PATH=/home/aiv/ev_ws/ros2_ver2/install/velodyne_msgs/lib:${LD_LIBRARY_PATH} PYTHONPATH=/home/aiv/ev_ws/ros2_ver2/install/velodyne_msgs/local/lib/python3.10/dist-packages:${PYTHONPATH} /usr/bin/cmake /home/aiv/ev_ws/ros2_ver2/src/lidar/velodyne_driver -DCMAKE_INSTALL_PREFIX=/home/aiv/ev_ws/ros2_ver2/install/velodyne_driver
[0.820s] Invoking command in '/home/aiv/ev_ws/ros2_ver2/build/velodyne_driver': AMENT_PREFIX_PATH=/home/aiv/ev_ws/ros2_ver2/install/velodyne_msgs:${AMENT_PREFIX_PATH} CMAKE_PREFIX_PATH=/home/aiv/ev_ws/ros2_ver2/install/velodyne_msgs:/home/aiv/ev_ws/ros2/install/velodyne:/home/aiv/ev_ws/ros2/install/velodyne_pointcloud:/home/aiv/ev_ws/ros2/install/velodyne_driver:/home/aiv/ev_ws/ros2/install/velodyne_msgs:/home/aiv/ev_ws/ros2/install/velodyne_laserscan:/home/aiv/ev_ws/ros2/install/patchworkpp:/home/aiv/ros2_study/install/my_first_package_msgs:/home/aiv/workspace/ros2/velodyne/install/velodyne:/home/aiv/workspace/ros2/velodyne/install/velodyne_pointcloud:/home/aiv/workspace/ros2/velodyne/install/velodyne_driver:/home/aiv/workspace/ros2/velodyne/install/velodyne_msgs:/home/aiv/workspace/ros2/velodyne/install/velodyne_laserscan:/home/aiv/workspace/ros2/erp42_ros/install/erp42_serial:/home/aiv/workspace/ros2/erp42_ros/install/erp42_rqt_plugin:/home/aiv/workspace/ros2/erp42_ros/install/erp42_gazebo:/home/aiv/workspace/ros2/erp42_ros/install/erp42_util:/home/aiv/workspace/ros2/erp42_ros/install/erp42_msgs:/home/aiv/workspace/ros2/erp42_ros/install/erp42_description:/home/aiv/workspace/ros2/erp42_ros/install/erp42_cmake:/home/aiv/workspace/ros2/t870_ros/install/t870_serial:/home/aiv/workspace/ros2/t870_ros/install/t870_rqt_plugin:/home/aiv/workspace/ros2/t870_ros/install/t870_util:/home/aiv/workspace/ros2/t870_ros/install/t870_msgs:/home/aiv/workspace/ros2/t870_ros/install/t870_cmake:/home/aiv/workspace/ros2/erp42_racing_ros/install/erp42_racing_serial:/home/aiv/workspace/ros2/erp42_racing_ros/install/erp42_racing_rqt_plugin:/home/aiv/workspace/ros2/erp42_racing_ros/install/erp42_racing_gazebo:/home/aiv/workspace/ros2/erp42_racing_ros/install/erp42_racing_util:/home/aiv/workspace/ros2/erp42_racing_ros/install/erp42_racing_msgs:/home/aiv/workspace/ros2/erp42_racing_ros/install/erp42_racing_description:/home/aiv/workspace/ros2/erp42_racing_ros/install/erp42_racing_cmake:/home/aiv/ros2_study/install/my_second_package:/opt/ros/humble LD_LIBRARY_PATH=/home/aiv/ev_ws/ros2_ver2/install/velodyne_msgs/lib:${LD_LIBRARY_PATH} PYTHONPATH=/home/aiv/ev_ws/ros2_ver2/install/velodyne_msgs/local/lib/python3.10/dist-packages:${PYTHONPATH} /usr/bin/cmake --build /home/aiv/ev_ws/ros2_ver2/build/velodyne_driver -- -j28 -l28
[0.861s] [ 25%] Building CXX object CMakeFiles/velodyne_input.dir/src/lib/input.cpp.o
[0.861s] [ 25%] Building CXX object gtest/CMakeFiles/gtest_main.dir/src/gtest_main.cc.o
[0.861s] [ 25%] Building CXX object gtest/CMakeFiles/gtest.dir/src/gtest-all.cc.o
[1.313s] [ 33%] Linking CXX static library libgtest_main.a
[1.337s] [ 33%] Built target gtest_main
[2.364s] [ 41%] Linking CXX shared library libvelodyne_input.so
[2.387s] [ 50%] Linking CXX static library libgtest.a
[2.434s] [ 50%] Built target velodyne_input
[2.437s] [ 50%] Built target gtest
[2.455s] [ 66%] Building CXX object CMakeFiles/time_test.dir/tests/timeconversiontest.cpp.o
[2.455s] [ 66%] Building CXX object CMakeFiles/velodyne_driver.dir/src/driver/driver.cpp.o
[4.218s] [ 75%] Linking CXX executable time_test
[4.332s] [ 75%] Built target time_test
[7.637s] [ 83%] Linking CXX shared library libvelodyne_driver.so
[7.912s] [ 83%] Built target velodyne_driver
[7.929s] [ 91%] Building CXX object CMakeFiles/velodyne_driver_node.dir/src/driver/velodyne_node.cpp.o
[9.406s] [100%] Linking CXX executable velodyne_driver_node
[9.517s] [100%] Built target velodyne_driver_node
[9.526s] Invoked command in '/home/aiv/ev_ws/ros2_ver2/build/velodyne_driver' returned '0': AMENT_PREFIX_PATH=/home/aiv/ev_ws/ros2_ver2/install/velodyne_msgs:${AMENT_PREFIX_PATH} CMAKE_PREFIX_PATH=/home/aiv/ev_ws/ros2_ver2/install/velodyne_msgs:/home/aiv/ev_ws/ros2/install/velodyne:/home/aiv/ev_ws/ros2/install/velodyne_pointcloud:/home/aiv/ev_ws/ros2/install/velodyne_driver:/home/aiv/ev_ws/ros2/install/velodyne_msgs:/home/aiv/ev_ws/ros2/install/velodyne_laserscan:/home/aiv/ev_ws/ros2/install/patchworkpp:/home/aiv/ros2_study/install/my_first_package_msgs:/home/aiv/workspace/ros2/velodyne/install/velodyne:/home/aiv/workspace/ros2/velodyne/install/velodyne_pointcloud:/home/aiv/workspace/ros2/velodyne/install/velodyne_driver:/home/aiv/workspace/ros2/velodyne/install/velodyne_msgs:/home/aiv/workspace/ros2/velodyne/install/velodyne_laserscan:/home/aiv/workspace/ros2/erp42_ros/install/erp42_serial:/home/aiv/workspace/ros2/erp42_ros/install/erp42_rqt_plugin:/home/aiv/workspace/ros2/erp42_ros/install/erp42_gazebo:/home/aiv/workspace/ros2/erp42_ros/install/erp42_util:/home/aiv/workspace/ros2/erp42_ros/install/erp42_msgs:/home/aiv/workspace/ros2/erp42_ros/install/erp42_description:/home/aiv/workspace/ros2/erp42_ros/install/erp42_cmake:/home/aiv/workspace/ros2/t870_ros/install/t870_serial:/home/aiv/workspace/ros2/t870_ros/install/t870_rqt_plugin:/home/aiv/workspace/ros2/t870_ros/install/t870_util:/home/aiv/workspace/ros2/t870_ros/install/t870_msgs:/home/aiv/workspace/ros2/t870_ros/install/t870_cmake:/home/aiv/workspace/ros2/erp42_racing_ros/install/erp42_racing_serial:/home/aiv/workspace/ros2/erp42_racing_ros/install/erp42_racing_rqt_plugin:/home/aiv/workspace/ros2/erp42_racing_ros/install/erp42_racing_gazebo:/home/aiv/workspace/ros2/erp42_racing_ros/install/erp42_racing_util:/home/aiv/workspace/ros2/erp42_racing_ros/install/erp42_racing_msgs:/home/aiv/workspace/ros2/erp42_racing_ros/install/erp42_racing_description:/home/aiv/workspace/ros2/erp42_racing_ros/install/erp42_racing_cmake:/home/aiv/ros2_study/install/my_second_package:/opt/ros/humble LD_LIBRARY_PATH=/home/aiv/ev_ws/ros2_ver2/install/velodyne_msgs/lib:${LD_LIBRARY_PATH} PYTHONPATH=/home/aiv/ev_ws/ros2_ver2/install/velodyne_msgs/local/lib/python3.10/dist-packages:${PYTHONPATH} /usr/bin/cmake --build /home/aiv/ev_ws/ros2_ver2/build/velodyne_driver -- -j28 -l28
[9.527s] Invoking command in '/home/aiv/ev_ws/ros2_ver2/build/velodyne_driver': AMENT_PREFIX_PATH=/home/aiv/ev_ws/ros2_ver2/install/velodyne_msgs:${AMENT_PREFIX_PATH} CMAKE_PREFIX_PATH=/home/aiv/ev_ws/ros2_ver2/install/velodyne_msgs:/home/aiv/ev_ws/ros2/install/velodyne:/home/aiv/ev_ws/ros2/install/velodyne_pointcloud:/home/aiv/ev_ws/ros2/install/velodyne_driver:/home/aiv/ev_ws/ros2/install/velodyne_msgs:/home/aiv/ev_ws/ros2/install/velodyne_laserscan:/home/aiv/ev_ws/ros2/install/patchworkpp:/home/aiv/ros2_study/install/my_first_package_msgs:/home/aiv/workspace/ros2/velodyne/install/velodyne:/home/aiv/workspace/ros2/velodyne/install/velodyne_pointcloud:/home/aiv/workspace/ros2/velodyne/install/velodyne_driver:/home/aiv/workspace/ros2/velodyne/install/velodyne_msgs:/home/aiv/workspace/ros2/velodyne/install/velodyne_laserscan:/home/aiv/workspace/ros2/erp42_ros/install/erp42_serial:/home/aiv/workspace/ros2/erp42_ros/install/erp42_rqt_plugin:/home/aiv/workspace/ros2/erp42_ros/install/erp42_gazebo:/home/aiv/workspace/ros2/erp42_ros/install/erp42_util:/home/aiv/workspace/ros2/erp42_ros/install/erp42_msgs:/home/aiv/workspace/ros2/erp42_ros/install/erp42_description:/home/aiv/workspace/ros2/erp42_ros/install/erp42_cmake:/home/aiv/workspace/ros2/t870_ros/install/t870_serial:/home/aiv/workspace/ros2/t870_ros/install/t870_rqt_plugin:/home/aiv/workspace/ros2/t870_ros/install/t870_util:/home/aiv/workspace/ros2/t870_ros/install/t870_msgs:/home/aiv/workspace/ros2/t870_ros/install/t870_cmake:/home/aiv/workspace/ros2/erp42_racing_ros/install/erp42_racing_serial:/home/aiv/workspace/ros2/erp42_racing_ros/install/erp42_racing_rqt_plugin:/home/aiv/workspace/ros2/erp42_racing_ros/install/erp42_racing_gazebo:/home/aiv/workspace/ros2/erp42_racing_ros/install/erp42_racing_util:/home/aiv/workspace/ros2/erp42_racing_ros/install/erp42_racing_msgs:/home/aiv/workspace/ros2/erp42_racing_ros/install/erp42_racing_description:/home/aiv/workspace/ros2/erp42_racing_ros/install/erp42_racing_cmake:/home/aiv/ros2_study/install/my_second_package:/opt/ros/humble LD_LIBRARY_PATH=/home/aiv/ev_ws/ros2_ver2/install/velodyne_msgs/lib:${LD_LIBRARY_PATH} PYTHONPATH=/home/aiv/ev_ws/ros2_ver2/install/velodyne_msgs/local/lib/python3.10/dist-packages:${PYTHONPATH} /usr/bin/cmake --install /home/aiv/ev_ws/ros2_ver2/build/velodyne_driver
[9.532s] -- Install configuration: ""
[9.532s] -- Installing: /home/aiv/ev_ws/ros2_ver2/install/velodyne_driver/lib/libvelodyne_input.so
[9.532s] -- Set runtime path of "/home/aiv/ev_ws/ros2_ver2/install/velodyne_driver/lib/libvelodyne_input.so" to ""
[9.532s] -- Installing: /home/aiv/ev_ws/ros2_ver2/install/velodyne_driver/lib/libvelodyne_driver.so
[9.535s] -- Set runtime path of "/home/aiv/ev_ws/ros2_ver2/install/velodyne_driver/lib/libvelodyne_driver.so" to ""
[9.535s] -- Installing: /home/aiv/ev_ws/ros2_ver2/install/velodyne_driver/lib/velodyne_driver/velodyne_driver_node
[9.535s] -- Set runtime path of "/home/aiv/ev_ws/ros2_ver2/install/velodyne_driver/lib/velodyne_driver/velodyne_driver_node" to ""
[9.535s] -- Installing: /home/aiv/ev_ws/ros2_ver2/install/velodyne_driver/include/velodyne_driver
[9.535s] -- Installing: /home/aiv/ev_ws/ros2_ver2/install/velodyne_driver/include/velodyne_driver/time_conversion.hpp
[9.535s] -- Installing: /home/aiv/ev_ws/ros2_ver2/install/velodyne_driver/include/velodyne_driver/input.hpp
[9.535s] -- Installing: /home/aiv/ev_ws/ros2_ver2/install/velodyne_driver/include/velodyne_driver/driver.hpp
[9.535s] -- Installing: /home/aiv/ev_ws/ros2_ver2/install/velodyne_driver/share/velodyne_driver/config
[9.535s] -- Installing: /home/aiv/ev_ws/ros2_ver2/install/velodyne_driver/share/velodyne_driver/config/VLP32C-velodyne_driver_node-params.yaml
[9.535s] -- Installing: /home/aiv/ev_ws/ros2_ver2/install/velodyne_driver/share/velodyne_driver/config/VLP16-velodyne_driver_node-params.yaml
[9.535s] -- Installing: /home/aiv/ev_ws/ros2_ver2/install/velodyne_driver/share/velodyne_driver/config/VLS128-velodyne_driver_node-params.yaml
[9.536s] -- Installing: /home/aiv/ev_ws/ros2_ver2/install/velodyne_driver/share/velodyne_driver/launch
[9.536s] -- Installing: /home/aiv/ev_ws/ros2_ver2/install/velodyne_driver/share/velodyne_driver/launch/velodyne_driver_node-VLS128-launch.py
[9.536s] -- Installing: /home/aiv/ev_ws/ros2_ver2/install/velodyne_driver/share/velodyne_driver/launch/velodyne_driver_node-VLP32C-launch.py
[9.536s] -- Installing: /home/aiv/ev_ws/ros2_ver2/install/velodyne_driver/share/velodyne_driver/launch/velodyne_driver_node-VLP32C-composed-launch.py
[9.536s] -- Installing: /home/aiv/ev_ws/ros2_ver2/install/velodyne_driver/share/velodyne_driver/launch/velodyne_driver_node-VLP16-composed-launch.py
[9.536s] -- Installing: /home/aiv/ev_ws/ros2_ver2/install/velodyne_driver/share/velodyne_driver/launch/velodyne_driver_node-VLP16-launch.py
[9.536s] -- Installing: /home/aiv/ev_ws/ros2_ver2/install/velodyne_driver/share/velodyne_driver/launch/velodyne_driver_node-VLS128-composed-launch.py
[9.536s] -- Installing: /home/aiv/ev_ws/ros2_ver2/install/velodyne_driver/lib/velodyne_driver/vdump
[9.536s] -- Installing: /home/aiv/ev_ws/ros2_ver2/install/velodyne_driver/share/ament_index/resource_index/package_run_dependencies/velodyne_driver
[9.536s] -- Installing: /home/aiv/ev_ws/ros2_ver2/install/velodyne_driver/share/ament_index/resource_index/parent_prefix_path/velodyne_driver
[9.536s] -- Installing: /home/aiv/ev_ws/ros2_ver2/install/velodyne_driver/share/velodyne_driver/environment/ament_prefix_path.sh
[9.536s] -- Installing: /home/aiv/ev_ws/ros2_ver2/install/velodyne_driver/share/velodyne_driver/environment/ament_prefix_path.dsv
[9.536s] -- Installing: /home/aiv/ev_ws/ros2_ver2/install/velodyne_driver/share/velodyne_driver/environment/path.sh
[9.536s] -- Installing: /home/aiv/ev_ws/ros2_ver2/install/velodyne_driver/share/velodyne_driver/environment/path.dsv
[9.536s] -- Installing: /home/aiv/ev_ws/ros2_ver2/install/velodyne_driver/share/velodyne_driver/local_setup.bash
[9.536s] -- Installing: /home/aiv/ev_ws/ros2_ver2/install/velodyne_driver/share/velodyne_driver/local_setup.sh
[9.536s] -- Installing: /home/aiv/ev_ws/ros2_ver2/install/velodyne_driver/share/velodyne_driver/local_setup.zsh
[9.536s] -- Installing: /home/aiv/ev_ws/ros2_ver2/install/velodyne_driver/share/velodyne_driver/local_setup.dsv
[9.536s] -- Installing: /home/aiv/ev_ws/ros2_ver2/install/velodyne_driver/share/velodyne_driver/package.dsv
[9.536s] -- Installing: /home/aiv/ev_ws/ros2_ver2/install/velodyne_driver/share/ament_index/resource_index/packages/velodyne_driver
[9.536s] -- Installing: /home/aiv/ev_ws/ros2_ver2/install/velodyne_driver/share/ament_index/resource_index/rclcpp_components/velodyne_driver
[9.536s] -- Installing: /home/aiv/ev_ws/ros2_ver2/install/velodyne_driver/share/velodyne_driver/cmake/velodyne_driverExport.cmake
[9.536s] -- Installing: /home/aiv/ev_ws/ros2_ver2/install/velodyne_driver/share/velodyne_driver/cmake/velodyne_driverExport-noconfig.cmake
[9.536s] -- Installing: /home/aiv/ev_ws/ros2_ver2/install/velodyne_driver/share/velodyne_driver/cmake/ament_cmake_export_include_directories-extras.cmake
[9.536s] -- Installing: /home/aiv/ev_ws/ros2_ver2/install/velodyne_driver/share/velodyne_driver/cmake/ament_cmake_export_targets-extras.cmake
[9.536s] -- Installing: /home/aiv/ev_ws/ros2_ver2/install/velodyne_driver/share/velodyne_driver/cmake/ament_cmake_export_dependencies-extras.cmake
[9.536s] -- Installing: /home/aiv/ev_ws/ros2_ver2/install/velodyne_driver/share/velodyne_driver/cmake/velodyne_driverConfig.cmake
[9.536s] -- Installing: /home/aiv/ev_ws/ros2_ver2/install/velodyne_driver/share/velodyne_driver/cmake/velodyne_driverConfig-version.cmake
[9.536s] -- Installing: /home/aiv/ev_ws/ros2_ver2/install/velodyne_driver/share/velodyne_driver/package.xml
[9.537s] Invoked command in '/home/aiv/ev_ws/ros2_ver2/build/velodyne_driver' returned '0': AMENT_PREFIX_PATH=/home/aiv/ev_ws/ros2_ver2/install/velodyne_msgs:${AMENT_PREFIX_PATH} CMAKE_PREFIX_PATH=/home/aiv/ev_ws/ros2_ver2/install/velodyne_msgs:/home/aiv/ev_ws/ros2/install/velodyne:/home/aiv/ev_ws/ros2/install/velodyne_pointcloud:/home/aiv/ev_ws/ros2/install/velodyne_driver:/home/aiv/ev_ws/ros2/install/velodyne_msgs:/home/aiv/ev_ws/ros2/install/velodyne_laserscan:/home/aiv/ev_ws/ros2/install/patchworkpp:/home/aiv/ros2_study/install/my_first_package_msgs:/home/aiv/workspace/ros2/velodyne/install/velodyne:/home/aiv/workspace/ros2/velodyne/install/velodyne_pointcloud:/home/aiv/workspace/ros2/velodyne/install/velodyne_driver:/home/aiv/workspace/ros2/velodyne/install/velodyne_msgs:/home/aiv/workspace/ros2/velodyne/install/velodyne_laserscan:/home/aiv/workspace/ros2/erp42_ros/install/erp42_serial:/home/aiv/workspace/ros2/erp42_ros/install/erp42_rqt_plugin:/home/aiv/workspace/ros2/erp42_ros/install/erp42_gazebo:/home/aiv/workspace/ros2/erp42_ros/install/erp42_util:/home/aiv/workspace/ros2/erp42_ros/install/erp42_msgs:/home/aiv/workspace/ros2/erp42_ros/install/erp42_description:/home/aiv/workspace/ros2/erp42_ros/install/erp42_cmake:/home/aiv/workspace/ros2/t870_ros/install/t870_serial:/home/aiv/workspace/ros2/t870_ros/install/t870_rqt_plugin:/home/aiv/workspace/ros2/t870_ros/install/t870_util:/home/aiv/workspace/ros2/t870_ros/install/t870_msgs:/home/aiv/workspace/ros2/t870_ros/install/t870_cmake:/home/aiv/workspace/ros2/erp42_racing_ros/install/erp42_racing_serial:/home/aiv/workspace/ros2/erp42_racing_ros/install/erp42_racing_rqt_plugin:/home/aiv/workspace/ros2/erp42_racing_ros/install/erp42_racing_gazebo:/home/aiv/workspace/ros2/erp42_racing_ros/install/erp42_racing_util:/home/aiv/workspace/ros2/erp42_racing_ros/install/erp42_racing_msgs:/home/aiv/workspace/ros2/erp42_racing_ros/install/erp42_racing_description:/home/aiv/workspace/ros2/erp42_racing_ros/install/erp42_racing_cmake:/home/aiv/ros2_study/install/my_second_package:/opt/ros/humble LD_LIBRARY_PATH=/home/aiv/ev_ws/ros2_ver2/install/velodyne_msgs/lib:${LD_LIBRARY_PATH} PYTHONPATH=/home/aiv/ev_ws/ros2_ver2/install/velodyne_msgs/local/lib/python3.10/dist-packages:${PYTHONPATH} /usr/bin/cmake --install /home/aiv/ev_ws/ros2_ver2/build/velodyne_driver
