[0.007s] Invoking command in '/home/aiv/ev_ws/ros2_ver2/build/velodyne_pointcloud': AMENT_PREFIX_PATH=/home/aiv/ev_ws/ros2_ver2/install/velodyne_msgs:${AMENT_PREFIX_PATH} CMAKE_PREFIX_PATH=/home/aiv/ev_ws/ros2_ver2/install/velodyne_msgs:/home/aiv/ev_ws/ros2/install/velodyne:/home/aiv/ev_ws/ros2/install/velodyne_pointcloud:/home/aiv/ev_ws/ros2/install/velodyne_driver:/home/aiv/ev_ws/ros2/install/velodyne_msgs:/home/aiv/ev_ws/ros2/install/velodyne_laserscan:/home/aiv/ev_ws/ros2/install/patchworkpp:/home/aiv/ros2_study/install/my_first_package_msgs:/home/aiv/workspace/ros2/velodyne/install/velodyne:/home/aiv/workspace/ros2/velodyne/install/velodyne_pointcloud:/home/aiv/workspace/ros2/velodyne/install/velodyne_driver:/home/aiv/workspace/ros2/velodyne/install/velodyne_msgs:/home/aiv/workspace/ros2/velodyne/install/velodyne_laserscan:/home/aiv/workspace/ros2/erp42_ros/install/erp42_serial:/home/aiv/workspace/ros2/erp42_ros/install/erp42_rqt_plugin:/home/aiv/workspace/ros2/erp42_ros/install/erp42_gazebo:/home/aiv/workspace/ros2/erp42_ros/install/erp42_util:/home/aiv/workspace/ros2/erp42_ros/install/erp42_msgs:/home/aiv/workspace/ros2/erp42_ros/install/erp42_description:/home/aiv/workspace/ros2/erp42_ros/install/erp42_cmake:/home/aiv/workspace/ros2/t870_ros/install/t870_serial:/home/aiv/workspace/ros2/t870_ros/install/t870_rqt_plugin:/home/aiv/workspace/ros2/t870_ros/install/t870_util:/home/aiv/workspace/ros2/t870_ros/install/t870_msgs:/home/aiv/workspace/ros2/t870_ros/install/t870_cmake:/home/aiv/workspace/ros2/erp42_racing_ros/install/erp42_racing_serial:/home/aiv/workspace/ros2/erp42_racing_ros/install/erp42_racing_rqt_plugin:/home/aiv/workspace/ros2/erp42_racing_ros/install/erp42_racing_gazebo:/home/aiv/workspace/ros2/erp42_racing_ros/install/erp42_racing_util:/home/aiv/workspace/ros2/erp42_racing_ros/install/erp42_racing_msgs:/home/aiv/workspace/ros2/erp42_racing_ros/install/erp42_racing_description:/home/aiv/workspace/ros2/erp42_racing_ros/install/erp42_racing_cmake:/home/aiv/ros2_study/install/my_second_package:/opt/ros/humble LD_LIBRARY_PATH=/home/aiv/ev_ws/ros2_ver2/install/velodyne_msgs/lib:${LD_LIBRARY_PATH} PYTHONPATH=/home/aiv/ev_ws/ros2_ver2/install/velodyne_msgs/local/lib/python3.10/dist-packages:${PYTHONPATH} /usr/bin/cmake --build /home/aiv/ev_ws/ros2_ver2/build/velodyne_pointcloud -- -j28 -l28
[0.049s] [ 22%] Built target gtest
[0.049s] [ 22%] Built target gtest_main
[0.052s] [ 38%] Built target velodyne_cloud_types
[0.055s] [ 55%] Built target velodyne_rawdata
[0.069s] [ 66%] Built target test_row_step
[0.074s] [ 77%] Built target test_calibration
[0.077s] [ 88%] Built target transform
[0.095s] [100%] Built target velodyne_transform_node
[0.103s] Invoked command in '/home/aiv/ev_ws/ros2_ver2/build/velodyne_pointcloud' returned '0': AMENT_PREFIX_PATH=/home/aiv/ev_ws/ros2_ver2/install/velodyne_msgs:${AMENT_PREFIX_PATH} CMAKE_PREFIX_PATH=/home/aiv/ev_ws/ros2_ver2/install/velodyne_msgs:/home/aiv/ev_ws/ros2/install/velodyne:/home/aiv/ev_ws/ros2/install/velodyne_pointcloud:/home/aiv/ev_ws/ros2/install/velodyne_driver:/home/aiv/ev_ws/ros2/install/velodyne_msgs:/home/aiv/ev_ws/ros2/install/velodyne_laserscan:/home/aiv/ev_ws/ros2/install/patchworkpp:/home/aiv/ros2_study/install/my_first_package_msgs:/home/aiv/workspace/ros2/velodyne/install/velodyne:/home/aiv/workspace/ros2/velodyne/install/velodyne_pointcloud:/home/aiv/workspace/ros2/velodyne/install/velodyne_driver:/home/aiv/workspace/ros2/velodyne/install/velodyne_msgs:/home/aiv/workspace/ros2/velodyne/install/velodyne_laserscan:/home/aiv/workspace/ros2/erp42_ros/install/erp42_serial:/home/aiv/workspace/ros2/erp42_ros/install/erp42_rqt_plugin:/home/aiv/workspace/ros2/erp42_ros/install/erp42_gazebo:/home/aiv/workspace/ros2/erp42_ros/install/erp42_util:/home/aiv/workspace/ros2/erp42_ros/install/erp42_msgs:/home/aiv/workspace/ros2/erp42_ros/install/erp42_description:/home/aiv/workspace/ros2/erp42_ros/install/erp42_cmake:/home/aiv/workspace/ros2/t870_ros/install/t870_serial:/home/aiv/workspace/ros2/t870_ros/install/t870_rqt_plugin:/home/aiv/workspace/ros2/t870_ros/install/t870_util:/home/aiv/workspace/ros2/t870_ros/install/t870_msgs:/home/aiv/workspace/ros2/t870_ros/install/t870_cmake:/home/aiv/workspace/ros2/erp42_racing_ros/install/erp42_racing_serial:/home/aiv/workspace/ros2/erp42_racing_ros/install/erp42_racing_rqt_plugin:/home/aiv/workspace/ros2/erp42_racing_ros/install/erp42_racing_gazebo:/home/aiv/workspace/ros2/erp42_racing_ros/install/erp42_racing_util:/home/aiv/workspace/ros2/erp42_racing_ros/install/erp42_racing_msgs:/home/aiv/workspace/ros2/erp42_racing_ros/install/erp42_racing_description:/home/aiv/workspace/ros2/erp42_racing_ros/install/erp42_racing_cmake:/home/aiv/ros2_study/install/my_second_package:/opt/ros/humble LD_LIBRARY_PATH=/home/aiv/ev_ws/ros2_ver2/install/velodyne_msgs/lib:${LD_LIBRARY_PATH} PYTHONPATH=/home/aiv/ev_ws/ros2_ver2/install/velodyne_msgs/local/lib/python3.10/dist-packages:${PYTHONPATH} /usr/bin/cmake --build /home/aiv/ev_ws/ros2_ver2/build/velodyne_pointcloud -- -j28 -l28
[0.104s] Invoking command in '/home/aiv/ev_ws/ros2_ver2/build/velodyne_pointcloud': AMENT_PREFIX_PATH=/home/aiv/ev_ws/ros2_ver2/install/velodyne_msgs:${AMENT_PREFIX_PATH} CMAKE_PREFIX_PATH=/home/aiv/ev_ws/ros2_ver2/install/velodyne_msgs:/home/aiv/ev_ws/ros2/install/velodyne:/home/aiv/ev_ws/ros2/install/velodyne_pointcloud:/home/aiv/ev_ws/ros2/install/velodyne_driver:/home/aiv/ev_ws/ros2/install/velodyne_msgs:/home/aiv/ev_ws/ros2/install/velodyne_laserscan:/home/aiv/ev_ws/ros2/install/patchworkpp:/home/aiv/ros2_study/install/my_first_package_msgs:/home/aiv/workspace/ros2/velodyne/install/velodyne:/home/aiv/workspace/ros2/velodyne/install/velodyne_pointcloud:/home/aiv/workspace/ros2/velodyne/install/velodyne_driver:/home/aiv/workspace/ros2/velodyne/install/velodyne_msgs:/home/aiv/workspace/ros2/velodyne/install/velodyne_laserscan:/home/aiv/workspace/ros2/erp42_ros/install/erp42_serial:/home/aiv/workspace/ros2/erp42_ros/install/erp42_rqt_plugin:/home/aiv/workspace/ros2/erp42_ros/install/erp42_gazebo:/home/aiv/workspace/ros2/erp42_ros/install/erp42_util:/home/aiv/workspace/ros2/erp42_ros/install/erp42_msgs:/home/aiv/workspace/ros2/erp42_ros/install/erp42_description:/home/aiv/workspace/ros2/erp42_ros/install/erp42_cmake:/home/aiv/workspace/ros2/t870_ros/install/t870_serial:/home/aiv/workspace/ros2/t870_ros/install/t870_rqt_plugin:/home/aiv/workspace/ros2/t870_ros/install/t870_util:/home/aiv/workspace/ros2/t870_ros/install/t870_msgs:/home/aiv/workspace/ros2/t870_ros/install/t870_cmake:/home/aiv/workspace/ros2/erp42_racing_ros/install/erp42_racing_serial:/home/aiv/workspace/ros2/erp42_racing_ros/install/erp42_racing_rqt_plugin:/home/aiv/workspace/ros2/erp42_racing_ros/install/erp42_racing_gazebo:/home/aiv/workspace/ros2/erp42_racing_ros/install/erp42_racing_util:/home/aiv/workspace/ros2/erp42_racing_ros/install/erp42_racing_msgs:/home/aiv/workspace/ros2/erp42_racing_ros/install/erp42_racing_description:/home/aiv/workspace/ros2/erp42_racing_ros/install/erp42_racing_cmake:/home/aiv/ros2_study/install/my_second_package:/opt/ros/humble LD_LIBRARY_PATH=/home/aiv/ev_ws/ros2_ver2/install/velodyne_msgs/lib:${LD_LIBRARY_PATH} PYTHONPATH=/home/aiv/ev_ws/ros2_ver2/install/velodyne_msgs/local/lib/python3.10/dist-packages:${PYTHONPATH} /usr/bin/cmake --install /home/aiv/ev_ws/ros2_ver2/build/velodyne_pointcloud
[0.109s] -- Install configuration: ""
[0.109s] -- Up-to-date: /home/aiv/ev_ws/ros2_ver2/install/velodyne_pointcloud/lib/libvelodyne_cloud_types.so
[0.109s] -- Up-to-date: /home/aiv/ev_ws/ros2_ver2/install/velodyne_pointcloud/lib/libvelodyne_rawdata.so
[0.109s] -- Up-to-date: /home/aiv/ev_ws/ros2_ver2/install/velodyne_pointcloud/lib/libtransform.so
[0.109s] -- Up-to-date: /home/aiv/ev_ws/ros2_ver2/install/velodyne_pointcloud/lib/velodyne_pointcloud/velodyne_transform_node
[0.109s] -- Up-to-date: /home/aiv/ev_ws/ros2_ver2/install/velodyne_pointcloud/include/velodyne_pointcloud
[0.109s] -- Up-to-date: /home/aiv/ev_ws/ros2_ver2/install/velodyne_pointcloud/include/velodyne_pointcloud/pointcloudXYZIRT.hpp
[0.109s] -- Up-to-date: /home/aiv/ev_ws/ros2_ver2/install/velodyne_pointcloud/include/velodyne_pointcloud/datacontainerbase.hpp
[0.109s] -- Up-to-date: /home/aiv/ev_ws/ros2_ver2/install/velodyne_pointcloud/include/velodyne_pointcloud/organized_cloudXYZIRT.hpp
[0.109s] -- Up-to-date: /home/aiv/ev_ws/ros2_ver2/install/velodyne_pointcloud/include/velodyne_pointcloud/rawdata.hpp
[0.109s] -- Up-to-date: /home/aiv/ev_ws/ros2_ver2/install/velodyne_pointcloud/include/velodyne_pointcloud/calibration.hpp
[0.110s] -- Up-to-date: /home/aiv/ev_ws/ros2_ver2/install/velodyne_pointcloud/include/velodyne_pointcloud/transform.hpp
[0.110s] -- Up-to-date: /home/aiv/ev_ws/ros2_ver2/install/velodyne_pointcloud/share/velodyne_pointcloud/config
[0.110s] -- Up-to-date: /home/aiv/ev_ws/ros2_ver2/install/velodyne_pointcloud/share/velodyne_pointcloud/config/VLP32C-velodyne_transform_node-params.yaml
[0.110s] -- Up-to-date: /home/aiv/ev_ws/ros2_ver2/install/velodyne_pointcloud/share/velodyne_pointcloud/config/VLS128-velodyne_transform_node-params.yaml
[0.110s] -- Up-to-date: /home/aiv/ev_ws/ros2_ver2/install/velodyne_pointcloud/share/velodyne_pointcloud/config/VLP16-velodyne_transform_node-params.yaml
[0.110s] -- Up-to-date: /home/aiv/ev_ws/ros2_ver2/install/velodyne_pointcloud/share/velodyne_pointcloud/launch
[0.110s] -- Up-to-date: /home/aiv/ev_ws/ros2_ver2/install/velodyne_pointcloud/share/velodyne_pointcloud/launch/velodyne_transform_node-VLS128-launch.py
[0.110s] -- Up-to-date: /home/aiv/ev_ws/ros2_ver2/install/velodyne_pointcloud/share/velodyne_pointcloud/launch/velodyne_transform_node-VLP32C-launch.py
[0.110s] -- Up-to-date: /home/aiv/ev_ws/ros2_ver2/install/velodyne_pointcloud/share/velodyne_pointcloud/launch/velodyne_transform_node-VLP16-launch.py
[0.110s] -- Up-to-date: /home/aiv/ev_ws/ros2_ver2/install/velodyne_pointcloud/share/velodyne_pointcloud/launch/velodyne_transform_node-VLP16-composed-launch.py
[0.110s] -- Up-to-date: /home/aiv/ev_ws/ros2_ver2/install/velodyne_pointcloud/share/velodyne_pointcloud/launch/velodyne_transform_node-VLS128-composed-launch.py
[0.110s] -- Up-to-date: /home/aiv/ev_ws/ros2_ver2/install/velodyne_pointcloud/share/velodyne_pointcloud/launch/velodyne_transform_node-VLP32C-composed-launch.py
[0.110s] -- Up-to-date: /home/aiv/ev_ws/ros2_ver2/install/velodyne_pointcloud/share/velodyne_pointcloud/params
[0.110s] -- Up-to-date: /home/aiv/ev_ws/ros2_ver2/install/velodyne_pointcloud/share/velodyne_pointcloud/params/VLP16_hires_db.yaml
[0.110s] -- Up-to-date: /home/aiv/ev_ws/ros2_ver2/install/velodyne_pointcloud/share/velodyne_pointcloud/params/VLP16db.yaml
[0.110s] -- Up-to-date: /home/aiv/ev_ws/ros2_ver2/install/velodyne_pointcloud/share/velodyne_pointcloud/params/32db.yaml
[0.110s] -- Up-to-date: /home/aiv/ev_ws/ros2_ver2/install/velodyne_pointcloud/share/velodyne_pointcloud/params/issue_84_float_intensities.yaml
[0.110s] -- Up-to-date: /home/aiv/ev_ws/ros2_ver2/install/velodyne_pointcloud/share/velodyne_pointcloud/params/VLS128.yaml
[0.110s] -- Up-to-date: /home/aiv/ev_ws/ros2_ver2/install/velodyne_pointcloud/share/velodyne_pointcloud/params/VeloView-VLP-32C.yaml
[0.110s] -- Up-to-date: /home/aiv/ev_ws/ros2_ver2/install/velodyne_pointcloud/share/velodyne_pointcloud/params/64e_s2.1-sztaki.yaml
[0.110s] -- Up-to-date: /home/aiv/ev_ws/ros2_ver2/install/velodyne_pointcloud/share/velodyne_pointcloud/params/64e_utexas.yaml
[0.110s] -- Up-to-date: /home/aiv/ev_ws/ros2_ver2/install/velodyne_pointcloud/share/velodyne_pointcloud/params/rviz_points.vcg
[0.110s] -- Up-to-date: /home/aiv/ev_ws/ros2_ver2/install/velodyne_pointcloud/share/velodyne_pointcloud/params/64e_s3-xiesc.yaml
[0.110s] -- Up-to-date: /home/aiv/ev_ws/ros2_ver2/install/velodyne_pointcloud/share/velodyne_pointcloud/environment/library_path.sh
[0.110s] -- Up-to-date: /home/aiv/ev_ws/ros2_ver2/install/velodyne_pointcloud/share/velodyne_pointcloud/environment/library_path.dsv
[0.111s] -- Up-to-date: /home/aiv/ev_ws/ros2_ver2/install/velodyne_pointcloud/share/ament_index/resource_index/package_run_dependencies/velodyne_pointcloud
[0.111s] -- Up-to-date: /home/aiv/ev_ws/ros2_ver2/install/velodyne_pointcloud/share/ament_index/resource_index/parent_prefix_path/velodyne_pointcloud
[0.111s] -- Up-to-date: /home/aiv/ev_ws/ros2_ver2/install/velodyne_pointcloud/share/velodyne_pointcloud/environment/ament_prefix_path.sh
[0.111s] -- Up-to-date: /home/aiv/ev_ws/ros2_ver2/install/velodyne_pointcloud/share/velodyne_pointcloud/environment/ament_prefix_path.dsv
[0.111s] -- Up-to-date: /home/aiv/ev_ws/ros2_ver2/install/velodyne_pointcloud/share/velodyne_pointcloud/environment/path.sh
[0.111s] -- Up-to-date: /home/aiv/ev_ws/ros2_ver2/install/velodyne_pointcloud/share/velodyne_pointcloud/environment/path.dsv
[0.111s] -- Up-to-date: /home/aiv/ev_ws/ros2_ver2/install/velodyne_pointcloud/share/velodyne_pointcloud/local_setup.bash
[0.111s] -- Up-to-date: /home/aiv/ev_ws/ros2_ver2/install/velodyne_pointcloud/share/velodyne_pointcloud/local_setup.sh
[0.111s] -- Up-to-date: /home/aiv/ev_ws/ros2_ver2/install/velodyne_pointcloud/share/velodyne_pointcloud/local_setup.zsh
[0.111s] -- Up-to-date: /home/aiv/ev_ws/ros2_ver2/install/velodyne_pointcloud/share/velodyne_pointcloud/local_setup.dsv
[0.111s] -- Installing: /home/aiv/ev_ws/ros2_ver2/install/velodyne_pointcloud/share/velodyne_pointcloud/package.dsv
[0.111s] -- Up-to-date: /home/aiv/ev_ws/ros2_ver2/install/velodyne_pointcloud/share/ament_index/resource_index/packages/velodyne_pointcloud
[0.111s] -- Up-to-date: /home/aiv/ev_ws/ros2_ver2/install/velodyne_pointcloud/share/ament_index/resource_index/rclcpp_components/velodyne_pointcloud
[0.111s] -- Up-to-date: /home/aiv/ev_ws/ros2_ver2/install/velodyne_pointcloud/share/velodyne_pointcloud/cmake/velodyne_pointcloudExport.cmake
[0.111s] -- Up-to-date: /home/aiv/ev_ws/ros2_ver2/install/velodyne_pointcloud/share/velodyne_pointcloud/cmake/velodyne_pointcloudExport-noconfig.cmake
[0.111s] -- Up-to-date: /home/aiv/ev_ws/ros2_ver2/install/velodyne_pointcloud/share/velodyne_pointcloud/cmake/ament_cmake_export_include_directories-extras.cmake
[0.111s] -- Up-to-date: /home/aiv/ev_ws/ros2_ver2/install/velodyne_pointcloud/share/velodyne_pointcloud/cmake/ament_cmake_export_dependencies-extras.cmake
[0.111s] -- Up-to-date: /home/aiv/ev_ws/ros2_ver2/install/velodyne_pointcloud/share/velodyne_pointcloud/cmake/ament_cmake_export_libraries-extras.cmake
[0.111s] -- Up-to-date: /home/aiv/ev_ws/ros2_ver2/install/velodyne_pointcloud/share/velodyne_pointcloud/cmake/ament_cmake_export_targets-extras.cmake
[0.111s] -- Up-to-date: /home/aiv/ev_ws/ros2_ver2/install/velodyne_pointcloud/share/velodyne_pointcloud/cmake/velodyne_pointcloudConfig.cmake
[0.111s] -- Up-to-date: /home/aiv/ev_ws/ros2_ver2/install/velodyne_pointcloud/share/velodyne_pointcloud/cmake/velodyne_pointcloudConfig-version.cmake
[0.111s] -- Up-to-date: /home/aiv/ev_ws/ros2_ver2/install/velodyne_pointcloud/share/velodyne_pointcloud/package.xml
[0.114s] Invoked command in '/home/aiv/ev_ws/ros2_ver2/build/velodyne_pointcloud' returned '0': AMENT_PREFIX_PATH=/home/aiv/ev_ws/ros2_ver2/install/velodyne_msgs:${AMENT_PREFIX_PATH} CMAKE_PREFIX_PATH=/home/aiv/ev_ws/ros2_ver2/install/velodyne_msgs:/home/aiv/ev_ws/ros2/install/velodyne:/home/aiv/ev_ws/ros2/install/velodyne_pointcloud:/home/aiv/ev_ws/ros2/install/velodyne_driver:/home/aiv/ev_ws/ros2/install/velodyne_msgs:/home/aiv/ev_ws/ros2/install/velodyne_laserscan:/home/aiv/ev_ws/ros2/install/patchworkpp:/home/aiv/ros2_study/install/my_first_package_msgs:/home/aiv/workspace/ros2/velodyne/install/velodyne:/home/aiv/workspace/ros2/velodyne/install/velodyne_pointcloud:/home/aiv/workspace/ros2/velodyne/install/velodyne_driver:/home/aiv/workspace/ros2/velodyne/install/velodyne_msgs:/home/aiv/workspace/ros2/velodyne/install/velodyne_laserscan:/home/aiv/workspace/ros2/erp42_ros/install/erp42_serial:/home/aiv/workspace/ros2/erp42_ros/install/erp42_rqt_plugin:/home/aiv/workspace/ros2/erp42_ros/install/erp42_gazebo:/home/aiv/workspace/ros2/erp42_ros/install/erp42_util:/home/aiv/workspace/ros2/erp42_ros/install/erp42_msgs:/home/aiv/workspace/ros2/erp42_ros/install/erp42_description:/home/aiv/workspace/ros2/erp42_ros/install/erp42_cmake:/home/aiv/workspace/ros2/t870_ros/install/t870_serial:/home/aiv/workspace/ros2/t870_ros/install/t870_rqt_plugin:/home/aiv/workspace/ros2/t870_ros/install/t870_util:/home/aiv/workspace/ros2/t870_ros/install/t870_msgs:/home/aiv/workspace/ros2/t870_ros/install/t870_cmake:/home/aiv/workspace/ros2/erp42_racing_ros/install/erp42_racing_serial:/home/aiv/workspace/ros2/erp42_racing_ros/install/erp42_racing_rqt_plugin:/home/aiv/workspace/ros2/erp42_racing_ros/install/erp42_racing_gazebo:/home/aiv/workspace/ros2/erp42_racing_ros/install/erp42_racing_util:/home/aiv/workspace/ros2/erp42_racing_ros/install/erp42_racing_msgs:/home/aiv/workspace/ros2/erp42_racing_ros/install/erp42_racing_description:/home/aiv/workspace/ros2/erp42_racing_ros/install/erp42_racing_cmake:/home/aiv/ros2_study/install/my_second_package:/opt/ros/humble LD_LIBRARY_PATH=/home/aiv/ev_ws/ros2_ver2/install/velodyne_msgs/lib:${LD_LIBRARY_PATH} PYTHONPATH=/home/aiv/ev_ws/ros2_ver2/install/velodyne_msgs/local/lib/python3.10/dist-packages:${PYTHONPATH} /usr/bin/cmake --install /home/aiv/ev_ws/ros2_ver2/build/velodyne_pointcloud
