[0.008s] Invoking command in '/home/aiv/ev_ws/ros2_ver2/build/lidar_voxel_grid': CMAKE_PREFIX_PATH=${CMAKE_PREFIX_PATH}:/home/aiv/ros2_study/install/my_second_package:/opt/ros/humble /usr/bin/cmake /home/aiv/ev_ws/ros2_ver2/src/lidar/lidar_voxel_grid -DCMAKE_INSTALL_PREFIX=/home/aiv/ev_ws/ros2_ver2/install/lidar_voxel_grid
[0.016s] -- Found ament_cmake: 1.3.12 (/opt/ros/humble/share/ament_cmake/cmake)
[0.085s] -- Found rclcpp: 16.0.17 (/opt/ros/humble/share/rclcpp/cmake)
[0.099s] -- Found rosidl_generator_c: 3.1.8 (/opt/ros/humble/share/rosidl_generator_c/cmake)
[0.100s] -- Found rosidl_adapter: 3.1.8 (/opt/ros/humble/share/rosidl_adapter/cmake)
[0.103s] -- Found rosidl_generator_cpp: 3.1.8 (/opt/ros/humble/share/rosidl_generator_cpp/cmake)
[0.108s] -- Using all available rosidl_typesupport_c: rosidl_typesupport_fastrtps_c;rosidl_typesupport_introspection_c
[0.114s] -- Using all available rosidl_typesupport_cpp: rosidl_typesupport_fastrtps_cpp;rosidl_typesupport_introspection_cpp
[0.129s] -- Found rmw_implementation_cmake: 6.1.2 (/opt/ros/humble/share/rmw_implementation_cmake/cmake)
[0.130s] -- Found rmw_cyclonedds_cpp: 1.3.4 (/opt/ros/humble/share/rmw_cyclonedds_cpp/cmake)
[0.139s] -- Using RMW implementation 'rmw_cyclonedds_cpp' as default
[0.161s] -- Found rclcpp_components: 16.0.17 (/opt/ros/humble/share/rclcpp_components/cmake)
[0.169s] -- Found sensor_msgs: 4.9.0 (/opt/ros/humble/share/sensor_msgs/cmake)
[0.182s] -- Found pcl_conversions: 2.4.5 (/opt/ros/humble/share/pcl_conversions/cmake)
[0.200s] -- Eigen found (include: /usr/include/eigen3, version: 3.4.0)
[0.223s] -- FLANN found (include: /usr/include, lib: /usr/lib/x86_64-linux-gnu/libflann_cpp.so)
[0.413s] -- OpenNI found (version: 1.5.4.0, include: /usr/include/ni, lib: /usr/lib/libOpenNI.so;libusb::libusb)
[0.417s] -- OpenNI2 found (version: 2.2.0.33, include: /usr/include/openni2, lib: /usr/lib/x86_64-linux-gnu/libOpenNI2.so;libusb::libusb)
[0.505s] -- Eigen found (include: /usr/include/eigen3, version: 3.4.0)
[0.509s] -- OpenNI found (version: 1.5.4.0, include: /usr/include/ni, lib: /usr/lib/libOpenNI.so;libusb::libusb)
[0.514s] -- OpenNI2 found (version: 2.2.0.33, include: /usr/include/openni2, lib: /usr/lib/x86_64-linux-gnu/libOpenNI2.so;libusb::libusb)
[0.596s] -- Found Qhull version 8.0.2
[0.681s] -- OpenNI found (version: 1.5.4.0, include: /usr/include/ni, lib: /usr/lib/libOpenNI.so;libusb::libusb)
[0.769s] [33mCMake Warning (dev) at CMakeLists.txt:14 (find_package):
[0.770s]   Policy CMP0074 is not set: find_package uses <PackageName>_ROOT variables.
[0.770s]   Run "cmake --help-policy CMP0074" for policy details.  Use the cmake_policy
[0.770s]   command to set the policy and suppress this warning.
[0.770s] 
[0.770s]   CMake variable PCL_ROOT is set to:
[0.770s] 
[0.770s]     /usr
[0.770s] 
[0.770s]   For compatibility, CMake is ignoring the variable.
[0.770s] This warning is for project developers.  Use -Wno-dev to suppress it.
[0.770s] [0m
[0.790s] -- Found ament_lint_auto: 0.12.14 (/opt/ros/humble/share/ament_lint_auto/cmake)
[0.840s] -- Added test 'cppcheck' to perform static code analysis on C / C++ code
[0.840s] -- Configured cppcheck include dirs: /home/aiv/ev_ws/ros2_ver2/src/lidar/lidar_voxel_grid/include
[0.840s] -- Configured cppcheck exclude dirs and/or files: 
[0.840s] -- Added test 'lint_cmake' to check CMake code style
[0.841s] -- Added test 'uncrustify' to check C / C++ code style
[0.841s] -- Configured uncrustify additional arguments: 
[0.842s] -- Added test 'xmllint' to check XML markup files
[0.843s] -- Configuring done
[0.868s] -- Generating done
[0.873s] -- Build files have been written to: /home/aiv/ev_ws/ros2_ver2/build/lidar_voxel_grid
[0.882s] Invoked command in '/home/aiv/ev_ws/ros2_ver2/build/lidar_voxel_grid' returned '0': CMAKE_PREFIX_PATH=${CMAKE_PREFIX_PATH}:/home/aiv/ros2_study/install/my_second_package:/opt/ros/humble /usr/bin/cmake /home/aiv/ev_ws/ros2_ver2/src/lidar/lidar_voxel_grid -DCMAKE_INSTALL_PREFIX=/home/aiv/ev_ws/ros2_ver2/install/lidar_voxel_grid
[0.882s] Invoking command in '/home/aiv/ev_ws/ros2_ver2/build/lidar_voxel_grid': CMAKE_PREFIX_PATH=${CMAKE_PREFIX_PATH}:/home/aiv/ros2_study/install/my_second_package:/opt/ros/humble /usr/bin/cmake --build /home/aiv/ev_ws/ros2_ver2/build/lidar_voxel_grid -- -j28 -l28
[0.921s] [ 25%] [32mBuilding CXX object CMakeFiles/voxel_grid_component.dir/src/voxel_grid_component.cpp.o[0m
[0.923s] [ 50%] [32mBuilding CXX object CMakeFiles/voxel_grid_node.dir/rclcpp_components/node_main_voxel_grid_node.cpp.o[0m
[2.513s] [ 75%] [32m[1mLinking CXX executable voxel_grid_node[0m
[2.585s] [ 75%] Built target voxel_grid_node
[6.371s] [100%] [32m[1mLinking CXX shared library libvoxel_grid_component.so[0m
[6.883s] [100%] Built target voxel_grid_component
[6.891s] Invoked command in '/home/aiv/ev_ws/ros2_ver2/build/lidar_voxel_grid' returned '0': CMAKE_PREFIX_PATH=${CMAKE_PREFIX_PATH}:/home/aiv/ros2_study/install/my_second_package:/opt/ros/humble /usr/bin/cmake --build /home/aiv/ev_ws/ros2_ver2/build/lidar_voxel_grid -- -j28 -l28
[6.900s] Invoking command in '/home/aiv/ev_ws/ros2_ver2/build/lidar_voxel_grid': CMAKE_PREFIX_PATH=${CMAKE_PREFIX_PATH}:/home/aiv/ros2_study/install/my_second_package:/opt/ros/humble /usr/bin/cmake --install /home/aiv/ev_ws/ros2_ver2/build/lidar_voxel_grid
[6.904s] -- Install configuration: ""
[6.904s] -- Installing: /home/aiv/ev_ws/ros2_ver2/install/lidar_voxel_grid/lib/lidar_voxel_grid/voxel_grid_node
[6.904s] -- Set runtime path of "/home/aiv/ev_ws/ros2_ver2/install/lidar_voxel_grid/lib/lidar_voxel_grid/voxel_grid_node" to ""
[6.904s] -- Installing: /home/aiv/ev_ws/ros2_ver2/install/lidar_voxel_grid/lib/libvoxel_grid_component.so
[6.908s] -- Set runtime path of "/home/aiv/ev_ws/ros2_ver2/install/lidar_voxel_grid/lib/libvoxel_grid_component.so" to ""
[6.908s] -- Installing: /home/aiv/ev_ws/ros2_ver2/install/lidar_voxel_grid/include
[6.908s] -- Installing: /home/aiv/ev_ws/ros2_ver2/install/lidar_voxel_grid/include/lidar_voxel_grid
[6.908s] -- Installing: /home/aiv/ev_ws/ros2_ver2/install/lidar_voxel_grid/include/lidar_voxel_grid/voxel_grid_component.hpp
[6.908s] -- Installing: /home/aiv/ev_ws/ros2_ver2/install/lidar_voxel_grid/share/lidar_voxel_grid/config
[6.908s] -- Installing: /home/aiv/ev_ws/ros2_ver2/install/lidar_voxel_grid/share/lidar_voxel_grid/config/voxel_grid_params.yaml
[6.908s] -- Installing: /home/aiv/ev_ws/ros2_ver2/install/lidar_voxel_grid/share/ament_index/resource_index/package_run_dependencies/lidar_voxel_grid
[6.908s] -- Installing: /home/aiv/ev_ws/ros2_ver2/install/lidar_voxel_grid/share/ament_index/resource_index/parent_prefix_path/lidar_voxel_grid
[6.908s] -- Installing: /home/aiv/ev_ws/ros2_ver2/install/lidar_voxel_grid/share/lidar_voxel_grid/environment/ament_prefix_path.sh
[6.908s] -- Installing: /home/aiv/ev_ws/ros2_ver2/install/lidar_voxel_grid/share/lidar_voxel_grid/environment/ament_prefix_path.dsv
[6.908s] -- Installing: /home/aiv/ev_ws/ros2_ver2/install/lidar_voxel_grid/share/lidar_voxel_grid/environment/path.sh
[6.908s] -- Installing: /home/aiv/ev_ws/ros2_ver2/install/lidar_voxel_grid/share/lidar_voxel_grid/environment/path.dsv
[6.908s] -- Installing: /home/aiv/ev_ws/ros2_ver2/install/lidar_voxel_grid/share/lidar_voxel_grid/local_setup.bash
[6.908s] -- Installing: /home/aiv/ev_ws/ros2_ver2/install/lidar_voxel_grid/share/lidar_voxel_grid/local_setup.sh
[6.908s] -- Installing: /home/aiv/ev_ws/ros2_ver2/install/lidar_voxel_grid/share/lidar_voxel_grid/local_setup.zsh
[6.908s] -- Installing: /home/aiv/ev_ws/ros2_ver2/install/lidar_voxel_grid/share/lidar_voxel_grid/local_setup.dsv
[6.908s] -- Installing: /home/aiv/ev_ws/ros2_ver2/install/lidar_voxel_grid/share/lidar_voxel_grid/package.dsv
[6.908s] -- Installing: /home/aiv/ev_ws/ros2_ver2/install/lidar_voxel_grid/share/ament_index/resource_index/packages/lidar_voxel_grid
[6.908s] -- Installing: /home/aiv/ev_ws/ros2_ver2/install/lidar_voxel_grid/share/ament_index/resource_index/rclcpp_components/lidar_voxel_grid
[6.908s] -- Installing: /home/aiv/ev_ws/ros2_ver2/install/lidar_voxel_grid/share/lidar_voxel_grid/cmake/lidar_voxel_gridConfig.cmake
[6.908s] -- Installing: /home/aiv/ev_ws/ros2_ver2/install/lidar_voxel_grid/share/lidar_voxel_grid/cmake/lidar_voxel_gridConfig-version.cmake
[6.908s] -- Installing: /home/aiv/ev_ws/ros2_ver2/install/lidar_voxel_grid/share/lidar_voxel_grid/package.xml
[6.909s] Invoked command in '/home/aiv/ev_ws/ros2_ver2/build/lidar_voxel_grid' returned '0': CMAKE_PREFIX_PATH=${CMAKE_PREFIX_PATH}:/home/aiv/ros2_study/install/my_second_package:/opt/ros/humble /usr/bin/cmake --install /home/aiv/ev_ws/ros2_ver2/build/lidar_voxel_grid
