[0.006s] Invoking command in '/home/aiv/ev_ws/ros2_ver2/build/velodyne_ground_segmentation': CMAKE_PREFIX_PATH=${CMAKE_PREFIX_PATH}:/home/aiv/ros2_study/install/my_second_package:/opt/ros/humble /usr/bin/cmake --build /home/aiv/ev_ws/ros2_ver2/build/velodyne_ground_segmentation -- -j28 -l28
[0.023s] -- Found ament_cmake: 1.3.12 (/opt/ros/humble/share/ament_cmake/cmake)
[0.098s] -- Found rclcpp: 16.0.17 (/opt/ros/humble/share/rclcpp/cmake)
[0.111s] -- Found rosidl_generator_c: 3.1.8 (/opt/ros/humble/share/rosidl_generator_c/cmake)
[0.112s] -- Found rosidl_adapter: 3.1.8 (/opt/ros/humble/share/rosidl_adapter/cmake)
[0.115s] -- Found rosidl_generator_cpp: 3.1.8 (/opt/ros/humble/share/rosidl_generator_cpp/cmake)
[0.120s] -- Using all available rosidl_typesupport_c: rosidl_typesupport_fastrtps_c;rosidl_typesupport_introspection_c
[0.126s] -- Using all available rosidl_typesupport_cpp: rosidl_typesupport_fastrtps_cpp;rosidl_typesupport_introspection_cpp
[0.141s] -- Found rmw_implementation_cmake: 6.1.2 (/opt/ros/humble/share/rmw_implementation_cmake/cmake)
[0.142s] -- Found rmw_cyclonedds_cpp: 1.3.4 (/opt/ros/humble/share/rmw_cyclonedds_cpp/cmake)
[0.151s] -- Using RMW implementation 'rmw_cyclonedds_cpp' as default
[0.173s] -- Found rclcpp_components: 16.0.17 (/opt/ros/humble/share/rclcpp_components/cmake)
[0.181s] -- Found sensor_msgs: 4.9.0 (/opt/ros/humble/share/sensor_msgs/cmake)
[0.196s] -- Found ament_lint_auto: 0.12.14 (/opt/ros/humble/share/ament_lint_auto/cmake)
[0.230s] -- Added test 'cppcheck' to perform static code analysis on C / C++ code
[0.230s] -- Configured cppcheck include dirs: $<BUILD_INTERFACE:/home/aiv/ev_ws/ros2_ver2/velodyne/velodyne_ground_segmentation/include>
[0.230s] -- Configured cppcheck exclude dirs and/or files: 
[0.231s] -- Added test 'lint_cmake' to check CMake code style
[0.231s] -- Added test 'uncrustify' to check C / C++ code style
[0.231s] -- Configured uncrustify additional arguments: 
[0.231s] -- Added test 'xmllint' to check XML markup files
[0.232s] -- Configuring done
[0.236s] -- Generating done
[0.238s] -- Build files have been written to: /home/aiv/ev_ws/ros2_ver2/build/velodyne_ground_segmentation
[0.258s] Consolidate compiler generated dependencies of target ground_segmentation_component
[0.266s] [100%] Built target ground_segmentation_component
[0.272s] Invoked command in '/home/aiv/ev_ws/ros2_ver2/build/velodyne_ground_segmentation' returned '0': CMAKE_PREFIX_PATH=${CMAKE_PREFIX_PATH}:/home/aiv/ros2_study/install/my_second_package:/opt/ros/humble /usr/bin/cmake --build /home/aiv/ev_ws/ros2_ver2/build/velodyne_ground_segmentation -- -j28 -l28
[0.272s] Invoking command in '/home/aiv/ev_ws/ros2_ver2/build/velodyne_ground_segmentation': CMAKE_PREFIX_PATH=${CMAKE_PREFIX_PATH}:/home/aiv/ros2_study/install/my_second_package:/opt/ros/humble /usr/bin/cmake --install /home/aiv/ev_ws/ros2_ver2/build/velodyne_ground_segmentation
[0.277s] -- Install configuration: ""
[0.278s] -- Up-to-date: /home/aiv/ev_ws/ros2_ver2/install/velodyne_ground_segmentation/lib/libground_segmentation_component.so
[0.278s] -- Up-to-date: /home/aiv/ev_ws/ros2_ver2/install/velodyne_ground_segmentation/include
[0.278s] -- Up-to-date: /home/aiv/ev_ws/ros2_ver2/install/velodyne_ground_segmentation/include/velodyne_ground_segmentation
[0.278s] -- Up-to-date: /home/aiv/ev_ws/ros2_ver2/install/velodyne_ground_segmentation/include/velodyne_ground_segmentation/ground_segmentation_component.hpp
[0.278s] -- Up-to-date: /home/aiv/ev_ws/ros2_ver2/install/velodyne_ground_segmentation/share/velodyne_ground_segmentation/config
[0.278s] -- Up-to-date: /home/aiv/ev_ws/ros2_ver2/install/velodyne_ground_segmentation/share/velodyne_ground_segmentation/config/default_ground_segmentation_params.yaml
[0.278s] -- Up-to-date: /home/aiv/ev_ws/ros2_ver2/install/velodyne_ground_segmentation/share/velodyne_ground_segmentation/environment/library_path.sh
[0.278s] -- Installing: /home/aiv/ev_ws/ros2_ver2/install/velodyne_ground_segmentation/share/velodyne_ground_segmentation/environment/library_path.dsv
[0.278s] -- Up-to-date: /home/aiv/ev_ws/ros2_ver2/install/velodyne_ground_segmentation/share/ament_index/resource_index/package_run_dependencies/velodyne_ground_segmentation
[0.278s] -- Up-to-date: /home/aiv/ev_ws/ros2_ver2/install/velodyne_ground_segmentation/share/ament_index/resource_index/parent_prefix_path/velodyne_ground_segmentation
[0.278s] -- Up-to-date: /home/aiv/ev_ws/ros2_ver2/install/velodyne_ground_segmentation/share/velodyne_ground_segmentation/environment/ament_prefix_path.sh
[0.278s] -- Installing: /home/aiv/ev_ws/ros2_ver2/install/velodyne_ground_segmentation/share/velodyne_ground_segmentation/environment/ament_prefix_path.dsv
[0.278s] -- Up-to-date: /home/aiv/ev_ws/ros2_ver2/install/velodyne_ground_segmentation/share/velodyne_ground_segmentation/environment/path.sh
[0.278s] -- Installing: /home/aiv/ev_ws/ros2_ver2/install/velodyne_ground_segmentation/share/velodyne_ground_segmentation/environment/path.dsv
[0.278s] -- Up-to-date: /home/aiv/ev_ws/ros2_ver2/install/velodyne_ground_segmentation/share/velodyne_ground_segmentation/local_setup.bash
[0.278s] -- Up-to-date: /home/aiv/ev_ws/ros2_ver2/install/velodyne_ground_segmentation/share/velodyne_ground_segmentation/local_setup.sh
[0.278s] -- Up-to-date: /home/aiv/ev_ws/ros2_ver2/install/velodyne_ground_segmentation/share/velodyne_ground_segmentation/local_setup.zsh
[0.278s] -- Installing: /home/aiv/ev_ws/ros2_ver2/install/velodyne_ground_segmentation/share/velodyne_ground_segmentation/local_setup.dsv
[0.278s] -- Installing: /home/aiv/ev_ws/ros2_ver2/install/velodyne_ground_segmentation/share/velodyne_ground_segmentation/package.dsv
[0.278s] -- Up-to-date: /home/aiv/ev_ws/ros2_ver2/install/velodyne_ground_segmentation/share/ament_index/resource_index/packages/velodyne_ground_segmentation
[0.278s] -- Up-to-date: /home/aiv/ev_ws/ros2_ver2/install/velodyne_ground_segmentation/share/ament_index/resource_index/rclcpp_components/velodyne_ground_segmentation
[0.278s] -- Up-to-date: /home/aiv/ev_ws/ros2_ver2/install/velodyne_ground_segmentation/share/velodyne_ground_segmentation/cmake/ament_cmake_export_include_directories-extras.cmake
[0.278s] -- Up-to-date: /home/aiv/ev_ws/ros2_ver2/install/velodyne_ground_segmentation/share/velodyne_ground_segmentation/cmake/ament_cmake_export_libraries-extras.cmake
[0.278s] -- Up-to-date: /home/aiv/ev_ws/ros2_ver2/install/velodyne_ground_segmentation/share/velodyne_ground_segmentation/cmake/ament_cmake_export_dependencies-extras.cmake
[0.278s] -- Up-to-date: /home/aiv/ev_ws/ros2_ver2/install/velodyne_ground_segmentation/share/velodyne_ground_segmentation/cmake/velodyne_ground_segmentationConfig.cmake
[0.278s] -- Up-to-date: /home/aiv/ev_ws/ros2_ver2/install/velodyne_ground_segmentation/share/velodyne_ground_segmentation/cmake/velodyne_ground_segmentationConfig-version.cmake
[0.278s] -- Up-to-date: /home/aiv/ev_ws/ros2_ver2/install/velodyne_ground_segmentation/share/velodyne_ground_segmentation/package.xml
[0.279s] Invoked command in '/home/aiv/ev_ws/ros2_ver2/build/velodyne_ground_segmentation' returned '0': CMAKE_PREFIX_PATH=${CMAKE_PREFIX_PATH}:/home/aiv/ros2_study/install/my_second_package:/opt/ros/humble /usr/bin/cmake --install /home/aiv/ev_ws/ros2_ver2/build/velodyne_ground_segmentation
