[0.009s] Invoking command in '/home/aiv/ev_ws/ros2_ver2/build/lidar_clustering': CMAKE_PREFIX_PATH=${CMAKE_PREFIX_PATH}:/home/aiv/ros2_study/install/my_second_package:/opt/ros/humble /usr/bin/cmake --build /home/aiv/ev_ws/ros2_ver2/build/lidar_clustering -- -j28 -l28
[0.055s] [ 14%] [32mBuilding CUDA object CMakeFiles/dbscan_gpu_kernels.dir/src/dbscan_gpu.cu.o[0m
[0.361s] [01m[K/tmp/tmpxft_000037bb_00000000-6_dbscan_gpu.cudafe1.cpp:1:3:[m[K [01;35m[Kwarning: [m[Kstyle of line directive is a GCC extension
[0.361s]     1 | # [01;35m[K1[m[K "/home/aiv/ev_ws/ros2_ver2/src/lidar/lidar_clustering/src/dbscan_gpu.cu"
[0.361s]       |   [01;35m[K^[m[K
[0.361s] [01m[K/home/aiv/ev_ws/ros2_ver2/src/lidar/lidar_clustering/src/dbscan_gpu.cu:2:3:[m[K [01;35m[Kwarning: [m[Kstyle of line directive is a GCC extension
[0.361s]     2 | //[01;35m[K [m[KNO STL, NO CUB, NO Thrust - only cuda_runtime.h and C headers
[0.361s]       |   [01;35m[K^[m[K
[0.361s] [01m[K/home/aiv/ev_ws/ros2_ver2/src/lidar/lidar_clustering/src/dbscan_gpu.cu:2:3:[m[K [01;35m[Kwarning: [m[Kstyle of line directive is a GCC extension
[0.361s]     2 | //[01;35m[K [m[KNO STL, NO CUB, NO Thrust - only cuda_runtime.h and C headers
[0.361s]       |   [01;35m[K^[m[K
[0.361s] [01m[K/home/aiv/ev_ws/ros2_ver2/src/lidar/lidar_clustering/src/dbscan_gpu.cu:2:3:[m[K [01;35m[Kwarning: [m[Kstyle of line directive is a GCC extension
[0.361s]     2 | //[01;35m[K [m[KNO STL, NO CUB, NO Thrust - only cuda_runtime.h and C headers
[0.361s]       |   [01;35m[K^[m[K
[0.362s] [01m[K/home/aiv/ev_ws/ros2_ver2/src/lidar/lidar_clustering/src/dbscan_gpu.cu:2:3:[m[K [01;35m[Kwarning: [m[Kstyle of line directive is a GCC extension
[0.362s]     2 | //[01;35m[K [m[KNO STL, NO CUB, NO Thrust - only cuda_runtime.h and C headers
[0.362s]       |   [01;35m[K^[m[K
[0.362s] [01m[K/home/aiv/ev_ws/ros2_ver2/src/lidar/lidar_clustering/src/dbscan_gpu.cu:2:3:[m[K [01;35m[Kwarning: [m[Kstyle of line directive is a GCC extension
[0.362s]     2 | //[01;35m[K [m[KNO STL, NO CUB, NO Thrust - only cuda_runtime.h and C headers
[0.362s]       |   [01;35m[K^[m[K
[0.362s] [01m[K/home/aiv/ev_ws/ros2_ver2/src/lidar/lidar_clustering/src/dbscan_gpu.cu:2:3:[m[K [01;35m[Kwarning: [m[Kstyle of line directive is a GCC extension
[0.362s]     2 | //[01;35m[K [m[KNO STL, NO CUB, NO Thrust - only cuda_runtime.h and C headers
[0.362s]       |   [01;35m[K^[m[K
[0.362s] [01m[K/home/aiv/ev_ws/ros2_ver2/src/lidar/lidar_clustering/src/dbscan_gpu.cu:3:3:[m[K [01;35m[Kwarning: [m[Kstyle of line directive is a GCC extension
[0.362s]     3 | //[01;35m[K [m[KThis avoids nvcc 11.5 + GCC 11 incompatibility with <functional>
[0.362s]       |   [01;35m[K^[m[K
[0.362s] [01m[K/home/aiv/ev_ws/ros2_ver2/src/lidar/lidar_clustering/src/dbscan_gpu.cu:6:3:[m[K [01;35m[Kwarning: [m[Kstyle of line directive is a GCC extension
[0.362s]     6 | 
[0.362s]       |   [01;35m[K^[m[K
[0.362s] [01m[K/home/aiv/ev_ws/ros2_ver2/src/lidar/lidar_clustering/src/dbscan_gpu.cu:1:3:[m[K [01;35m[Kwarning: [m[Kstyle of line directive is a GCC extension
[0.362s]     1 | //[01;35m[K P[m[Kure CUDA kernels + C API wrappers
[0.362s]       |   [01;35m[K^~[m[K
[0.368s] [01m[K/home/aiv/ev_ws/ros2_ver2/src/lidar/lidar_clustering/include/lidar_clustering/dbscan_gpu_kernels.h:9:3:[m[K [01;35m[Kwarning: [m[Kstyle of line directive is a GCC extension
[0.368s]     9 | #e[01;35m[Knd[m[Kif
[0.368s]       |   [01;35m[K^~[m[K
[0.368s] [01m[K/home/aiv/ev_ws/ros2_ver2/src/lidar/lidar_clustering/include/lidar_clustering/dbscan_gpu_kernels.h:13:3:[m[K [01;35m[Kwarning: [m[Kstyle of line directive is a GCC extension
[0.368s]    13 | 
[0.368s]       |   [01;35m[K^[m[K 
[0.368s] [01m[K/home/aiv/ev_ws/ros2_ver2/src/lidar/lidar_clustering/include/lidar_clustering/dbscan_gpu_kernels.h:16:3:[m[K [01;35m[Kwarning: [m[Kstyle of line directive is a GCC extension
[0.368s]    16 | vo[01;35m[Kid[m[K gpu_resources_destroy(GpuResourcesHandle h);
[0.368s]       |   [01;35m[K^~[m[K
[0.368s] [01m[K/home/aiv/ev_ws/ros2_ver2/src/lidar/lidar_clustering/include/lidar_clustering/dbscan_gpu_kernels.h:17:3:[m[K [01;35m[Kwarning: [m[Kstyle of line directive is a GCC extension
[0.368s]    17 | 
[0.369s]       |   [01;35m[K^[m[K 
[0.369s] [01m[K/home/aiv/ev_ws/ros2_ver2/src/lidar/lidar_clustering/include/lidar_clustering/dbscan_gpu_kernels.h:20:3:[m[K [01;35m[Kwarning: [m[Kstyle of line directive is a GCC extension
[0.369s]    20 | 
[0.369s]       |   [01;35m[K^[m[K 
[0.369s] [01m[K/home/aiv/ev_ws/ros2_ver2/src/lidar/lidar_clustering/include/lidar_clustering/dbscan_gpu_kernels.h:23:3:[m[K [01;35m[Kwarning: [m[Kstyle of line directive is a GCC extension
[0.369s]    23 |   [01;35m[KGp[m[KuResourcesHandle h, int n,
[0.370s]       |   [01;35m[K^~[m[K
[0.370s] [01m[K/home/aiv/ev_ws/ros2_ver2/src/lidar/lidar_clustering/include/lidar_clustering/dbscan_gpu_kernels.h:31:3:[m[K [01;35m[Kwarning: [m[Kstyle of line directive is a GCC extension
[0.370s]    31 |   [01;35m[KGp[m[KuResourcesHandle h,
[0.370s]       |   [01;35m[K^~[m[K
[0.370s] [01m[K/home/aiv/ev_ws/ros2_ver2/src/lidar/lidar_clustering/include/lidar_clustering/dbscan_gpu_kernels.h:37:3:[m[K [01;35m[Kwarning: [m[Kstyle of line directive is a GCC extension
[0.370s]    37 |   [01;35m[KGp[m[KuResourcesHandle h, int n,
[0.370s]       |   [01;35m[K^~[m[K
[0.370s] [01m[K/home/aiv/ev_ws/ros2_ver2/src/lidar/lidar_clustering/include/lidar_clustering/dbscan_gpu_kernels.h:44:3:[m[K [01;35m[Kwarning: [m[Kstyle of line directive is a GCC extension
[0.370s]    44 |   [01;35m[KGp[m[KuResourcesHandle h, int n,
[0.370s]       |   [01;35m[K^~[m[K
[0.370s] [01m[K/home/aiv/ev_ws/ros2_ver2/src/lidar/lidar_clustering/include/lidar_clustering/dbscan_gpu_kernels.h:53:3:[m[K [01;35m[Kwarning: [m[Kstyle of line directive is a GCC extension
[0.370s]    53 |   [01;35m[KGp[m[KuResourcesHandle h, int n,
[0.370s]       |   [01;35m[K^~[m[K
[0.370s] [01m[K/home/aiv/ev_ws/ros2_ver2/src/lidar/lidar_clustering/include/lidar_clustering/dbscan_gpu_kernels.h:60:3:[m[K [01;35m[Kwarning: [m[Kstyle of line directive is a GCC extension
[0.370s]    60 | 
[0.370s]       |   [01;35m[K^[m[K 
[0.370s] [01m[K/home/aiv/ev_ws/ros2_ver2/src/lidar/lidar_clustering/include/lidar_clustering/dbscan_gpu_kernels.h:63:3:[m[K [01;35m[Kwarning: [m[Kstyle of line directive is a GCC extension
[0.370s]    63 | #e[01;35m[Knd[m[Kif
[0.370s]       |   [01;35m[K^~[m[K
[0.371s] [01m[K/home/aiv/ev_ws/ros2_ver2/src/lidar/lidar_clustering/src/dbscan_gpu.cu:15:3:[m[K [01;35m[Kwarning: [m[Kstyle of line directive is a GCC extension
[0.371s]    15 |   [01;35m[Kfl[m[Koat* d_px;
[0.371s]       |   [01;35m[K^~[m[K
[0.371s] [01m[K/home/aiv/ev_ws/ros2_ver2/src/lidar/lidar_clustering/src/dbscan_gpu.cu:16:3:[m[K [01;35m[Kwarning: [m[Kstyle of line directive is a GCC extension
[0.371s]    16 |   [01;35m[Kfl[m[Koat* d_py;
[0.371s]       |   [01;35m[K^~[m[K
[0.371s] [01m[K/home/aiv/ev_ws/ros2_ver2/src/lidar/lidar_clustering/src/dbscan_gpu.cu:17:3:[m[K [01;35m[Kwarning: [m[Kstyle of line directive is a GCC extension
[0.371s]    17 |   [01;35m[Kfl[m[Koat* d_pz;
[0.371s]       |   [01;35m[K^~[m[K
[0.371s] [01m[K/home/aiv/ev_ws/ros2_ver2/src/lidar/lidar_clustering/src/dbscan_gpu.cu:18:3:[m[K [01;35m[Kwarning: [m[Kstyle of line directive is a GCC extension
[0.371s]    18 |   [01;35m[Kin[m[Kt* d_cell_indices;
[0.371s]       |   [01;35m[K^~[m[K
[0.371s] [01m[K/home/aiv/ev_ws/ros2_ver2/src/lidar/lidar_clustering/src/dbscan_gpu.cu:19:3:[m[K [01;35m[Kwarning: [m[Kstyle of line directive is a GCC extension
[0.371s]    19 |   [01;35m[Kin[m[Kt* d_sorted_indices;
[0.371s]       |   [01;35m[K^~[m[K
[0.372s] [01m[K/home/aiv/ev_ws/ros2_ver2/src/lidar/lidar_clustering/src/dbscan_gpu.cu:20:3:[m[K [01;35m[Kwarning: [m[Kstyle of line directive is a GCC extension
[0.372s]    20 |   [01;35m[Kin[m[Kt* d_sorted_cells;
[0.372s]       |   [01;35m[K^~[m[K
[0.372s] [01m[K/home/aiv/ev_ws/ros2_ver2/src/lidar/lidar_clustering/src/dbscan_gpu.cu:21:3:[m[K [01;35m[Kwarning: [m[Kstyle of line directive is a GCC extension
[0.372s]    21 |   [01;35m[Kin[m[Kt* d_cell_start;
[0.372s]       |   [01;35m[K^~[m[K
[0.372s] [01m[K/home/aiv/ev_ws/ros2_ver2/src/lidar/lidar_clustering/src/dbscan_gpu.cu:22:3:[m[K [01;35m[Kwarning: [m[Kstyle of line directive is a GCC extension
[0.372s]    22 |   [01;35m[Kin[m[Kt* d_cell_end;
[0.372s]       |   [01;35m[K^~[m[K
[0.372s] [01m[K/home/aiv/ev_ws/ros2_ver2/src/lidar/lidar_clustering/src/dbscan_gpu.cu:23:3:[m[K [01;35m[Kwarning: [m[Kstyle of line directive is a GCC extension
[0.372s]    23 |   [01;35m[Kin[m[Kt* d_neighbor_counts;
[0.372s]       |   [01;35m[K^~[m[K
[0.372s] [01m[K/home/aiv/ev_ws/ros2_ver2/src/lidar/lidar_clustering/src/dbscan_gpu.cu:24:3:[m[K [01;35m[Kwarning: [m[Kstyle of line directive is a GCC extension
[0.372s]    24 |   [01;35m[Kin[m[Kt* d_is_core;
[0.372s]       |   [01;35m[K^~[m[K
[0.372s] [01m[K/home/aiv/ev_ws/ros2_ver2/src/lidar/lidar_clustering/src/dbscan_gpu.cu:25:3:[m[K [01;35m[Kwarning: [m[Kstyle of line directive is a GCC extension
[0.372s]    25 |   [01;35m[Kin[m[Kt* d_neighbor_offsets;
[0.372s]       |   [01;35m[K^~[m[K
[0.372s] [01m[K/home/aiv/ev_ws/ros2_ver2/src/lidar/lidar_clustering/src/dbscan_gpu.cu:26:3:[m[K [01;35m[Kwarning: [m[Kstyle of line directive is a GCC extension
[0.373s]    26 |   [01;35m[Kin[m[Kt* d_neighbor_list;
[0.373s]       |   [01;35m[K^~[m[K
[0.373s] [01m[K/home/aiv/ev_ws/ros2_ver2/src/lidar/lidar_clustering/src/dbscan_gpu.cu:27:3:[m[K [01;35m[Kwarning: [m[Kstyle of line directive is a GCC extension
[0.373s]    27 |   [01;35m[Ksi[m[Kze_t max_points;
[0.373s]       |   [01;35m[K^~[m[K
[0.373s] [01m[K/home/aiv/ev_ws/ros2_ver2/src/lidar/lidar_clustering/src/dbscan_gpu.cu:28:3:[m[K [01;35m[Kwarning: [m[Kstyle of line directive is a GCC extension
[0.373s]    28 |   [01;35m[Ksi[m[Kze_t max_cells;
[0.373s]       |   [01;35m[K^~[m[K
[0.373s] [01m[K/home/aiv/ev_ws/ros2_ver2/src/lidar/lidar_clustering/src/dbscan_gpu.cu:29:3:[m[K [01;35m[Kwarning: [m[Kstyle of line directive is a GCC extension
[0.373s]    29 |   [01;35m[Ksi[m[Kze_t max_neighbors;
[0.373s]       |   [01;35m[K^~[m[K
[0.373s] [01m[K/home/aiv/ev_ws/ros2_ver2/src/lidar/lidar_clustering/src/dbscan_gpu.cu:30:3:[m[K [01;35m[Kwarning: [m[Kstyle of line directive is a GCC extension
[0.373s]    30 | };
[0.373s]       |   [01;35m[K^[m[K 
[0.373s] [01m[K/home/aiv/ev_ws/ros2_ver2/src/lidar/lidar_clustering/src/dbscan_gpu.cu:31:3:[m[K [01;35m[Kwarning: [m[Kstyle of line directive is a GCC extension
[0.373s]    31 | 
[0.373s]       |   [01;35m[K^[m[K 
[0.373s] [01m[K/home/aiv/ev_ws/ros2_ver2/src/lidar/lidar_clustering/src/dbscan_gpu.cu:37:3:[m[K [01;35m[Kwarning: [m[Kstyle of line directive is a GCC extension
[0.373s]    37 |   [01;35m[Kin[m[Kt p = labels[i];
[0.373s]       |   [01;35m[K^~[m[K
[0.373s] [01m[K/home/aiv/ev_ws/ros2_ver2/src/lidar/lidar_clustering/src/dbscan_gpu.cu:70:3:[m[K [01;35m[Kwarning: [m[Kstyle of line directive is a GCC extension
[0.373s]    70 |   [01;35m[K  [m[Kroot_j = small;
[0.373s]       |   [01;35m[K^[m[K 
[0.373s] [01m[K/home/aiv/ev_ws/ros2_ver2/src/lidar/lidar_clustering/src/dbscan_gpu.cu:50:3:[m[K [01;35m[Kwarning: [m[Kstyle of line directive is a GCC extension
[0.373s]    50 |   [01;35m[Kin[m[Kt root_i = i;
[0.373s]       |   [01;35m[K^~[m[K
[0.373s] [01m[K/home/aiv/ev_ws/ros2_ver2/src/lidar/lidar_clustering/src/dbscan_gpu.cu:107:3:[m[K [01;35m[Kwarning: [m[Kstyle of line directive is a GCC extension
[0.373s]   107 |   [01;35m[K}[m[K
[0.373s]       |   [01;35m[K^[m[K 
[0.373s] [01m[K/home/aiv/ev_ws/ros2_ver2/src/lidar/lidar_clustering/src/dbscan_gpu.cu:75:3:[m[K [01;35m[Kwarning: [m[Kstyle of line directive is a GCC extension
[0.373s]    75 |   [01;35m[Kco[m[Knst float* px, const float* py, const float* pz,
[0.373s]       |   [01;35m[K^~[m[K
[0.373s] [01m[K/home/aiv/ev_ws/ros2_ver2/src/lidar/lidar_clustering/src/dbscan_gpu.cu:76:3:[m[K [01;35m[Kwarning: [m[Kstyle of line directive is a GCC extension
[0.373s]    76 |   [01;35m[Kin[m[Kt* cell_indices, int n,
[0.373s]       |   [01;35m[K^~[m[K
[0.373s] [01m[K/home/aiv/ev_ws/ros2_ver2/src/lidar/lidar_clustering/src/dbscan_gpu.cu:77:3:[m[K [01;35m[Kwarning: [m[Kstyle of line directive is a GCC extension
[0.373s]    77 |   [01;35m[Kfl[m[Koat origin_x, float origin_y, float origin_z,
[0.374s]       |   [01;35m[K^~[m[K
[0.374s] [01m[K/home/aiv/ev_ws/ros2_ver2/src/lidar/lidar_clustering/src/dbscan_gpu.cu:78:3:[m[K [01;35m[Kwarning: [m[Kstyle of line directive is a GCC extension
[0.374s]    78 |   [01;35m[Kfl[m[Koat inv_cell_size,
[0.374s]       |   [01;35m[K^~[m[K
[0.374s] [01m[K/home/aiv/ev_ws/ros2_ver2/src/lidar/lidar_clustering/src/dbscan_gpu.cu:79:3:[m[K [01;35m[Kwarning: [m[Kstyle of line directive is a GCC extension
[0.374s]    79 |   [01;35m[Kin[m[Kt grid_x, int grid_y, int grid_z)
[0.374s]       |   [01;35m[K^~[m[K
[0.374s] [01m[K/home/aiv/ev_ws/ros2_ver2/src/lidar/lidar_clustering/src/dbscan_gpu.cu:110:3:[m[K [01;35m[Kwarning: [m[Kstyle of line directive is a GCC extension
[0.374s]   110 |   [01;35m[K}[m[K
[0.374s]       |   [01;35m[K^[m[K 
[0.374s] [01m[K/home/aiv/ev_ws/ros2_ver2/src/lidar/lidar_clustering/src/dbscan_gpu.cu:99:3:[m[K [01;35m[Kwarning: [m[Kstyle of line directive is a GCC extension
[0.374s]    99 |   [01;35m[Kco[m[Knst int* cell_indices, int* cell_start, int* cell_end, int n)
[0.374s]       |   [01;35m[K^~[m[K
[0.374s] [01m[K/home/aiv/ev_ws/ros2_ver2/src/lidar/lidar_clustering/src/dbscan_gpu.cu:124:3:[m[K [01;35m[Kwarning: [m[Kstyle of line directive is a GCC extension
[0.374s]   124 | 
[0.374s]       |   [01;35m[K^[m[K  
[0.374s] [01m[K/home/aiv/ev_ws/ros2_ver2/src/lidar/lidar_clustering/src/dbscan_gpu.cu:114:3:[m[K [01;35m[Kwarning: [m[Kstyle of line directive is a GCC extension
[0.374s]   114 |   [01;35m[Kcon[m[Kst float* px, const float* py, const float* pz,
[0.374s]       |   [01;35m[K^~~[m[K
[0.374s] [01m[K/home/aiv/ev_ws/ros2_ver2/src/lidar/lidar_clustering/src/dbscan_gpu.cu:115:3:[m[K [01;35m[Kwarning: [m[Kstyle of line directive is a GCC extension
[0.374s]   115 |   [01;35m[Kcon[m[Kst int* sorted_indices,
[0.374s]       |   [01;35m[K^~~[m[K
[0.374s] [01m[K/home/aiv/ev_ws/ros2_ver2/src/lidar/lidar_clustering/src/dbscan_gpu.cu:116:3:[m[K [01;35m[Kwarning: [m[Kstyle of line directive is a GCC extension
[0.374s]   116 |   [01;35m[Kcon[m[Kst int* cell_indices_sorted,
[0.374s]       |   [01;35m[K^~~[m[K
[0.374s] [01m[K/home/aiv/ev_ws/ros2_ver2/src/lidar/lidar_clustering/src/dbscan_gpu.cu:117:3:[m[K [01;35m[Kwarning: [m[Kstyle of line directive is a GCC extension
[0.374s]   117 |   [01;35m[Kcon[m[Kst int* cell_start, const int* cell_end,
[0.374s]       |   [01;35m[K^~~[m[K
[0.374s] [01m[K/home/aiv/ev_ws/ros2_ver2/src/lidar/lidar_clustering/src/dbscan_gpu.cu:118:3:[m[K [01;35m[Kwarning: [m[Kstyle of line directive is a GCC extension
[0.374s]   118 |   [01;35m[Kint[m[K n, float eps_sq, int min_pts,
[0.374s]       |   [01;35m[K^~~[m[K
[0.374s] [01m[K/home/aiv/ev_ws/ros2_ver2/src/lidar/lidar_clustering/src/dbscan_gpu.cu:119:3:[m[K [01;35m[Kwarning: [m[Kstyle of line directive is a GCC extension
[0.374s]   119 |   [01;35m[Kint[m[K* neighbor_counts, int* is_core,
[0.374s]       |   [01;35m[K^~~[m[K
[0.374s] [01m[K/home/aiv/ev_ws/ros2_ver2/src/lidar/lidar_clustering/src/dbscan_gpu.cu:120:3:[m[K [01;35m[Kwarning: [m[Kstyle of line directive is a GCC extension
[0.374s]   120 |   [01;35m[Kint[m[K grid_x, int grid_y, int grid_z)
[0.374s]       |   [01;35m[K^~~[m[K
[0.374s] [01m[K/home/aiv/ev_ws/ros2_ver2/src/lidar/lidar_clustering/src/dbscan_gpu.cu:201:3:[m[K [01;35m[Kwarning: [m[Kstyle of line directive is a GCC extension
[0.374s]   201 |   [01;35m[K   [m[K   int start = cell_start[ncell];
[0.374s]       |   [01;35m[K^[m[K  
[0.374s] [01m[K/home/aiv/ev_ws/ros2_ver2/src/lidar/lidar_clustering/src/dbscan_gpu.cu:168:3:[m[K [01;35m[Kwarning: [m[Kstyle of line directive is a GCC extension
[0.374s]   168 |   [01;35m[Kcon[m[Kst float* px, const float* py, const float* pz,
[0.374s]       |   [01;35m[K^~~[m[K
[0.374s] [01m[K/home/aiv/ev_ws/ros2_ver2/src/lidar/lidar_clustering/src/dbscan_gpu.cu:169:3:[m[K [01;35m[Kwarning: [m[Kstyle of line directive is a GCC extension
[0.374s]   169 |   [01;35m[Kcon[m[Kst int* sorted_indices,
[0.374s]       |   [01;35m[K^~~[m[K
[0.375s] [01m[K/home/aiv/ev_ws/ros2_ver2/src/lidar/lidar_clustering/src/dbscan_gpu.cu:170:3:[m[K [01;35m[Kwarning: [m[Kstyle of line directive is a GCC extension
[0.375s]   170 |   [01;35m[Kcon[m[Kst int* cell_indices_sorted,
[0.375s]       |   [01;35m[K^~~[m[K
[0.375s] [01m[K/home/aiv/ev_ws/ros2_ver2/src/lidar/lidar_clustering/src/dbscan_gpu.cu:171:3:[m[K [01;35m[Kwarning: [m[Kstyle of line directive is a GCC extension
[0.375s]   171 |   [01;35m[Kcon[m[Kst int* cell_start, const int* cell_end,
[0.375s]       |   [01;35m[K^~~[m[K
[0.375s] [01m[K/home/aiv/ev_ws/ros2_ver2/src/lidar/lidar_clustering/src/dbscan_gpu.cu:172:3:[m[K [01;35m[Kwarning: [m[Kstyle of line directive is a GCC extension
[0.375s]   172 |   [01;35m[Kint[m[K n, float eps_sq,
[0.375s]       |   [01;35m[K^~~[m[K
[0.375s] [01m[K/home/aiv/ev_ws/ros2_ver2/src/lidar/lidar_clustering/src/dbscan_gpu.cu:173:3:[m[K [01;35m[Kwarning: [m[Kstyle of line directive is a GCC extension
[0.375s]   173 |   [01;35m[Kcon[m[Kst int* neighbor_offsets,
[0.375s]       |   [01;35m[K^~~[m[K
[0.375s] [01m[K/home/aiv/ev_ws/ros2_ver2/src/lidar/lidar_clustering/src/dbscan_gpu.cu:174:3:[m[K [01;35m[Kwarning: [m[Kstyle of line directive is a GCC extension
[0.375s]   174 |   [01;35m[Kint[m[K* neighbor_list,
[0.375s]       |   [01;35m[K^~~[m[K
[0.375s] [01m[K/home/aiv/ev_ws/ros2_ver2/src/lidar/lidar_clustering/src/dbscan_gpu.cu:175:3:[m[K [01;35m[Kwarning: [m[Kstyle of line directive is a GCC extension
[0.375s]   175 |   [01;35m[Kint[m[K grid_x, int grid_y, int grid_z)
[0.375s]       |   [01;35m[K^~~[m[K
[0.375s] [01m[K/home/aiv/ev_ws/ros2_ver2/src/lidar/lidar_clustering/src/dbscan_gpu.cu:252:3:[m[K [01;35m[Kwarning: [m[Kstyle of line directive is a GCC extension
[0.375s]   252 |   [01;35m[Kif [m[K(cudaMalloc(&r->d_neighbor_offsets, (max_points + 1) * sizeof(int)) != cudaSuccess) goto fail;
[0.375s]       |   [01;35m[K^~~[m[K
[0.375s] [01m[K/home/aiv/ev_ws/ros2_ver2/src/lidar/lidar_clustering/src/dbscan_gpu.cu:225:3:[m[K [01;35m[Kwarning: [m[Kstyle of line directive is a GCC extension
[0.375s]   225 |   [01;35m[Kif [m[K(err != cudaSuccess) {
[0.375s]       |   [01;35m[K^~~[m[K
[0.375s] [01m[K/home/aiv/ev_ws/ros2_ver2/src/lidar/lidar_clustering/src/dbscan_gpu.cu:226:3:[m[K [01;35m[Kwarning: [m[Kstyle of line directive is a GCC extension
[0.375s]   226 |   [01;35m[K  f[m[Kprintf(stderr, "CUDA error: %s\n", cudaGetErrorString(err));
[0.375s]       |   [01;35m[K^[m[K [01;35m[K~[m[K
[0.375s] [01m[K/home/aiv/ev_ws/ros2_ver2/src/lidar/lidar_clustering/src/dbscan_gpu.cu:227:3:[m[K [01;35m[Kwarning: [m[Kstyle of line directive is a GCC extension
[0.375s]   227 |   [01;35m[K  r[m[Keturn -1;
[0.375s]       |   [01;35m[K^[m[K [01;35m[K~[m[K
[0.375s] [01m[K/home/aiv/ev_ws/ros2_ver2/src/lidar/lidar_clustering/src/dbscan_gpu.cu:228:3:[m[K [01;35m[Kwarning: [m[Kstyle of line directive is a GCC extension
[0.375s]   228 |   [01;35m[K}[m[K
[0.375s]       |   [01;35m[K^[m[K  
[0.375s] [01m[K/home/aiv/ev_ws/ros2_ver2/src/lidar/lidar_clustering/src/dbscan_gpu.cu:229:3:[m[K [01;35m[Kwarning: [m[Kstyle of line directive is a GCC extension
[0.375s]   229 |   [01;35m[Kret[m[Kurn 0;
[0.375s]       |   [01;35m[K^~~[m[K
[0.375s] [01m[K/home/aiv/ev_ws/ros2_ver2/src/lidar/lidar_clustering/src/dbscan_gpu.cu:230:3:[m[K [01;35m[Kwarning: [m[Kstyle of line directive is a GCC extension
[0.375s]   230 | }
[0.375s]       |   [01;35m[K^[m[K  
[0.375s] [01m[K/home/aiv/ev_ws/ros2_ver2/src/lidar/lidar_clustering/src/dbscan_gpu.cu:231:3:[m[K [01;35m[Kwarning: [m[Kstyle of line directive is a GCC extension
[0.375s]   231 | 
[0.375s]       |   [01;35m[K^[m[K  
[0.375s] [01m[K/home/aiv/ev_ws/ros2_ver2/src/lidar/lidar_clustering/src/dbscan_gpu.cu:233:3:[m[K [01;35m[Kwarning: [m[Kstyle of line directive is a GCC extension
[0.375s]   233 |   [01;35m[Ksiz[m[Ke_t max_points, size_t max_cells, size_t max_neighbors)
[0.375s]       |   [01;35m[K^~~[m[K
[0.375s] [01m[K/home/aiv/ev_ws/ros2_ver2/src/lidar/lidar_clustering/src/dbscan_gpu.cu:234:3:[m[K [01;35m[Kwarning: [m[Kstyle of line directive is a GCC extension
[0.375s]   234 | {
[0.375s]       |   [01;35m[K^[m[K  
[0.375s] [01m[K/home/aiv/ev_ws/ros2_ver2/src/lidar/lidar_clustering/src/dbscan_gpu.cu:235:3:[m[K [01;35m[Kwarning: [m[Kstyle of line directive is a GCC extension
[0.376s]   235 |   [01;35m[KGpu[m[KResources* r = (GpuResources*)calloc(1, sizeof(GpuResources));
[0.376s]       |   [01;35m[K^~~[m[K
[0.376s] [01m[K/home/aiv/ev_ws/ros2_ver2/src/lidar/lidar_clustering/src/dbscan_gpu.cu:236:3:[m[K [01;35m[Kwarning: [m[Kstyle of line directive is a GCC extension
[0.376s]   236 |   [01;35m[Kif [m[K(!r) return NULL;
[0.376s]       |   [01;35m[K^~~[m[K
[0.376s] [01m[K/home/aiv/ev_ws/ros2_ver2/src/lidar/lidar_clustering/src/dbscan_gpu.cu:237:3:[m[K [01;35m[Kwarning: [m[Kstyle of line directive is a GCC extension
[0.376s]   237 | 
[0.376s]       |   [01;35m[K^[m[K  
[0.376s] [01m[K/home/aiv/ev_ws/ros2_ver2/src/lidar/lidar_clustering/src/dbscan_gpu.cu:239:3:[m[K [01;35m[Kwarning: [m[Kstyle of line directive is a GCC extension
[0.376s]   239 |   [01;35m[Kr->[m[Kmax_cells = max_cells;
[0.376s]       |   [01;35m[K^~~[m[K
[0.376s] [01m[K/home/aiv/ev_ws/ros2_ver2/src/lidar/lidar_clustering/src/dbscan_gpu.cu:240:3:[m[K [01;35m[Kwarning: [m[Kstyle of line directive is a GCC extension
[0.376s]   240 |   [01;35m[Kr->[m[Kmax_neighbors = max_neighbors;
[0.376s]       |   [01;35m[K^~~[m[K
[0.376s] [01m[K/home/aiv/ev_ws/ros2_ver2/src/lidar/lidar_clustering/src/dbscan_gpu.cu:241:3:[m[K [01;35m[Kwarning: [m[Kstyle of line directive is a GCC extension
[0.376s]   241 | 
[0.376s]       |   [01;35m[K^[m[K  
[0.376s] [01m[K/home/aiv/ev_ws/ros2_ver2/src/lidar/lidar_clustering/src/dbscan_gpu.cu:243:3:[m[K [01;35m[Kwarning: [m[Kstyle of line directive is a GCC extension
[0.376s]   243 |   [01;35m[Kif [m[K(cudaMalloc(&r->d_py, max_points * sizeof(float)) != cudaSuccess) goto fail;
[0.376s]       |   [01;35m[K^~~[m[K
[0.376s] [01m[K/home/aiv/ev_ws/ros2_ver2/src/lidar/lidar_clustering/src/dbscan_gpu.cu:244:3:[m[K [01;35m[Kwarning: [m[Kstyle of line directive is a GCC extension
[0.376s]   244 |   [01;35m[Kif [m[K(cudaMalloc(&r->d_pz, max_points * sizeof(float)) != cudaSuccess) goto fail;
[0.376s]       |   [01;35m[K^~~[m[K
[0.376s] [01m[K/home/aiv/ev_ws/ros2_ver2/src/lidar/lidar_clustering/src/dbscan_gpu.cu:245:3:[m[K [01;35m[Kwarning: [m[Kstyle of line directive is a GCC extension
[0.376s]   245 |   [01;35m[Kif [m[K(cudaMalloc(&r->d_cell_indices, max_points * sizeof(int)) != cudaSuccess) goto fail;
[0.376s]       |   [01;35m[K^~~[m[K
[0.376s] [01m[K/home/aiv/ev_ws/ros2_ver2/src/lidar/lidar_clustering/src/dbscan_gpu.cu:246:3:[m[K [01;35m[Kwarning: [m[Kstyle of line directive is a GCC extension
[0.376s]   246 |   [01;35m[Kif [m[K(cudaMalloc(&r->d_sorted_indices, max_points * sizeof(int)) != cudaSuccess) goto fail;
[0.376s]       |   [01;35m[K^~~[m[K
[0.376s] [01m[K/home/aiv/ev_ws/ros2_ver2/src/lidar/lidar_clustering/src/dbscan_gpu.cu:247:3:[m[K [01;35m[Kwarning: [m[Kstyle of line directive is a GCC extension
[0.376s]   247 |   [01;35m[Kif [m[K(cudaMalloc(&r->d_sorted_cells, max_points * sizeof(int)) != cudaSuccess) goto fail;
[0.376s]       |   [01;35m[K^~~[m[K
[0.376s] [01m[K/home/aiv/ev_ws/ros2_ver2/src/lidar/lidar_clustering/src/dbscan_gpu.cu:248:3:[m[K [01;35m[Kwarning: [m[Kstyle of line directive is a GCC extension
[0.376s]   248 |   [01;35m[Kif [m[K(cudaMalloc(&r->d_cell_start, max_cells * sizeof(int)) != cudaSuccess) goto fail;
[0.376s]       |   [01;35m[K^~~[m[K
[0.376s] [01m[K/home/aiv/ev_ws/ros2_ver2/src/lidar/lidar_clustering/src/dbscan_gpu.cu:249:3:[m[K [01;35m[Kwarning: [m[Kstyle of line directive is a GCC extension
[0.376s]   249 |   [01;35m[Kif [m[K(cudaMalloc(&r->d_cell_end, max_cells * sizeof(int)) != cudaSuccess) goto fail;
[0.376s]       |   [01;35m[K^~~[m[K
[0.376s] [01m[K/home/aiv/ev_ws/ros2_ver2/src/lidar/lidar_clustering/src/dbscan_gpu.cu:250:3:[m[K [01;35m[Kwarning: [m[Kstyle of line directive is a GCC extension
[0.376s]   250 |   [01;35m[Kif [m[K(cudaMalloc(&r->d_neighbor_counts, max_points * sizeof(int)) != cudaSuccess) goto fail;
[0.376s]       |   [01;35m[K^~~[m[K
[0.376s] [01m[K/home/aiv/ev_ws/ros2_ver2/src/lidar/lidar_clustering/src/dbscan_gpu.cu:251:3:[m[K [01;35m[Kwarning: [m[Kstyle of line directive is a GCC extension
[0.376s]   251 |   [01;35m[Kif [m[K(cudaMalloc(&r->d_is_core, max_points * sizeof(int)) != cudaSuccess) goto fail;
[0.376s]       |   [01;35m[K^~~[m[K
[0.376s] [01m[K/home/aiv/ev_ws/ros2_ver2/src/lidar/lidar_clustering/src/dbscan_gpu.cu:252:3:[m[K [01;35m[Kwarning: [m[Kstyle of line directive is a GCC extension
[0.376s]   252 |   [01;35m[Kif [m[K(cudaMalloc(&r->d_neighbor_offsets, (max_points + 1) * sizeof(int)) != cudaSuccess) goto fail;
[0.376s]       |   [01;35m[K^~~[m[K
[0.376s] [01m[K/home/aiv/ev_ws/ros2_ver2/src/lidar/lidar_clustering/src/dbscan_gpu.cu:253:3:[m[K [01;35m[Kwarning: [m[Kstyle of line directive is a GCC extension
[0.376s]   253 |   [01;35m[Kif [m[K(cudaMalloc(&r->d_neighbor_list, max_neighbors * sizeof(int)) != cudaSuccess) goto fail;
[0.376s]       |   [01;35m[K^~~[m[K
[0.376s] [01m[K/home/aiv/ev_ws/ros2_ver2/src/lidar/lidar_clustering/src/dbscan_gpu.cu:254:3:[m[K [01;35m[Kwarning: [m[Kstyle of line directive is a GCC extension
[0.377s]   254 | 
[0.377s]       |   [01;35m[K^[m[K  
[0.377s] [01m[K/home/aiv/ev_ws/ros2_ver2/src/lidar/lidar_clustering/src/dbscan_gpu.cu:256:3:[m[K [01;35m[Kwarning: [m[Kstyle of line directive is a GCC extension
[0.377s]   256 | 
[0.377s]       |   [01;35m[K^[m[K  
[0.377s] [01m[K/home/aiv/ev_ws/ros2_ver2/src/lidar/lidar_clustering/src/dbscan_gpu.cu:258:3:[m[K [01;35m[Kwarning: [m[Kstyle of line directive is a GCC extension
[0.377s]   258 |   [01;35m[Kgpu[m[K_resources_destroy(r);
[0.377s]       |   [01;35m[K^~~[m[K
[0.377s] [01m[K/home/aiv/ev_ws/ros2_ver2/src/lidar/lidar_clustering/src/dbscan_gpu.cu:259:3:[m[K [01;35m[Kwarning: [m[Kstyle of line directive is a GCC extension
[0.377s]   259 |   [01;35m[Kret[m[Kurn NULL;
[0.377s]       |   [01;35m[K^~~[m[K
[0.377s] [01m[K/home/aiv/ev_ws/ros2_ver2/src/lidar/lidar_clustering/src/dbscan_gpu.cu:260:3:[m[K [01;35m[Kwarning: [m[Kstyle of line directive is a GCC extension
[0.377s]   260 | }
[0.377s]       |   [01;35m[K^[m[K  
[0.377s] [01m[K/home/aiv/ev_ws/ros2_ver2/src/lidar/lidar_clustering/src/dbscan_gpu.cu:261:3:[m[K [01;35m[Kwarning: [m[Kstyle of line directive is a GCC extension
[0.377s]   261 | 
[0.377s]       |   [01;35m[K^[m[K  
[0.377s] [01m[K/home/aiv/ev_ws/ros2_ver2/src/lidar/lidar_clustering/src/dbscan_gpu.cu:263:3:[m[K [01;35m[Kwarning: [m[Kstyle of line directive is a GCC extension
[0.377s]   263 |   [01;35m[Kif [m[K(!h) return;
[0.377s]       |   [01;35m[K^~~[m[K
[0.377s] [01m[K/home/aiv/ev_ws/ros2_ver2/src/lidar/lidar_clustering/src/dbscan_gpu.cu:264:3:[m[K [01;35m[Kwarning: [m[Kstyle of line directive is a GCC extension
[0.377s]   264 |   [01;35m[Kcud[m[KaFree(h->d_px);
[0.377s]       |   [01;35m[K^~~[m[K
[0.377s] [01m[K/home/aiv/ev_ws/ros2_ver2/src/lidar/lidar_clustering/src/dbscan_gpu.cu:265:3:[m[K [01;35m[Kwarning: [m[Kstyle of line directive is a GCC extension
[0.377s]   265 |   [01;35m[Kcud[m[KaFree(h->d_py);
[0.377s]       |   [01;35m[K^~~[m[K
[0.377s] [01m[K/home/aiv/ev_ws/ros2_ver2/src/lidar/lidar_clustering/src/dbscan_gpu.cu:266:3:[m[K [01;35m[Kwarning: [m[Kstyle of line directive is a GCC extension
[0.377s]   266 |   [01;35m[Kcud[m[KaFree(h->d_pz);
[0.377s]       |   [01;35m[K^~~[m[K
[0.377s] [01m[K/home/aiv/ev_ws/ros2_ver2/src/lidar/lidar_clustering/src/dbscan_gpu.cu:267:3:[m[K [01;35m[Kwarning: [m[Kstyle of line directive is a GCC extension
[0.377s]   267 |   [01;35m[Kcud[m[KaFree(h->d_cell_indices);
[0.377s]       |   [01;35m[K^~~[m[K
[0.377s] [01m[K/home/aiv/ev_ws/ros2_ver2/src/lidar/lidar_clustering/src/dbscan_gpu.cu:268:3:[m[K [01;35m[Kwarning: [m[Kstyle of line directive is a GCC extension
[0.377s]   268 |   [01;35m[Kcud[m[KaFree(h->d_sorted_indices);
[0.377s]       |   [01;35m[K^~~[m[K
[0.377s] [01m[K/home/aiv/ev_ws/ros2_ver2/src/lidar/lidar_clustering/src/dbscan_gpu.cu:269:3:[m[K [01;35m[Kwarning: [m[Kstyle of line directive is a GCC extension
[0.377s]   269 |   [01;35m[Kcud[m[KaFree(h->d_sorted_cells);
[0.377s]       |   [01;35m[K^~~[m[K
[0.377s] [01m[K/home/aiv/ev_ws/ros2_ver2/src/lidar/lidar_clustering/src/dbscan_gpu.cu:270:3:[m[K [01;35m[Kwarning: [m[Kstyle of line directive is a GCC extension
[0.377s]   270 |   [01;35m[Kcud[m[KaFree(h->d_cell_start);
[0.377s]       |   [01;35m[K^~~[m[K
[0.377s] [01m[K/home/aiv/ev_ws/ros2_ver2/src/lidar/lidar_clustering/src/dbscan_gpu.cu:271:3:[m[K [01;35m[Kwarning: [m[Kstyle of line directive is a GCC extension
[0.377s]   271 |   [01;35m[Kcud[m[KaFree(h->d_cell_end);
[0.377s]       |   [01;35m[K^~~[m[K
[0.377s] [01m[K/home/aiv/ev_ws/ros2_ver2/src/lidar/lidar_clustering/src/dbscan_gpu.cu:272:3:[m[K [01;35m[Kwarning: [m[Kstyle of line directive is a GCC extension
[0.377s]   272 |   [01;35m[Kcud[m[KaFree(h->d_neighbor_counts);
[0.377s]       |   [01;35m[K^~~[m[K
[0.377s] [01m[K/home/aiv/ev_ws/ros2_ver2/src/lidar/lidar_clustering/src/dbscan_gpu.cu:273:3:[m[K [01;35m[Kwarning: [m[Kstyle of line directive is a GCC extension
[0.377s]   273 |   [01;35m[Kcud[m[KaFree(h->d_is_core);
[0.377s]       |   [01;35m[K^~~[m[K
[0.377s] [01m[K/home/aiv/ev_ws/ros2_ver2/src/lidar/lidar_clustering/src/dbscan_gpu.cu:274:3:[m[K [01;35m[Kwarning: [m[Kstyle of line directive is a GCC extension
[0.377s]   274 |   [01;35m[Kcud[m[KaFree(h->d_neighbor_offsets);
[0.377s]       |   [01;35m[K^~~[m[K
[0.378s] [01m[K/home/aiv/ev_ws/ros2_ver2/src/lidar/lidar_clustering/src/dbscan_gpu.cu:275:3:[m[K [01;35m[Kwarning: [m[Kstyle of line directive is a GCC extension
[0.378s]   275 |   [01;35m[Kcud[m[KaFree(h->d_neighbor_list);
[0.378s]       |   [01;35m[K^~~[m[K
[0.378s] [01m[K/home/aiv/ev_ws/ros2_ver2/src/lidar/lidar_clustering/src/dbscan_gpu.cu:276:3:[m[K [01;35m[Kwarning: [m[Kstyle of line directive is a GCC extension
[0.378s]   276 |   [01;35m[Kfre[m[Ke(h);
[0.378s]       |   [01;35m[K^~~[m[K
[0.378s] [01m[K/home/aiv/ev_ws/ros2_ver2/src/lidar/lidar_clustering/src/dbscan_gpu.cu:277:3:[m[K [01;35m[Kwarning: [m[Kstyle of line directive is a GCC extension
[0.378s]   277 | }
[0.378s]       |   [01;35m[K^[m[K  
[0.378s] [01m[K/home/aiv/ev_ws/ros2_ver2/src/lidar/lidar_clustering/src/dbscan_gpu.cu:278:3:[m[K [01;35m[Kwarning: [m[Kstyle of line directive is a GCC extension
[0.378s]   278 | 
[0.378s]       |   [01;35m[K^[m[K  
[0.378s] [01m[K/home/aiv/ev_ws/ros2_ver2/src/lidar/lidar_clustering/src/dbscan_gpu.cu:280:3:[m[K [01;35m[Kwarning: [m[Kstyle of line directive is a GCC extension
[0.378s]   280 |   [01;35m[KGpu[m[KResourcesHandle h,
[0.378s]       |   [01;35m[K^~~[m[K
[0.378s] [01m[K/home/aiv/ev_ws/ros2_ver2/src/lidar/lidar_clustering/src/dbscan_gpu.cu:281:3:[m[K [01;35m[Kwarning: [m[Kstyle of line directive is a GCC extension
[0.378s]   281 |   [01;35m[Kcon[m[Kst float* hx, const float* hy, const float* hz, int n)
[0.378s]       |   [01;35m[K^~~[m[K
[0.378s] [01m[K/home/aiv/ev_ws/ros2_ver2/src/lidar/lidar_clustering/src/dbscan_gpu.cu:282:3:[m[K [01;35m[Kwarning: [m[Kstyle of line directive is a GCC extension
[0.378s]   282 | {
[0.378s]       |   [01;35m[K^[m[K  
[0.378s] [01m[K/home/aiv/ev_ws/ros2_ver2/src/lidar/lidar_clustering/src/dbscan_gpu.cu:283:3:[m[K [01;35m[Kwarning: [m[Kstyle of line directive is a GCC extension
[0.378s]   283 |   [01;35m[Kif [m[K(!h || n <= 0) return -1;
[0.378s]       |   [01;35m[K^~~[m[K
[0.378s] [01m[K/home/aiv/ev_ws/ros2_ver2/src/lidar/lidar_clustering/src/dbscan_gpu.cu:284:3:[m[K [01;35m[Kwarning: [m[Kstyle of line directive is a GCC extension
[0.378s]   284 |   [01;35m[Kif [m[K(check_cuda(cudaMemcpy(h->d_px, hx, n * sizeof(float), cudaMemcpyHostToDevice))) return -1;
[0.378s]       |   [01;35m[K^~~[m[K
[0.378s] [01m[K/home/aiv/ev_ws/ros2_ver2/src/lidar/lidar_clustering/src/dbscan_gpu.cu:285:3:[m[K [01;35m[Kwarning: [m[Kstyle of line directive is a GCC extension
[0.378s]   285 |   [01;35m[Kif [m[K(check_cuda(cudaMemcpy(h->d_py, hy, n * sizeof(float), cudaMemcpyHostToDevice))) return -1;
[0.378s]       |   [01;35m[K^~~[m[K
[0.378s] [01m[K/home/aiv/ev_ws/ros2_ver2/src/lidar/lidar_clustering/src/dbscan_gpu.cu:286:3:[m[K [01;35m[Kwarning: [m[Kstyle of line directive is a GCC extension
[0.378s]   286 |   [01;35m[Kif [m[K(check_cuda(cudaMemcpy(h->d_pz, hz, n * sizeof(float), cudaMemcpyHostToDevice))) return -1;
[0.378s]       |   [01;35m[K^~~[m[K
[0.378s] [01m[K/home/aiv/ev_ws/ros2_ver2/src/lidar/lidar_clustering/src/dbscan_gpu.cu:287:3:[m[K [01;35m[Kwarning: [m[Kstyle of line directive is a GCC extension
[0.378s]   287 |   [01;35m[Kret[m[Kurn 0;
[0.378s]       |   [01;35m[K^~~[m[K
[0.378s] [01m[K/home/aiv/ev_ws/ros2_ver2/src/lidar/lidar_clustering/src/dbscan_gpu.cu:288:3:[m[K [01;35m[Kwarning: [m[Kstyle of line directive is a GCC extension
[0.378s]   288 | }
[0.378s]       |   [01;35m[K^[m[K  
[0.378s] [01m[K/home/aiv/ev_ws/ros2_ver2/src/lidar/lidar_clustering/src/dbscan_gpu.cu:289:3:[m[K [01;35m[Kwarning: [m[Kstyle of line directive is a GCC extension
[0.378s]   289 | 
[0.378s]       |   [01;35m[K^[m[K  
[0.378s] [01m[K/home/aiv/ev_ws/ros2_ver2/src/lidar/lidar_clustering/src/dbscan_gpu.cu:291:3:[m[K [01;35m[Kwarning: [m[Kstyle of line directive is a GCC extension
[0.378s]   291 |   [01;35m[KGpu[m[KResourcesHandle h, int n,
[0.378s]       |   [01;35m[K^~~[m[K
[0.378s] [01m[K/home/aiv/ev_ws/ros2_ver2/src/lidar/lidar_clustering/src/dbscan_gpu.cu:292:3:[m[K [01;35m[Kwarning: [m[Kstyle of line directive is a GCC extension
[0.378s]   292 |   [01;35m[Kflo[m[Kat origin_x, float origin_y, float origin_z,
[0.378s]       |   [01;35m[K^~~[m[K
[0.378s] [01m[K/home/aiv/ev_ws/ros2_ver2/src/lidar/lidar_clustering/src/dbscan_gpu.cu:293:3:[m[K [01;35m[Kwarning: [m[Kstyle of line directive is a GCC extension
[0.378s]   293 |   [01;35m[Kflo[m[Kat inv_cell_size,
[0.378s]       |   [01;35m[K^~~[m[K
[0.378s] [01m[K/home/aiv/ev_ws/ros2_ver2/src/lidar/lidar_clustering/src/dbscan_gpu.cu:294:3:[m[K [01;35m[Kwarning: [m[Kstyle of line directive is a GCC extension
[0.378s]   294 |   [01;35m[Kint[m[K grid_x, int grid_y, int grid_z,
[0.379s]       |   [01;35m[K^~~[m[K
[0.379s] [01m[K/home/aiv/ev_ws/ros2_ver2/src/lidar/lidar_clustering/src/dbscan_gpu.cu:295:3:[m[K [01;35m[Kwarning: [m[Kstyle of line directive is a GCC extension
[0.379s]   295 |   [01;35m[Kint[m[K* h_cell_indices_out)
[0.379s]       |   [01;35m[K^~~[m[K
[0.379s] [01m[K/home/aiv/ev_ws/ros2_ver2/src/lidar/lidar_clustering/src/dbscan_gpu.cu:296:3:[m[K [01;35m[Kwarning: [m[Kstyle of line directive is a GCC extension
[0.379s]   296 | {
[0.379s]       |   [01;35m[K^[m[K  
[0.379s] [01m[K/home/aiv/ev_ws/ros2_ver2/src/lidar/lidar_clustering/src/dbscan_gpu.cu:297:3:[m[K [01;35m[Kwarning: [m[Kstyle of line directive is a GCC extension
[0.379s]   297 |   [01;35m[Kif [m[K(!h || n <= 0) return -1;
[0.379s]       |   [01;35m[K^~~[m[K
[0.379s] [01m[K/home/aiv/ev_ws/ros2_ver2/src/lidar/lidar_clustering/src/dbscan_gpu.cu:298:3:[m[K [01;35m[Kwarning: [m[Kstyle of line directive is a GCC extension
[0.379s]   298 | 
[0.379s]       |   [01;35m[K^[m[K  
[0.379s] [01m[K/home/aiv/ev_ws/ros2_ver2/src/lidar/lidar_clustering/src/dbscan_gpu.cu:300:3:[m[K [01;35m[Kwarning: [m[Kstyle of line directive is a GCC extension
[0.379s]   300 |   [01;35m[Kint[m[K grid_dim = (n + block_size - 1) / block_size;
[0.379s]       |   [01;35m[K^~~[m[K
[0.379s] [01m[K/home/aiv/ev_ws/ros2_ver2/src/lidar/lidar_clustering/src/dbscan_gpu.cu:301:3:[m[K [01;35m[Kwarning: [m[Kstyle of line directive is a GCC extension
[0.379s]   301 | 
[0.379s]       |   [01;35m[K^[m[K  
[0.379s] [01m[K/home/aiv/ev_ws/ros2_ver2/src/lidar/lidar_clustering/src/dbscan_gpu.cu:303:3:[m[K [01;35m[Kwarning: [m[Kstyle of line directive is a GCC extension
[0.379s]   303 |   [01;35m[K  h[m[K->d_px, h->d_py, h->d_pz,
[0.379s]       |   [01;35m[K^[m[K [01;35m[K~[m[K
[0.379s] [01m[K/home/aiv/ev_ws/ros2_ver2/src/lidar/lidar_clustering/src/dbscan_gpu.cu:309:3:[m[K [01;35m[Kwarning: [m[Kstyle of line directive is a GCC extension
[0.379s]   309 |   [01;35m[Kif [m[K(check_cuda(cudaDeviceSynchronize())) return -1;
[0.379s]       |   [01;35m[K^~~[m[K
[0.379s] [01m[K/home/aiv/ev_ws/ros2_ver2/src/lidar/lidar_clustering/src/dbscan_gpu.cu:310:3:[m[K [01;35m[Kwarning: [m[Kstyle of line directive is a GCC extension
[0.379s]   310 | 
[0.379s]       |   [01;35m[K^[m[K  
[0.379s] [01m[K/home/aiv/ev_ws/ros2_ver2/src/lidar/lidar_clustering/src/dbscan_gpu.cu:312:3:[m[K [01;35m[Kwarning: [m[Kstyle of line directive is a GCC extension
[0.379s]   312 |   [01;35m[K  n[m[K * sizeof(int), cudaMemcpyDeviceToHost))) return -1;
[0.379s]       |   [01;35m[K^[m[K [01;35m[K~[m[K
[0.379s] [01m[K/home/aiv/ev_ws/ros2_ver2/src/lidar/lidar_clustering/src/dbscan_gpu.cu:313:3:[m[K [01;35m[Kwarning: [m[Kstyle of line directive is a GCC extension
[0.379s]   313 | 
[0.379s]       |   [01;35m[K^[m[K  
[0.379s] [01m[K/home/aiv/ev_ws/ros2_ver2/src/lidar/lidar_clustering/src/dbscan_gpu.cu:315:3:[m[K [01;35m[Kwarning: [m[Kstyle of line directive is a GCC extension
[0.379s]   315 | }
[0.379s]       |   [01;35m[K^[m[K  
[0.379s] [01m[K/home/aiv/ev_ws/ros2_ver2/src/lidar/lidar_clustering/src/dbscan_gpu.cu:316:3:[m[K [01;35m[Kwarning: [m[Kstyle of line directive is a GCC extension
[0.379s]   316 | 
[0.379s]       |   [01;35m[K^[m[K  
[0.379s] [01m[K/home/aiv/ev_ws/ros2_ver2/src/lidar/lidar_clustering/src/dbscan_gpu.cu:318:3:[m[K [01;35m[Kwarning: [m[Kstyle of line directive is a GCC extension
[0.379s]   318 |   [01;35m[KGpu[m[KResourcesHandle h,
[0.379s]       |   [01;35m[K^~~[m[K
[0.379s] [01m[K/home/aiv/ev_ws/ros2_ver2/src/lidar/lidar_clustering/src/dbscan_gpu.cu:319:3:[m[K [01;35m[Kwarning: [m[Kstyle of line directive is a GCC extension
[0.379s]   319 |   [01;35m[Kcon[m[Kst int* h_sorted_indices, const int* h_sorted_cells,
[0.379s]       |   [01;35m[K^~~[m[K
[0.379s] [01m[K/home/aiv/ev_ws/ros2_ver2/src/lidar/lidar_clustering/src/dbscan_gpu.cu:320:3:[m[K [01;35m[Kwarning: [m[Kstyle of line directive is a GCC extension
[0.379s]   320 |   [01;35m[Kint[m[K n, size_t num_cells)
[0.379s]       |   [01;35m[K^~~[m[K
[0.379s] [01m[K/home/aiv/ev_ws/ros2_ver2/src/lidar/lidar_clustering/src/dbscan_gpu.cu:321:3:[m[K [01;35m[Kwarning: [m[Kstyle of line directive is a GCC extension
[0.379s]   321 | {
[0.380s]       |   [01;35m[K^[m[K  
[0.380s] [01m[K/home/aiv/ev_ws/ros2_ver2/src/lidar/lidar_clustering/src/dbscan_gpu.cu:322:3:[m[K [01;35m[Kwarning: [m[Kstyle of line directive is a GCC extension
[0.380s]   322 |   [01;35m[Kif [m[K(!h || n <= 0) return -1;
[0.380s]       |   [01;35m[K^~~[m[K
[0.380s] [01m[K/home/aiv/ev_ws/ros2_ver2/src/lidar/lidar_clustering/src/dbscan_gpu.cu:323:3:[m[K [01;35m[Kwarning: [m[Kstyle of line directive is a GCC extension
[0.380s]   323 | 
[0.380s]       |   [01;35m[K^[m[K  
[0.380s] [01m[K/home/aiv/ev_ws/ros2_ver2/src/lidar/lidar_clustering/src/dbscan_gpu.cu:325:3:[m[K [01;35m[Kwarning: [m[Kstyle of line directive is a GCC extension
[0.380s]   325 |   [01;35m[K  n[m[K * sizeof(int), cudaMemcpyHostToDevice))) return -1;
[0.380s]       |   [01;35m[K^[m[K [01;35m[K~[m[K
[0.380s] [01m[K/home/aiv/ev_ws/ros2_ver2/src/lidar/lidar_clustering/src/dbscan_gpu.cu:326:3:[m[K [01;35m[Kwarning: [m[Kstyle of line directive is a GCC extension
[0.380s]   326 |   [01;35m[Kif [m[K(check_cuda(cudaMemcpy(h->d_sorted_cells, h_sorted_cells,
[0.380s]       |   [01;35m[K^~~[m[K
[0.380s] [01m[K/home/aiv/ev_ws/ros2_ver2/src/lidar/lidar_clustering/src/dbscan_gpu.cu:327:3:[m[K [01;35m[Kwarning: [m[Kstyle of line directive is a GCC extension
[0.380s]   327 |   [01;35m[K  n[m[K * sizeof(int), cudaMemcpyHostToDevice))) return -1;
[0.380s]       |   [01;35m[K^[m[K [01;35m[K~[m[K
[0.380s] [01m[K/home/aiv/ev_ws/ros2_ver2/src/lidar/lidar_clustering/src/dbscan_gpu.cu:328:3:[m[K [01;35m[Kwarning: [m[Kstyle of line directive is a GCC extension
[0.380s]   328 | 
[0.380s]       |   [01;35m[K^[m[K  
[0.380s] [01m[K/home/aiv/ev_ws/ros2_ver2/src/lidar/lidar_clustering/src/dbscan_gpu.cu:330:3:[m[K [01;35m[Kwarning: [m[Kstyle of line directive is a GCC extension
[0.380s]   330 |   [01;35m[Kif [m[K(check_cuda(cudaMemset(h->d_cell_end, 0, num_cells * sizeof(int)))) return -1;
[0.380s]       |   [01;35m[K^~~[m[K
[0.380s] [01m[K/home/aiv/ev_ws/ros2_ver2/src/lidar/lidar_clustering/src/dbscan_gpu.cu:331:3:[m[K [01;35m[Kwarning: [m[Kstyle of line directive is a GCC extension
[0.380s]   331 | 
[0.380s]       |   [01;35m[K^[m[K  
[0.380s] [01m[K/home/aiv/ev_ws/ros2_ver2/src/lidar/lidar_clustering/src/dbscan_gpu.cu:333:3:[m[K [01;35m[Kwarning: [m[Kstyle of line directive is a GCC extension
[0.380s]   333 |   [01;35m[Kint[m[K grid_dim = (n + block_size - 1) / block_size;
[0.380s]       |   [01;35m[K^~~[m[K
[0.380s] [01m[K/home/aiv/ev_ws/ros2_ver2/src/lidar/lidar_clustering/src/dbscan_gpu.cu:334:3:[m[K [01;35m[Kwarning: [m[Kstyle of line directive is a GCC extension
[0.380s]   334 | 
[0.380s]       |   [01;35m[K^[m[K  
[0.380s] [01m[K/home/aiv/ev_ws/ros2_ver2/src/lidar/lidar_clustering/src/dbscan_gpu.cu:336:3:[m[K [01;35m[Kwarning: [m[Kstyle of line directive is a GCC extension
[0.380s]   336 |   [01;35m[K  h[m[K->d_sorted_cells, h->d_cell_start, h->d_cell_end, n);
[0.380s]       |   [01;35m[K^[m[K [01;35m[K~[m[K
[0.380s] [01m[K/home/aiv/ev_ws/ros2_ver2/src/lidar/lidar_clustering/src/dbscan_gpu.cu:339:3:[m[K [01;35m[Kwarning: [m[Kstyle of line directive is a GCC extension
[0.380s]   339 |   [01;35m[Kif [m[K(check_cuda(cudaDeviceSynchronize())) return -1;
[0.380s]       |   [01;35m[K^~~[m[K
[0.380s] [01m[K/home/aiv/ev_ws/ros2_ver2/src/lidar/lidar_clustering/src/dbscan_gpu.cu:340:3:[m[K [01;35m[Kwarning: [m[Kstyle of line directive is a GCC extension
[0.380s]   340 | 
[0.380s]       |   [01;35m[K^[m[K  
[0.380s] [01m[K/home/aiv/ev_ws/ros2_ver2/src/lidar/lidar_clustering/src/dbscan_gpu.cu:342:3:[m[K [01;35m[Kwarning: [m[Kstyle of line directive is a GCC extension
[0.380s]   342 | }
[0.380s]       |   [01;35m[K^[m[K  
[0.380s] [01m[K/home/aiv/ev_ws/ros2_ver2/src/lidar/lidar_clustering/src/dbscan_gpu.cu:343:3:[m[K [01;35m[Kwarning: [m[Kstyle of line directive is a GCC extension
[0.380s]   343 | 
[0.380s]       |   [01;35m[K^[m[K  
[0.380s] [01m[K/home/aiv/ev_ws/ros2_ver2/src/lidar/lidar_clustering/src/dbscan_gpu.cu:345:3:[m[K [01;35m[Kwarning: [m[Kstyle of line directive is a GCC extension
[0.380s]   345 |   [01;35m[KGpu[m[KResourcesHandle h, int n,
[0.381s]       |   [01;35m[K^~~[m[K
[0.381s] [01m[K/home/aiv/ev_ws/ros2_ver2/src/lidar/lidar_clustering/src/dbscan_gpu.cu:346:3:[m[K [01;35m[Kwarning: [m[Kstyle of line directive is a GCC extension
[0.381s]   346 |   [01;35m[Kflo[m[Kat eps_sq, int min_pts,
[0.381s]       |   [01;35m[K^~~[m[K
[0.381s] [01m[K/home/aiv/ev_ws/ros2_ver2/src/lidar/lidar_clustering/src/dbscan_gpu.cu:347:3:[m[K [01;35m[Kwarning: [m[Kstyle of line directive is a GCC extension
[0.381s]   347 |   [01;35m[Kint[m[K grid_x, int grid_y, int grid_z,
[0.381s]       |   [01;35m[K^~~[m[K
[0.381s] [01m[K/home/aiv/ev_ws/ros2_ver2/src/lidar/lidar_clustering/src/dbscan_gpu.cu:348:3:[m[K [01;35m[Kwarning: [m[Kstyle of line directive is a GCC extension
[0.381s]   348 |   [01;35m[Kint[m[K* h_neighbor_counts_out, int* h_is_core_out)
[0.381s]       |   [01;35m[K^~~[m[K
[0.381s] [01m[K/home/aiv/ev_ws/ros2_ver2/src/lidar/lidar_clustering/src/dbscan_gpu.cu:349:3:[m[K [01;35m[Kwarning: [m[Kstyle of line directive is a GCC extension
[0.381s]   349 | {
[0.381s]       |   [01;35m[K^[m[K  
[0.381s] [01m[K/home/aiv/ev_ws/ros2_ver2/src/lidar/lidar_clustering/src/dbscan_gpu.cu:350:3:[m[K [01;35m[Kwarning: [m[Kstyle of line directive is a GCC extension
[0.381s]   350 |   [01;35m[Kif [m[K(!h || n <= 0) return -1;
[0.381s]       |   [01;35m[K^~~[m[K
[0.381s] [01m[K/home/aiv/ev_ws/ros2_ver2/src/lidar/lidar_clustering/src/dbscan_gpu.cu:351:3:[m[K [01;35m[Kwarning: [m[Kstyle of line directive is a GCC extension
[0.381s]   351 | 
[0.381s]       |   [01;35m[K^[m[K  
[0.381s] [01m[K/home/aiv/ev_ws/ros2_ver2/src/lidar/lidar_clustering/src/dbscan_gpu.cu:353:3:[m[K [01;35m[Kwarning: [m[Kstyle of line directive is a GCC extension
[0.381s]   353 | 
[0.381s]       |   [01;35m[K^[m[K  
[0.381s] [01m[K/home/aiv/ev_ws/ros2_ver2/src/lidar/lidar_clustering/src/dbscan_gpu.cu:355:3:[m[K [01;35m[Kwarning: [m[Kstyle of line directive is a GCC extension
[0.381s]   355 |   [01;35m[Kint[m[K grid_dim = (n + block_size - 1) / block_size;
[0.381s]       |   [01;35m[K^~~[m[K
[0.381s] [01m[K/home/aiv/ev_ws/ros2_ver2/src/lidar/lidar_clustering/src/dbscan_gpu.cu:356:3:[m[K [01;35m[Kwarning: [m[Kstyle of line directive is a GCC extension
[0.381s]   356 | 
[0.381s]       |   [01;35m[K^[m[K  
[0.381s] [01m[K/home/aiv/ev_ws/ros2_ver2/src/lidar/lidar_clustering/src/dbscan_gpu.cu:358:3:[m[K [01;35m[Kwarning: [m[Kstyle of line directive is a GCC extension
[0.381s]   358 |   [01;35m[K  h[m[K->d_px, h->d_py, h->d_pz,
[0.381s]       |   [01;35m[K^[m[K [01;35m[K~[m[K
[0.381s] [01m[K/home/aiv/ev_ws/ros2_ver2/src/lidar/lidar_clustering/src/dbscan_gpu.cu:367:3:[m[K [01;35m[Kwarning: [m[Kstyle of line directive is a GCC extension
[0.381s]   367 |   [01;35m[Kif [m[K(check_cuda(cudaDeviceSynchronize())) return -1;
[0.381s]       |   [01;35m[K^~~[m[K
[0.381s] [01m[K/home/aiv/ev_ws/ros2_ver2/src/lidar/lidar_clustering/src/dbscan_gpu.cu:368:3:[m[K [01;35m[Kwarning: [m[Kstyle of line directive is a GCC extension
[0.381s]   368 | 
[0.381s]       |   [01;35m[K^[m[K  
[0.381s] [01m[K/home/aiv/ev_ws/ros2_ver2/src/lidar/lidar_clustering/src/dbscan_gpu.cu:370:3:[m[K [01;35m[Kwarning: [m[Kstyle of line directive is a GCC extension
[0.381s]   370 |   [01;35m[K  n[m[K * sizeof(int), cudaMemcpyDeviceToHost))) return -1;
[0.381s]       |   [01;35m[K^[m[K [01;35m[K~[m[K
[0.381s] [01m[K/home/aiv/ev_ws/ros2_ver2/src/lidar/lidar_clustering/src/dbscan_gpu.cu:371:3:[m[K [01;35m[Kwarning: [m[Kstyle of line directive is a GCC extension
[0.381s]   371 |   [01;35m[Kif [m[K(check_cuda(cudaMemcpy(h_is_core_out, h->d_is_core,
[0.381s]       |   [01;35m[K^~~[m[K
[0.381s] [01m[K/home/aiv/ev_ws/ros2_ver2/src/lidar/lidar_clustering/src/dbscan_gpu.cu:372:3:[m[K [01;35m[Kwarning: [m[Kstyle of line directive is a GCC extension
[0.381s]   372 |   [01;35m[K  n[m[K * sizeof(int), cudaMemcpyDeviceToHost))) return -1;
[0.381s]       |   [01;35m[K^[m[K [01;35m[K~[m[K
[0.381s] [01m[K/home/aiv/ev_ws/ros2_ver2/src/lidar/lidar_clustering/src/dbscan_gpu.cu:373:3:[m[K [01;35m[Kwarning: [m[Kstyle of line directive is a GCC extension
[0.381s]   373 | 
[0.381s]       |   [01;35m[K^[m[K  
[0.381s] [01m[K/home/aiv/ev_ws/ros2_ver2/src/lidar/lidar_clustering/src/dbscan_gpu.cu:375:3:[m[K [01;35m[Kwarning: [m[Kstyle of line directive is a GCC extension
[0.381s]   375 | }
[0.381s]       |   [01;35m[K^[m[K  
[0.382s] [01m[K/home/aiv/ev_ws/ros2_ver2/src/lidar/lidar_clustering/src/dbscan_gpu.cu:376:3:[m[K [01;35m[Kwarning: [m[Kstyle of line directive is a GCC extension
[0.382s]   376 | 
[0.382s]       |   [01;35m[K^[m[K  
[0.382s] [01m[K/home/aiv/ev_ws/ros2_ver2/src/lidar/lidar_clustering/src/dbscan_gpu.cu:378:3:[m[K [01;35m[Kwarning: [m[Kstyle of line directive is a GCC extension
[0.382s]   378 |   [01;35m[KGpu[m[KResourcesHandle h, int n,
[0.382s]       |   [01;35m[K^~~[m[K
[0.382s] [01m[K/home/aiv/ev_ws/ros2_ver2/src/lidar/lidar_clustering/src/dbscan_gpu.cu:379:3:[m[K [01;35m[Kwarning: [m[Kstyle of line directive is a GCC extension
[0.382s]   379 |   [01;35m[Kflo[m[Kat eps_sq,
[0.382s]       |   [01;35m[K^~~[m[K
[0.382s] [01m[K/home/aiv/ev_ws/ros2_ver2/src/lidar/lidar_clustering/src/dbscan_gpu.cu:380:3:[m[K [01;35m[Kwarning: [m[Kstyle of line directive is a GCC extension
[0.382s]   380 |   [01;35m[Kint[m[K grid_x, int grid_y, int grid_z,
[0.382s]       |   [01;35m[K^~~[m[K
[0.382s] [01m[K/home/aiv/ev_ws/ros2_ver2/src/lidar/lidar_clustering/src/dbscan_gpu.cu:381:3:[m[K [01;35m[Kwarning: [m[Kstyle of line directive is a GCC extension
[0.382s]   381 |   [01;35m[Kcon[m[Kst int* h_neighbor_offsets,
[0.382s]       |   [01;35m[K^~~[m[K
[0.382s] [01m[K/home/aiv/ev_ws/ros2_ver2/src/lidar/lidar_clustering/src/dbscan_gpu.cu:382:3:[m[K [01;35m[Kwarning: [m[Kstyle of line directive is a GCC extension
[0.382s]   382 |   [01;35m[Kint[m[K* h_neighbor_list_out, size_t total_neighbors)
[0.382s]       |   [01;35m[K^~~[m[K
[0.382s] [01m[K/home/aiv/ev_ws/ros2_ver2/src/lidar/lidar_clustering/src/dbscan_gpu.cu:383:3:[m[K [01;35m[Kwarning: [m[Kstyle of line directive is a GCC extension
[0.382s]   383 | {
[0.382s]       |   [01;35m[K^[m[K  
[0.382s] [01m[K/home/aiv/ev_ws/ros2_ver2/src/lidar/lidar_clustering/src/dbscan_gpu.cu:384:3:[m[K [01;35m[Kwarning: [m[Kstyle of line directive is a GCC extension
[0.382s]   384 |   [01;35m[Kif [m[K(!h || n <= 0) return -1;
[0.382s]       |   [01;35m[K^~~[m[K
[0.382s] [01m[K/home/aiv/ev_ws/ros2_ver2/src/lidar/lidar_clustering/src/dbscan_gpu.cu:385:3:[m[K [01;35m[Kwarning: [m[Kstyle of line directive is a GCC extension
[0.382s]   385 | 
[0.382s]       |   [01;35m[K^[m[K  
[0.382s] [01m[K/home/aiv/ev_ws/ros2_ver2/src/lidar/lidar_clustering/src/dbscan_gpu.cu:387:3:[m[K [01;35m[Kwarning: [m[Kstyle of line directive is a GCC extension
[0.382s]   387 |   [01;35m[K  n[m[K * sizeof(int), cudaMemcpyHostToDevice))) return -1;
[0.382s]       |   [01;35m[K^[m[K [01;35m[K~[m[K
[0.382s] [01m[K/home/aiv/ev_ws/ros2_ver2/src/lidar/lidar_clustering/src/dbscan_gpu.cu:388:3:[m[K [01;35m[Kwarning: [m[Kstyle of line directive is a GCC extension
[0.382s]   388 | 
[0.382s]       |   [01;35m[K^[m[K  
[0.382s] [01m[K/home/aiv/ev_ws/ros2_ver2/src/lidar/lidar_clustering/src/dbscan_gpu.cu:390:3:[m[K [01;35m[Kwarning: [m[Kstyle of line directive is a GCC extension
[0.382s]   390 |   [01;35m[Kint[m[K grid_dim = (n + block_size - 1) / block_size;
[0.382s]       |   [01;35m[K^~~[m[K
[0.382s] [01m[K/home/aiv/ev_ws/ros2_ver2/src/lidar/lidar_clustering/src/dbscan_gpu.cu:391:3:[m[K [01;35m[Kwarning: [m[Kstyle of line directive is a GCC extension
[0.382s]   391 | 
[0.382s]       |   [01;35m[K^[m[K  
[0.382s] [01m[K/home/aiv/ev_ws/ros2_ver2/src/lidar/lidar_clustering/src/dbscan_gpu.cu:393:3:[m[K [01;35m[Kwarning: [m[Kstyle of line directive is a GCC extension
[0.382s]   393 |   [01;35m[K  h[m[K->d_px, h->d_py, h->d_pz,
[0.382s]       |   [01;35m[K^[m[K [01;35m[K~[m[K
[0.382s] [01m[K/home/aiv/ev_ws/ros2_ver2/src/lidar/lidar_clustering/src/dbscan_gpu.cu:403:3:[m[K [01;35m[Kwarning: [m[Kstyle of line directive is a GCC extension
[0.382s]   403 |   [01;35m[Kif [m[K(check_cuda(cudaDeviceSynchronize())) return -1;
[0.382s]       |   [01;35m[K^~~[m[K
[0.382s] [01m[K/home/aiv/ev_ws/ros2_ver2/src/lidar/lidar_clustering/src/dbscan_gpu.cu:404:3:[m[K [01;35m[Kwarning: [m[Kstyle of line directive is a GCC extension
[0.382s]   404 | 
[0.382s]       |   [01;35m[K^[m[K  
[0.382s] [01m[K/home/aiv/ev_ws/ros2_ver2/src/lidar/lidar_clustering/src/dbscan_gpu.cu:406:3:[m[K [01;35m[Kwarning: [m[Kstyle of line directive is a GCC extension
[0.382s]   406 |   [01;35m[K  i[m[Kf (check_cuda(cudaMemcpy(h_neighbor_list_out, h->d_neighbor_list,
[0.382s]       |   [01;35m[K^[m[K [01;35m[K~[m[K
[0.383s] [01m[K/home/aiv/ev_ws/ros2_ver2/src/lidar/lidar_clustering/src/dbscan_gpu.cu:407:3:[m[K [01;35m[Kwarning: [m[Kstyle of line directive is a GCC extension
[0.383s]   407 |   [01;35m[K   [m[K total_neighbors * sizeof(int), cudaMemcpyDeviceToHost))) return -1;
[0.383s]       |   [01;35m[K^[m[K  
[0.383s] [01m[K/home/aiv/ev_ws/ros2_ver2/src/lidar/lidar_clustering/src/dbscan_gpu.cu:408:3:[m[K [01;35m[Kwarning: [m[Kstyle of line directive is a GCC extension
[0.383s]   408 |   [01;35m[K}[m[K
[0.383s]       |   [01;35m[K^[m[K  
[0.383s] [01m[K/home/aiv/ev_ws/ros2_ver2/src/lidar/lidar_clustering/src/dbscan_gpu.cu:409:3:[m[K [01;35m[Kwarning: [m[Kstyle of line directive is a GCC extension
[0.383s]   409 | 
[0.383s]       |   [01;35m[K^[m[K  
[0.383s] [01m[K/home/aiv/ev_ws/ros2_ver2/src/lidar/lidar_clustering/src/dbscan_gpu.cu:411:3:[m[K [01;35m[Kwarning: [m[Kstyle of line directive is a GCC extension
[0.383s]   411 | }
[0.383s]       |   [01;35m[K^[m[K  
[0.383s] [01m[K/home/aiv/ev_ws/ros2_ver2/src/lidar/lidar_clustering/src/dbscan_gpu.cu:412:3:[m[K [01;35m[Kwarning: [m[Kstyle of line directive is a GCC extension
[0.383s]   412 | 
[0.383s]       |   [01;35m[K^[m[K  
[0.383s] [01m[K/home/aiv/ev_ws/ros2_ver2/src/lidar/lidar_clustering/src/dbscan_gpu.cu:414:3:[m[K [01;35m[Kwarning: [m[Kstyle of line directive is a GCC extension
[0.383s]   414 |   [01;35m[Kif [m[K(!h) return -1;
[0.383s]       |   [01;35m[K^~~[m[K
[0.383s] [01m[K/home/aiv/ev_ws/ros2_ver2/src/lidar/lidar_clustering/src/dbscan_gpu.cu:415:3:[m[K [01;35m[Kwarning: [m[Kstyle of line directive is a GCC extension
[0.383s]   415 |   [01;35m[Kcud[m[KaFree(h->d_neighbor_list);
[0.383s]       |   [01;35m[K^~~[m[K
[0.383s] [01m[K/home/aiv/ev_ws/ros2_ver2/src/lidar/lidar_clustering/src/dbscan_gpu.cu:416:3:[m[K [01;35m[Kwarning: [m[Kstyle of line directive is a GCC extension
[0.383s]   416 |   [01;35m[Kh->[m[Kd_neighbor_list = NULL;
[0.383s]       |   [01;35m[K^~~[m[K
[0.383s] [01m[K/home/aiv/ev_ws/ros2_ver2/src/lidar/lidar_clustering/src/dbscan_gpu.cu:417:3:[m[K [01;35m[Kwarning: [m[Kstyle of line directive is a GCC extension
[0.383s]   417 |   [01;35m[Kh->[m[Kmax_neighbors = new_max_neighbors;
[0.383s]       |   [01;35m[K^~~[m[K
[0.383s] [01m[K/home/aiv/ev_ws/ros2_ver2/src/lidar/lidar_clustering/src/dbscan_gpu.cu:418:3:[m[K [01;35m[Kwarning: [m[Kstyle of line directive is a GCC extension
[0.383s]   418 |   [01;35m[Kif [m[K(check_cuda(cudaMalloc(&h->d_neighbor_list,
[0.383s]       |   [01;35m[K^~~[m[K
[0.383s] [01m[K/home/aiv/ev_ws/ros2_ver2/src/lidar/lidar_clustering/src/dbscan_gpu.cu:419:3:[m[K [01;35m[Kwarning: [m[Kstyle of line directive is a GCC extension
[0.383s]   419 |   [01;35m[K  n[m[Kew_max_neighbors * sizeof(int)))) return -1;
[0.383s]       |   [01;35m[K^[m[K [01;35m[K~[m[K
[0.383s] [01m[K/home/aiv/ev_ws/ros2_ver2/src/lidar/lidar_clustering/src/dbscan_gpu.cu:420:3:[m[K [01;35m[Kwarning: [m[Kstyle of line directive is a GCC extension
[0.383s]   420 |   [01;35m[Kret[m[Kurn 0;
[0.383s]       |   [01;35m[K^~~[m[K
[0.383s] [01m[K/home/aiv/ev_ws/ros2_ver2/src/lidar/lidar_clustering/src/dbscan_gpu.cu:421:3:[m[K [01;35m[Kwarning: [m[Kstyle of line directive is a GCC extension
[0.383s]   421 | }
[0.383s]       |   [01;35m[K^[m[K  
[0.383s] [01m[K/home/aiv/ev_ws/ros2_ver2/src/lidar/lidar_clustering/src/dbscan_gpu.cu:422:3:[m[K [01;35m[Kwarning: [m[Kstyle of line directive is a GCC extension
[0.383s]   422 | 
[0.383s]       |   [01;35m[K^[m[K  
[0.383s] [01m[K/home/aiv/ev_ws/ros2_ver2/src/lidar/lidar_clustering/src/dbscan_gpu.cu:434:3:[m[K [01;35m[Kwarning: [m[Kstyle of line directive is a GCC extension
[0.383s]   434 |   [01;35m[Kint[m[K* labels,
[0.383s]       |   [01;35m[K^~~[m[K
[0.383s] [01m[K/home/aiv/ev_ws/ros2_ver2/src/lidar/lidar_clustering/src/dbscan_gpu.cu:429:3:[m[K [01;35m[Kwarning: [m[Kstyle of line directive is a GCC extension
[0.383s]   429 |   [01;35m[Kcon[m[Kst float* px, const float* py, const float* pz,
[0.384s]       |   [01;35m[K^~~[m[K
[0.384s] [01m[K/home/aiv/ev_ws/ros2_ver2/src/lidar/lidar_clustering/src/dbscan_gpu.cu:430:3:[m[K [01;35m[Kwarning: [m[Kstyle of line directive is a GCC extension
[0.384s]   430 |   [01;35m[Kcon[m[Kst int* sorted_indices,
[0.384s]       |   [01;35m[K^~~[m[K
[0.384s] [01m[K/home/aiv/ev_ws/ros2_ver2/src/lidar/lidar_clustering/src/dbscan_gpu.cu:431:3:[m[K [01;35m[Kwarning: [m[Kstyle of line directive is a GCC extension
[0.384s]   431 |   [01;35m[Kcon[m[Kst int* cell_indices_sorted,
[0.384s]       |   [01;35m[K^~~[m[K
[0.384s] [01m[K/home/aiv/ev_ws/ros2_ver2/src/lidar/lidar_clustering/src/dbscan_gpu.cu:432:3:[m[K [01;35m[Kwarning: [m[Kstyle of line directive is a GCC extension
[0.384s]   432 |   [01;35m[Kcon[m[Kst int* cell_start, const int* cell_end,
[0.384s]       |   [01;35m[K^~~[m[K
[0.384s] [01m[K/home/aiv/ev_ws/ros2_ver2/src/lidar/lidar_clustering/src/dbscan_gpu.cu:433:3:[m[K [01;35m[Kwarning: [m[Kstyle of line directive is a GCC extension
[0.384s]   433 |   [01;35m[Kint[m[K n, float eps_sq,
[0.384s]       |   [01;35m[K^~~[m[K
[0.384s] [01m[K/home/aiv/ev_ws/ros2_ver2/src/lidar/lidar_clustering/src/dbscan_gpu.cu:434:3:[m[K [01;35m[Kwarning: [m[Kstyle of line directive is a GCC extension
[0.384s]   434 |   [01;35m[Kint[m[K* labels,
[0.384s]       |   [01;35m[K^~~[m[K
[0.384s] [01m[K/home/aiv/ev_ws/ros2_ver2/src/lidar/lidar_clustering/src/dbscan_gpu.cu:435:3:[m[K [01;35m[Kwarning: [m[Kstyle of line directive is a GCC extension
[0.384s]   435 |   [01;35m[Kcon[m[Kst int* is_core,
[0.384s]       |   [01;35m[K^~~[m[K
[0.384s] [01m[K/home/aiv/ev_ws/ros2_ver2/src/lidar/lidar_clustering/src/dbscan_gpu.cu:436:3:[m[K [01;35m[Kwarning: [m[Kstyle of line directive is a GCC extension
[0.384s]   436 |   [01;35m[Kint[m[K grid_x, int grid_y, int grid_z)
[0.384s]       |   [01;35m[K^~~[m[K
[0.384s] [01m[K/home/aiv/ev_ws/ros2_ver2/src/lidar/lidar_clustering/src/dbscan_gpu.cu:513:3:[m[K [01;35m[Kwarning: [m[Kstyle of line directive is a GCC extension
[0.384s]   513 |   [01;35m[K  g[m[Krid_x, grid_y, grid_z);
[0.384s]       |   [01;35m[K^[m[K [01;35m[K~[m[K
[0.384s] [01m[K/home/aiv/ev_ws/ros2_ver2/src/lidar/lidar_clustering/src/dbscan_gpu.cu:488:3:[m[K [01;35m[Kwarning: [m[Kstyle of line directive is a GCC extension
[0.384s]   488 |   [01;35m[KGpu[m[KResourcesHandle h, int n,
[0.384s]       |   [01;35m[K^~~[m[K
[0.384s] [01m[K/home/aiv/ev_ws/ros2_ver2/src/lidar/lidar_clustering/src/dbscan_gpu.cu:489:3:[m[K [01;35m[Kwarning: [m[Kstyle of line directive is a GCC extension
[0.384s]   489 |   [01;35m[Kflo[m[Kat eps_sq,
[0.384s]       |   [01;35m[K^~~[m[K
[0.384s] [01m[K/home/aiv/ev_ws/ros2_ver2/src/lidar/lidar_clustering/src/dbscan_gpu.cu:490:3:[m[K [01;35m[Kwarning: [m[Kstyle of line directive is a GCC extension
[0.384s]   490 |   [01;35m[Kint[m[K grid_x, int grid_y, int grid_z,
[0.384s]       |   [01;35m[K^~~[m[K
[0.384s] [01m[K/home/aiv/ev_ws/ros2_ver2/src/lidar/lidar_clustering/src/dbscan_gpu.cu:491:3:[m[K [01;35m[Kwarning: [m[Kstyle of line directive is a GCC extension
[0.384s]   491 |   [01;35m[Kint[m[K* h_labels_out)
[0.384s]       |   [01;35m[K^~~[m[K
[0.384s] [01m[K/home/aiv/ev_ws/ros2_ver2/src/lidar/lidar_clustering/src/dbscan_gpu.cu:492:3:[m[K [01;35m[Kwarning: [m[Kstyle of line directive is a GCC extension
[0.384s]   492 | {
[0.384s]       |   [01;35m[K^[m[K  
[0.384s] [01m[K/home/aiv/ev_ws/ros2_ver2/src/lidar/lidar_clustering/src/dbscan_gpu.cu:493:3:[m[K [01;35m[Kwarning: [m[Kstyle of line directive is a GCC extension
[0.384s]   493 |   [01;35m[Kif [m[K(!h || n <= 0) return -1;
[0.384s]       |   [01;35m[K^~~[m[K
[0.384s] [01m[K/home/aiv/ev_ws/ros2_ver2/src/lidar/lidar_clustering/src/dbscan_gpu.cu:494:3:[m[K [01;35m[Kwarning: [m[Kstyle of line directive is a GCC extension
[0.384s]   494 | 
[0.384s]       |   [01;35m[K^[m[K  
[0.384s] [01m[K/home/aiv/ev_ws/ros2_ver2/src/lidar/lidar_clustering/src/dbscan_gpu.cu:497:3:[m[K [01;35m[Kwarning: [m[Kstyle of line directive is a GCC extension
[0.384s]   497 | 
[0.384s]       |   [01;35m[K^[m[K  
[0.384s] [01m[K/home/aiv/ev_ws/ros2_ver2/src/lidar/lidar_clustering/src/dbscan_gpu.cu:500:3:[m[K [01;35m[Kwarning: [m[Kstyle of line directive is a GCC extension
[0.385s]   500 |   [01;35m[Kint[m[K grid_dim = (n + block_size - 1) / block_size;
[0.385s]       |   [01;35m[K^~~[m[K
[0.385s] [01m[K/home/aiv/ev_ws/ros2_ver2/src/lidar/lidar_clustering/src/dbscan_gpu.cu:501:3:[m[K [01;35m[Kwarning: [m[Kstyle of line directive is a GCC extension
[0.385s]   501 |   [01;35m[Kker[m[Knel_init_labels<<<grid_dim, block_size>>>(d_labels, n);
[0.385s]       |   [01;35m[K^~~[m[K
[0.385s] [01m[K/home/aiv/ev_ws/ros2_ver2/src/lidar/lidar_clustering/src/dbscan_gpu.cu:502:3:[m[K [01;35m[Kwarning: [m[Kstyle of line directive is a GCC extension
[0.385s]   502 |   [01;35m[Kif [m[K(check_cuda(cudaGetLastError())) return -1;
[0.385s]       |   [01;35m[K^~~[m[K
[0.385s] [01m[K/home/aiv/ev_ws/ros2_ver2/src/lidar/lidar_clustering/src/dbscan_gpu.cu:503:3:[m[K [01;35m[Kwarning: [m[Kstyle of line directive is a GCC extension
[0.385s]   503 | 
[0.385s]       |   [01;35m[K^[m[K  
[0.385s] [01m[K/home/aiv/ev_ws/ros2_ver2/src/lidar/lidar_clustering/src/dbscan_gpu.cu:506:3:[m[K [01;35m[Kwarning: [m[Kstyle of line directive is a GCC extension
[0.385s]   506 |   [01;35m[K  h[m[K->d_px, h->d_py, h->d_pz,
[0.385s]       |   [01;35m[K^[m[K [01;35m[K~[m[K
[0.385s] [01m[K/home/aiv/ev_ws/ros2_ver2/src/lidar/lidar_clustering/src/dbscan_gpu.cu:516:3:[m[K [01;35m[Kwarning: [m[Kstyle of line directive is a GCC extension
[0.385s]   516 |   [01;35m[Kif [m[K(check_cuda(cudaDeviceSynchronize())) return -1;
[0.385s]       |   [01;35m[K^~~[m[K
[0.385s] [01m[K/home/aiv/ev_ws/ros2_ver2/src/lidar/lidar_clustering/src/dbscan_gpu.cu:517:3:[m[K [01;35m[Kwarning: [m[Kstyle of line directive is a GCC extension
[0.385s]   517 | 
[0.385s]       |   [01;35m[K^[m[K  
[0.385s] [01m[K/home/aiv/ev_ws/ros2_ver2/src/lidar/lidar_clustering/src/dbscan_gpu.cu:520:3:[m[K [01;35m[Kwarning: [m[Kstyle of line directive is a GCC extension
[0.385s]   520 |   [01;35m[K  n[m[K * sizeof(int), cudaMemcpyDeviceToHost))) return -1;
[0.385s]       |   [01;35m[K^[m[K [01;35m[K~[m[K
[0.385s] [01m[K/home/aiv/ev_ws/ros2_ver2/src/lidar/lidar_clustering/src/dbscan_gpu.cu:521:3:[m[K [01;35m[Kwarning: [m[Kstyle of line directive is a GCC extension
[0.385s]   521 | 
[0.385s]       |   [01;35m[K^[m[K  
[0.385s] [01m[K/home/aiv/ev_ws/ros2_ver2/src/lidar/lidar_clustering/src/dbscan_gpu.cu:523:3:[m[K [01;35m[Kwarning: [m[Kstyle of line directive is a GCC extension
[0.385s]   523 | }
[0.385s]       |   [01;35m[K^[m[K  
[0.385s] [01m[K/home/aiv/ev_ws/ros2_ver2/src/lidar/lidar_clustering/src/dbscan_gpu.cu:525:3:[m[K [01;35m[Kwarning: [m[Kstyle of line directive is a GCC extension
[0.385s] [01m[Ktmpxft_000037bb_00000000-6_dbscan_gpu.cudafe1.stub.c:4:3:[m[K [01;35m[Kwarning: [m[Kstyle of line directive is a GCC extension
[0.385s] In file included from [01m[Ktmpxft_000037bb_00000000-6_dbscan_gpu.cudafe1.stub.c:1[m[K:
[0.385s] [01m[K/home/aiv/ev_ws/ros2_ver2/src/lidar/lidar_clustering/src/dbscan_gpu.cu:75:3:[m[K [01;35m[Kwarning: [m[Kstyle of line directive is a GCC extension
[0.385s]    75 |   [01;35m[Kco[m[Knst float* px, const float* py, const float* pz,
[0.385s]       |   [01;35m[K^~[m[K
[0.385s] In file included from [01m[Ktmpxft_000037bb_00000000-6_dbscan_gpu.cudafe1.stub.c:1[m[K:
[0.385s] [01m[K/home/aiv/ev_ws/ros2_ver2/src/lidar/lidar_clustering/src/dbscan_gpu.cu:81:3:[m[K [01;35m[Kwarning: [m[Kstyle of line directive is a GCC extension
[0.385s]    81 |   [01;35m[Kin[m[Kt idx = blockIdx.x * blockDim.x + threadIdx.x;
[0.385s]       |   [01;35m[K^~[m[K
[0.385s] In file included from [01m[Ktmpxft_000037bb_00000000-6_dbscan_gpu.cudafe1.stub.c:1[m[K:
[0.385s] [01m[K/home/aiv/ev_ws/ros2_ver2/src/lidar/lidar_clustering/src/dbscan_gpu.cu:97:3:[m[K [01;35m[Kwarning: [m[Kstyle of line directive is a GCC extension
[0.385s]    97 | 
[0.385s]       |   [01;35m[K^[m[K
[0.385s] In file included from [01m[Ktmpxft_000037bb_00000000-6_dbscan_gpu.cudafe1.stub.c:1[m[K:
[0.385s] [01m[K/tmp/tmpxft_000037bb_00000000-6_dbscan_gpu.cudafe1.stub.c:2:3:[m[K [01;35m[Kwarning: [m[Kstyle of line directive is a GCC extension
[0.385s]     2 | #p[01;35m[Kra[m[Kgma GCC diagnostic ignored "-Wunused-function"
[0.385s]       |   [01;35m[K^~[m[K
[0.385s] In file included from [01m[Ktmpxft_000037bb_00000000-6_dbscan_gpu.cudafe1.stub.c:1[m[K:
[0.385s] [01m[K/home/aiv/ev_ws/ros2_ver2/src/lidar/lidar_clustering/src/dbscan_gpu.cu:99:3:[m[K [01;35m[Kwarning: [m[Kstyle of line directive is a GCC extension
[0.386s]    99 |   [01;35m[Kcon[m[Kst int* cell_indices, int* cell_start, int* cell_end, int n)
[0.386s]       |   [01;35m[K^~~[m[K
[0.386s] In file included from [01m[Ktmpxft_000037bb_00000000-6_dbscan_gpu.cudafe1.stub.c:1[m[K:
[0.386s] [01m[K/home/aiv/ev_ws/ros2_ver2/src/lidar/lidar_clustering/src/dbscan_gpu.cu:101:3:[m[K [01;35m[Kwarning: [m[Kstyle of line directive is a GCC extension
[0.386s]   101 |   [01;35m[Kint[m[K idx = blockIdx.x * blockDim.x + threadIdx.x;
[0.386s]       |   [01;35m[K^~~[m[K
[0.386s] In file included from [01m[Ktmpxft_000037bb_00000000-6_dbscan_gpu.cudafe1.stub.c:1[m[K:
[0.386s] [01m[K/home/aiv/ev_ws/ros2_ver2/src/lidar/lidar_clustering/src/dbscan_gpu.cu:112:3:[m[K [01;35m[Kwarning: [m[Kstyle of line directive is a GCC extension
[0.386s]   112 | 
[0.386s]       |   [01;35m[K^[m[K
[0.386s] In file included from [01m[Ktmpxft_000037bb_00000000-6_dbscan_gpu.cudafe1.stub.c:1[m[K:
[0.386s] [01m[K/tmp/tmpxft_000037bb_00000000-6_dbscan_gpu.cudafe1.stub.c:2:3:[m[K [01;35m[Kwarning: [m[Kstyle of line directive is a GCC extension
[0.386s]     2 | #p[01;35m[Krag[m[Kma GCC diagnostic ignored "-Wunused-function"
[0.386s]       |   [01;35m[K^~~[m[K
[0.386s] In file included from [01m[Ktmpxft_000037bb_00000000-6_dbscan_gpu.cudafe1.stub.c:1[m[K:
[0.386s] [01m[K/home/aiv/ev_ws/ros2_ver2/src/lidar/lidar_clustering/src/dbscan_gpu.cu:114:3:[m[K [01;35m[Kwarning: [m[Kstyle of line directive is a GCC extension
[0.386s]   114 |   [01;35m[Kcon[m[Kst float* px, const float* py, const float* pz,
[0.386s]       |   [01;35m[K^~~[m[K
[0.386s] In file included from [01m[Ktmpxft_000037bb_00000000-6_dbscan_gpu.cudafe1.stub.c:1[m[K:
[0.386s] [01m[K/home/aiv/ev_ws/ros2_ver2/src/lidar/lidar_clustering/src/dbscan_gpu.cu:122:3:[m[K [01;35m[Kwarning: [m[Kstyle of line directive is a GCC extension
[0.386s]   122 |   [01;35m[Kint[m[K sorted_idx = blockIdx.x * blockDim.x + threadIdx.x;
[0.386s]       |   [01;35m[K^~~[m[K
[0.386s] In file included from [01m[Ktmpxft_000037bb_00000000-6_dbscan_gpu.cudafe1.stub.c:1[m[K:
[0.386s] [01m[K/home/aiv/ev_ws/ros2_ver2/src/lidar/lidar_clustering/src/dbscan_gpu.cu:166:3:[m[K [01;35m[Kwarning: [m[Kstyle of line directive is a GCC extension
[0.386s]   166 | 
[0.386s]       |   [01;35m[K^[m[K
[0.386s] In file included from [01m[Ktmpxft_000037bb_00000000-6_dbscan_gpu.cudafe1.stub.c:1[m[K:
[0.386s] [01m[K/tmp/tmpxft_000037bb_00000000-6_dbscan_gpu.cudafe1.stub.c:2:3:[m[K [01;35m[Kwarning: [m[Kstyle of line directive is a GCC extension
[0.386s]     2 | #p[01;35m[Krag[m[Kma GCC diagnostic ignored "-Wunused-function"
[0.386s]       |   [01;35m[K^~~[m[K
[0.386s] In file included from [01m[Ktmpxft_000037bb_00000000-6_dbscan_gpu.cudafe1.stub.c:1[m[K:
[0.386s] [01m[K/home/aiv/ev_ws/ros2_ver2/src/lidar/lidar_clustering/src/dbscan_gpu.cu:168:3:[m[K [01;35m[Kwarning: [m[Kstyle of line directive is a GCC extension
[0.386s]   168 |   [01;35m[Kcon[m[Kst float* px, const float* py, const float* pz,
[0.386s]       |   [01;35m[K^~~[m[K
[0.386s] In file included from [01m[Ktmpxft_000037bb_00000000-6_dbscan_gpu.cudafe1.stub.c:1[m[K:
[0.386s] [01m[K/home/aiv/ev_ws/ros2_ver2/src/lidar/lidar_clustering/src/dbscan_gpu.cu:177:3:[m[K [01;35m[Kwarning: [m[Kstyle of line directive is a GCC extension
[0.386s]   177 |   [01;35m[Kint[m[K sorted_idx = blockIdx.x * blockDim.x + threadIdx.x;
[0.386s]       |   [01;35m[K^~~[m[K
[0.386s] In file included from [01m[Ktmpxft_000037bb_00000000-6_dbscan_gpu.cudafe1.stub.c:1[m[K:
[0.386s] [01m[K/home/aiv/ev_ws/ros2_ver2/src/lidar/lidar_clustering/src/dbscan_gpu.cu:219:3:[m[K [01;35m[Kwarning: [m[Kstyle of line directive is a GCC extension
[0.386s]   219 | 
[0.386s]       |   [01;35m[K^[m[K
[0.386s] In file included from [01m[Ktmpxft_000037bb_00000000-6_dbscan_gpu.cudafe1.stub.c:1[m[K:
[0.386s] [01m[K/tmp/tmpxft_000037bb_00000000-6_dbscan_gpu.cudafe1.stub.c:2:3:[m[K [01;35m[Kwarning: [m[Kstyle of line directive is a GCC extension
[0.386s]     2 | #p[01;35m[Krag[m[Kma GCC diagnostic ignored "-Wunused-function"
[0.386s]       |   [01;35m[K^~~[m[K
[0.386s] In file included from [01m[Ktmpxft_000037bb_00000000-6_dbscan_gpu.cudafe1.stub.c:1[m[K:
[0.386s] [01m[K/home/aiv/ev_ws/ros2_ver2/src/lidar/lidar_clustering/src/dbscan_gpu.cu:424:3:[m[K [01;35m[Kwarning: [m[Kstyle of line directive is a GCC extension
[0.386s]   424 |   [01;35m[Kint[m[K idx = blockIdx.x * blockDim.x + threadIdx.x;
[0.387s]       |   [01;35m[K^~~[m[K
[0.387s] In file included from [01m[Ktmpxft_000037bb_00000000-6_dbscan_gpu.cudafe1.stub.c:1[m[K:
[0.387s] [01m[K/home/aiv/ev_ws/ros2_ver2/src/lidar/lidar_clustering/src/dbscan_gpu.cu:427:3:[m[K [01;35m[Kwarning: [m[Kstyle of line directive is a GCC extension
[0.387s]   427 | 
[0.387s]       |   [01;35m[K^[m[K
[0.387s] In file included from [01m[Ktmpxft_000037bb_00000000-6_dbscan_gpu.cudafe1.stub.c:1[m[K:
[0.387s] [01m[K/tmp/tmpxft_000037bb_00000000-6_dbscan_gpu.cudafe1.stub.c:2:3:[m[K [01;35m[Kwarning: [m[Kstyle of line directive is a GCC extension
[0.387s]     2 | #p[01;35m[Krag[m[Kma GCC diagnostic ignored "-Wunused-function"
[0.387s]       |   [01;35m[K^~~[m[K
[0.387s] In file included from [01m[Ktmpxft_000037bb_00000000-6_dbscan_gpu.cudafe1.stub.c:1[m[K:
[0.387s] [01m[K/home/aiv/ev_ws/ros2_ver2/src/lidar/lidar_clustering/src/dbscan_gpu.cu:429:3:[m[K [01;35m[Kwarning: [m[Kstyle of line directive is a GCC extension
[0.387s]   429 |   [01;35m[Kcon[m[Kst float* px, const float* py, const float* pz,
[0.387s]       |   [01;35m[K^~~[m[K
[0.387s] In file included from [01m[Ktmpxft_000037bb_00000000-6_dbscan_gpu.cudafe1.stub.c:1[m[K:
[0.387s] [01m[K/home/aiv/ev_ws/ros2_ver2/src/lidar/lidar_clustering/src/dbscan_gpu.cu:438:3:[m[K [01;35m[Kwarning: [m[Kstyle of line directive is a GCC extension
[0.387s]   438 |   [01;35m[Kint[m[K sorted_idx = blockIdx.x * blockDim.x + threadIdx.x;
[0.387s]       |   [01;35m[K^~~[m[K
[0.387s] In file included from [01m[Ktmpxft_000037bb_00000000-6_dbscan_gpu.cudafe1.stub.c:1[m[K:
[0.387s] [01m[K/home/aiv/ev_ws/ros2_ver2/src/lidar/lidar_clustering/src/dbscan_gpu.cu:485:3:[m[K [01;35m[Kwarning: [m[Kstyle of line directive is a GCC extension
[0.387s]   485 | 
[0.387s]       |   [01;35m[K^[m[K
[0.387s] [01m[Ktmpxft_000037bb_00000000-6_dbscan_gpu.cudafe1.stub.c:2:3:[m[K [01;35m[Kwarning: [m[Kstyle of line directive is a GCC extension
[0.453s] [ 28%] [32m[1mLinking CUDA static library libdbscan_gpu_kernels.a[0m
[0.477s] [ 28%] Built target dbscan_gpu_kernels
[0.497s] [ 42%] [32mBuilding CXX object CMakeFiles/clustering_component.dir/src/dbscan_gpu.cpp.o[0m
[0.741s] [ 57%] [32m[1mLinking CUDA device code CMakeFiles/clustering_component.dir/cmake_device_link.o[0m
[0.757s] nvlink warning : Skipping incompatible '/usr/lib/x86_64-linux-gnu/libdl.a' when searching for -ldl
[0.759s] nvlink warning : Skipping incompatible '/usr/lib/x86_64-linux-gnu/librt.a' when searching for -lrt
[0.759s] nvlink warning : Skipping incompatible '/usr/lib/x86_64-linux-gnu/libpthread.a' when searching for -lpthread
[0.795s] [ 71%] [32m[1mLinking CXX shared library libclustering_component.so[0m
[1.029s] [100%] Built target clustering_component
[1.037s] Invoked command in '/home/aiv/ev_ws/ros2_ver2/build/lidar_clustering' returned '0': CMAKE_PREFIX_PATH=${CMAKE_PREFIX_PATH}:/home/aiv/ros2_study/install/my_second_package:/opt/ros/humble /usr/bin/cmake --build /home/aiv/ev_ws/ros2_ver2/build/lidar_clustering -- -j28 -l28
[1.046s] Invoking command in '/home/aiv/ev_ws/ros2_ver2/build/lidar_clustering': CMAKE_PREFIX_PATH=${CMAKE_PREFIX_PATH}:/home/aiv/ros2_study/install/my_second_package:/opt/ros/humble /usr/bin/cmake --install /home/aiv/ev_ws/ros2_ver2/build/lidar_clustering
[1.051s] -- Install configuration: ""
[1.051s] -- Installing: /home/aiv/ev_ws/ros2_ver2/install/lidar_clustering/lib/libclustering_component.so
[1.055s] -- Set runtime path of "/home/aiv/ev_ws/ros2_ver2/install/lidar_clustering/lib/libclustering_component.so" to ""
[1.056s] -- Up-to-date: /home/aiv/ev_ws/ros2_ver2/install/lidar_clustering/include
[1.056s] -- Up-to-date: /home/aiv/ev_ws/ros2_ver2/install/lidar_clustering/include/lidar_clustering
[1.056s] -- Up-to-date: /home/aiv/ev_ws/ros2_ver2/install/lidar_clustering/include/lidar_clustering/dbscan_gpu.hpp
[1.056s] -- Up-to-date: /home/aiv/ev_ws/ros2_ver2/install/lidar_clustering/include/lidar_clustering/clustering_component.hpp
[1.056s] -- Up-to-date: /home/aiv/ev_ws/ros2_ver2/install/lidar_clustering/include/lidar_clustering/dbscan.hpp
[1.056s] -- Installing: /home/aiv/ev_ws/ros2_ver2/install/lidar_clustering/include/lidar_clustering/dbscan_gpu_kernels.h
[1.056s] -- Up-to-date: /home/aiv/ev_ws/ros2_ver2/install/lidar_clustering/include/lidar_clustering/nanoflann.hpp
[1.056s] -- Up-to-date: /home/aiv/ev_ws/ros2_ver2/install/lidar_clustering/share/lidar_clustering/config
[1.056s] -- Up-to-date: /home/aiv/ev_ws/ros2_ver2/install/lidar_clustering/share/lidar_clustering/config/clustering_params.yaml
[1.056s] -- Up-to-date: /home/aiv/ev_ws/ros2_ver2/install/lidar_clustering/share/lidar_clustering/environment/library_path.sh
[1.056s] -- Up-to-date: /home/aiv/ev_ws/ros2_ver2/install/lidar_clustering/share/lidar_clustering/environment/library_path.dsv
[1.056s] -- Up-to-date: /home/aiv/ev_ws/ros2_ver2/install/lidar_clustering/share/ament_index/resource_index/package_run_dependencies/lidar_clustering
[1.056s] -- Up-to-date: /home/aiv/ev_ws/ros2_ver2/install/lidar_clustering/share/ament_index/resource_index/parent_prefix_path/lidar_clustering
[1.056s] -- Up-to-date: /home/aiv/ev_ws/ros2_ver2/install/lidar_clustering/share/lidar_clustering/environment/ament_prefix_path.sh
[1.056s] -- Up-to-date: /home/aiv/ev_ws/ros2_ver2/install/lidar_clustering/share/lidar_clustering/environment/ament_prefix_path.dsv
[1.056s] -- Up-to-date: /home/aiv/ev_ws/ros2_ver2/install/lidar_clustering/share/lidar_clustering/environment/path.sh
[1.056s] -- Up-to-date: /home/aiv/ev_ws/ros2_ver2/install/lidar_clustering/share/lidar_clustering/environment/path.dsv
[1.056s] -- Up-to-date: /home/aiv/ev_ws/ros2_ver2/install/lidar_clustering/share/lidar_clustering/local_setup.bash
[1.057s] -- Up-to-date: /home/aiv/ev_ws/ros2_ver2/install/lidar_clustering/share/lidar_clustering/local_setup.sh
[1.057s] -- Up-to-date: /home/aiv/ev_ws/ros2_ver2/install/lidar_clustering/share/lidar_clustering/local_setup.zsh
[1.057s] -- Up-to-date: /home/aiv/ev_ws/ros2_ver2/install/lidar_clustering/share/lidar_clustering/local_setup.dsv
[1.057s] -- Installing: /home/aiv/ev_ws/ros2_ver2/install/lidar_clustering/share/lidar_clustering/package.dsv
[1.057s] -- Up-to-date: /home/aiv/ev_ws/ros2_ver2/install/lidar_clustering/share/ament_index/resource_index/packages/lidar_clustering
[1.057s] -- Up-to-date: /home/aiv/ev_ws/ros2_ver2/install/lidar_clustering/share/ament_index/resource_index/rclcpp_components/lidar_clustering
[1.057s] -- Up-to-date: /home/aiv/ev_ws/ros2_ver2/install/lidar_clustering/share/lidar_clustering/cmake/ament_cmake_export_include_directories-extras.cmake
[1.057s] -- Up-to-date: /home/aiv/ev_ws/ros2_ver2/install/lidar_clustering/share/lidar_clustering/cmake/ament_cmake_export_libraries-extras.cmake
[1.057s] -- Up-to-date: /home/aiv/ev_ws/ros2_ver2/install/lidar_clustering/share/lidar_clustering/cmake/ament_cmake_export_dependencies-extras.cmake
[1.057s] -- Up-to-date: /home/aiv/ev_ws/ros2_ver2/install/lidar_clustering/share/lidar_clustering/cmake/lidar_clusteringConfig.cmake
[1.057s] -- Up-to-date: /home/aiv/ev_ws/ros2_ver2/install/lidar_clustering/share/lidar_clustering/cmake/lidar_clusteringConfig-version.cmake
[1.057s] -- Up-to-date: /home/aiv/ev_ws/ros2_ver2/install/lidar_clustering/share/lidar_clustering/package.xml
[1.058s] Invoked command in '/home/aiv/ev_ws/ros2_ver2/build/lidar_clustering' returned '0': CMAKE_PREFIX_PATH=${CMAKE_PREFIX_PATH}:/home/aiv/ros2_study/install/my_second_package:/opt/ros/humble /usr/bin/cmake --install /home/aiv/ev_ws/ros2_ver2/build/lidar_clustering
