[0.018s] Invoking command in '/home/aiv/ev_ws/ros2_ver2/build/velodyne_msgs': CMAKE_PREFIX_PATH=${CMAKE_PREFIX_PATH}:/home/aiv/ros2_study/install/my_second_package:/opt/ros/humble /usr/bin/cmake /home/aiv/ev_ws/ros2_ver2/src/lidar/velodyne_msgs -DCMAKE_INSTALL_PREFIX=/home/aiv/ev_ws/ros2_ver2/install/velodyne_msgs
[0.079s] -- The C compiler identification is GNU 11.4.0
[0.112s] -- The CXX compiler identification is GNU 11.4.0
[0.117s] -- Detecting C compiler ABI info
[0.177s] -- Detecting C compiler ABI info - done
[0.181s] -- Check for working C compiler: /usr/bin/cc - skipped
[0.181s] -- Detecting C compile features
[0.181s] -- Detecting C compile features - done
[0.183s] -- Detecting CXX compiler ABI info
[0.240s] -- Detecting CXX compiler ABI info - done
[0.244s] -- Check for working CXX compiler: /usr/bin/c++ - skipped
[0.244s] -- Detecting CXX compile features
[0.245s] -- Detecting CXX compile features - done
[0.251s] -- Found ament_cmake: 1.3.12 (/opt/ros/humble/share/ament_cmake/cmake)
[0.364s] -- Found Python3: /usr/bin/python3 (found version "3.10.12") found components: Interpreter 
[0.433s] -- Found builtin_interfaces: 1.2.2 (/opt/ros/humble/share/builtin_interfaces/cmake)
[0.461s] -- Found rosidl_generator_c: 3.1.8 (/opt/ros/humble/share/rosidl_generator_c/cmake)
[0.465s] -- Found rosidl_adapter: 3.1.8 (/opt/ros/humble/share/rosidl_adapter/cmake)
[0.472s] -- Found rosidl_generator_cpp: 3.1.8 (/opt/ros/humble/share/rosidl_generator_cpp/cmake)
[0.482s] -- Using all available rosidl_typesupport_c: rosidl_typesupport_fastrtps_c;rosidl_typesupport_introspection_c
[0.494s] -- Using all available rosidl_typesupport_cpp: rosidl_typesupport_fastrtps_cpp;rosidl_typesupport_introspection_cpp
[0.507s] -- Found rosidl_default_generators: 1.2.0 (/opt/ros/humble/share/rosidl_default_generators/cmake)
[0.516s] -- Found std_msgs: 4.9.0 (/opt/ros/humble/share/std_msgs/cmake)
[0.706s] -- Found ament_cmake_cppcheck: 0.12.14 (/opt/ros/humble/share/ament_cmake_cppcheck/cmake)
[0.709s] -- Found ament_cmake_cpplint: 0.12.14 (/opt/ros/humble/share/ament_cmake_cpplint/cmake)
[0.712s] -- Found ament_cmake_uncrustify: 0.12.14 (/opt/ros/humble/share/ament_cmake_uncrustify/cmake)
[0.714s] -- Found ament_cmake_ros: 0.10.0 (/opt/ros/humble/share/ament_cmake_ros/cmake)
[0.952s] -- Using all available rosidl_typesupport_c: rosidl_typesupport_fastrtps_c;rosidl_typesupport_introspection_c
[1.045s] -- Using all available rosidl_typesupport_cpp: rosidl_typesupport_fastrtps_cpp;rosidl_typesupport_introspection_cpp
[1.063s] -- Found PythonInterp: /usr/bin/python3 (found suitable version "3.10.12", minimum required is "3.6") 
[1.066s] -- Found python_cmake_module: 0.10.0 (/opt/ros/humble/share/python_cmake_module/cmake)
[1.085s] -- Found PythonLibs: /usr/lib/x86_64-linux-gnu/libpython3.10.so (found suitable version "3.10.12", minimum required is "3.5") 
[1.086s] -- Using PYTHON_EXECUTABLE: /usr/bin/python3
[1.086s] -- Using PYTHON_INCLUDE_DIRS: /usr/include/python3.10
[1.086s] -- Using PYTHON_LIBRARIES: /usr/lib/x86_64-linux-gnu/libpython3.10.so
[1.101s] -- Found PythonExtra: .so  
[1.150s] -- Found ament_cmake_flake8: 0.12.14 (/opt/ros/humble/share/ament_cmake_flake8/cmake)
[1.153s] -- Found ament_cmake_pep257: 0.12.14 (/opt/ros/humble/share/ament_cmake_pep257/cmake)
[1.156s] -- Found ament_lint_auto: 0.12.14 (/opt/ros/humble/share/ament_lint_auto/cmake)
[1.167s] -- Added test 'copyright' to check source files copyright and LICENSE
[1.167s] -- Added test 'lint_cmake' to check CMake code style
[1.168s] -- Added test 'xmllint' to check XML markup files
[1.170s] -- Configuring done
[1.185s] -- Generating done
[1.192s] -- Build files have been written to: /home/aiv/ev_ws/ros2_ver2/build/velodyne_msgs
[1.198s] Invoked command in '/home/aiv/ev_ws/ros2_ver2/build/velodyne_msgs' returned '0': CMAKE_PREFIX_PATH=${CMAKE_PREFIX_PATH}:/home/aiv/ros2_study/install/my_second_package:/opt/ros/humble /usr/bin/cmake /home/aiv/ev_ws/ros2_ver2/src/lidar/velodyne_msgs -DCMAKE_INSTALL_PREFIX=/home/aiv/ev_ws/ros2_ver2/install/velodyne_msgs
[1.199s] Invoking command in '/home/aiv/ev_ws/ros2_ver2/build/velodyne_msgs': CMAKE_PREFIX_PATH=${CMAKE_PREFIX_PATH}:/home/aiv/ros2_study/install/my_second_package:/opt/ros/humble /usr/bin/cmake --build /home/aiv/ev_ws/ros2_ver2/build/velodyne_msgs -- -j28 -l28
[1.236s] [  2%] [34m[1mGenerating C code for ROS interfaces[0m
[1.245s] [  5%] [34m[1mGenerating C++ code for ROS interfaces[0m
[1.252s] [  5%] Built target ament_cmake_python_copy_velodyne_msgs
[1.392s] running egg_info
[1.393s] creating velodyne_msgs.egg-info
[1.393s] writing velodyne_msgs.egg-info/PKG-INFO
[1.393s] writing dependency_links to velodyne_msgs.egg-info/dependency_links.txt
[1.393s] writing top-level names to velodyne_msgs.egg-info/top_level.txt
[1.393s] writing manifest file 'velodyne_msgs.egg-info/SOURCES.txt'
[1.394s] reading manifest file 'velodyne_msgs.egg-info/SOURCES.txt'
[1.395s] writing manifest file 'velodyne_msgs.egg-info/SOURCES.txt'
[1.411s] [  5%] Built target ament_cmake_python_build_velodyne_msgs_egg
[1.435s] [  5%] Built target velodyne_msgs__cpp
[1.443s] [  7%] [34m[1mGenerating C++ introspection for ROS interfaces[0m
[1.444s] [ 10%] [34m[1mGenerating C++ type support dispatch for ROS interfaces[0m
[1.445s] [ 12%] [34m[1mGenerating C++ type support for eProsima Fast-RTPS[0m
[1.535s] [ 15%] [32mBuilding C object CMakeFiles/velodyne_msgs__rosidl_generator_c.dir/rosidl_generator_c/velodyne_msgs/msg/detail/velodyne_packet__functions.c.o[0m
[1.537s] [ 17%] [32mBuilding C object CMakeFiles/velodyne_msgs__rosidl_generator_c.dir/rosidl_generator_c/velodyne_msgs/msg/detail/velodyne_scan__functions.c.o[0m
[1.577s] [ 20%] [32m[1mLinking C shared library libvelodyne_msgs__rosidl_generator_c.so[0m
[1.607s] [ 20%] Built target velodyne_msgs__rosidl_generator_c
[1.615s] [ 23%] [34m[1mGenerating C type support dispatch for ROS interfaces[0m
[1.615s] [ 25%] [34m[1mGenerating C introspection for ROS interfaces[0m
[1.617s] [ 28%] [34m[1mGenerating C type support for eProsima Fast-RTPS[0m
[1.623s] [ 30%] [32mBuilding CXX object CMakeFiles/velodyne_msgs__rosidl_typesupport_cpp.dir/rosidl_typesupport_cpp/velodyne_msgs/msg/velodyne_packet__type_support.cpp.o[0m
[1.626s] [ 33%] [32mBuilding CXX object CMakeFiles/velodyne_msgs__rosidl_typesupport_cpp.dir/rosidl_typesupport_cpp/velodyne_msgs/msg/velodyne_scan__type_support.cpp.o[0m
[1.638s] [ 35%] [32mBuilding CXX object CMakeFiles/velodyne_msgs__rosidl_typesupport_fastrtps_cpp.dir/rosidl_typesupport_fastrtps_cpp/velodyne_msgs/msg/detail/dds_fastrtps/velodyne_packet__type_support.cpp.o[0m
[1.641s] [ 38%] [32mBuilding CXX object CMakeFiles/velodyne_msgs__rosidl_typesupport_fastrtps_cpp.dir/rosidl_typesupport_fastrtps_cpp/velodyne_msgs/msg/detail/dds_fastrtps/velodyne_scan__type_support.cpp.o[0m
[1.667s] [ 43%] [32mBuilding CXX object CMakeFiles/velodyne_msgs__rosidl_typesupport_introspection_cpp.dir/rosidl_typesupport_introspection_cpp/velodyne_msgs/msg/detail/velodyne_scan__type_support.cpp.o[0m
[1.667s] [ 43%] [32mBuilding CXX object CMakeFiles/velodyne_msgs__rosidl_typesupport_introspection_cpp.dir/rosidl_typesupport_introspection_cpp/velodyne_msgs/msg/detail/velodyne_packet__type_support.cpp.o[0m
[1.822s] [ 48%] [32mBuilding CXX object CMakeFiles/velodyne_msgs__rosidl_typesupport_c.dir/rosidl_typesupport_c/velodyne_msgs/msg/velodyne_scan__type_support.cpp.o[0m
[1.822s] [ 48%] [32mBuilding CXX object CMakeFiles/velodyne_msgs__rosidl_typesupport_c.dir/rosidl_typesupport_c/velodyne_msgs/msg/velodyne_packet__type_support.cpp.o[0m
[1.839s] [ 51%] [32mBuilding C object CMakeFiles/velodyne_msgs__rosidl_typesupport_introspection_c.dir/rosidl_typesupport_introspection_c/velodyne_msgs/msg/detail/velodyne_scan__type_support.c.o[0m
[1.839s] [ 53%] [32m[1mLinking CXX shared library libvelodyne_msgs__rosidl_typesupport_c.so[0m
[1.840s] [ 56%] [32mBuilding C object CMakeFiles/velodyne_msgs__rosidl_typesupport_introspection_c.dir/rosidl_typesupport_introspection_c/velodyne_msgs/msg/detail/velodyne_packet__type_support.c.o[0m
[1.852s] [ 58%] [32m[1mLinking CXX shared library libvelodyne_msgs__rosidl_typesupport_cpp.so[0m
[1.864s] [ 61%] [32m[1mLinking C shared library libvelodyne_msgs__rosidl_typesupport_introspection_c.so[0m
[1.869s] [ 61%] Built target velodyne_msgs__rosidl_typesupport_c
[1.883s] [ 61%] Built target velodyne_msgs__rosidl_typesupport_cpp
[1.893s] [ 61%] Built target velodyne_msgs__rosidl_typesupport_introspection_c
[1.905s] [ 64%] [32mBuilding CXX object CMakeFiles/velodyne_msgs__rosidl_typesupport_fastrtps_c.dir/rosidl_typesupport_fastrtps_c/velodyne_msgs/msg/detail/velodyne_scan__type_support_c.cpp.o[0m
[1.905s] [ 66%] [32mBuilding CXX object CMakeFiles/velodyne_msgs__rosidl_typesupport_fastrtps_c.dir/rosidl_typesupport_fastrtps_c/velodyne_msgs/msg/detail/velodyne_packet__type_support_c.cpp.o[0m
[1.947s] [ 69%] [32m[1mLinking CXX shared library libvelodyne_msgs__rosidl_typesupport_fastrtps_cpp.so[0m
[1.998s] [ 69%] Built target velodyne_msgs__rosidl_typesupport_fastrtps_cpp
[2.038s] [ 71%] [32m[1mLinking CXX shared library libvelodyne_msgs__rosidl_typesupport_introspection_cpp.so[0m
[2.087s] [ 71%] Built target velodyne_msgs__rosidl_typesupport_introspection_cpp
[2.108s] [ 74%] [32m[1mLinking CXX shared library libvelodyne_msgs__rosidl_typesupport_fastrtps_c.so[0m
[2.158s] [ 74%] Built target velodyne_msgs__rosidl_typesupport_fastrtps_c
[2.179s] [ 74%] Built target velodyne_msgs
[2.197s] [ 76%] [34m[1mGenerating Python code for ROS interfaces[0m
[2.467s] [ 76%] Built target velodyne_msgs__py
[2.486s] [ 82%] [32mBuilding C object CMakeFiles/velodyne_msgs__rosidl_generator_py.dir/rosidl_generator_py/velodyne_msgs/msg/_velodyne_scan_s.c.o[0m
[2.487s] [ 82%] [32mBuilding C object CMakeFiles/velodyne_msgs__rosidl_generator_py.dir/rosidl_generator_py/velodyne_msgs/msg/_velodyne_packet_s.c.o[0m
[2.580s] [ 84%] [32m[1mLinking C shared library rosidl_generator_py/velodyne_msgs/libvelodyne_msgs__rosidl_generator_py.so[0m
[2.614s] [ 84%] Built target velodyne_msgs__rosidl_generator_py
[2.638s] [ 87%] [32mBuilding C object CMakeFiles/velodyne_msgs__rosidl_typesupport_fastrtps_c__pyext.dir/rosidl_generator_py/velodyne_msgs/_velodyne_msgs_s.ep.rosidl_typesupport_fastrtps_c.c.o[0m
[2.638s] [ 92%] [32mBuilding C object CMakeFiles/velodyne_msgs__rosidl_typesupport_introspection_c__pyext.dir/rosidl_generator_py/velodyne_msgs/_velodyne_msgs_s.ep.rosidl_typesupport_introspection_c.c.o[0m
[2.638s] [ 92%] [32mBuilding C object CMakeFiles/velodyne_msgs__rosidl_typesupport_c__pyext.dir/rosidl_generator_py/velodyne_msgs/_velodyne_msgs_s.ep.rosidl_typesupport_c.c.o[0m
[2.704s] [ 97%] [32m[1mLinking C shared library rosidl_generator_py/velodyne_msgs/velodyne_msgs_s__rosidl_typesupport_c.cpython-310-x86_64-linux-gnu.so[0m
[2.704s] [ 97%] [32m[1mLinking C shared library rosidl_generator_py/velodyne_msgs/velodyne_msgs_s__rosidl_typesupport_fastrtps_c.cpython-310-x86_64-linux-gnu.so[0m
[2.708s] [100%] [32m[1mLinking C shared library rosidl_generator_py/velodyne_msgs/velodyne_msgs_s__rosidl_typesupport_introspection_c.cpython-310-x86_64-linux-gnu.so[0m
[2.737s] [100%] Built target velodyne_msgs__rosidl_typesupport_fastrtps_c__pyext
[2.738s] [100%] Built target velodyne_msgs__rosidl_typesupport_c__pyext
[2.739s] [100%] Built target velodyne_msgs__rosidl_typesupport_introspection_c__pyext
[2.749s] Invoked command in '/home/aiv/ev_ws/ros2_ver2/build/velodyne_msgs' returned '0': CMAKE_PREFIX_PATH=${CMAKE_PREFIX_PATH}:/home/aiv/ros2_study/install/my_second_package:/opt/ros/humble /usr/bin/cmake --build /home/aiv/ev_ws/ros2_ver2/build/velodyne_msgs -- -j28 -l28
[2.758s] Invoking command in '/home/aiv/ev_ws/ros2_ver2/build/velodyne_msgs': CMAKE_PREFIX_PATH=${CMAKE_PREFIX_PATH}:/home/aiv/ros2_study/install/my_second_package:/opt/ros/humble /usr/bin/cmake --install /home/aiv/ev_ws/ros2_ver2/build/velodyne_msgs
[2.764s] -- Install configuration: ""
[2.764s] -- Installing: /home/aiv/ev_ws/ros2_ver2/install/velodyne_msgs/share/ament_index/resource_index/rosidl_interfaces/velodyne_msgs
[2.764s] -- Installing: /home/aiv/ev_ws/ros2_ver2/install/velodyne_msgs/include/velodyne_msgs/velodyne_msgs
[2.764s] -- Installing: /home/aiv/ev_ws/ros2_ver2/install/velodyne_msgs/include/velodyne_msgs/velodyne_msgs/msg
[2.764s] -- Installing: /home/aiv/ev_ws/ros2_ver2/install/velodyne_msgs/include/velodyne_msgs/velodyne_msgs/msg/rosidl_generator_c__visibility_control.h
[2.764s] -- Installing: /home/aiv/ev_ws/ros2_ver2/install/velodyne_msgs/include/velodyne_msgs/velodyne_msgs/msg/detail
[2.764s] -- Installing: /home/aiv/ev_ws/ros2_ver2/install/velodyne_msgs/include/velodyne_msgs/velodyne_msgs/msg/detail/velodyne_packet__type_support.h
[2.764s] -- Installing: /home/aiv/ev_ws/ros2_ver2/install/velodyne_msgs/include/velodyne_msgs/velodyne_msgs/msg/detail/velodyne_scan__struct.h
[2.765s] -- Installing: /home/aiv/ev_ws/ros2_ver2/install/velodyne_msgs/include/velodyne_msgs/velodyne_msgs/msg/detail/velodyne_scan__type_support.h
[2.765s] -- Installing: /home/aiv/ev_ws/ros2_ver2/install/velodyne_msgs/include/velodyne_msgs/velodyne_msgs/msg/detail/velodyne_scan__functions.c
[2.765s] -- Installing: /home/aiv/ev_ws/ros2_ver2/install/velodyne_msgs/include/velodyne_msgs/velodyne_msgs/msg/detail/velodyne_scan__functions.h
[2.765s] -- Installing: /home/aiv/ev_ws/ros2_ver2/install/velodyne_msgs/include/velodyne_msgs/velodyne_msgs/msg/detail/velodyne_packet__functions.h
[2.765s] -- Installing: /home/aiv/ev_ws/ros2_ver2/install/velodyne_msgs/include/velodyne_msgs/velodyne_msgs/msg/detail/velodyne_packet__functions.c
[2.765s] -- Installing: /home/aiv/ev_ws/ros2_ver2/install/velodyne_msgs/include/velodyne_msgs/velodyne_msgs/msg/detail/velodyne_packet__struct.h
[2.765s] -- Installing: /home/aiv/ev_ws/ros2_ver2/install/velodyne_msgs/include/velodyne_msgs/velodyne_msgs/msg/velodyne_packet.h
[2.765s] -- Installing: /home/aiv/ev_ws/ros2_ver2/install/velodyne_msgs/include/velodyne_msgs/velodyne_msgs/msg/velodyne_scan.h
[2.765s] -- Installing: /home/aiv/ev_ws/ros2_ver2/install/velodyne_msgs/share/velodyne_msgs/environment/library_path.sh
[2.765s] -- Installing: /home/aiv/ev_ws/ros2_ver2/install/velodyne_msgs/share/velodyne_msgs/environment/library_path.dsv
[2.765s] -- Installing: /home/aiv/ev_ws/ros2_ver2/install/velodyne_msgs/lib/libvelodyne_msgs__rosidl_generator_c.so
[2.765s] -- Set runtime path of "/home/aiv/ev_ws/ros2_ver2/install/velodyne_msgs/lib/libvelodyne_msgs__rosidl_generator_c.so" to ""
[2.765s] -- Up-to-date: /home/aiv/ev_ws/ros2_ver2/install/velodyne_msgs/include/velodyne_msgs/velodyne_msgs
[2.765s] -- Up-to-date: /home/aiv/ev_ws/ros2_ver2/install/velodyne_msgs/include/velodyne_msgs/velodyne_msgs/msg
[2.765s] -- Installing: /home/aiv/ev_ws/ros2_ver2/install/velodyne_msgs/include/velodyne_msgs/velodyne_msgs/msg/rosidl_typesupport_fastrtps_c__visibility_control.h
[2.765s] -- Up-to-date: /home/aiv/ev_ws/ros2_ver2/install/velodyne_msgs/include/velodyne_msgs/velodyne_msgs/msg/detail
[2.765s] -- Installing: /home/aiv/ev_ws/ros2_ver2/install/velodyne_msgs/include/velodyne_msgs/velodyne_msgs/msg/detail/velodyne_scan__rosidl_typesupport_fastrtps_c.h
[2.765s] -- Installing: /home/aiv/ev_ws/ros2_ver2/install/velodyne_msgs/include/velodyne_msgs/velodyne_msgs/msg/detail/velodyne_packet__rosidl_typesupport_fastrtps_c.h
[2.765s] -- Installing: /home/aiv/ev_ws/ros2_ver2/install/velodyne_msgs/lib/libvelodyne_msgs__rosidl_typesupport_fastrtps_c.so
[2.765s] -- Set runtime path of "/home/aiv/ev_ws/ros2_ver2/install/velodyne_msgs/lib/libvelodyne_msgs__rosidl_typesupport_fastrtps_c.so" to ""
[2.765s] -- Up-to-date: /home/aiv/ev_ws/ros2_ver2/install/velodyne_msgs/include/velodyne_msgs/velodyne_msgs
[2.765s] -- Up-to-date: /home/aiv/ev_ws/ros2_ver2/install/velodyne_msgs/include/velodyne_msgs/velodyne_msgs/msg
[2.765s] -- Installing: /home/aiv/ev_ws/ros2_ver2/install/velodyne_msgs/include/velodyne_msgs/velodyne_msgs/msg/velodyne_packet.hpp
[2.766s] -- Installing: /home/aiv/ev_ws/ros2_ver2/install/velodyne_msgs/include/velodyne_msgs/velodyne_msgs/msg/velodyne_scan.hpp
[2.766s] -- Installing: /home/aiv/ev_ws/ros2_ver2/install/velodyne_msgs/include/velodyne_msgs/velodyne_msgs/msg/rosidl_generator_cpp__visibility_control.hpp
[2.766s] -- Up-to-date: /home/aiv/ev_ws/ros2_ver2/install/velodyne_msgs/include/velodyne_msgs/velodyne_msgs/msg/detail
[2.766s] -- Installing: /home/aiv/ev_ws/ros2_ver2/install/velodyne_msgs/include/velodyne_msgs/velodyne_msgs/msg/detail/velodyne_packet__type_support.hpp
[2.766s] -- Installing: /home/aiv/ev_ws/ros2_ver2/install/velodyne_msgs/include/velodyne_msgs/velodyne_msgs/msg/detail/velodyne_packet__traits.hpp
[2.766s] -- Installing: /home/aiv/ev_ws/ros2_ver2/install/velodyne_msgs/include/velodyne_msgs/velodyne_msgs/msg/detail/velodyne_packet__builder.hpp
[2.766s] -- Installing: /home/aiv/ev_ws/ros2_ver2/install/velodyne_msgs/include/velodyne_msgs/velodyne_msgs/msg/detail/velodyne_scan__traits.hpp
[2.766s] -- Installing: /home/aiv/ev_ws/ros2_ver2/install/velodyne_msgs/include/velodyne_msgs/velodyne_msgs/msg/detail/velodyne_scan__type_support.hpp
[2.766s] -- Installing: /home/aiv/ev_ws/ros2_ver2/install/velodyne_msgs/include/velodyne_msgs/velodyne_msgs/msg/detail/velodyne_scan__struct.hpp
[2.766s] -- Installing: /home/aiv/ev_ws/ros2_ver2/install/velodyne_msgs/include/velodyne_msgs/velodyne_msgs/msg/detail/velodyne_packet__struct.hpp
[2.766s] -- Installing: /home/aiv/ev_ws/ros2_ver2/install/velodyne_msgs/include/velodyne_msgs/velodyne_msgs/msg/detail/velodyne_scan__builder.hpp
[2.766s] -- Up-to-date: /home/aiv/ev_ws/ros2_ver2/install/velodyne_msgs/include/velodyne_msgs/velodyne_msgs
[2.766s] -- Up-to-date: /home/aiv/ev_ws/ros2_ver2/install/velodyne_msgs/include/velodyne_msgs/velodyne_msgs/msg
[2.766s] -- Up-to-date: /home/aiv/ev_ws/ros2_ver2/install/velodyne_msgs/include/velodyne_msgs/velodyne_msgs/msg/detail
[2.766s] -- Installing: /home/aiv/ev_ws/ros2_ver2/install/velodyne_msgs/include/velodyne_msgs/velodyne_msgs/msg/detail/dds_fastrtps
[2.766s] -- Installing: /home/aiv/ev_ws/ros2_ver2/install/velodyne_msgs/include/velodyne_msgs/velodyne_msgs/msg/detail/velodyne_scan__rosidl_typesupport_fastrtps_cpp.hpp
[2.766s] -- Installing: /home/aiv/ev_ws/ros2_ver2/install/velodyne_msgs/include/velodyne_msgs/velodyne_msgs/msg/detail/velodyne_packet__rosidl_typesupport_fastrtps_cpp.hpp
[2.766s] -- Installing: /home/aiv/ev_ws/ros2_ver2/install/velodyne_msgs/include/velodyne_msgs/velodyne_msgs/msg/rosidl_typesupport_fastrtps_cpp__visibility_control.h
[2.766s] -- Installing: /home/aiv/ev_ws/ros2_ver2/install/velodyne_msgs/lib/libvelodyne_msgs__rosidl_typesupport_fastrtps_cpp.so
[2.766s] -- Set runtime path of "/home/aiv/ev_ws/ros2_ver2/install/velodyne_msgs/lib/libvelodyne_msgs__rosidl_typesupport_fastrtps_cpp.so" to ""
[2.766s] -- Up-to-date: /home/aiv/ev_ws/ros2_ver2/install/velodyne_msgs/include/velodyne_msgs/velodyne_msgs
[2.766s] -- Up-to-date: /home/aiv/ev_ws/ros2_ver2/install/velodyne_msgs/include/velodyne_msgs/velodyne_msgs/msg
[2.766s] -- Up-to-date: /home/aiv/ev_ws/ros2_ver2/install/velodyne_msgs/include/velodyne_msgs/velodyne_msgs/msg/detail
[2.766s] -- Installing: /home/aiv/ev_ws/ros2_ver2/install/velodyne_msgs/include/velodyne_msgs/velodyne_msgs/msg/detail/velodyne_scan__rosidl_typesupport_introspection_c.h
[2.766s] -- Installing: /home/aiv/ev_ws/ros2_ver2/install/velodyne_msgs/include/velodyne_msgs/velodyne_msgs/msg/detail/velodyne_scan__type_support.c
[2.766s] -- Installing: /home/aiv/ev_ws/ros2_ver2/install/velodyne_msgs/include/velodyne_msgs/velodyne_msgs/msg/detail/velodyne_packet__rosidl_typesupport_introspection_c.h
[2.766s] -- Installing: /home/aiv/ev_ws/ros2_ver2/install/velodyne_msgs/include/velodyne_msgs/velodyne_msgs/msg/detail/velodyne_packet__type_support.c
[2.766s] -- Installing: /home/aiv/ev_ws/ros2_ver2/install/velodyne_msgs/include/velodyne_msgs/velodyne_msgs/msg/rosidl_typesupport_introspection_c__visibility_control.h
[2.766s] -- Installing: /home/aiv/ev_ws/ros2_ver2/install/velodyne_msgs/lib/libvelodyne_msgs__rosidl_typesupport_introspection_c.so
[2.767s] -- Set runtime path of "/home/aiv/ev_ws/ros2_ver2/install/velodyne_msgs/lib/libvelodyne_msgs__rosidl_typesupport_introspection_c.so" to ""
[2.767s] -- Installing: /home/aiv/ev_ws/ros2_ver2/install/velodyne_msgs/lib/libvelodyne_msgs__rosidl_typesupport_c.so
[2.767s] -- Set runtime path of "/home/aiv/ev_ws/ros2_ver2/install/velodyne_msgs/lib/libvelodyne_msgs__rosidl_typesupport_c.so" to ""
[2.767s] -- Up-to-date: /home/aiv/ev_ws/ros2_ver2/install/velodyne_msgs/include/velodyne_msgs/velodyne_msgs
[2.767s] -- Up-to-date: /home/aiv/ev_ws/ros2_ver2/install/velodyne_msgs/include/velodyne_msgs/velodyne_msgs/msg
[2.767s] -- Up-to-date: /home/aiv/ev_ws/ros2_ver2/install/velodyne_msgs/include/velodyne_msgs/velodyne_msgs/msg/detail
[2.767s] -- Installing: /home/aiv/ev_ws/ros2_ver2/install/velodyne_msgs/include/velodyne_msgs/velodyne_msgs/msg/detail/velodyne_scan__type_support.cpp
[2.767s] -- Installing: /home/aiv/ev_ws/ros2_ver2/install/velodyne_msgs/include/velodyne_msgs/velodyne_msgs/msg/detail/velodyne_packet__rosidl_typesupport_introspection_cpp.hpp
[2.767s] -- Installing: /home/aiv/ev_ws/ros2_ver2/install/velodyne_msgs/include/velodyne_msgs/velodyne_msgs/msg/detail/velodyne_scan__rosidl_typesupport_introspection_cpp.hpp
[2.767s] -- Installing: /home/aiv/ev_ws/ros2_ver2/install/velodyne_msgs/include/velodyne_msgs/velodyne_msgs/msg/detail/velodyne_packet__type_support.cpp
[2.767s] -- Installing: /home/aiv/ev_ws/ros2_ver2/install/velodyne_msgs/lib/libvelodyne_msgs__rosidl_typesupport_introspection_cpp.so
[2.767s] -- Set runtime path of "/home/aiv/ev_ws/ros2_ver2/install/velodyne_msgs/lib/libvelodyne_msgs__rosidl_typesupport_introspection_cpp.so" to ""
[2.767s] -- Installing: /home/aiv/ev_ws/ros2_ver2/install/velodyne_msgs/lib/libvelodyne_msgs__rosidl_typesupport_cpp.so
[2.767s] -- Set runtime path of "/home/aiv/ev_ws/ros2_ver2/install/velodyne_msgs/lib/libvelodyne_msgs__rosidl_typesupport_cpp.so" to ""
[2.768s] -- Installing: /home/aiv/ev_ws/ros2_ver2/install/velodyne_msgs/share/velodyne_msgs/environment/pythonpath.sh
[2.768s] -- Installing: /home/aiv/ev_ws/ros2_ver2/install/velodyne_msgs/share/velodyne_msgs/environment/pythonpath.dsv
[2.768s] -- Installing: /home/aiv/ev_ws/ros2_ver2/install/velodyne_msgs/local/lib/python3.10/dist-packages/velodyne_msgs-2.5.1-py3.10.egg-info
[2.768s] -- Installing: /home/aiv/ev_ws/ros2_ver2/install/velodyne_msgs/local/lib/python3.10/dist-packages/velodyne_msgs-2.5.1-py3.10.egg-info/PKG-INFO
[2.768s] -- Installing: /home/aiv/ev_ws/ros2_ver2/install/velodyne_msgs/local/lib/python3.10/dist-packages/velodyne_msgs-2.5.1-py3.10.egg-info/top_level.txt
[2.768s] -- Installing: /home/aiv/ev_ws/ros2_ver2/install/velodyne_msgs/local/lib/python3.10/dist-packages/velodyne_msgs-2.5.1-py3.10.egg-info/SOURCES.txt
[2.768s] -- Installing: /home/aiv/ev_ws/ros2_ver2/install/velodyne_msgs/local/lib/python3.10/dist-packages/velodyne_msgs-2.5.1-py3.10.egg-info/dependency_links.txt
[2.768s] -- Installing: /home/aiv/ev_ws/ros2_ver2/install/velodyne_msgs/local/lib/python3.10/dist-packages/velodyne_msgs
[2.768s] -- Installing: /home/aiv/ev_ws/ros2_ver2/install/velodyne_msgs/local/lib/python3.10/dist-packages/velodyne_msgs/velodyne_msgs_s__rosidl_typesupport_c.cpython-310-x86_64-linux-gnu.so
[2.768s] -- Installing: /home/aiv/ev_ws/ros2_ver2/install/velodyne_msgs/local/lib/python3.10/dist-packages/velodyne_msgs/_velodyne_msgs_s.ep.rosidl_typesupport_fastrtps_c.c
[2.768s] -- Installing: /home/aiv/ev_ws/ros2_ver2/install/velodyne_msgs/local/lib/python3.10/dist-packages/velodyne_msgs/__init__.py
[2.768s] -- Installing: /home/aiv/ev_ws/ros2_ver2/install/velodyne_msgs/local/lib/python3.10/dist-packages/velodyne_msgs/velodyne_msgs_s__rosidl_typesupport_introspection_c.cpython-310-x86_64-linux-gnu.so
[2.768s] -- Installing: /home/aiv/ev_ws/ros2_ver2/install/velodyne_msgs/local/lib/python3.10/dist-packages/velodyne_msgs/msg
[2.768s] -- Installing: /home/aiv/ev_ws/ros2_ver2/install/velodyne_msgs/local/lib/python3.10/dist-packages/velodyne_msgs/msg/_velodyne_packet.py
[2.769s] -- Installing: /home/aiv/ev_ws/ros2_ver2/install/velodyne_msgs/local/lib/python3.10/dist-packages/velodyne_msgs/msg/_velodyne_scan.py
[2.769s] -- Installing: /home/aiv/ev_ws/ros2_ver2/install/velodyne_msgs/local/lib/python3.10/dist-packages/velodyne_msgs/msg/__init__.py
[2.769s] -- Installing: /home/aiv/ev_ws/ros2_ver2/install/velodyne_msgs/local/lib/python3.10/dist-packages/velodyne_msgs/msg/_velodyne_packet_s.c
[2.769s] -- Installing: /home/aiv/ev_ws/ros2_ver2/install/velodyne_msgs/local/lib/python3.10/dist-packages/velodyne_msgs/msg/_velodyne_scan_s.c
[2.769s] -- Installing: /home/aiv/ev_ws/ros2_ver2/install/velodyne_msgs/local/lib/python3.10/dist-packages/velodyne_msgs/_velodyne_msgs_s.ep.rosidl_typesupport_introspection_c.c
[2.769s] -- Installing: /home/aiv/ev_ws/ros2_ver2/install/velodyne_msgs/local/lib/python3.10/dist-packages/velodyne_msgs/libvelodyne_msgs__rosidl_generator_py.so
[2.769s] -- Installing: /home/aiv/ev_ws/ros2_ver2/install/velodyne_msgs/local/lib/python3.10/dist-packages/velodyne_msgs/velodyne_msgs_s__rosidl_typesupport_fastrtps_c.cpython-310-x86_64-linux-gnu.so
[2.769s] -- Installing: /home/aiv/ev_ws/ros2_ver2/install/velodyne_msgs/local/lib/python3.10/dist-packages/velodyne_msgs/_velodyne_msgs_s.ep.rosidl_typesupport_c.c
[2.793s] Listing '/home/aiv/ev_ws/ros2_ver2/install/velodyne_msgs/local/lib/python3.10/dist-packages/velodyne_msgs'...
[2.794s] Compiling '/home/aiv/ev_ws/ros2_ver2/install/velodyne_msgs/local/lib/python3.10/dist-packages/velodyne_msgs/__init__.py'...
[2.794s] Listing '/home/aiv/ev_ws/ros2_ver2/install/velodyne_msgs/local/lib/python3.10/dist-packages/velodyne_msgs/msg'...
[2.794s] Compiling '/home/aiv/ev_ws/ros2_ver2/install/velodyne_msgs/local/lib/python3.10/dist-packages/velodyne_msgs/msg/__init__.py'...
[2.794s] Compiling '/home/aiv/ev_ws/ros2_ver2/install/velodyne_msgs/local/lib/python3.10/dist-packages/velodyne_msgs/msg/_velodyne_packet.py'...
[2.794s] Compiling '/home/aiv/ev_ws/ros2_ver2/install/velodyne_msgs/local/lib/python3.10/dist-packages/velodyne_msgs/msg/_velodyne_scan.py'...
[2.796s] -- Installing: /home/aiv/ev_ws/ros2_ver2/install/velodyne_msgs/local/lib/python3.10/dist-packages/velodyne_msgs/velodyne_msgs_s__rosidl_typesupport_fastrtps_c.cpython-310-x86_64-linux-gnu.so
[2.796s] -- Set runtime path of "/home/aiv/ev_ws/ros2_ver2/install/velodyne_msgs/local/lib/python3.10/dist-packages/velodyne_msgs/velodyne_msgs_s__rosidl_typesupport_fastrtps_c.cpython-310-x86_64-linux-gnu.so" to ""
[2.796s] -- Installing: /home/aiv/ev_ws/ros2_ver2/install/velodyne_msgs/local/lib/python3.10/dist-packages/velodyne_msgs/velodyne_msgs_s__rosidl_typesupport_introspection_c.cpython-310-x86_64-linux-gnu.so
[2.797s] -- Set runtime path of "/home/aiv/ev_ws/ros2_ver2/install/velodyne_msgs/local/lib/python3.10/dist-packages/velodyne_msgs/velodyne_msgs_s__rosidl_typesupport_introspection_c.cpython-310-x86_64-linux-gnu.so" to ""
[2.797s] -- Installing: /home/aiv/ev_ws/ros2_ver2/install/velodyne_msgs/local/lib/python3.10/dist-packages/velodyne_msgs/velodyne_msgs_s__rosidl_typesupport_c.cpython-310-x86_64-linux-gnu.so
[2.797s] -- Set runtime path of "/home/aiv/ev_ws/ros2_ver2/install/velodyne_msgs/local/lib/python3.10/dist-packages/velodyne_msgs/velodyne_msgs_s__rosidl_typesupport_c.cpython-310-x86_64-linux-gnu.so" to ""
[2.797s] -- Installing: /home/aiv/ev_ws/ros2_ver2/install/velodyne_msgs/lib/libvelodyne_msgs__rosidl_generator_py.so
[2.797s] -- Set runtime path of "/home/aiv/ev_ws/ros2_ver2/install/velodyne_msgs/lib/libvelodyne_msgs__rosidl_generator_py.so" to ""
[2.797s] -- Installing: /home/aiv/ev_ws/ros2_ver2/install/velodyne_msgs/share/velodyne_msgs/msg/VelodynePacket.idl
[2.797s] -- Installing: /home/aiv/ev_ws/ros2_ver2/install/velodyne_msgs/share/velodyne_msgs/msg/VelodyneScan.idl
[2.797s] -- Installing: /home/aiv/ev_ws/ros2_ver2/install/velodyne_msgs/share/velodyne_msgs/msg/VelodynePacket.msg
[2.797s] -- Installing: /home/aiv/ev_ws/ros2_ver2/install/velodyne_msgs/share/velodyne_msgs/msg/VelodyneScan.msg
[2.797s] -- Installing: /home/aiv/ev_ws/ros2_ver2/install/velodyne_msgs/share/ament_index/resource_index/package_run_dependencies/velodyne_msgs
[2.797s] -- Installing: /home/aiv/ev_ws/ros2_ver2/install/velodyne_msgs/share/ament_index/resource_index/parent_prefix_path/velodyne_msgs
[2.797s] -- Installing: /home/aiv/ev_ws/ros2_ver2/install/velodyne_msgs/share/velodyne_msgs/environment/ament_prefix_path.sh
[2.797s] -- Installing: /home/aiv/ev_ws/ros2_ver2/install/velodyne_msgs/share/velodyne_msgs/environment/ament_prefix_path.dsv
[2.797s] -- Installing: /home/aiv/ev_ws/ros2_ver2/install/velodyne_msgs/share/velodyne_msgs/environment/path.sh
[2.797s] -- Installing: /home/aiv/ev_ws/ros2_ver2/install/velodyne_msgs/share/velodyne_msgs/environment/path.dsv
[2.797s] -- Installing: /home/aiv/ev_ws/ros2_ver2/install/velodyne_msgs/share/velodyne_msgs/local_setup.bash
[2.797s] -- Installing: /home/aiv/ev_ws/ros2_ver2/install/velodyne_msgs/share/velodyne_msgs/local_setup.sh
[2.797s] -- Installing: /home/aiv/ev_ws/ros2_ver2/install/velodyne_msgs/share/velodyne_msgs/local_setup.zsh
[2.798s] -- Installing: /home/aiv/ev_ws/ros2_ver2/install/velodyne_msgs/share/velodyne_msgs/local_setup.dsv
[2.798s] -- Installing: /home/aiv/ev_ws/ros2_ver2/install/velodyne_msgs/share/velodyne_msgs/package.dsv
[2.798s] -- Installing: /home/aiv/ev_ws/ros2_ver2/install/velodyne_msgs/share/ament_index/resource_index/packages/velodyne_msgs
[2.798s] -- Installing: /home/aiv/ev_ws/ros2_ver2/install/velodyne_msgs/share/velodyne_msgs/cmake/export_velodyne_msgs__rosidl_generator_cExport.cmake
[2.798s] -- Installing: /home/aiv/ev_ws/ros2_ver2/install/velodyne_msgs/share/velodyne_msgs/cmake/export_velodyne_msgs__rosidl_generator_cExport-noconfig.cmake
[2.798s] -- Installing: /home/aiv/ev_ws/ros2_ver2/install/velodyne_msgs/share/velodyne_msgs/cmake/export_velodyne_msgs__rosidl_typesupport_fastrtps_cExport.cmake
[2.798s] -- Installing: /home/aiv/ev_ws/ros2_ver2/install/velodyne_msgs/share/velodyne_msgs/cmake/export_velodyne_msgs__rosidl_typesupport_fastrtps_cExport-noconfig.cmake
[2.798s] -- Installing: /home/aiv/ev_ws/ros2_ver2/install/velodyne_msgs/share/velodyne_msgs/cmake/export_velodyne_msgs__rosidl_generator_cppExport.cmake
[2.798s] -- Installing: /home/aiv/ev_ws/ros2_ver2/install/velodyne_msgs/share/velodyne_msgs/cmake/export_velodyne_msgs__rosidl_typesupport_fastrtps_cppExport.cmake
[2.798s] -- Installing: /home/aiv/ev_ws/ros2_ver2/install/velodyne_msgs/share/velodyne_msgs/cmake/export_velodyne_msgs__rosidl_typesupport_fastrtps_cppExport-noconfig.cmake
[2.798s] -- Installing: /home/aiv/ev_ws/ros2_ver2/install/velodyne_msgs/share/velodyne_msgs/cmake/velodyne_msgs__rosidl_typesupport_introspection_cExport.cmake
[2.798s] -- Installing: /home/aiv/ev_ws/ros2_ver2/install/velodyne_msgs/share/velodyne_msgs/cmake/velodyne_msgs__rosidl_typesupport_introspection_cExport-noconfig.cmake
[2.798s] -- Installing: /home/aiv/ev_ws/ros2_ver2/install/velodyne_msgs/share/velodyne_msgs/cmake/velodyne_msgs__rosidl_typesupport_cExport.cmake
[2.798s] -- Installing: /home/aiv/ev_ws/ros2_ver2/install/velodyne_msgs/share/velodyne_msgs/cmake/velodyne_msgs__rosidl_typesupport_cExport-noconfig.cmake
[2.798s] -- Installing: /home/aiv/ev_ws/ros2_ver2/install/velodyne_msgs/share/velodyne_msgs/cmake/velodyne_msgs__rosidl_typesupport_introspection_cppExport.cmake
[2.798s] -- Installing: /home/aiv/ev_ws/ros2_ver2/install/velodyne_msgs/share/velodyne_msgs/cmake/velodyne_msgs__rosidl_typesupport_introspection_cppExport-noconfig.cmake
[2.798s] -- Installing: /home/aiv/ev_ws/ros2_ver2/install/velodyne_msgs/share/velodyne_msgs/cmake/velodyne_msgs__rosidl_typesupport_cppExport.cmake
[2.798s] -- Installing: /home/aiv/ev_ws/ros2_ver2/install/velodyne_msgs/share/velodyne_msgs/cmake/velodyne_msgs__rosidl_typesupport_cppExport-noconfig.cmake
[2.798s] -- Installing: /home/aiv/ev_ws/ros2_ver2/install/velodyne_msgs/share/velodyne_msgs/cmake/export_velodyne_msgs__rosidl_generator_pyExport.cmake
[2.798s] -- Installing: /home/aiv/ev_ws/ros2_ver2/install/velodyne_msgs/share/velodyne_msgs/cmake/export_velodyne_msgs__rosidl_generator_pyExport-noconfig.cmake
[2.798s] -- Installing: /home/aiv/ev_ws/ros2_ver2/install/velodyne_msgs/share/velodyne_msgs/cmake/rosidl_cmake-extras.cmake
[2.798s] -- Installing: /home/aiv/ev_ws/ros2_ver2/install/velodyne_msgs/share/velodyne_msgs/cmake/ament_cmake_export_dependencies-extras.cmake
[2.799s] -- Installing: /home/aiv/ev_ws/ros2_ver2/install/velodyne_msgs/share/velodyne_msgs/cmake/ament_cmake_export_include_directories-extras.cmake
[2.799s] -- Installing: /home/aiv/ev_ws/ros2_ver2/install/velodyne_msgs/share/velodyne_msgs/cmake/ament_cmake_export_libraries-extras.cmake
[2.799s] -- Installing: /home/aiv/ev_ws/ros2_ver2/install/velodyne_msgs/share/velodyne_msgs/cmake/ament_cmake_export_targets-extras.cmake
[2.799s] -- Installing: /home/aiv/ev_ws/ros2_ver2/install/velodyne_msgs/share/velodyne_msgs/cmake/rosidl_cmake_export_typesupport_targets-extras.cmake
[2.799s] -- Installing: /home/aiv/ev_ws/ros2_ver2/install/velodyne_msgs/share/velodyne_msgs/cmake/rosidl_cmake_export_typesupport_libraries-extras.cmake
[2.799s] -- Installing: /home/aiv/ev_ws/ros2_ver2/install/velodyne_msgs/share/velodyne_msgs/cmake/velodyne_msgsConfig.cmake
[2.799s] -- Installing: /home/aiv/ev_ws/ros2_ver2/install/velodyne_msgs/share/velodyne_msgs/cmake/velodyne_msgsConfig-version.cmake
[2.799s] -- Installing: /home/aiv/ev_ws/ros2_ver2/install/velodyne_msgs/share/velodyne_msgs/package.xml
[2.801s] Invoked command in '/home/aiv/ev_ws/ros2_ver2/build/velodyne_msgs' returned '0': CMAKE_PREFIX_PATH=${CMAKE_PREFIX_PATH}:/home/aiv/ros2_study/install/my_second_package:/opt/ros/humble /usr/bin/cmake --install /home/aiv/ev_ws/ros2_ver2/build/velodyne_msgs
