[0.008s] Invoking command in '/home/aiv/ev_ws/ros2_ver2/build/velodyne_laserscan': CMAKE_PREFIX_PATH=${CMAKE_PREFIX_PATH}:/home/aiv/ros2_study/install/my_second_package:/opt/ros/humble /usr/bin/cmake /home/aiv/ev_ws/ros2_ver2/src/lidar/velodyne_laserscan -DCMAKE_INSTALL_PREFIX=/home/aiv/ev_ws/ros2_ver2/install/velodyne_laserscan
[0.045s] -- The C compiler identification is GNU 11.4.0
[0.081s] -- The CXX compiler identification is GNU 11.4.0
[0.085s] -- Detecting C compiler ABI info
[0.129s] -- Detecting C compiler ABI info - done
[0.133s] -- Check for working C compiler: /usr/bin/cc - skipped
[0.133s] -- Detecting C compile features
[0.133s] -- Detecting C compile features - done
[0.134s] -- Detecting CXX compiler ABI info
[0.187s] -- Detecting CXX compiler ABI info - done
[0.191s] -- Check for working CXX compiler: /usr/bin/c++ - skipped
[0.191s] -- Detecting CXX compile features
[0.192s] -- Detecting CXX compile features - done
[0.194s] -- Found ament_cmake_ros: 0.10.0 (/opt/ros/humble/share/ament_cmake_ros/cmake)
[0.301s] -- Found Python3: /usr/bin/python3 (found version "3.10.12") found components: Interpreter 
[0.369s] -- Found rclcpp: 16.0.17 (/opt/ros/humble/share/rclcpp/cmake)
[0.400s] -- Found rosidl_generator_c: 3.1.8 (/opt/ros/humble/share/rosidl_generator_c/cmake)
[0.404s] -- Found rosidl_adapter: 3.1.8 (/opt/ros/humble/share/rosidl_adapter/cmake)
[0.410s] -- Found rosidl_generator_cpp: 3.1.8 (/opt/ros/humble/share/rosidl_generator_cpp/cmake)
[0.418s] -- Using all available rosidl_typesupport_c: rosidl_typesupport_fastrtps_c;rosidl_typesupport_introspection_c
[0.429s] -- Using all available rosidl_typesupport_cpp: rosidl_typesupport_fastrtps_cpp;rosidl_typesupport_introspection_cpp
[0.458s] -- Found rmw_implementation_cmake: 6.1.2 (/opt/ros/humble/share/rmw_implementation_cmake/cmake)
[0.461s] -- Found rmw_cyclonedds_cpp: 1.3.4 (/opt/ros/humble/share/rmw_cyclonedds_cpp/cmake)
[0.477s] -- Using RMW implementation 'rmw_cyclonedds_cpp' as default
[0.483s] -- Looking for pthread.h
[0.537s] -- Looking for pthread.h - found
[0.537s] -- Performing Test CMAKE_HAVE_LIBC_PTHREAD
[0.591s] -- Performing Test CMAKE_HAVE_LIBC_PTHREAD - Success
[0.591s] -- Found Threads: TRUE  
[0.621s] -- Found rclcpp_components: 16.0.17 (/opt/ros/humble/share/rclcpp_components/cmake)
[0.637s] -- Found sensor_msgs: 4.9.0 (/opt/ros/humble/share/sensor_msgs/cmake)
[0.653s] -- Found ament_lint_auto: 0.12.14 (/opt/ros/humble/share/ament_lint_auto/cmake)
[0.702s] -- Added test 'copyright' to check source files copyright and LICENSE
[0.704s] -- Added test 'cppcheck' to perform static code analysis on C / C++ code
[0.704s] -- Configured cppcheck include dirs: $<BUILD_INTERFACE:/home/aiv/ev_ws/ros2_ver2/src/lidar/velodyne_laserscan/include>
[0.704s] -- Configured cppcheck exclude dirs and/or files: 
[0.705s] -- Added test 'cpplint' to check C / C++ code against the Google style
[0.705s] -- Configured cpplint exclude dirs and/or files: 
[0.706s] -- Added test 'flake8' to check Python code syntax and style conventions
[0.706s] -- Added test 'lint_cmake' to check CMake code style
[0.706s] -- Added test 'pep257' to check Python code against some of the docstring style conventions in PEP 257
[0.707s] -- Added test 'uncrustify' to check C / C++ code style
[0.707s] -- Configured uncrustify additional arguments: 
[0.708s] -- Added test 'xmllint' to check XML markup files
[0.709s] -- Configuring done
[0.715s] -- Generating done
[0.717s] -- Build files have been written to: /home/aiv/ev_ws/ros2_ver2/build/velodyne_laserscan
[0.721s] Invoked command in '/home/aiv/ev_ws/ros2_ver2/build/velodyne_laserscan' returned '0': CMAKE_PREFIX_PATH=${CMAKE_PREFIX_PATH}:/home/aiv/ros2_study/install/my_second_package:/opt/ros/humble /usr/bin/cmake /home/aiv/ev_ws/ros2_ver2/src/lidar/velodyne_laserscan -DCMAKE_INSTALL_PREFIX=/home/aiv/ev_ws/ros2_ver2/install/velodyne_laserscan
[0.721s] Invoking command in '/home/aiv/ev_ws/ros2_ver2/build/velodyne_laserscan': CMAKE_PREFIX_PATH=${CMAKE_PREFIX_PATH}:/home/aiv/ros2_study/install/my_second_package:/opt/ros/humble /usr/bin/cmake --build /home/aiv/ev_ws/ros2_ver2/build/velodyne_laserscan -- -j28 -l28
[0.758s] [ 25%] Building CXX object CMakeFiles/velodyne_laserscan.dir/src/velodyne_laserscan.cpp.o
[5.244s] [ 50%] Linking CXX shared library libvelodyne_laserscan.so
[5.500s] [ 50%] Built target velodyne_laserscan
[5.521s] [ 75%] Building CXX object CMakeFiles/velodyne_laserscan_node.dir/src/node.cpp.o
[7.183s] [100%] Linking CXX executable velodyne_laserscan_node
[7.300s] [100%] Built target velodyne_laserscan_node
[7.311s] Invoked command in '/home/aiv/ev_ws/ros2_ver2/build/velodyne_laserscan' returned '0': CMAKE_PREFIX_PATH=${CMAKE_PREFIX_PATH}:/home/aiv/ros2_study/install/my_second_package:/opt/ros/humble /usr/bin/cmake --build /home/aiv/ev_ws/ros2_ver2/build/velodyne_laserscan -- -j28 -l28
[7.312s] Invoking command in '/home/aiv/ev_ws/ros2_ver2/build/velodyne_laserscan': CMAKE_PREFIX_PATH=${CMAKE_PREFIX_PATH}:/home/aiv/ros2_study/install/my_second_package:/opt/ros/humble /usr/bin/cmake --install /home/aiv/ev_ws/ros2_ver2/build/velodyne_laserscan
[7.318s] -- Install configuration: ""
[7.318s] -- Installing: /home/aiv/ev_ws/ros2_ver2/install/velodyne_laserscan/lib/libvelodyne_laserscan.so
[7.321s] -- Set runtime path of "/home/aiv/ev_ws/ros2_ver2/install/velodyne_laserscan/lib/libvelodyne_laserscan.so" to ""
[7.321s] -- Installing: /home/aiv/ev_ws/ros2_ver2/install/velodyne_laserscan/lib/velodyne_laserscan/velodyne_laserscan_node
[7.321s] -- Set runtime path of "/home/aiv/ev_ws/ros2_ver2/install/velodyne_laserscan/lib/velodyne_laserscan/velodyne_laserscan_node" to ""
[7.321s] -- Installing: /home/aiv/ev_ws/ros2_ver2/install/velodyne_laserscan/include/velodyne_laserscan
[7.321s] -- Installing: /home/aiv/ev_ws/ros2_ver2/install/velodyne_laserscan/include/velodyne_laserscan/velodyne_laserscan.hpp
[7.321s] -- Installing: /home/aiv/ev_ws/ros2_ver2/install/velodyne_laserscan/share/velodyne_laserscan/config
[7.321s] -- Installing: /home/aiv/ev_ws/ros2_ver2/install/velodyne_laserscan/share/velodyne_laserscan/config/default-velodyne_laserscan_node-params.yaml
[7.321s] -- Installing: /home/aiv/ev_ws/ros2_ver2/install/velodyne_laserscan/share/velodyne_laserscan/launch
[7.321s] -- Installing: /home/aiv/ev_ws/ros2_ver2/install/velodyne_laserscan/share/velodyne_laserscan/launch/velodyne_laserscan_node-launch.py
[7.321s] -- Installing: /home/aiv/ev_ws/ros2_ver2/install/velodyne_laserscan/share/velodyne_laserscan/launch/velodyne_laserscan_node-composed-launch.py
[7.321s] -- Installing: /home/aiv/ev_ws/ros2_ver2/install/velodyne_laserscan/share/ament_index/resource_index/package_run_dependencies/velodyne_laserscan
[7.321s] -- Installing: /home/aiv/ev_ws/ros2_ver2/install/velodyne_laserscan/share/ament_index/resource_index/parent_prefix_path/velodyne_laserscan
[7.322s] -- Installing: /home/aiv/ev_ws/ros2_ver2/install/velodyne_laserscan/share/velodyne_laserscan/environment/ament_prefix_path.sh
[7.322s] -- Installing: /home/aiv/ev_ws/ros2_ver2/install/velodyne_laserscan/share/velodyne_laserscan/environment/ament_prefix_path.dsv
[7.322s] -- Installing: /home/aiv/ev_ws/ros2_ver2/install/velodyne_laserscan/share/velodyne_laserscan/environment/path.sh
[7.322s] -- Installing: /home/aiv/ev_ws/ros2_ver2/install/velodyne_laserscan/share/velodyne_laserscan/environment/path.dsv
[7.322s] -- Installing: /home/aiv/ev_ws/ros2_ver2/install/velodyne_laserscan/share/velodyne_laserscan/local_setup.bash
[7.322s] -- Installing: /home/aiv/ev_ws/ros2_ver2/install/velodyne_laserscan/share/velodyne_laserscan/local_setup.sh
[7.322s] -- Installing: /home/aiv/ev_ws/ros2_ver2/install/velodyne_laserscan/share/velodyne_laserscan/local_setup.zsh
[7.322s] -- Installing: /home/aiv/ev_ws/ros2_ver2/install/velodyne_laserscan/share/velodyne_laserscan/local_setup.dsv
[7.322s] -- Installing: /home/aiv/ev_ws/ros2_ver2/install/velodyne_laserscan/share/velodyne_laserscan/package.dsv
[7.322s] -- Installing: /home/aiv/ev_ws/ros2_ver2/install/velodyne_laserscan/share/ament_index/resource_index/packages/velodyne_laserscan
[7.322s] -- Installing: /home/aiv/ev_ws/ros2_ver2/install/velodyne_laserscan/share/ament_index/resource_index/rclcpp_components/velodyne_laserscan
[7.322s] -- Installing: /home/aiv/ev_ws/ros2_ver2/install/velodyne_laserscan/share/velodyne_laserscan/cmake/velodyne_laserscanExport.cmake
[7.322s] -- Installing: /home/aiv/ev_ws/ros2_ver2/install/velodyne_laserscan/share/velodyne_laserscan/cmake/velodyne_laserscanExport-noconfig.cmake
[7.322s] -- Installing: /home/aiv/ev_ws/ros2_ver2/install/velodyne_laserscan/share/velodyne_laserscan/cmake/ament_cmake_export_include_directories-extras.cmake
[7.322s] -- Installing: /home/aiv/ev_ws/ros2_ver2/install/velodyne_laserscan/share/velodyne_laserscan/cmake/ament_cmake_export_targets-extras.cmake
[7.322s] -- Installing: /home/aiv/ev_ws/ros2_ver2/install/velodyne_laserscan/share/velodyne_laserscan/cmake/ament_cmake_export_dependencies-extras.cmake
[7.323s] -- Installing: /home/aiv/ev_ws/ros2_ver2/install/velodyne_laserscan/share/velodyne_laserscan/cmake/velodyne_laserscanConfig.cmake
[7.323s] -- Installing: /home/aiv/ev_ws/ros2_ver2/install/velodyne_laserscan/share/velodyne_laserscan/cmake/velodyne_laserscanConfig-version.cmake
[7.323s] -- Installing: /home/aiv/ev_ws/ros2_ver2/install/velodyne_laserscan/share/velodyne_laserscan/package.xml
[7.323s] Invoked command in '/home/aiv/ev_ws/ros2_ver2/build/velodyne_laserscan' returned '0': CMAKE_PREFIX_PATH=${CMAKE_PREFIX_PATH}:/home/aiv/ros2_study/install/my_second_package:/opt/ros/humble /usr/bin/cmake --install /home/aiv/ev_ws/ros2_ver2/build/velodyne_laserscan
