[0.011s] Invoking command in '/home/aiv/ev_ws/ros2_ver2/build/velodyne_cropbox': CMAKE_PREFIX_PATH=${CMAKE_PREFIX_PATH}:/home/aiv/ros2_study/install/my_second_package:/opt/ros/humble /usr/bin/cmake /home/aiv/ev_ws/ros2_ver2/src/lidar/velodyne_cropbox -DCMAKE_INSTALL_PREFIX=/home/aiv/ev_ws/ros2_ver2/install/velodyne_cropbox
[0.069s] -- The C compiler identification is GNU 11.4.0
[0.109s] -- The CXX compiler identification is GNU 11.4.0
[0.114s] -- Detecting C compiler ABI info
[0.164s] -- Detecting C compiler ABI info - done
[0.168s] -- Check for working C compiler: /usr/bin/cc - skipped
[0.168s] -- Detecting C compile features
[0.168s] -- Detecting C compile features - done
[0.170s] -- Detecting CXX compiler ABI info
[0.229s] -- Detecting CXX compiler ABI info - done
[0.233s] -- Check for working CXX compiler: /usr/bin/c++ - skipped
[0.233s] -- Detecting CXX compile features
[0.234s] -- Detecting CXX compile features - done
[0.240s] -- Found ament_cmake: 1.3.12 (/opt/ros/humble/share/ament_cmake/cmake)
[0.356s] -- Found Python3: /usr/bin/python3 (found version "3.10.12") found components: Interpreter 
[0.425s] -- Found rclcpp: 16.0.17 (/opt/ros/humble/share/rclcpp/cmake)
[0.464s] -- Found rosidl_generator_c: 3.1.8 (/opt/ros/humble/share/rosidl_generator_c/cmake)
[0.469s] -- Found rosidl_adapter: 3.1.8 (/opt/ros/humble/share/rosidl_adapter/cmake)
[0.475s] -- Found rosidl_generator_cpp: 3.1.8 (/opt/ros/humble/share/rosidl_generator_cpp/cmake)
[0.484s] -- Using all available rosidl_typesupport_c: rosidl_typesupport_fastrtps_c;rosidl_typesupport_introspection_c
[0.496s] -- Using all available rosidl_typesupport_cpp: rosidl_typesupport_fastrtps_cpp;rosidl_typesupport_introspection_cpp
[0.530s] -- Found rmw_implementation_cmake: 6.1.2 (/opt/ros/humble/share/rmw_implementation_cmake/cmake)
[0.533s] -- Found rmw_cyclonedds_cpp: 1.3.4 (/opt/ros/humble/share/rmw_cyclonedds_cpp/cmake)
[0.551s] -- Using RMW implementation 'rmw_cyclonedds_cpp' as default
[0.558s] -- Looking for pthread.h
[0.613s] -- Looking for pthread.h - found
[0.613s] -- Performing Test CMAKE_HAVE_LIBC_PTHREAD
[0.671s] -- Performing Test CMAKE_HAVE_LIBC_PTHREAD - Success
[0.671s] -- Found Threads: TRUE  
[0.712s] -- Found rclcpp_components: 16.0.17 (/opt/ros/humble/share/rclcpp_components/cmake)
[0.731s] -- Found sensor_msgs: 4.9.0 (/opt/ros/humble/share/sensor_msgs/cmake)
[0.752s] -- Found ament_lint_auto: 0.12.14 (/opt/ros/humble/share/ament_lint_auto/cmake)
[0.809s] -- Added test 'cppcheck' to perform static code analysis on C / C++ code
[0.809s] -- Configured cppcheck include dirs: $<BUILD_INTERFACE:/home/aiv/ev_ws/ros2_ver2/src/lidar/velodyne_cropbox/include>
[0.809s] -- Configured cppcheck exclude dirs and/or files: 
[0.810s] -- Added test 'lint_cmake' to check CMake code style
[0.811s] -- Added test 'uncrustify' to check C / C++ code style
[0.811s] -- Configured uncrustify additional arguments: 
[0.811s] -- Added test 'xmllint' to check XML markup files
[0.813s] -- Configuring done
[0.818s] -- Generating done
[0.820s] -- Build files have been written to: /home/aiv/ev_ws/ros2_ver2/build/velodyne_cropbox
[0.825s] Invoked command in '/home/aiv/ev_ws/ros2_ver2/build/velodyne_cropbox' returned '0': CMAKE_PREFIX_PATH=${CMAKE_PREFIX_PATH}:/home/aiv/ros2_study/install/my_second_package:/opt/ros/humble /usr/bin/cmake /home/aiv/ev_ws/ros2_ver2/src/lidar/velodyne_cropbox -DCMAKE_INSTALL_PREFIX=/home/aiv/ev_ws/ros2_ver2/install/velodyne_cropbox
[0.827s] Invoking command in '/home/aiv/ev_ws/ros2_ver2/build/velodyne_cropbox': CMAKE_PREFIX_PATH=${CMAKE_PREFIX_PATH}:/home/aiv/ros2_study/install/my_second_package:/opt/ros/humble /usr/bin/cmake --build /home/aiv/ev_ws/ros2_ver2/build/velodyne_cropbox -- -j28 -l28
[0.872s] [ 50%] [32mBuilding CXX object CMakeFiles/cropbox_component.dir/src/cropbox_component.cpp.o[0m
[6.635s] [100%] [32m[1mLinking CXX shared library libcropbox_component.so[0m
[6.972s] [100%] Built target cropbox_component
[6.984s] Invoked command in '/home/aiv/ev_ws/ros2_ver2/build/velodyne_cropbox' returned '0': CMAKE_PREFIX_PATH=${CMAKE_PREFIX_PATH}:/home/aiv/ros2_study/install/my_second_package:/opt/ros/humble /usr/bin/cmake --build /home/aiv/ev_ws/ros2_ver2/build/velodyne_cropbox -- -j28 -l28
[6.986s] Invoking command in '/home/aiv/ev_ws/ros2_ver2/build/velodyne_cropbox': CMAKE_PREFIX_PATH=${CMAKE_PREFIX_PATH}:/home/aiv/ros2_study/install/my_second_package:/opt/ros/humble /usr/bin/cmake --install /home/aiv/ev_ws/ros2_ver2/build/velodyne_cropbox
[6.995s] -- Install configuration: ""
[6.995s] -- Installing: /home/aiv/ev_ws/ros2_ver2/install/velodyne_cropbox/lib/libcropbox_component.so
[7.000s] -- Set runtime path of "/home/aiv/ev_ws/ros2_ver2/install/velodyne_cropbox/lib/libcropbox_component.so" to ""
[7.001s] -- Installing: /home/aiv/ev_ws/ros2_ver2/install/velodyne_cropbox/include
[7.001s] -- Installing: /home/aiv/ev_ws/ros2_ver2/install/velodyne_cropbox/include/velodyne_cropbox
[7.001s] -- Installing: /home/aiv/ev_ws/ros2_ver2/install/velodyne_cropbox/include/velodyne_cropbox/cropbox_component.hpp
[7.001s] -- Installing: /home/aiv/ev_ws/ros2_ver2/install/velodyne_cropbox/share/velodyne_cropbox/config
[7.001s] -- Installing: /home/aiv/ev_ws/ros2_ver2/install/velodyne_cropbox/share/velodyne_cropbox/config/default_cropbox_params.yaml
[7.001s] -- Installing: /home/aiv/ev_ws/ros2_ver2/install/velodyne_cropbox/share/velodyne_cropbox/environment/library_path.sh
[7.001s] -- Installing: /home/aiv/ev_ws/ros2_ver2/install/velodyne_cropbox/share/velodyne_cropbox/environment/library_path.dsv
[7.001s] -- Installing: /home/aiv/ev_ws/ros2_ver2/install/velodyne_cropbox/share/ament_index/resource_index/package_run_dependencies/velodyne_cropbox
[7.001s] -- Installing: /home/aiv/ev_ws/ros2_ver2/install/velodyne_cropbox/share/ament_index/resource_index/parent_prefix_path/velodyne_cropbox
[7.001s] -- Installing: /home/aiv/ev_ws/ros2_ver2/install/velodyne_cropbox/share/velodyne_cropbox/environment/ament_prefix_path.sh
[7.001s] -- Installing: /home/aiv/ev_ws/ros2_ver2/install/velodyne_cropbox/share/velodyne_cropbox/environment/ament_prefix_path.dsv
[7.002s] -- Installing: /home/aiv/ev_ws/ros2_ver2/install/velodyne_cropbox/share/velodyne_cropbox/environment/path.sh
[7.002s] -- Installing: /home/aiv/ev_ws/ros2_ver2/install/velodyne_cropbox/share/velodyne_cropbox/environment/path.dsv
[7.002s] -- Installing: /home/aiv/ev_ws/ros2_ver2/install/velodyne_cropbox/share/velodyne_cropbox/local_setup.bash
[7.002s] -- Installing: /home/aiv/ev_ws/ros2_ver2/install/velodyne_cropbox/share/velodyne_cropbox/local_setup.sh
[7.002s] -- Installing: /home/aiv/ev_ws/ros2_ver2/install/velodyne_cropbox/share/velodyne_cropbox/local_setup.zsh
[7.002s] -- Installing: /home/aiv/ev_ws/ros2_ver2/install/velodyne_cropbox/share/velodyne_cropbox/local_setup.dsv
[7.002s] -- Installing: /home/aiv/ev_ws/ros2_ver2/install/velodyne_cropbox/share/velodyne_cropbox/package.dsv
[7.002s] -- Installing: /home/aiv/ev_ws/ros2_ver2/install/velodyne_cropbox/share/ament_index/resource_index/packages/velodyne_cropbox
[7.002s] -- Installing: /home/aiv/ev_ws/ros2_ver2/install/velodyne_cropbox/share/ament_index/resource_index/rclcpp_components/velodyne_cropbox
[7.002s] -- Installing: /home/aiv/ev_ws/ros2_ver2/install/velodyne_cropbox/share/velodyne_cropbox/cmake/ament_cmake_export_include_directories-extras.cmake
[7.003s] -- Installing: /home/aiv/ev_ws/ros2_ver2/install/velodyne_cropbox/share/velodyne_cropbox/cmake/ament_cmake_export_libraries-extras.cmake
[7.003s] -- Installing: /home/aiv/ev_ws/ros2_ver2/install/velodyne_cropbox/share/velodyne_cropbox/cmake/ament_cmake_export_dependencies-extras.cmake
[7.003s] -- Installing: /home/aiv/ev_ws/ros2_ver2/install/velodyne_cropbox/share/velodyne_cropbox/cmake/velodyne_cropboxConfig.cmake
[7.003s] -- Installing: /home/aiv/ev_ws/ros2_ver2/install/velodyne_cropbox/share/velodyne_cropbox/cmake/velodyne_cropboxConfig-version.cmake
[7.003s] -- Installing: /home/aiv/ev_ws/ros2_ver2/install/velodyne_cropbox/share/velodyne_cropbox/package.xml
[7.005s] Invoked command in '/home/aiv/ev_ws/ros2_ver2/build/velodyne_cropbox' returned '0': CMAKE_PREFIX_PATH=${CMAKE_PREFIX_PATH}:/home/aiv/ros2_study/install/my_second_package:/opt/ros/humble /usr/bin/cmake --install /home/aiv/ev_ws/ros2_ver2/build/velodyne_cropbox
