[0.014s] Invoking command in '/home/aiv/ev_ws/ros2_ver2/build/velodyne_msgs': CMAKE_PREFIX_PATH=${CMAKE_PREFIX_PATH}:/home/aiv/ros2_study/install/my_second_package:/opt/ros/humble /usr/bin/cmake /home/aiv/ev_ws/ros2_ver2/src/lidar/velodyne_msgs -DCMAKE_INSTALL_PREFIX=/home/aiv/ev_ws/ros2_ver2/install/velodyne_msgs
[0.054s] -- The C compiler identification is GNU 11.4.0
[0.089s] -- The CXX compiler identification is GNU 11.4.0
[0.095s] -- Detecting C compiler ABI info
[0.145s] -- Detecting C compiler ABI info - done
[0.149s] -- Check for working C compiler: /usr/bin/cc - skipped
[0.149s] -- Detecting C compile features
[0.150s] -- Detecting C compile features - done
[0.151s] -- Detecting CXX compiler ABI info
[0.201s] -- Detecting CXX compiler ABI info - done
[0.205s] -- Check for working CXX compiler: /usr/bin/c++ - skipped
[0.205s] -- Detecting CXX compile features
[0.205s] -- Detecting CXX compile features - done
[0.207s] -- Found ament_cmake: 1.3.12 (/opt/ros/humble/share/ament_cmake/cmake)
[0.316s] -- Found Python3: /usr/bin/python3 (found version "3.10.12") found components: Interpreter 
[0.385s] -- Found builtin_interfaces: 1.2.2 (/opt/ros/humble/share/builtin_interfaces/cmake)
[0.409s] -- Found rosidl_generator_c: 3.1.8 (/opt/ros/humble/share/rosidl_generator_c/cmake)
[0.413s] -- Found rosidl_adapter: 3.1.8 (/opt/ros/humble/share/rosidl_adapter/cmake)
[0.419s] -- Found rosidl_generator_cpp: 3.1.8 (/opt/ros/humble/share/rosidl_generator_cpp/cmake)
[0.427s] -- Using all available rosidl_typesupport_c: rosidl_typesupport_fastrtps_c;rosidl_typesupport_introspection_c
[0.438s] -- Using all available rosidl_typesupport_cpp: rosidl_typesupport_fastrtps_cpp;rosidl_typesupport_introspection_cpp
[0.447s] -- Found rosidl_default_generators: 1.2.0 (/opt/ros/humble/share/rosidl_default_generators/cmake)
[0.455s] -- Found std_msgs: 4.9.0 (/opt/ros/humble/share/std_msgs/cmake)
[0.611s] -- Found ament_cmake_cppcheck: 0.12.14 (/opt/ros/humble/share/ament_cmake_cppcheck/cmake)
[0.613s] -- Found ament_cmake_cpplint: 0.12.14 (/opt/ros/humble/share/ament_cmake_cpplint/cmake)
[0.615s] -- Found ament_cmake_uncrustify: 0.12.14 (/opt/ros/humble/share/ament_cmake_uncrustify/cmake)
[0.617s] -- Found ament_cmake_ros: 0.10.0 (/opt/ros/humble/share/ament_cmake_ros/cmake)
[0.834s] -- Using all available rosidl_typesupport_c: rosidl_typesupport_fastrtps_c;rosidl_typesupport_introspection_c
[0.918s] -- Using all available rosidl_typesupport_cpp: rosidl_typesupport_fastrtps_cpp;rosidl_typesupport_introspection_cpp
[0.935s] -- Found PythonInterp: /usr/bin/python3 (found suitable version "3.10.12", minimum required is "3.6") 
[0.937s] -- Found python_cmake_module: 0.10.0 (/opt/ros/humble/share/python_cmake_module/cmake)
[0.951s] -- Found PythonLibs: /usr/lib/x86_64-linux-gnu/libpython3.10.so (found suitable version "3.10.12", minimum required is "3.5") 
[0.951s] -- Using PYTHON_EXECUTABLE: /usr/bin/python3
[0.951s] -- Using PYTHON_INCLUDE_DIRS: /usr/include/python3.10
[0.951s] -- Using PYTHON_LIBRARIES: /usr/lib/x86_64-linux-gnu/libpython3.10.so
[0.964s] -- Found PythonExtra: .so  
[0.998s] -- Found ament_cmake_flake8: 0.12.14 (/opt/ros/humble/share/ament_cmake_flake8/cmake)
[1.000s] -- Found ament_cmake_pep257: 0.12.14 (/opt/ros/humble/share/ament_cmake_pep257/cmake)
[1.002s] -- Found ament_lint_auto: 0.12.14 (/opt/ros/humble/share/ament_lint_auto/cmake)
[1.011s] -- Added test 'copyright' to check source files copyright and LICENSE
[1.012s] -- Added test 'lint_cmake' to check CMake code style
[1.012s] -- Added test 'xmllint' to check XML markup files
[1.014s] -- Configuring done
[1.030s] -- Generating done
[1.035s] -- Build files have been written to: /home/aiv/ev_ws/ros2_ver2/build/velodyne_msgs
[1.041s] Invoked command in '/home/aiv/ev_ws/ros2_ver2/build/velodyne_msgs' returned '0': CMAKE_PREFIX_PATH=${CMAKE_PREFIX_PATH}:/home/aiv/ros2_study/install/my_second_package:/opt/ros/humble /usr/bin/cmake /home/aiv/ev_ws/ros2_ver2/src/lidar/velodyne_msgs -DCMAKE_INSTALL_PREFIX=/home/aiv/ev_ws/ros2_ver2/install/velodyne_msgs
[1.041s] Invoking command in '/home/aiv/ev_ws/ros2_ver2/build/velodyne_msgs': CMAKE_PREFIX_PATH=${CMAKE_PREFIX_PATH}:/home/aiv/ros2_study/install/my_second_package:/opt/ros/humble /usr/bin/cmake --build /home/aiv/ev_ws/ros2_ver2/build/velodyne_msgs -- -j28 -l28
[1.068s] [  2%] Generating C code for ROS interfaces
[1.076s] [  5%] Generating C++ code for ROS interfaces
[1.084s] [  5%] Built target ament_cmake_python_copy_velodyne_msgs
[1.210s] running egg_info
[1.210s] creating velodyne_msgs.egg-info
[1.210s] writing velodyne_msgs.egg-info/PKG-INFO
[1.210s] writing dependency_links to velodyne_msgs.egg-info/dependency_links.txt
[1.210s] writing top-level names to velodyne_msgs.egg-info/top_level.txt
[1.210s] writing manifest file 'velodyne_msgs.egg-info/SOURCES.txt'
[1.212s] reading manifest file 'velodyne_msgs.egg-info/SOURCES.txt'
[1.212s] writing manifest file 'velodyne_msgs.egg-info/SOURCES.txt'
[1.228s] [  5%] Built target ament_cmake_python_build_velodyne_msgs_egg
[1.244s] [  5%] Built target velodyne_msgs__cpp
[1.253s] [ 10%] Generating C++ type support dispatch for ROS interfaces
[1.253s] [ 10%] Generating C++ introspection for ROS interfaces
[1.253s] [ 12%] Generating C++ type support for eProsima Fast-RTPS
[1.255s] [ 15%] Building C object CMakeFiles/velodyne_msgs__rosidl_generator_c.dir/rosidl_generator_c/velodyne_msgs/msg/detail/velodyne_scan__functions.c.o
[1.257s] [ 17%] Building C object CMakeFiles/velodyne_msgs__rosidl_generator_c.dir/rosidl_generator_c/velodyne_msgs/msg/detail/velodyne_packet__functions.c.o
[1.289s] [ 20%] Linking C shared library libvelodyne_msgs__rosidl_generator_c.so
[1.318s] [ 20%] Built target velodyne_msgs__rosidl_generator_c
[1.328s] [ 28%] Generating C introspection for ROS interfaces
[1.328s] [ 28%] Generating C type support for eProsima Fast-RTPS
[1.328s] [ 28%] Generating C type support dispatch for ROS interfaces
[1.432s] [ 30%] Building CXX object CMakeFiles/velodyne_msgs__rosidl_typesupport_fastrtps_cpp.dir/rosidl_typesupport_fastrtps_cpp/velodyne_msgs/msg/detail/dds_fastrtps/velodyne_scan__type_support.cpp.o
[1.432s] [ 33%] Building CXX object CMakeFiles/velodyne_msgs__rosidl_typesupport_fastrtps_cpp.dir/rosidl_typesupport_fastrtps_cpp/velodyne_msgs/msg/detail/dds_fastrtps/velodyne_packet__type_support.cpp.o
[1.451s] [ 38%] Building CXX object CMakeFiles/velodyne_msgs__rosidl_typesupport_introspection_cpp.dir/rosidl_typesupport_introspection_cpp/velodyne_msgs/msg/detail/velodyne_scan__type_support.cpp.o
[1.451s] [ 38%] Building CXX object CMakeFiles/velodyne_msgs__rosidl_typesupport_introspection_cpp.dir/rosidl_typesupport_introspection_cpp/velodyne_msgs/msg/detail/velodyne_packet__type_support.cpp.o
[1.485s] [ 43%] Building CXX object CMakeFiles/velodyne_msgs__rosidl_typesupport_cpp.dir/rosidl_typesupport_cpp/velodyne_msgs/msg/velodyne_packet__type_support.cpp.o
[1.486s] [ 43%] Building CXX object CMakeFiles/velodyne_msgs__rosidl_typesupport_cpp.dir/rosidl_typesupport_cpp/velodyne_msgs/msg/velodyne_scan__type_support.cpp.o
[1.491s] [ 46%] Building CXX object CMakeFiles/velodyne_msgs__rosidl_typesupport_c.dir/rosidl_typesupport_c/velodyne_msgs/msg/velodyne_packet__type_support.cpp.o
[1.491s] [ 48%] Building CXX object CMakeFiles/velodyne_msgs__rosidl_typesupport_c.dir/rosidl_typesupport_c/velodyne_msgs/msg/velodyne_scan__type_support.cpp.o
[1.495s] [ 53%] Building C object CMakeFiles/velodyne_msgs__rosidl_typesupport_introspection_c.dir/rosidl_typesupport_introspection_c/velodyne_msgs/msg/detail/velodyne_scan__type_support.c.o
[1.495s] [ 53%] Building C object CMakeFiles/velodyne_msgs__rosidl_typesupport_introspection_c.dir/rosidl_typesupport_introspection_c/velodyne_msgs/msg/detail/velodyne_packet__type_support.c.o
[1.506s] [ 58%] Building CXX object CMakeFiles/velodyne_msgs__rosidl_typesupport_fastrtps_c.dir/rosidl_typesupport_fastrtps_c/velodyne_msgs/msg/detail/velodyne_packet__type_support_c.cpp.o
[1.507s] [ 58%] Building CXX object CMakeFiles/velodyne_msgs__rosidl_typesupport_fastrtps_c.dir/rosidl_typesupport_fastrtps_c/velodyne_msgs/msg/detail/velodyne_scan__type_support_c.cpp.o
[1.516s] [ 61%] Linking CXX shared library libvelodyne_msgs__rosidl_typesupport_c.so
[1.519s] [ 64%] Linking C shared library libvelodyne_msgs__rosidl_typesupport_introspection_c.so
[1.542s] [ 64%] Built target velodyne_msgs__rosidl_typesupport_introspection_c
[1.551s] [ 64%] Built target velodyne_msgs__rosidl_typesupport_c
[1.648s] [ 66%] Linking CXX shared library libvelodyne_msgs__rosidl_typesupport_fastrtps_cpp.so
[1.676s] [ 69%] Linking CXX shared library libvelodyne_msgs__rosidl_typesupport_fastrtps_c.so
[1.698s] [ 71%] Linking CXX shared library libvelodyne_msgs__rosidl_typesupport_cpp.so
[1.709s] [ 71%] Built target velodyne_msgs__rosidl_typesupport_fastrtps_cpp
[1.726s] [ 71%] Built target velodyne_msgs__rosidl_typesupport_fastrtps_c
[1.731s] [ 71%] Built target velodyne_msgs__rosidl_typesupport_cpp
[1.743s] [ 74%] Linking CXX shared library libvelodyne_msgs__rosidl_typesupport_introspection_cpp.so
[1.790s] [ 74%] Built target velodyne_msgs__rosidl_typesupport_introspection_cpp
[1.805s] [ 74%] Built target velodyne_msgs
[1.819s] [ 76%] Generating Python code for ROS interfaces
[2.049s] [ 76%] Built target velodyne_msgs__py
[2.064s] [ 79%] Building C object CMakeFiles/velodyne_msgs__rosidl_generator_py.dir/rosidl_generator_py/velodyne_msgs/msg/_velodyne_scan_s.c.o
[2.065s] [ 82%] Building C object CMakeFiles/velodyne_msgs__rosidl_generator_py.dir/rosidl_generator_py/velodyne_msgs/msg/_velodyne_packet_s.c.o
[2.120s] [ 84%] Linking C shared library rosidl_generator_py/velodyne_msgs/libvelodyne_msgs__rosidl_generator_py.so
[2.151s] [ 84%] Built target velodyne_msgs__rosidl_generator_py
[2.168s] [ 87%] Building C object CMakeFiles/velodyne_msgs__rosidl_typesupport_introspection_c__pyext.dir/rosidl_generator_py/velodyne_msgs/_velodyne_msgs_s.ep.rosidl_typesupport_introspection_c.c.o
[2.169s] [ 92%] Building C object CMakeFiles/velodyne_msgs__rosidl_typesupport_c__pyext.dir/rosidl_generator_py/velodyne_msgs/_velodyne_msgs_s.ep.rosidl_typesupport_c.c.o
[2.169s] [ 92%] Building C object CMakeFiles/velodyne_msgs__rosidl_typesupport_fastrtps_c__pyext.dir/rosidl_generator_py/velodyne_msgs/_velodyne_msgs_s.ep.rosidl_typesupport_fastrtps_c.c.o
[2.221s] [ 94%] Linking C shared library rosidl_generator_py/velodyne_msgs/velodyne_msgs_s__rosidl_typesupport_introspection_c.cpython-310-x86_64-linux-gnu.so
[2.221s] [ 97%] Linking C shared library rosidl_generator_py/velodyne_msgs/velodyne_msgs_s__rosidl_typesupport_c.cpython-310-x86_64-linux-gnu.so
[2.221s] [100%] Linking C shared library rosidl_generator_py/velodyne_msgs/velodyne_msgs_s__rosidl_typesupport_fastrtps_c.cpython-310-x86_64-linux-gnu.so
[2.249s] [100%] Built target velodyne_msgs__rosidl_typesupport_c__pyext
[2.249s] [100%] Built target velodyne_msgs__rosidl_typesupport_introspection_c__pyext
[2.251s] [100%] Built target velodyne_msgs__rosidl_typesupport_fastrtps_c__pyext
[2.260s] Invoked command in '/home/aiv/ev_ws/ros2_ver2/build/velodyne_msgs' returned '0': CMAKE_PREFIX_PATH=${CMAKE_PREFIX_PATH}:/home/aiv/ros2_study/install/my_second_package:/opt/ros/humble /usr/bin/cmake --build /home/aiv/ev_ws/ros2_ver2/build/velodyne_msgs -- -j28 -l28
[2.268s] Invoking command in '/home/aiv/ev_ws/ros2_ver2/build/velodyne_msgs': CMAKE_PREFIX_PATH=${CMAKE_PREFIX_PATH}:/home/aiv/ros2_study/install/my_second_package:/opt/ros/humble /usr/bin/cmake --install /home/aiv/ev_ws/ros2_ver2/build/velodyne_msgs
[2.274s] -- Install configuration: ""
[2.274s] -- Installing: /home/aiv/ev_ws/ros2_ver2/install/velodyne_msgs/share/ament_index/resource_index/rosidl_interfaces/velodyne_msgs
[2.275s] -- Installing: /home/aiv/ev_ws/ros2_ver2/install/velodyne_msgs/include/velodyne_msgs/velodyne_msgs
[2.275s] -- Installing: /home/aiv/ev_ws/ros2_ver2/install/velodyne_msgs/include/velodyne_msgs/velodyne_msgs/msg
[2.275s] -- Installing: /home/aiv/ev_ws/ros2_ver2/install/velodyne_msgs/include/velodyne_msgs/velodyne_msgs/msg/rosidl_generator_c__visibility_control.h
[2.275s] -- Installing: /home/aiv/ev_ws/ros2_ver2/install/velodyne_msgs/include/velodyne_msgs/velodyne_msgs/msg/detail
[2.275s] -- Installing: /home/aiv/ev_ws/ros2_ver2/install/velodyne_msgs/include/velodyne_msgs/velodyne_msgs/msg/detail/velodyne_packet__type_support.h
[2.275s] -- Installing: /home/aiv/ev_ws/ros2_ver2/install/velodyne_msgs/include/velodyne_msgs/velodyne_msgs/msg/detail/velodyne_scan__struct.h
[2.275s] -- Installing: /home/aiv/ev_ws/ros2_ver2/install/velodyne_msgs/include/velodyne_msgs/velodyne_msgs/msg/detail/velodyne_scan__type_support.h
[2.275s] -- Installing: /home/aiv/ev_ws/ros2_ver2/install/velodyne_msgs/include/velodyne_msgs/velodyne_msgs/msg/detail/velodyne_scan__functions.c
[2.275s] -- Installing: /home/aiv/ev_ws/ros2_ver2/install/velodyne_msgs/include/velodyne_msgs/velodyne_msgs/msg/detail/velodyne_scan__functions.h
[2.275s] -- Installing: /home/aiv/ev_ws/ros2_ver2/install/velodyne_msgs/include/velodyne_msgs/velodyne_msgs/msg/detail/velodyne_packet__functions.h
[2.275s] -- Installing: /home/aiv/ev_ws/ros2_ver2/install/velodyne_msgs/include/velodyne_msgs/velodyne_msgs/msg/detail/velodyne_packet__functions.c
[2.275s] -- Installing: /home/aiv/ev_ws/ros2_ver2/install/velodyne_msgs/include/velodyne_msgs/velodyne_msgs/msg/detail/velodyne_packet__struct.h
[2.275s] -- Installing: /home/aiv/ev_ws/ros2_ver2/install/velodyne_msgs/include/velodyne_msgs/velodyne_msgs/msg/velodyne_packet.h
[2.275s] -- Installing: /home/aiv/ev_ws/ros2_ver2/install/velodyne_msgs/include/velodyne_msgs/velodyne_msgs/msg/velodyne_scan.h
[2.275s] -- Installing: /home/aiv/ev_ws/ros2_ver2/install/velodyne_msgs/share/velodyne_msgs/environment/library_path.sh
[2.275s] -- Installing: /home/aiv/ev_ws/ros2_ver2/install/velodyne_msgs/share/velodyne_msgs/environment/library_path.dsv
[2.275s] -- Installing: /home/aiv/ev_ws/ros2_ver2/install/velodyne_msgs/lib/libvelodyne_msgs__rosidl_generator_c.so
[2.275s] -- Set runtime path of "/home/aiv/ev_ws/ros2_ver2/install/velodyne_msgs/lib/libvelodyne_msgs__rosidl_generator_c.so" to ""
[2.275s] -- Up-to-date: /home/aiv/ev_ws/ros2_ver2/install/velodyne_msgs/include/velodyne_msgs/velodyne_msgs
[2.275s] -- Up-to-date: /home/aiv/ev_ws/ros2_ver2/install/velodyne_msgs/include/velodyne_msgs/velodyne_msgs/msg
[2.275s] -- Installing: /home/aiv/ev_ws/ros2_ver2/install/velodyne_msgs/include/velodyne_msgs/velodyne_msgs/msg/rosidl_typesupport_fastrtps_c__visibility_control.h
[2.275s] -- Up-to-date: /home/aiv/ev_ws/ros2_ver2/install/velodyne_msgs/include/velodyne_msgs/velodyne_msgs/msg/detail
[2.275s] -- Installing: /home/aiv/ev_ws/ros2_ver2/install/velodyne_msgs/include/velodyne_msgs/velodyne_msgs/msg/detail/velodyne_scan__rosidl_typesupport_fastrtps_c.h
[2.276s] -- Installing: /home/aiv/ev_ws/ros2_ver2/install/velodyne_msgs/include/velodyne_msgs/velodyne_msgs/msg/detail/velodyne_packet__rosidl_typesupport_fastrtps_c.h
[2.276s] -- Installing: /home/aiv/ev_ws/ros2_ver2/install/velodyne_msgs/lib/libvelodyne_msgs__rosidl_typesupport_fastrtps_c.so
[2.276s] -- Set runtime path of "/home/aiv/ev_ws/ros2_ver2/install/velodyne_msgs/lib/libvelodyne_msgs__rosidl_typesupport_fastrtps_c.so" to ""
[2.276s] -- Up-to-date: /home/aiv/ev_ws/ros2_ver2/install/velodyne_msgs/include/velodyne_msgs/velodyne_msgs
[2.276s] -- Up-to-date: /home/aiv/ev_ws/ros2_ver2/install/velodyne_msgs/include/velodyne_msgs/velodyne_msgs/msg
[2.276s] -- Installing: /home/aiv/ev_ws/ros2_ver2/install/velodyne_msgs/include/velodyne_msgs/velodyne_msgs/msg/velodyne_packet.hpp
[2.276s] -- Installing: /home/aiv/ev_ws/ros2_ver2/install/velodyne_msgs/include/velodyne_msgs/velodyne_msgs/msg/velodyne_scan.hpp
[2.276s] -- Installing: /home/aiv/ev_ws/ros2_ver2/install/velodyne_msgs/include/velodyne_msgs/velodyne_msgs/msg/rosidl_generator_cpp__visibility_control.hpp
[2.276s] -- Up-to-date: /home/aiv/ev_ws/ros2_ver2/install/velodyne_msgs/include/velodyne_msgs/velodyne_msgs/msg/detail
[2.276s] -- Installing: /home/aiv/ev_ws/ros2_ver2/install/velodyne_msgs/include/velodyne_msgs/velodyne_msgs/msg/detail/velodyne_packet__type_support.hpp
[2.276s] -- Installing: /home/aiv/ev_ws/ros2_ver2/install/velodyne_msgs/include/velodyne_msgs/velodyne_msgs/msg/detail/velodyne_packet__traits.hpp
[2.276s] -- Installing: /home/aiv/ev_ws/ros2_ver2/install/velodyne_msgs/include/velodyne_msgs/velodyne_msgs/msg/detail/velodyne_packet__builder.hpp
[2.276s] -- Installing: /home/aiv/ev_ws/ros2_ver2/install/velodyne_msgs/include/velodyne_msgs/velodyne_msgs/msg/detail/velodyne_scan__traits.hpp
[2.276s] -- Installing: /home/aiv/ev_ws/ros2_ver2/install/velodyne_msgs/include/velodyne_msgs/velodyne_msgs/msg/detail/velodyne_scan__type_support.hpp
[2.277s] -- Installing: /home/aiv/ev_ws/ros2_ver2/install/velodyne_msgs/include/velodyne_msgs/velodyne_msgs/msg/detail/velodyne_scan__struct.hpp
[2.277s] -- Installing: /home/aiv/ev_ws/ros2_ver2/install/velodyne_msgs/include/velodyne_msgs/velodyne_msgs/msg/detail/velodyne_packet__struct.hpp
[2.277s] -- Installing: /home/aiv/ev_ws/ros2_ver2/install/velodyne_msgs/include/velodyne_msgs/velodyne_msgs/msg/detail/velodyne_scan__builder.hpp
[2.277s] -- Up-to-date: /home/aiv/ev_ws/ros2_ver2/install/velodyne_msgs/include/velodyne_msgs/velodyne_msgs
[2.277s] -- Up-to-date: /home/aiv/ev_ws/ros2_ver2/install/velodyne_msgs/include/velodyne_msgs/velodyne_msgs/msg
[2.277s] -- Up-to-date: /home/aiv/ev_ws/ros2_ver2/install/velodyne_msgs/include/velodyne_msgs/velodyne_msgs/msg/detail
[2.277s] -- Installing: /home/aiv/ev_ws/ros2_ver2/install/velodyne_msgs/include/velodyne_msgs/velodyne_msgs/msg/detail/dds_fastrtps
[2.277s] -- Installing: /home/aiv/ev_ws/ros2_ver2/install/velodyne_msgs/include/velodyne_msgs/velodyne_msgs/msg/detail/velodyne_scan__rosidl_typesupport_fastrtps_cpp.hpp
[2.277s] -- Installing: /home/aiv/ev_ws/ros2_ver2/install/velodyne_msgs/include/velodyne_msgs/velodyne_msgs/msg/detail/velodyne_packet__rosidl_typesupport_fastrtps_cpp.hpp
[2.277s] -- Installing: /home/aiv/ev_ws/ros2_ver2/install/velodyne_msgs/include/velodyne_msgs/velodyne_msgs/msg/rosidl_typesupport_fastrtps_cpp__visibility_control.h
[2.277s] -- Installing: /home/aiv/ev_ws/ros2_ver2/install/velodyne_msgs/lib/libvelodyne_msgs__rosidl_typesupport_fastrtps_cpp.so
[2.277s] -- Set runtime path of "/home/aiv/ev_ws/ros2_ver2/install/velodyne_msgs/lib/libvelodyne_msgs__rosidl_typesupport_fastrtps_cpp.so" to ""
[2.277s] -- Up-to-date: /home/aiv/ev_ws/ros2_ver2/install/velodyne_msgs/include/velodyne_msgs/velodyne_msgs
[2.277s] -- Up-to-date: /home/aiv/ev_ws/ros2_ver2/install/velodyne_msgs/include/velodyne_msgs/velodyne_msgs/msg
[2.277s] -- Up-to-date: /home/aiv/ev_ws/ros2_ver2/install/velodyne_msgs/include/velodyne_msgs/velodyne_msgs/msg/detail
[2.277s] -- Installing: /home/aiv/ev_ws/ros2_ver2/install/velodyne_msgs/include/velodyne_msgs/velodyne_msgs/msg/detail/velodyne_scan__rosidl_typesupport_introspection_c.h
[2.277s] -- Installing: /home/aiv/ev_ws/ros2_ver2/install/velodyne_msgs/include/velodyne_msgs/velodyne_msgs/msg/detail/velodyne_scan__type_support.c
[2.277s] -- Installing: /home/aiv/ev_ws/ros2_ver2/install/velodyne_msgs/include/velodyne_msgs/velodyne_msgs/msg/detail/velodyne_packet__rosidl_typesupport_introspection_c.h
[2.277s] -- Installing: /home/aiv/ev_ws/ros2_ver2/install/velodyne_msgs/include/velodyne_msgs/velodyne_msgs/msg/detail/velodyne_packet__type_support.c
[2.278s] -- Installing: /home/aiv/ev_ws/ros2_ver2/install/velodyne_msgs/include/velodyne_msgs/velodyne_msgs/msg/rosidl_typesupport_introspection_c__visibility_control.h
[2.278s] -- Installing: /home/aiv/ev_ws/ros2_ver2/install/velodyne_msgs/lib/libvelodyne_msgs__rosidl_typesupport_introspection_c.so
[2.278s] -- Set runtime path of "/home/aiv/ev_ws/ros2_ver2/install/velodyne_msgs/lib/libvelodyne_msgs__rosidl_typesupport_introspection_c.so" to ""
[2.278s] -- Installing: /home/aiv/ev_ws/ros2_ver2/install/velodyne_msgs/lib/libvelodyne_msgs__rosidl_typesupport_c.so
[2.278s] -- Set runtime path of "/home/aiv/ev_ws/ros2_ver2/install/velodyne_msgs/lib/libvelodyne_msgs__rosidl_typesupport_c.so" to ""
[2.278s] -- Up-to-date: /home/aiv/ev_ws/ros2_ver2/install/velodyne_msgs/include/velodyne_msgs/velodyne_msgs
[2.278s] -- Up-to-date: /home/aiv/ev_ws/ros2_ver2/install/velodyne_msgs/include/velodyne_msgs/velodyne_msgs/msg
[2.278s] -- Up-to-date: /home/aiv/ev_ws/ros2_ver2/install/velodyne_msgs/include/velodyne_msgs/velodyne_msgs/msg/detail
[2.278s] -- Installing: /home/aiv/ev_ws/ros2_ver2/install/velodyne_msgs/include/velodyne_msgs/velodyne_msgs/msg/detail/velodyne_scan__type_support.cpp
[2.278s] -- Installing: /home/aiv/ev_ws/ros2_ver2/install/velodyne_msgs/include/velodyne_msgs/velodyne_msgs/msg/detail/velodyne_packet__rosidl_typesupport_introspection_cpp.hpp
[2.278s] -- Installing: /home/aiv/ev_ws/ros2_ver2/install/velodyne_msgs/include/velodyne_msgs/velodyne_msgs/msg/detail/velodyne_scan__rosidl_typesupport_introspection_cpp.hpp
[2.278s] -- Installing: /home/aiv/ev_ws/ros2_ver2/install/velodyne_msgs/include/velodyne_msgs/velodyne_msgs/msg/detail/velodyne_packet__type_support.cpp
[2.278s] -- Installing: /home/aiv/ev_ws/ros2_ver2/install/velodyne_msgs/lib/libvelodyne_msgs__rosidl_typesupport_introspection_cpp.so
[2.278s] -- Set runtime path of "/home/aiv/ev_ws/ros2_ver2/install/velodyne_msgs/lib/libvelodyne_msgs__rosidl_typesupport_introspection_cpp.so" to ""
[2.278s] -- Installing: /home/aiv/ev_ws/ros2_ver2/install/velodyne_msgs/lib/libvelodyne_msgs__rosidl_typesupport_cpp.so
[2.278s] -- Set runtime path of "/home/aiv/ev_ws/ros2_ver2/install/velodyne_msgs/lib/libvelodyne_msgs__rosidl_typesupport_cpp.so" to ""
[2.279s] -- Installing: /home/aiv/ev_ws/ros2_ver2/install/velodyne_msgs/share/velodyne_msgs/environment/pythonpath.sh
[2.279s] -- Installing: /home/aiv/ev_ws/ros2_ver2/install/velodyne_msgs/share/velodyne_msgs/environment/pythonpath.dsv
[2.279s] -- Installing: /home/aiv/ev_ws/ros2_ver2/install/velodyne_msgs/local/lib/python3.10/dist-packages/velodyne_msgs-2.5.1-py3.10.egg-info
[2.279s] -- Installing: /home/aiv/ev_ws/ros2_ver2/install/velodyne_msgs/local/lib/python3.10/dist-packages/velodyne_msgs-2.5.1-py3.10.egg-info/PKG-INFO
[2.279s] -- Installing: /home/aiv/ev_ws/ros2_ver2/install/velodyne_msgs/local/lib/python3.10/dist-packages/velodyne_msgs-2.5.1-py3.10.egg-info/top_level.txt
[2.279s] -- Installing: /home/aiv/ev_ws/ros2_ver2/install/velodyne_msgs/local/lib/python3.10/dist-packages/velodyne_msgs-2.5.1-py3.10.egg-info/SOURCES.txt
[2.279s] -- Installing: /home/aiv/ev_ws/ros2_ver2/install/velodyne_msgs/local/lib/python3.10/dist-packages/velodyne_msgs-2.5.1-py3.10.egg-info/dependency_links.txt
[2.279s] -- Installing: /home/aiv/ev_ws/ros2_ver2/install/velodyne_msgs/local/lib/python3.10/dist-packages/velodyne_msgs
[2.279s] -- Installing: /home/aiv/ev_ws/ros2_ver2/install/velodyne_msgs/local/lib/python3.10/dist-packages/velodyne_msgs/velodyne_msgs_s__rosidl_typesupport_c.cpython-310-x86_64-linux-gnu.so
[2.279s] -- Installing: /home/aiv/ev_ws/ros2_ver2/install/velodyne_msgs/local/lib/python3.10/dist-packages/velodyne_msgs/_velodyne_msgs_s.ep.rosidl_typesupport_fastrtps_c.c
[2.279s] -- Installing: /home/aiv/ev_ws/ros2_ver2/install/velodyne_msgs/local/lib/python3.10/dist-packages/velodyne_msgs/__init__.py
[2.279s] -- Installing: /home/aiv/ev_ws/ros2_ver2/install/velodyne_msgs/local/lib/python3.10/dist-packages/velodyne_msgs/velodyne_msgs_s__rosidl_typesupport_introspection_c.cpython-310-x86_64-linux-gnu.so
[2.279s] -- Installing: /home/aiv/ev_ws/ros2_ver2/install/velodyne_msgs/local/lib/python3.10/dist-packages/velodyne_msgs/msg
[2.279s] -- Installing: /home/aiv/ev_ws/ros2_ver2/install/velodyne_msgs/local/lib/python3.10/dist-packages/velodyne_msgs/msg/_velodyne_packet.py
[2.279s] -- Installing: /home/aiv/ev_ws/ros2_ver2/install/velodyne_msgs/local/lib/python3.10/dist-packages/velodyne_msgs/msg/_velodyne_scan.py
[2.279s] -- Installing: /home/aiv/ev_ws/ros2_ver2/install/velodyne_msgs/local/lib/python3.10/dist-packages/velodyne_msgs/msg/__init__.py
[2.279s] -- Installing: /home/aiv/ev_ws/ros2_ver2/install/velodyne_msgs/local/lib/python3.10/dist-packages/velodyne_msgs/msg/_velodyne_packet_s.c
[2.279s] -- Installing: /home/aiv/ev_ws/ros2_ver2/install/velodyne_msgs/local/lib/python3.10/dist-packages/velodyne_msgs/msg/_velodyne_scan_s.c
[2.279s] -- Installing: /home/aiv/ev_ws/ros2_ver2/install/velodyne_msgs/local/lib/python3.10/dist-packages/velodyne_msgs/_velodyne_msgs_s.ep.rosidl_typesupport_introspection_c.c
[2.279s] -- Installing: /home/aiv/ev_ws/ros2_ver2/install/velodyne_msgs/local/lib/python3.10/dist-packages/velodyne_msgs/libvelodyne_msgs__rosidl_generator_py.so
[2.279s] -- Installing: /home/aiv/ev_ws/ros2_ver2/install/velodyne_msgs/local/lib/python3.10/dist-packages/velodyne_msgs/velodyne_msgs_s__rosidl_typesupport_fastrtps_c.cpython-310-x86_64-linux-gnu.so
[2.279s] -- Installing: /home/aiv/ev_ws/ros2_ver2/install/velodyne_msgs/local/lib/python3.10/dist-packages/velodyne_msgs/_velodyne_msgs_s.ep.rosidl_typesupport_c.c
[2.299s] Listing '/home/aiv/ev_ws/ros2_ver2/install/velodyne_msgs/local/lib/python3.10/dist-packages/velodyne_msgs'...
[2.299s] Compiling '/home/aiv/ev_ws/ros2_ver2/install/velodyne_msgs/local/lib/python3.10/dist-packages/velodyne_msgs/__init__.py'...
[2.299s] Listing '/home/aiv/ev_ws/ros2_ver2/install/velodyne_msgs/local/lib/python3.10/dist-packages/velodyne_msgs/msg'...
[2.299s] Compiling '/home/aiv/ev_ws/ros2_ver2/install/velodyne_msgs/local/lib/python3.10/dist-packages/velodyne_msgs/msg/__init__.py'...
[2.299s] Compiling '/home/aiv/ev_ws/ros2_ver2/install/velodyne_msgs/local/lib/python3.10/dist-packages/velodyne_msgs/msg/_velodyne_packet.py'...
[2.299s] Compiling '/home/aiv/ev_ws/ros2_ver2/install/velodyne_msgs/local/lib/python3.10/dist-packages/velodyne_msgs/msg/_velodyne_scan.py'...
[2.301s] -- Installing: /home/aiv/ev_ws/ros2_ver2/install/velodyne_msgs/local/lib/python3.10/dist-packages/velodyne_msgs/velodyne_msgs_s__rosidl_typesupport_fastrtps_c.cpython-310-x86_64-linux-gnu.so
[2.301s] -- Set runtime path of "/home/aiv/ev_ws/ros2_ver2/install/velodyne_msgs/local/lib/python3.10/dist-packages/velodyne_msgs/velodyne_msgs_s__rosidl_typesupport_fastrtps_c.cpython-310-x86_64-linux-gnu.so" to ""
[2.301s] -- Installing: /home/aiv/ev_ws/ros2_ver2/install/velodyne_msgs/local/lib/python3.10/dist-packages/velodyne_msgs/velodyne_msgs_s__rosidl_typesupport_introspection_c.cpython-310-x86_64-linux-gnu.so
[2.301s] -- Set runtime path of "/home/aiv/ev_ws/ros2_ver2/install/velodyne_msgs/local/lib/python3.10/dist-packages/velodyne_msgs/velodyne_msgs_s__rosidl_typesupport_introspection_c.cpython-310-x86_64-linux-gnu.so" to ""
[2.302s] -- Installing: /home/aiv/ev_ws/ros2_ver2/install/velodyne_msgs/local/lib/python3.10/dist-packages/velodyne_msgs/velodyne_msgs_s__rosidl_typesupport_c.cpython-310-x86_64-linux-gnu.so
[2.302s] -- Set runtime path of "/home/aiv/ev_ws/ros2_ver2/install/velodyne_msgs/local/lib/python3.10/dist-packages/velodyne_msgs/velodyne_msgs_s__rosidl_typesupport_c.cpython-310-x86_64-linux-gnu.so" to ""
[2.302s] -- Installing: /home/aiv/ev_ws/ros2_ver2/install/velodyne_msgs/lib/libvelodyne_msgs__rosidl_generator_py.so
[2.302s] -- Set runtime path of "/home/aiv/ev_ws/ros2_ver2/install/velodyne_msgs/lib/libvelodyne_msgs__rosidl_generator_py.so" to ""
[2.302s] -- Installing: /home/aiv/ev_ws/ros2_ver2/install/velodyne_msgs/share/velodyne_msgs/msg/VelodynePacket.idl
[2.302s] -- Installing: /home/aiv/ev_ws/ros2_ver2/install/velodyne_msgs/share/velodyne_msgs/msg/VelodyneScan.idl
[2.302s] -- Installing: /home/aiv/ev_ws/ros2_ver2/install/velodyne_msgs/share/velodyne_msgs/msg/VelodynePacket.msg
[2.302s] -- Installing: /home/aiv/ev_ws/ros2_ver2/install/velodyne_msgs/share/velodyne_msgs/msg/VelodyneScan.msg
[2.302s] -- Installing: /home/aiv/ev_ws/ros2_ver2/install/velodyne_msgs/share/ament_index/resource_index/package_run_dependencies/velodyne_msgs
[2.302s] -- Installing: /home/aiv/ev_ws/ros2_ver2/install/velodyne_msgs/share/ament_index/resource_index/parent_prefix_path/velodyne_msgs
[2.302s] -- Installing: /home/aiv/ev_ws/ros2_ver2/install/velodyne_msgs/share/velodyne_msgs/environment/ament_prefix_path.sh
[2.302s] -- Installing: /home/aiv/ev_ws/ros2_ver2/install/velodyne_msgs/share/velodyne_msgs/environment/ament_prefix_path.dsv
[2.302s] -- Installing: /home/aiv/ev_ws/ros2_ver2/install/velodyne_msgs/share/velodyne_msgs/environment/path.sh
[2.303s] -- Installing: /home/aiv/ev_ws/ros2_ver2/install/velodyne_msgs/share/velodyne_msgs/environment/path.dsv
[2.303s] -- Installing: /home/aiv/ev_ws/ros2_ver2/install/velodyne_msgs/share/velodyne_msgs/local_setup.bash
[2.303s] -- Installing: /home/aiv/ev_ws/ros2_ver2/install/velodyne_msgs/share/velodyne_msgs/local_setup.sh
[2.303s] -- Installing: /home/aiv/ev_ws/ros2_ver2/install/velodyne_msgs/share/velodyne_msgs/local_setup.zsh
[2.303s] -- Installing: /home/aiv/ev_ws/ros2_ver2/install/velodyne_msgs/share/velodyne_msgs/local_setup.dsv
[2.303s] -- Installing: /home/aiv/ev_ws/ros2_ver2/install/velodyne_msgs/share/velodyne_msgs/package.dsv
[2.303s] -- Installing: /home/aiv/ev_ws/ros2_ver2/install/velodyne_msgs/share/ament_index/resource_index/packages/velodyne_msgs
[2.303s] -- Installing: /home/aiv/ev_ws/ros2_ver2/install/velodyne_msgs/share/velodyne_msgs/cmake/export_velodyne_msgs__rosidl_generator_cExport.cmake
[2.303s] -- Installing: /home/aiv/ev_ws/ros2_ver2/install/velodyne_msgs/share/velodyne_msgs/cmake/export_velodyne_msgs__rosidl_generator_cExport-noconfig.cmake
[2.303s] -- Installing: /home/aiv/ev_ws/ros2_ver2/install/velodyne_msgs/share/velodyne_msgs/cmake/export_velodyne_msgs__rosidl_typesupport_fastrtps_cExport.cmake
[2.303s] -- Installing: /home/aiv/ev_ws/ros2_ver2/install/velodyne_msgs/share/velodyne_msgs/cmake/export_velodyne_msgs__rosidl_typesupport_fastrtps_cExport-noconfig.cmake
[2.303s] -- Installing: /home/aiv/ev_ws/ros2_ver2/install/velodyne_msgs/share/velodyne_msgs/cmake/export_velodyne_msgs__rosidl_generator_cppExport.cmake
[2.303s] -- Installing: /home/aiv/ev_ws/ros2_ver2/install/velodyne_msgs/share/velodyne_msgs/cmake/export_velodyne_msgs__rosidl_typesupport_fastrtps_cppExport.cmake
[2.303s] -- Installing: /home/aiv/ev_ws/ros2_ver2/install/velodyne_msgs/share/velodyne_msgs/cmake/export_velodyne_msgs__rosidl_typesupport_fastrtps_cppExport-noconfig.cmake
[2.303s] -- Installing: /home/aiv/ev_ws/ros2_ver2/install/velodyne_msgs/share/velodyne_msgs/cmake/velodyne_msgs__rosidl_typesupport_introspection_cExport.cmake
[2.303s] -- Installing: /home/aiv/ev_ws/ros2_ver2/install/velodyne_msgs/share/velodyne_msgs/cmake/velodyne_msgs__rosidl_typesupport_introspection_cExport-noconfig.cmake
[2.303s] -- Installing: /home/aiv/ev_ws/ros2_ver2/install/velodyne_msgs/share/velodyne_msgs/cmake/velodyne_msgs__rosidl_typesupport_cExport.cmake
[2.304s] -- Installing: /home/aiv/ev_ws/ros2_ver2/install/velodyne_msgs/share/velodyne_msgs/cmake/velodyne_msgs__rosidl_typesupport_cExport-noconfig.cmake
[2.304s] -- Installing: /home/aiv/ev_ws/ros2_ver2/install/velodyne_msgs/share/velodyne_msgs/cmake/velodyne_msgs__rosidl_typesupport_introspection_cppExport.cmake
[2.304s] -- Installing: /home/aiv/ev_ws/ros2_ver2/install/velodyne_msgs/share/velodyne_msgs/cmake/velodyne_msgs__rosidl_typesupport_introspection_cppExport-noconfig.cmake
[2.304s] -- Installing: /home/aiv/ev_ws/ros2_ver2/install/velodyne_msgs/share/velodyne_msgs/cmake/velodyne_msgs__rosidl_typesupport_cppExport.cmake
[2.304s] -- Installing: /home/aiv/ev_ws/ros2_ver2/install/velodyne_msgs/share/velodyne_msgs/cmake/velodyne_msgs__rosidl_typesupport_cppExport-noconfig.cmake
[2.304s] -- Installing: /home/aiv/ev_ws/ros2_ver2/install/velodyne_msgs/share/velodyne_msgs/cmake/export_velodyne_msgs__rosidl_generator_pyExport.cmake
[2.304s] -- Installing: /home/aiv/ev_ws/ros2_ver2/install/velodyne_msgs/share/velodyne_msgs/cmake/export_velodyne_msgs__rosidl_generator_pyExport-noconfig.cmake
[2.304s] -- Installing: /home/aiv/ev_ws/ros2_ver2/install/velodyne_msgs/share/velodyne_msgs/cmake/rosidl_cmake-extras.cmake
[2.304s] -- Installing: /home/aiv/ev_ws/ros2_ver2/install/velodyne_msgs/share/velodyne_msgs/cmake/ament_cmake_export_dependencies-extras.cmake
[2.304s] -- Installing: /home/aiv/ev_ws/ros2_ver2/install/velodyne_msgs/share/velodyne_msgs/cmake/ament_cmake_export_include_directories-extras.cmake
[2.304s] -- Installing: /home/aiv/ev_ws/ros2_ver2/install/velodyne_msgs/share/velodyne_msgs/cmake/ament_cmake_export_libraries-extras.cmake
[2.304s] -- Installing: /home/aiv/ev_ws/ros2_ver2/install/velodyne_msgs/share/velodyne_msgs/cmake/ament_cmake_export_targets-extras.cmake
[2.304s] -- Installing: /home/aiv/ev_ws/ros2_ver2/install/velodyne_msgs/share/velodyne_msgs/cmake/rosidl_cmake_export_typesupport_targets-extras.cmake
[2.304s] -- Installing: /home/aiv/ev_ws/ros2_ver2/install/velodyne_msgs/share/velodyne_msgs/cmake/rosidl_cmake_export_typesupport_libraries-extras.cmake
[2.304s] -- Installing: /home/aiv/ev_ws/ros2_ver2/install/velodyne_msgs/share/velodyne_msgs/cmake/velodyne_msgsConfig.cmake
[2.304s] -- Installing: /home/aiv/ev_ws/ros2_ver2/install/velodyne_msgs/share/velodyne_msgs/cmake/velodyne_msgsConfig-version.cmake
[2.304s] -- Installing: /home/aiv/ev_ws/ros2_ver2/install/velodyne_msgs/share/velodyne_msgs/package.xml
[2.305s] Invoked command in '/home/aiv/ev_ws/ros2_ver2/build/velodyne_msgs' returned '0': CMAKE_PREFIX_PATH=${CMAKE_PREFIX_PATH}:/home/aiv/ros2_study/install/my_second_package:/opt/ros/humble /usr/bin/cmake --install /home/aiv/ev_ws/ros2_ver2/build/velodyne_msgs
