[0.010s] Invoking command in '/home/aiv/ev_ws/ros2_ver2/build/velodyne_pointcloud': CMAKE_PREFIX_PATH=/home/aiv/ev_ws/ros2_ver2/install/velodyne_msgs:/home/aiv/ev_ws/ros2_ver2/install/velodyne:/home/aiv/ev_ws/ros2_ver2/install/lidar_launch:/home/aiv/ev_ws/ros2_ver2/install/velodyne_pointcloud:/home/aiv/ev_ws/ros2_ver2/install/velodyne_driver:/home/aiv/ev_ws/ros2_ver2/install/velodyne_laserscan:/home/aiv/ev_ws/ros2_ver2/install/velodyne_cropbox:/home/aiv/ev_ws/ros2_ver2/install/patchworkpp:/home/aiv/ev_ws/ros2_ver2/install/lidar_clustering:/home/aiv/ev_ws/ros2/install/velodyne:/home/aiv/ev_ws/ros2/install/velodyne_pointcloud:/home/aiv/ev_ws/ros2/install/velodyne_driver:/home/aiv/ev_ws/ros2/install/velodyne_msgs:/home/aiv/ev_ws/ros2/install/velodyne_laserscan:/home/aiv/ev_ws/ros2/install/patchworkpp:/home/aiv/ros2_study/install/my_first_package_msgs:/home/aiv/workspace/ros2/velodyne/install/velodyne:/home/aiv/workspace/ros2/velodyne/install/velodyne_pointcloud:/home/aiv/workspace/ros2/velodyne/install/velodyne_driver:/home/aiv/workspace/ros2/velodyne/install/velodyne_msgs:/home/aiv/workspace/ros2/velodyne/install/velodyne_laserscan:/home/aiv/workspace/ros2/erp42_ros/install/erp42_serial:/home/aiv/workspace/ros2/erp42_ros/install/erp42_rqt_plugin:/home/aiv/workspace/ros2/erp42_ros/install/erp42_gazebo:/home/aiv/workspace/ros2/erp42_ros/install/erp42_util:/home/aiv/workspace/ros2/erp42_ros/install/erp42_msgs:/home/aiv/workspace/ros2/erp42_ros/install/erp42_description:/home/aiv/workspace/ros2/erp42_ros/install/erp42_cmake:/home/aiv/workspace/ros2/t870_ros/install/t870_serial:/home/aiv/workspace/ros2/t870_ros/install/t870_rqt_plugin:/home/aiv/workspace/ros2/t870_ros/install/t870_util:/home/aiv/workspace/ros2/t870_ros/install/t870_msgs:/home/aiv/workspace/ros2/t870_ros/install/t870_cmake:/home/aiv/workspace/ros2/erp42_racing_ros/install/erp42_racing_serial:/home/aiv/workspace/ros2/erp42_racing_ros/install/erp42_racing_rqt_plugin:/home/aiv/workspace/ros2/erp42_racing_ros/install/erp42_racing_gazebo:/home/aiv/workspace/ros2/erp42_racing_ros/install/erp42_racing_util:/home/aiv/workspace/ros2/erp42_racing_ros/install/erp42_racing_msgs:/home/aiv/workspace/ros2/erp42_racing_ros/install/erp42_racing_description:/home/aiv/workspace/ros2/erp42_racing_ros/install/erp42_racing_cmake:/home/aiv/ros2_study/install/my_second_package:/opt/ros/humble LD_LIBRARY_PATH=/home/aiv/ev_ws/ros2_ver2/install/velodyne_msgs/lib:/home/aiv/ev_ws/ros2_ver2/install/velodyne_pointcloud/lib:/home/aiv/ev_ws/ros2_ver2/install/velodyne_driver/lib:/home/aiv/ev_ws/ros2_ver2/install/velodyne_laserscan/lib:/home/aiv/ev_ws/ros2_ver2/install/velodyne_cropbox/lib:/home/aiv/ev_ws/ros2_ver2/install/patchworkpp/lib:/home/aiv/ev_ws/ros2_ver2/install/lidar_clustering/lib:/home/aiv/ev_ws/ros2/install/velodyne_pointcloud/lib:/home/aiv/ev_ws/ros2/install/velodyne_driver/lib:/home/aiv/ev_ws/ros2/install/velodyne_msgs/lib:/home/aiv/ev_ws/ros2/install/velodyne_laserscan/lib:/home/aiv/ev_ws/ros2/install/patchworkpp/lib:/home/aiv/ros2_study/install/my_first_package_msgs/lib:/home/aiv/workspace/ros2/velodyne/install/velodyne_pointcloud/lib:/home/aiv/workspace/ros2/velodyne/install/velodyne_driver/lib:/home/aiv/workspace/ros2/velodyne/install/velodyne_msgs/lib:/home/aiv/workspace/ros2/velodyne/install/velodyne_laserscan/lib:/home/aiv/workspace/ros2/erp42_ros/install/erp42_serial/lib:/home/aiv/workspace/ros2/erp42_ros/install/erp42_rqt_plugin/lib:/home/aiv/workspace/ros2/erp42_ros/install/erp42_gazebo/lib:/home/aiv/workspace/ros2/erp42_ros/install/erp42_util/lib:/home/aiv/workspace/ros2/erp42_ros/install/erp42_msgs/lib:/home/aiv/workspace/ros2/t870_ros/install/t870_serial/lib:/home/aiv/workspace/ros2/t870_ros/install/t870_rqt_plugin/lib:/home/aiv/workspace/ros2/t870_ros/install/t870_util/lib:/home/aiv/workspace/ros2/t870_ros/install/t870_msgs/lib:/home/aiv/workspace/ros2/erp42_racing_ros/install/erp42_racing_serial/lib:/home/aiv/workspace/ros2/erp42_racing_ros/install/erp42_racing_rqt_plugin/lib:/home/aiv/workspace/ros2/erp42_racing_ros/install/erp42_racing_gazebo/lib:/home/aiv/workspace/ros2/erp42_racing_ros/install/erp42_racing_util/lib:/home/aiv/workspace/ros2/erp42_racing_ros/install/erp42_racing_msgs/lib:/usr/lib/x86_64-linux-gnu/gazebo-11/plugins:/opt/ros/humble/opt/rviz_ogre_vendor/lib:/opt/ros/humble/lib/x86_64-linux-gnu:/opt/ros/humble/lib /usr/bin/cmake /home/aiv/ev_ws/ros2_ver2/src/lidar/velodyne_pointcloud -DCMAKE_INSTALL_PREFIX=/home/aiv/ev_ws/ros2_ver2/install/velodyne_pointcloud
[0.055s] -- The C compiler identification is GNU 11.4.0
[0.090s] -- The CXX compiler identification is GNU 11.4.0
[0.094s] -- Detecting C compiler ABI info
[0.151s] -- Detecting C compiler ABI info - done
[0.155s] -- Check for working C compiler: /usr/bin/cc - skipped
[0.155s] -- Detecting C compile features
[0.156s] -- Detecting C compile features - done
[0.157s] -- Detecting CXX compiler ABI info
[0.224s] -- Detecting CXX compiler ABI info - done
[0.230s] -- Check for working CXX compiler: /usr/bin/c++ - skipped
[0.230s] -- Detecting CXX compile features
[0.231s] -- Detecting CXX compile features - done
[0.233s] -- Found ament_cmake: 1.3.12 (/opt/ros/humble/share/ament_cmake/cmake)
[0.358s] -- Found Python3: /usr/bin/python3 (found version "3.10.12") found components: Interpreter 
[0.448s] -- Found angles: 1.15.0 (/opt/ros/humble/share/angles/cmake)
[0.453s] -- Found diagnostic_updater: 4.0.6 (/opt/ros/humble/share/diagnostic_updater/cmake)
[0.499s] -- Found rosidl_generator_c: 3.1.8 (/opt/ros/humble/share/rosidl_generator_c/cmake)
[0.504s] -- Found rosidl_adapter: 3.1.8 (/opt/ros/humble/share/rosidl_adapter/cmake)
[0.511s] -- Found rosidl_generator_cpp: 3.1.8 (/opt/ros/humble/share/rosidl_generator_cpp/cmake)
[0.520s] -- Using all available rosidl_typesupport_c: rosidl_typesupport_fastrtps_c;rosidl_typesupport_introspection_c
[0.534s] -- Using all available rosidl_typesupport_cpp: rosidl_typesupport_fastrtps_cpp;rosidl_typesupport_introspection_cpp
[0.592s] -- Found rmw_implementation_cmake: 6.1.2 (/opt/ros/humble/share/rmw_implementation_cmake/cmake)
[0.595s] -- Found rmw_cyclonedds_cpp: 1.3.4 (/opt/ros/humble/share/rmw_cyclonedds_cpp/cmake)
[0.615s] -- Using RMW implementation 'rmw_cyclonedds_cpp' as default
[0.623s] -- Looking for pthread.h
[0.680s] -- Looking for pthread.h - found
[0.680s] -- Performing Test CMAKE_HAVE_LIBC_PTHREAD
[0.737s] -- Performing Test CMAKE_HAVE_LIBC_PTHREAD - Success
[0.737s] -- Found Threads: TRUE  
[0.774s] -- Found geometry_msgs: 4.9.0 (/opt/ros/humble/share/geometry_msgs/cmake)
[0.783s] -- Found message_filters: 4.3.11 (/opt/ros/humble/share/message_filters/cmake)
[0.798s] -- Checking for module 'eigen3'
[0.813s] --   Found eigen3, version 3.4.0
[0.842s] -- Found Eigen: /usr/include/eigen3 (Required is at least version "3.1") 
[0.842s] -- Eigen found (include: /usr/include/eigen3, version: 3.4.0)
[0.870s] -- Found Boost: /usr/lib/x86_64-linux-gnu/cmake/Boost-1.74.0/BoostConfig.cmake (found suitable version "1.74.0", minimum required is "1.65.0") found components: system filesystem date_time iostreams serialization 
[0.871s] -- looking for PCL_COMMON
[0.872s] -- Found PCL_COMMON: /usr/lib/x86_64-linux-gnu/libpcl_common.so  
[0.872s] -- Found PCL: pcl_common;Boost::system;Boost::filesystem;Boost::date_time;Boost::iostreams;Boost::serialization  
[0.874s] -- Found rclcpp_components: 16.0.17 (/opt/ros/humble/share/rclcpp_components/cmake)
[0.894s] -- Found sensor_msgs: 4.9.0 (/opt/ros/humble/share/sensor_msgs/cmake)
[0.904s] -- Found tf2: 0.25.18 (/opt/ros/humble/share/tf2/cmake)
[0.908s] -- Found tf2_ros: 0.25.18 (/opt/ros/humble/share/tf2_ros/cmake)
[0.949s] -- Found velodyne_msgs: 2.5.1 (/home/aiv/ev_ws/ros2_ver2/install/velodyne_msgs/share/velodyne_msgs/cmake)
[0.958s] -- Found yaml_cpp_vendor: 8.0.2 (/opt/ros/humble/share/yaml_cpp_vendor/cmake)
[0.965s] -- Found ament_lint_auto: 0.12.14 (/opt/ros/humble/share/ament_lint_auto/cmake)
[1.041s] -- Found gtest sources under '/opt/ros/humble/src/gtest_vendor': C++ tests using 'Google Test' will be built
[1.047s] -- Added test 'copyright' to check source files copyright and LICENSE
[1.048s] -- Added test 'cppcheck' to perform static code analysis on C / C++ code
[1.048s] -- Configured cppcheck include dirs: $<BUILD_INTERFACE:/home/aiv/ev_ws/ros2_ver2/src/lidar/velodyne_pointcloud/include>
[1.048s] -- Configured cppcheck exclude dirs and/or files: 
[1.050s] -- Added test 'cpplint' to check C / C++ code against the Google style
[1.050s] -- Configured cpplint exclude dirs and/or files: 
[1.051s] -- Added test 'flake8' to check Python code syntax and style conventions
[1.052s] -- Added test 'lint_cmake' to check CMake code style
[1.052s] -- Added test 'pep257' to check Python code against some of the docstring style conventions in PEP 257
[1.054s] -- Added test 'uncrustify' to check C / C++ code style
[1.054s] -- Configured uncrustify additional arguments: 
[1.056s] -- Configuring done
[1.095s] -- Generating done
[1.106s] -- Build files have been written to: /home/aiv/ev_ws/ros2_ver2/build/velodyne_pointcloud
[1.114s] Invoked command in '/home/aiv/ev_ws/ros2_ver2/build/velodyne_pointcloud' returned '0': CMAKE_PREFIX_PATH=/home/aiv/ev_ws/ros2_ver2/install/velodyne_msgs:/home/aiv/ev_ws/ros2_ver2/install/velodyne:/home/aiv/ev_ws/ros2_ver2/install/lidar_launch:/home/aiv/ev_ws/ros2_ver2/install/velodyne_pointcloud:/home/aiv/ev_ws/ros2_ver2/install/velodyne_driver:/home/aiv/ev_ws/ros2_ver2/install/velodyne_laserscan:/home/aiv/ev_ws/ros2_ver2/install/velodyne_cropbox:/home/aiv/ev_ws/ros2_ver2/install/patchworkpp:/home/aiv/ev_ws/ros2_ver2/install/lidar_clustering:/home/aiv/ev_ws/ros2/install/velodyne:/home/aiv/ev_ws/ros2/install/velodyne_pointcloud:/home/aiv/ev_ws/ros2/install/velodyne_driver:/home/aiv/ev_ws/ros2/install/velodyne_msgs:/home/aiv/ev_ws/ros2/install/velodyne_laserscan:/home/aiv/ev_ws/ros2/install/patchworkpp:/home/aiv/ros2_study/install/my_first_package_msgs:/home/aiv/workspace/ros2/velodyne/install/velodyne:/home/aiv/workspace/ros2/velodyne/install/velodyne_pointcloud:/home/aiv/workspace/ros2/velodyne/install/velodyne_driver:/home/aiv/workspace/ros2/velodyne/install/velodyne_msgs:/home/aiv/workspace/ros2/velodyne/install/velodyne_laserscan:/home/aiv/workspace/ros2/erp42_ros/install/erp42_serial:/home/aiv/workspace/ros2/erp42_ros/install/erp42_rqt_plugin:/home/aiv/workspace/ros2/erp42_ros/install/erp42_gazebo:/home/aiv/workspace/ros2/erp42_ros/install/erp42_util:/home/aiv/workspace/ros2/erp42_ros/install/erp42_msgs:/home/aiv/workspace/ros2/erp42_ros/install/erp42_description:/home/aiv/workspace/ros2/erp42_ros/install/erp42_cmake:/home/aiv/workspace/ros2/t870_ros/install/t870_serial:/home/aiv/workspace/ros2/t870_ros/install/t870_rqt_plugin:/home/aiv/workspace/ros2/t870_ros/install/t870_util:/home/aiv/workspace/ros2/t870_ros/install/t870_msgs:/home/aiv/workspace/ros2/t870_ros/install/t870_cmake:/home/aiv/workspace/ros2/erp42_racing_ros/install/erp42_racing_serial:/home/aiv/workspace/ros2/erp42_racing_ros/install/erp42_racing_rqt_plugin:/home/aiv/workspace/ros2/erp42_racing_ros/install/erp42_racing_gazebo:/home/aiv/workspace/ros2/erp42_racing_ros/install/erp42_racing_util:/home/aiv/workspace/ros2/erp42_racing_ros/install/erp42_racing_msgs:/home/aiv/workspace/ros2/erp42_racing_ros/install/erp42_racing_description:/home/aiv/workspace/ros2/erp42_racing_ros/install/erp42_racing_cmake:/home/aiv/ros2_study/install/my_second_package:/opt/ros/humble LD_LIBRARY_PATH=/home/aiv/ev_ws/ros2_ver2/install/velodyne_msgs/lib:/home/aiv/ev_ws/ros2_ver2/install/velodyne_pointcloud/lib:/home/aiv/ev_ws/ros2_ver2/install/velodyne_driver/lib:/home/aiv/ev_ws/ros2_ver2/install/velodyne_laserscan/lib:/home/aiv/ev_ws/ros2_ver2/install/velodyne_cropbox/lib:/home/aiv/ev_ws/ros2_ver2/install/patchworkpp/lib:/home/aiv/ev_ws/ros2_ver2/install/lidar_clustering/lib:/home/aiv/ev_ws/ros2/install/velodyne_pointcloud/lib:/home/aiv/ev_ws/ros2/install/velodyne_driver/lib:/home/aiv/ev_ws/ros2/install/velodyne_msgs/lib:/home/aiv/ev_ws/ros2/install/velodyne_laserscan/lib:/home/aiv/ev_ws/ros2/install/patchworkpp/lib:/home/aiv/ros2_study/install/my_first_package_msgs/lib:/home/aiv/workspace/ros2/velodyne/install/velodyne_pointcloud/lib:/home/aiv/workspace/ros2/velodyne/install/velodyne_driver/lib:/home/aiv/workspace/ros2/velodyne/install/velodyne_msgs/lib:/home/aiv/workspace/ros2/velodyne/install/velodyne_laserscan/lib:/home/aiv/workspace/ros2/erp42_ros/install/erp42_serial/lib:/home/aiv/workspace/ros2/erp42_ros/install/erp42_rqt_plugin/lib:/home/aiv/workspace/ros2/erp42_ros/install/erp42_gazebo/lib:/home/aiv/workspace/ros2/erp42_ros/install/erp42_util/lib:/home/aiv/workspace/ros2/erp42_ros/install/erp42_msgs/lib:/home/aiv/workspace/ros2/t870_ros/install/t870_serial/lib:/home/aiv/workspace/ros2/t870_ros/install/t870_rqt_plugin/lib:/home/aiv/workspace/ros2/t870_ros/install/t870_util/lib:/home/aiv/workspace/ros2/t870_ros/install/t870_msgs/lib:/home/aiv/workspace/ros2/erp42_racing_ros/install/erp42_racing_serial/lib:/home/aiv/workspace/ros2/erp42_racing_ros/install/erp42_racing_rqt_plugin/lib:/home/aiv/workspace/ros2/erp42_racing_ros/install/erp42_racing_gazebo/lib:/home/aiv/workspace/ros2/erp42_racing_ros/install/erp42_racing_util/lib:/home/aiv/workspace/ros2/erp42_racing_ros/install/erp42_racing_msgs/lib:/usr/lib/x86_64-linux-gnu/gazebo-11/plugins:/opt/ros/humble/opt/rviz_ogre_vendor/lib:/opt/ros/humble/lib/x86_64-linux-gnu:/opt/ros/humble/lib /usr/bin/cmake /home/aiv/ev_ws/ros2_ver2/src/lidar/velodyne_pointcloud -DCMAKE_INSTALL_PREFIX=/home/aiv/ev_ws/ros2_ver2/install/velodyne_pointcloud
[1.115s] Invoking command in '/home/aiv/ev_ws/ros2_ver2/build/velodyne_pointcloud': CMAKE_PREFIX_PATH=/home/aiv/ev_ws/ros2_ver2/install/velodyne_msgs:/home/aiv/ev_ws/ros2_ver2/install/velodyne:/home/aiv/ev_ws/ros2_ver2/install/lidar_launch:/home/aiv/ev_ws/ros2_ver2/install/velodyne_pointcloud:/home/aiv/ev_ws/ros2_ver2/install/velodyne_driver:/home/aiv/ev_ws/ros2_ver2/install/velodyne_laserscan:/home/aiv/ev_ws/ros2_ver2/install/velodyne_cropbox:/home/aiv/ev_ws/ros2_ver2/install/patchworkpp:/home/aiv/ev_ws/ros2_ver2/install/lidar_clustering:/home/aiv/ev_ws/ros2/install/velodyne:/home/aiv/ev_ws/ros2/install/velodyne_pointcloud:/home/aiv/ev_ws/ros2/install/velodyne_driver:/home/aiv/ev_ws/ros2/install/velodyne_msgs:/home/aiv/ev_ws/ros2/install/velodyne_laserscan:/home/aiv/ev_ws/ros2/install/patchworkpp:/home/aiv/ros2_study/install/my_first_package_msgs:/home/aiv/workspace/ros2/velodyne/install/velodyne:/home/aiv/workspace/ros2/velodyne/install/velodyne_pointcloud:/home/aiv/workspace/ros2/velodyne/install/velodyne_driver:/home/aiv/workspace/ros2/velodyne/install/velodyne_msgs:/home/aiv/workspace/ros2/velodyne/install/velodyne_laserscan:/home/aiv/workspace/ros2/erp42_ros/install/erp42_serial:/home/aiv/workspace/ros2/erp42_ros/install/erp42_rqt_plugin:/home/aiv/workspace/ros2/erp42_ros/install/erp42_gazebo:/home/aiv/workspace/ros2/erp42_ros/install/erp42_util:/home/aiv/workspace/ros2/erp42_ros/install/erp42_msgs:/home/aiv/workspace/ros2/erp42_ros/install/erp42_description:/home/aiv/workspace/ros2/erp42_ros/install/erp42_cmake:/home/aiv/workspace/ros2/t870_ros/install/t870_serial:/home/aiv/workspace/ros2/t870_ros/install/t870_rqt_plugin:/home/aiv/workspace/ros2/t870_ros/install/t870_util:/home/aiv/workspace/ros2/t870_ros/install/t870_msgs:/home/aiv/workspace/ros2/t870_ros/install/t870_cmake:/home/aiv/workspace/ros2/erp42_racing_ros/install/erp42_racing_serial:/home/aiv/workspace/ros2/erp42_racing_ros/install/erp42_racing_rqt_plugin:/home/aiv/workspace/ros2/erp42_racing_ros/install/erp42_racing_gazebo:/home/aiv/workspace/ros2/erp42_racing_ros/install/erp42_racing_util:/home/aiv/workspace/ros2/erp42_racing_ros/install/erp42_racing_msgs:/home/aiv/workspace/ros2/erp42_racing_ros/install/erp42_racing_description:/home/aiv/workspace/ros2/erp42_racing_ros/install/erp42_racing_cmake:/home/aiv/ros2_study/install/my_second_package:/opt/ros/humble LD_LIBRARY_PATH=/home/aiv/ev_ws/ros2_ver2/install/velodyne_msgs/lib:/home/aiv/ev_ws/ros2_ver2/install/velodyne_pointcloud/lib:/home/aiv/ev_ws/ros2_ver2/install/velodyne_driver/lib:/home/aiv/ev_ws/ros2_ver2/install/velodyne_laserscan/lib:/home/aiv/ev_ws/ros2_ver2/install/velodyne_cropbox/lib:/home/aiv/ev_ws/ros2_ver2/install/patchworkpp/lib:/home/aiv/ev_ws/ros2_ver2/install/lidar_clustering/lib:/home/aiv/ev_ws/ros2/install/velodyne_pointcloud/lib:/home/aiv/ev_ws/ros2/install/velodyne_driver/lib:/home/aiv/ev_ws/ros2/install/velodyne_msgs/lib:/home/aiv/ev_ws/ros2/install/velodyne_laserscan/lib:/home/aiv/ev_ws/ros2/install/patchworkpp/lib:/home/aiv/ros2_study/install/my_first_package_msgs/lib:/home/aiv/workspace/ros2/velodyne/install/velodyne_pointcloud/lib:/home/aiv/workspace/ros2/velodyne/install/velodyne_driver/lib:/home/aiv/workspace/ros2/velodyne/install/velodyne_msgs/lib:/home/aiv/workspace/ros2/velodyne/install/velodyne_laserscan/lib:/home/aiv/workspace/ros2/erp42_ros/install/erp42_serial/lib:/home/aiv/workspace/ros2/erp42_ros/install/erp42_rqt_plugin/lib:/home/aiv/workspace/ros2/erp42_ros/install/erp42_gazebo/lib:/home/aiv/workspace/ros2/erp42_ros/install/erp42_util/lib:/home/aiv/workspace/ros2/erp42_ros/install/erp42_msgs/lib:/home/aiv/workspace/ros2/t870_ros/install/t870_serial/lib:/home/aiv/workspace/ros2/t870_ros/install/t870_rqt_plugin/lib:/home/aiv/workspace/ros2/t870_ros/install/t870_util/lib:/home/aiv/workspace/ros2/t870_ros/install/t870_msgs/lib:/home/aiv/workspace/ros2/erp42_racing_ros/install/erp42_racing_serial/lib:/home/aiv/workspace/ros2/erp42_racing_ros/install/erp42_racing_rqt_plugin/lib:/home/aiv/workspace/ros2/erp42_racing_ros/install/erp42_racing_gazebo/lib:/home/aiv/workspace/ros2/erp42_racing_ros/install/erp42_racing_util/lib:/home/aiv/workspace/ros2/erp42_racing_ros/install/erp42_racing_msgs/lib:/usr/lib/x86_64-linux-gnu/gazebo-11/plugins:/opt/ros/humble/opt/rviz_ogre_vendor/lib:/opt/ros/humble/lib/x86_64-linux-gnu:/opt/ros/humble/lib /usr/bin/cmake --build /home/aiv/ev_ws/ros2_ver2/build/velodyne_pointcloud -- -j28 -l28
[1.157s] [  5%] [32mBuilding CXX object CMakeFiles/velodyne_rawdata.dir/src/lib/calibration.cpp.o[0m
[1.157s] [ 11%] [32mBuilding CXX object gtest/CMakeFiles/gtest.dir/src/gtest-all.cc.o[0m
[1.158s] [ 16%] [32mBuilding CXX object gtest/CMakeFiles/gtest_main.dir/src/gtest_main.cc.o[0m
[1.159s] [ 22%] [32mBuilding CXX object CMakeFiles/velodyne_cloud_types.dir/src/lib/organized_cloudXYZIRT.cpp.o[0m
[1.159s] [ 27%] [32mBuilding CXX object CMakeFiles/velodyne_cloud_types.dir/src/lib/pointcloudXYZIRT.cpp.o[0m
[1.160s] [ 33%] [32mBuilding CXX object CMakeFiles/velodyne_rawdata.dir/src/lib/rawdata.cpp.o[0m
[1.733s] [ 38%] [32m[1mLinking CXX static library libgtest_main.a[0m
[1.767s] [ 38%] Built target gtest_main
[2.935s] [ 44%] [32m[1mLinking CXX static library libgtest.a[0m
[2.988s] [ 44%] Built target gtest
[3.011s] [ 50%] [32mBuilding CXX object tests/CMakeFiles/test_row_step.dir/test_row_step.cpp.o[0m
[4.384s] [ 55%] [32m[1mLinking CXX shared library libvelodyne_cloud_types.so[0m
[4.431s] [ 61%] [32m[1mLinking CXX shared library libvelodyne_rawdata.so[0m
[4.521s] [ 61%] Built target velodyne_cloud_types
[4.542s] [ 61%] Built target velodyne_rawdata
[4.563s] [ 66%] [32mBuilding CXX object CMakeFiles/transform.dir/src/conversions/transform.cpp.o[0m
[4.565s] [ 72%] [32mBuilding CXX object tests/CMakeFiles/test_calibration.dir/test_calibration.cpp.o[0m
[5.205s] [ 77%] [32m[1mLinking CXX executable test_calibration[0m
[5.349s] [ 77%] Built target test_calibration
[6.276s] [ 83%] [32m[1mLinking CXX executable test_row_step[0m
[6.415s] [ 83%] Built target test_row_step
[11.116s] [ 88%] [32m[1mLinking CXX shared library libtransform.so[0m
[11.428s] [ 88%] Built target transform
[11.447s] [ 94%] [32mBuilding CXX object CMakeFiles/velodyne_transform_node.dir/src/conversions/transform_node.cpp.o[0m
[14.230s] [100%] [32m[1mLinking CXX executable velodyne_transform_node[0m
[14.390s] [100%] Built target velodyne_transform_node
[14.398s] Invoked command in '/home/aiv/ev_ws/ros2_ver2/build/velodyne_pointcloud' returned '0': CMAKE_PREFIX_PATH=/home/aiv/ev_ws/ros2_ver2/install/velodyne_msgs:/home/aiv/ev_ws/ros2_ver2/install/velodyne:/home/aiv/ev_ws/ros2_ver2/install/lidar_launch:/home/aiv/ev_ws/ros2_ver2/install/velodyne_pointcloud:/home/aiv/ev_ws/ros2_ver2/install/velodyne_driver:/home/aiv/ev_ws/ros2_ver2/install/velodyne_laserscan:/home/aiv/ev_ws/ros2_ver2/install/velodyne_cropbox:/home/aiv/ev_ws/ros2_ver2/install/patchworkpp:/home/aiv/ev_ws/ros2_ver2/install/lidar_clustering:/home/aiv/ev_ws/ros2/install/velodyne:/home/aiv/ev_ws/ros2/install/velodyne_pointcloud:/home/aiv/ev_ws/ros2/install/velodyne_driver:/home/aiv/ev_ws/ros2/install/velodyne_msgs:/home/aiv/ev_ws/ros2/install/velodyne_laserscan:/home/aiv/ev_ws/ros2/install/patchworkpp:/home/aiv/ros2_study/install/my_first_package_msgs:/home/aiv/workspace/ros2/velodyne/install/velodyne:/home/aiv/workspace/ros2/velodyne/install/velodyne_pointcloud:/home/aiv/workspace/ros2/velodyne/install/velodyne_driver:/home/aiv/workspace/ros2/velodyne/install/velodyne_msgs:/home/aiv/workspace/ros2/velodyne/install/velodyne_laserscan:/home/aiv/workspace/ros2/erp42_ros/install/erp42_serial:/home/aiv/workspace/ros2/erp42_ros/install/erp42_rqt_plugin:/home/aiv/workspace/ros2/erp42_ros/install/erp42_gazebo:/home/aiv/workspace/ros2/erp42_ros/install/erp42_util:/home/aiv/workspace/ros2/erp42_ros/install/erp42_msgs:/home/aiv/workspace/ros2/erp42_ros/install/erp42_description:/home/aiv/workspace/ros2/erp42_ros/install/erp42_cmake:/home/aiv/workspace/ros2/t870_ros/install/t870_serial:/home/aiv/workspace/ros2/t870_ros/install/t870_rqt_plugin:/home/aiv/workspace/ros2/t870_ros/install/t870_util:/home/aiv/workspace/ros2/t870_ros/install/t870_msgs:/home/aiv/workspace/ros2/t870_ros/install/t870_cmake:/home/aiv/workspace/ros2/erp42_racing_ros/install/erp42_racing_serial:/home/aiv/workspace/ros2/erp42_racing_ros/install/erp42_racing_rqt_plugin:/home/aiv/workspace/ros2/erp42_racing_ros/install/erp42_racing_gazebo:/home/aiv/workspace/ros2/erp42_racing_ros/install/erp42_racing_util:/home/aiv/workspace/ros2/erp42_racing_ros/install/erp42_racing_msgs:/home/aiv/workspace/ros2/erp42_racing_ros/install/erp42_racing_description:/home/aiv/workspace/ros2/erp42_racing_ros/install/erp42_racing_cmake:/home/aiv/ros2_study/install/my_second_package:/opt/ros/humble LD_LIBRARY_PATH=/home/aiv/ev_ws/ros2_ver2/install/velodyne_msgs/lib:/home/aiv/ev_ws/ros2_ver2/install/velodyne_pointcloud/lib:/home/aiv/ev_ws/ros2_ver2/install/velodyne_driver/lib:/home/aiv/ev_ws/ros2_ver2/install/velodyne_laserscan/lib:/home/aiv/ev_ws/ros2_ver2/install/velodyne_cropbox/lib:/home/aiv/ev_ws/ros2_ver2/install/patchworkpp/lib:/home/aiv/ev_ws/ros2_ver2/install/lidar_clustering/lib:/home/aiv/ev_ws/ros2/install/velodyne_pointcloud/lib:/home/aiv/ev_ws/ros2/install/velodyne_driver/lib:/home/aiv/ev_ws/ros2/install/velodyne_msgs/lib:/home/aiv/ev_ws/ros2/install/velodyne_laserscan/lib:/home/aiv/ev_ws/ros2/install/patchworkpp/lib:/home/aiv/ros2_study/install/my_first_package_msgs/lib:/home/aiv/workspace/ros2/velodyne/install/velodyne_pointcloud/lib:/home/aiv/workspace/ros2/velodyne/install/velodyne_driver/lib:/home/aiv/workspace/ros2/velodyne/install/velodyne_msgs/lib:/home/aiv/workspace/ros2/velodyne/install/velodyne_laserscan/lib:/home/aiv/workspace/ros2/erp42_ros/install/erp42_serial/lib:/home/aiv/workspace/ros2/erp42_ros/install/erp42_rqt_plugin/lib:/home/aiv/workspace/ros2/erp42_ros/install/erp42_gazebo/lib:/home/aiv/workspace/ros2/erp42_ros/install/erp42_util/lib:/home/aiv/workspace/ros2/erp42_ros/install/erp42_msgs/lib:/home/aiv/workspace/ros2/t870_ros/install/t870_serial/lib:/home/aiv/workspace/ros2/t870_ros/install/t870_rqt_plugin/lib:/home/aiv/workspace/ros2/t870_ros/install/t870_util/lib:/home/aiv/workspace/ros2/t870_ros/install/t870_msgs/lib:/home/aiv/workspace/ros2/erp42_racing_ros/install/erp42_racing_serial/lib:/home/aiv/workspace/ros2/erp42_racing_ros/install/erp42_racing_rqt_plugin/lib:/home/aiv/workspace/ros2/erp42_racing_ros/install/erp42_racing_gazebo/lib:/home/aiv/workspace/ros2/erp42_racing_ros/install/erp42_racing_util/lib:/home/aiv/workspace/ros2/erp42_racing_ros/install/erp42_racing_msgs/lib:/usr/lib/x86_64-linux-gnu/gazebo-11/plugins:/opt/ros/humble/opt/rviz_ogre_vendor/lib:/opt/ros/humble/lib/x86_64-linux-gnu:/opt/ros/humble/lib /usr/bin/cmake --build /home/aiv/ev_ws/ros2_ver2/build/velodyne_pointcloud -- -j28 -l28
[14.399s] Invoking command in '/home/aiv/ev_ws/ros2_ver2/build/velodyne_pointcloud': CMAKE_PREFIX_PATH=/home/aiv/ev_ws/ros2_ver2/install/velodyne_msgs:/home/aiv/ev_ws/ros2_ver2/install/velodyne:/home/aiv/ev_ws/ros2_ver2/install/lidar_launch:/home/aiv/ev_ws/ros2_ver2/install/velodyne_pointcloud:/home/aiv/ev_ws/ros2_ver2/install/velodyne_driver:/home/aiv/ev_ws/ros2_ver2/install/velodyne_laserscan:/home/aiv/ev_ws/ros2_ver2/install/velodyne_cropbox:/home/aiv/ev_ws/ros2_ver2/install/patchworkpp:/home/aiv/ev_ws/ros2_ver2/install/lidar_clustering:/home/aiv/ev_ws/ros2/install/velodyne:/home/aiv/ev_ws/ros2/install/velodyne_pointcloud:/home/aiv/ev_ws/ros2/install/velodyne_driver:/home/aiv/ev_ws/ros2/install/velodyne_msgs:/home/aiv/ev_ws/ros2/install/velodyne_laserscan:/home/aiv/ev_ws/ros2/install/patchworkpp:/home/aiv/ros2_study/install/my_first_package_msgs:/home/aiv/workspace/ros2/velodyne/install/velodyne:/home/aiv/workspace/ros2/velodyne/install/velodyne_pointcloud:/home/aiv/workspace/ros2/velodyne/install/velodyne_driver:/home/aiv/workspace/ros2/velodyne/install/velodyne_msgs:/home/aiv/workspace/ros2/velodyne/install/velodyne_laserscan:/home/aiv/workspace/ros2/erp42_ros/install/erp42_serial:/home/aiv/workspace/ros2/erp42_ros/install/erp42_rqt_plugin:/home/aiv/workspace/ros2/erp42_ros/install/erp42_gazebo:/home/aiv/workspace/ros2/erp42_ros/install/erp42_util:/home/aiv/workspace/ros2/erp42_ros/install/erp42_msgs:/home/aiv/workspace/ros2/erp42_ros/install/erp42_description:/home/aiv/workspace/ros2/erp42_ros/install/erp42_cmake:/home/aiv/workspace/ros2/t870_ros/install/t870_serial:/home/aiv/workspace/ros2/t870_ros/install/t870_rqt_plugin:/home/aiv/workspace/ros2/t870_ros/install/t870_util:/home/aiv/workspace/ros2/t870_ros/install/t870_msgs:/home/aiv/workspace/ros2/t870_ros/install/t870_cmake:/home/aiv/workspace/ros2/erp42_racing_ros/install/erp42_racing_serial:/home/aiv/workspace/ros2/erp42_racing_ros/install/erp42_racing_rqt_plugin:/home/aiv/workspace/ros2/erp42_racing_ros/install/erp42_racing_gazebo:/home/aiv/workspace/ros2/erp42_racing_ros/install/erp42_racing_util:/home/aiv/workspace/ros2/erp42_racing_ros/install/erp42_racing_msgs:/home/aiv/workspace/ros2/erp42_racing_ros/install/erp42_racing_description:/home/aiv/workspace/ros2/erp42_racing_ros/install/erp42_racing_cmake:/home/aiv/ros2_study/install/my_second_package:/opt/ros/humble LD_LIBRARY_PATH=/home/aiv/ev_ws/ros2_ver2/install/velodyne_msgs/lib:/home/aiv/ev_ws/ros2_ver2/install/velodyne_pointcloud/lib:/home/aiv/ev_ws/ros2_ver2/install/velodyne_driver/lib:/home/aiv/ev_ws/ros2_ver2/install/velodyne_laserscan/lib:/home/aiv/ev_ws/ros2_ver2/install/velodyne_cropbox/lib:/home/aiv/ev_ws/ros2_ver2/install/patchworkpp/lib:/home/aiv/ev_ws/ros2_ver2/install/lidar_clustering/lib:/home/aiv/ev_ws/ros2/install/velodyne_pointcloud/lib:/home/aiv/ev_ws/ros2/install/velodyne_driver/lib:/home/aiv/ev_ws/ros2/install/velodyne_msgs/lib:/home/aiv/ev_ws/ros2/install/velodyne_laserscan/lib:/home/aiv/ev_ws/ros2/install/patchworkpp/lib:/home/aiv/ros2_study/install/my_first_package_msgs/lib:/home/aiv/workspace/ros2/velodyne/install/velodyne_pointcloud/lib:/home/aiv/workspace/ros2/velodyne/install/velodyne_driver/lib:/home/aiv/workspace/ros2/velodyne/install/velodyne_msgs/lib:/home/aiv/workspace/ros2/velodyne/install/velodyne_laserscan/lib:/home/aiv/workspace/ros2/erp42_ros/install/erp42_serial/lib:/home/aiv/workspace/ros2/erp42_ros/install/erp42_rqt_plugin/lib:/home/aiv/workspace/ros2/erp42_ros/install/erp42_gazebo/lib:/home/aiv/workspace/ros2/erp42_ros/install/erp42_util/lib:/home/aiv/workspace/ros2/erp42_ros/install/erp42_msgs/lib:/home/aiv/workspace/ros2/t870_ros/install/t870_serial/lib:/home/aiv/workspace/ros2/t870_ros/install/t870_rqt_plugin/lib:/home/aiv/workspace/ros2/t870_ros/install/t870_util/lib:/home/aiv/workspace/ros2/t870_ros/install/t870_msgs/lib:/home/aiv/workspace/ros2/erp42_racing_ros/install/erp42_racing_serial/lib:/home/aiv/workspace/ros2/erp42_racing_ros/install/erp42_racing_rqt_plugin/lib:/home/aiv/workspace/ros2/erp42_racing_ros/install/erp42_racing_gazebo/lib:/home/aiv/workspace/ros2/erp42_racing_ros/install/erp42_racing_util/lib:/home/aiv/workspace/ros2/erp42_racing_ros/install/erp42_racing_msgs/lib:/usr/lib/x86_64-linux-gnu/gazebo-11/plugins:/opt/ros/humble/opt/rviz_ogre_vendor/lib:/opt/ros/humble/lib/x86_64-linux-gnu:/opt/ros/humble/lib /usr/bin/cmake --install /home/aiv/ev_ws/ros2_ver2/build/velodyne_pointcloud
[14.407s] -- Install configuration: ""
[14.407s] -- Installing: /home/aiv/ev_ws/ros2_ver2/install/velodyne_pointcloud/lib/libvelodyne_cloud_types.so
[14.407s] -- Set runtime path of "/home/aiv/ev_ws/ros2_ver2/install/velodyne_pointcloud/lib/libvelodyne_cloud_types.so" to ""
[14.407s] -- Installing: /home/aiv/ev_ws/ros2_ver2/install/velodyne_pointcloud/lib/libvelodyne_rawdata.so
[14.408s] -- Set runtime path of "/home/aiv/ev_ws/ros2_ver2/install/velodyne_pointcloud/lib/libvelodyne_rawdata.so" to ""
[14.408s] -- Installing: /home/aiv/ev_ws/ros2_ver2/install/velodyne_pointcloud/lib/libtransform.so
[14.411s] -- Set runtime path of "/home/aiv/ev_ws/ros2_ver2/install/velodyne_pointcloud/lib/libtransform.so" to ""
[14.411s] -- Installing: /home/aiv/ev_ws/ros2_ver2/install/velodyne_pointcloud/lib/velodyne_pointcloud/velodyne_transform_node
[14.411s] -- Set runtime path of "/home/aiv/ev_ws/ros2_ver2/install/velodyne_pointcloud/lib/velodyne_pointcloud/velodyne_transform_node" to ""
[14.412s] -- Installing: /home/aiv/ev_ws/ros2_ver2/install/velodyne_pointcloud/include/velodyne_pointcloud
[14.412s] -- Installing: /home/aiv/ev_ws/ros2_ver2/install/velodyne_pointcloud/include/velodyne_pointcloud/pointcloudXYZIRT.hpp
[14.412s] -- Installing: /home/aiv/ev_ws/ros2_ver2/install/velodyne_pointcloud/include/velodyne_pointcloud/datacontainerbase.hpp
[14.412s] -- Installing: /home/aiv/ev_ws/ros2_ver2/install/velodyne_pointcloud/include/velodyne_pointcloud/organized_cloudXYZIRT.hpp
[14.412s] -- Installing: /home/aiv/ev_ws/ros2_ver2/install/velodyne_pointcloud/include/velodyne_pointcloud/rawdata.hpp
[14.412s] -- Installing: /home/aiv/ev_ws/ros2_ver2/install/velodyne_pointcloud/include/velodyne_pointcloud/calibration.hpp
[14.412s] -- Installing: /home/aiv/ev_ws/ros2_ver2/install/velodyne_pointcloud/include/velodyne_pointcloud/transform.hpp
[14.412s] -- Installing: /home/aiv/ev_ws/ros2_ver2/install/velodyne_pointcloud/share/velodyne_pointcloud/config
[14.412s] -- Installing: /home/aiv/ev_ws/ros2_ver2/install/velodyne_pointcloud/share/velodyne_pointcloud/config/VLP32C-velodyne_transform_node-params.yaml
[14.412s] -- Installing: /home/aiv/ev_ws/ros2_ver2/install/velodyne_pointcloud/share/velodyne_pointcloud/config/VLS128-velodyne_transform_node-params.yaml
[14.412s] -- Installing: /home/aiv/ev_ws/ros2_ver2/install/velodyne_pointcloud/share/velodyne_pointcloud/config/VLP16-velodyne_transform_node-params.yaml
[14.412s] -- Installing: /home/aiv/ev_ws/ros2_ver2/install/velodyne_pointcloud/share/velodyne_pointcloud/launch
[14.412s] -- Installing: /home/aiv/ev_ws/ros2_ver2/install/velodyne_pointcloud/share/velodyne_pointcloud/launch/velodyne_transform_node-VLS128-launch.py
[14.412s] -- Installing: /home/aiv/ev_ws/ros2_ver2/install/velodyne_pointcloud/share/velodyne_pointcloud/launch/velodyne_transform_node-VLP32C-launch.py
[14.412s] -- Installing: /home/aiv/ev_ws/ros2_ver2/install/velodyne_pointcloud/share/velodyne_pointcloud/launch/velodyne_transform_node-VLP16-launch.py
[14.412s] -- Installing: /home/aiv/ev_ws/ros2_ver2/install/velodyne_pointcloud/share/velodyne_pointcloud/launch/velodyne_transform_node-VLP16-composed-launch.py
[14.412s] -- Installing: /home/aiv/ev_ws/ros2_ver2/install/velodyne_pointcloud/share/velodyne_pointcloud/launch/velodyne_transform_node-VLS128-composed-launch.py
[14.412s] -- Installing: /home/aiv/ev_ws/ros2_ver2/install/velodyne_pointcloud/share/velodyne_pointcloud/launch/velodyne_transform_node-VLP32C-composed-launch.py
[14.412s] -- Installing: /home/aiv/ev_ws/ros2_ver2/install/velodyne_pointcloud/share/velodyne_pointcloud/params
[14.412s] -- Installing: /home/aiv/ev_ws/ros2_ver2/install/velodyne_pointcloud/share/velodyne_pointcloud/params/VLP16_hires_db.yaml
[14.412s] -- Installing: /home/aiv/ev_ws/ros2_ver2/install/velodyne_pointcloud/share/velodyne_pointcloud/params/VLP16db.yaml
[14.412s] -- Installing: /home/aiv/ev_ws/ros2_ver2/install/velodyne_pointcloud/share/velodyne_pointcloud/params/32db.yaml
[14.412s] -- Installing: /home/aiv/ev_ws/ros2_ver2/install/velodyne_pointcloud/share/velodyne_pointcloud/params/issue_84_float_intensities.yaml
[14.412s] -- Installing: /home/aiv/ev_ws/ros2_ver2/install/velodyne_pointcloud/share/velodyne_pointcloud/params/VLS128.yaml
[14.412s] -- Installing: /home/aiv/ev_ws/ros2_ver2/install/velodyne_pointcloud/share/velodyne_pointcloud/params/VeloView-VLP-32C.yaml
[14.412s] -- Installing: /home/aiv/ev_ws/ros2_ver2/install/velodyne_pointcloud/share/velodyne_pointcloud/params/64e_s2.1-sztaki.yaml
[14.412s] -- Installing: /home/aiv/ev_ws/ros2_ver2/install/velodyne_pointcloud/share/velodyne_pointcloud/params/64e_utexas.yaml
[14.412s] -- Installing: /home/aiv/ev_ws/ros2_ver2/install/velodyne_pointcloud/share/velodyne_pointcloud/params/rviz_points.vcg
[14.412s] -- Installing: /home/aiv/ev_ws/ros2_ver2/install/velodyne_pointcloud/share/velodyne_pointcloud/params/64e_s3-xiesc.yaml
[14.413s] -- Installing: /home/aiv/ev_ws/ros2_ver2/install/velodyne_pointcloud/share/velodyne_pointcloud/environment/library_path.sh
[14.413s] -- Installing: /home/aiv/ev_ws/ros2_ver2/install/velodyne_pointcloud/share/velodyne_pointcloud/environment/library_path.dsv
[14.413s] -- Installing: /home/aiv/ev_ws/ros2_ver2/install/velodyne_pointcloud/share/ament_index/resource_index/package_run_dependencies/velodyne_pointcloud
[14.413s] -- Installing: /home/aiv/ev_ws/ros2_ver2/install/velodyne_pointcloud/share/ament_index/resource_index/parent_prefix_path/velodyne_pointcloud
[14.413s] -- Installing: /home/aiv/ev_ws/ros2_ver2/install/velodyne_pointcloud/share/velodyne_pointcloud/environment/ament_prefix_path.sh
[14.413s] -- Installing: /home/aiv/ev_ws/ros2_ver2/install/velodyne_pointcloud/share/velodyne_pointcloud/environment/ament_prefix_path.dsv
[14.413s] -- Installing: /home/aiv/ev_ws/ros2_ver2/install/velodyne_pointcloud/share/velodyne_pointcloud/environment/path.sh
[14.413s] -- Installing: /home/aiv/ev_ws/ros2_ver2/install/velodyne_pointcloud/share/velodyne_pointcloud/environment/path.dsv
[14.413s] -- Installing: /home/aiv/ev_ws/ros2_ver2/install/velodyne_pointcloud/share/velodyne_pointcloud/local_setup.bash
[14.413s] -- Installing: /home/aiv/ev_ws/ros2_ver2/install/velodyne_pointcloud/share/velodyne_pointcloud/local_setup.sh
[14.413s] -- Installing: /home/aiv/ev_ws/ros2_ver2/install/velodyne_pointcloud/share/velodyne_pointcloud/local_setup.zsh
[14.413s] -- Installing: /home/aiv/ev_ws/ros2_ver2/install/velodyne_pointcloud/share/velodyne_pointcloud/local_setup.dsv
[14.413s] -- Installing: /home/aiv/ev_ws/ros2_ver2/install/velodyne_pointcloud/share/velodyne_pointcloud/package.dsv
[14.413s] -- Installing: /home/aiv/ev_ws/ros2_ver2/install/velodyne_pointcloud/share/ament_index/resource_index/packages/velodyne_pointcloud
[14.413s] -- Installing: /home/aiv/ev_ws/ros2_ver2/install/velodyne_pointcloud/share/ament_index/resource_index/rclcpp_components/velodyne_pointcloud
[14.413s] -- Installing: /home/aiv/ev_ws/ros2_ver2/install/velodyne_pointcloud/share/velodyne_pointcloud/cmake/velodyne_pointcloudExport.cmake
[14.413s] -- Installing: /home/aiv/ev_ws/ros2_ver2/install/velodyne_pointcloud/share/velodyne_pointcloud/cmake/velodyne_pointcloudExport-noconfig.cmake
[14.413s] -- Installing: /home/aiv/ev_ws/ros2_ver2/install/velodyne_pointcloud/share/velodyne_pointcloud/cmake/ament_cmake_export_include_directories-extras.cmake
[14.413s] -- Installing: /home/aiv/ev_ws/ros2_ver2/install/velodyne_pointcloud/share/velodyne_pointcloud/cmake/ament_cmake_export_dependencies-extras.cmake
[14.413s] -- Installing: /home/aiv/ev_ws/ros2_ver2/install/velodyne_pointcloud/share/velodyne_pointcloud/cmake/ament_cmake_export_libraries-extras.cmake
[14.413s] -- Installing: /home/aiv/ev_ws/ros2_ver2/install/velodyne_pointcloud/share/velodyne_pointcloud/cmake/ament_cmake_export_targets-extras.cmake
[14.413s] -- Installing: /home/aiv/ev_ws/ros2_ver2/install/velodyne_pointcloud/share/velodyne_pointcloud/cmake/velodyne_pointcloudConfig.cmake
[14.413s] -- Installing: /home/aiv/ev_ws/ros2_ver2/install/velodyne_pointcloud/share/velodyne_pointcloud/cmake/velodyne_pointcloudConfig-version.cmake
[14.413s] -- Installing: /home/aiv/ev_ws/ros2_ver2/install/velodyne_pointcloud/share/velodyne_pointcloud/package.xml
[14.415s] Invoked command in '/home/aiv/ev_ws/ros2_ver2/build/velodyne_pointcloud' returned '0': CMAKE_PREFIX_PATH=/home/aiv/ev_ws/ros2_ver2/install/velodyne_msgs:/home/aiv/ev_ws/ros2_ver2/install/velodyne:/home/aiv/ev_ws/ros2_ver2/install/lidar_launch:/home/aiv/ev_ws/ros2_ver2/install/velodyne_pointcloud:/home/aiv/ev_ws/ros2_ver2/install/velodyne_driver:/home/aiv/ev_ws/ros2_ver2/install/velodyne_laserscan:/home/aiv/ev_ws/ros2_ver2/install/velodyne_cropbox:/home/aiv/ev_ws/ros2_ver2/install/patchworkpp:/home/aiv/ev_ws/ros2_ver2/install/lidar_clustering:/home/aiv/ev_ws/ros2/install/velodyne:/home/aiv/ev_ws/ros2/install/velodyne_pointcloud:/home/aiv/ev_ws/ros2/install/velodyne_driver:/home/aiv/ev_ws/ros2/install/velodyne_msgs:/home/aiv/ev_ws/ros2/install/velodyne_laserscan:/home/aiv/ev_ws/ros2/install/patchworkpp:/home/aiv/ros2_study/install/my_first_package_msgs:/home/aiv/workspace/ros2/velodyne/install/velodyne:/home/aiv/workspace/ros2/velodyne/install/velodyne_pointcloud:/home/aiv/workspace/ros2/velodyne/install/velodyne_driver:/home/aiv/workspace/ros2/velodyne/install/velodyne_msgs:/home/aiv/workspace/ros2/velodyne/install/velodyne_laserscan:/home/aiv/workspace/ros2/erp42_ros/install/erp42_serial:/home/aiv/workspace/ros2/erp42_ros/install/erp42_rqt_plugin:/home/aiv/workspace/ros2/erp42_ros/install/erp42_gazebo:/home/aiv/workspace/ros2/erp42_ros/install/erp42_util:/home/aiv/workspace/ros2/erp42_ros/install/erp42_msgs:/home/aiv/workspace/ros2/erp42_ros/install/erp42_description:/home/aiv/workspace/ros2/erp42_ros/install/erp42_cmake:/home/aiv/workspace/ros2/t870_ros/install/t870_serial:/home/aiv/workspace/ros2/t870_ros/install/t870_rqt_plugin:/home/aiv/workspace/ros2/t870_ros/install/t870_util:/home/aiv/workspace/ros2/t870_ros/install/t870_msgs:/home/aiv/workspace/ros2/t870_ros/install/t870_cmake:/home/aiv/workspace/ros2/erp42_racing_ros/install/erp42_racing_serial:/home/aiv/workspace/ros2/erp42_racing_ros/install/erp42_racing_rqt_plugin:/home/aiv/workspace/ros2/erp42_racing_ros/install/erp42_racing_gazebo:/home/aiv/workspace/ros2/erp42_racing_ros/install/erp42_racing_util:/home/aiv/workspace/ros2/erp42_racing_ros/install/erp42_racing_msgs:/home/aiv/workspace/ros2/erp42_racing_ros/install/erp42_racing_description:/home/aiv/workspace/ros2/erp42_racing_ros/install/erp42_racing_cmake:/home/aiv/ros2_study/install/my_second_package:/opt/ros/humble LD_LIBRARY_PATH=/home/aiv/ev_ws/ros2_ver2/install/velodyne_msgs/lib:/home/aiv/ev_ws/ros2_ver2/install/velodyne_pointcloud/lib:/home/aiv/ev_ws/ros2_ver2/install/velodyne_driver/lib:/home/aiv/ev_ws/ros2_ver2/install/velodyne_laserscan/lib:/home/aiv/ev_ws/ros2_ver2/install/velodyne_cropbox/lib:/home/aiv/ev_ws/ros2_ver2/install/patchworkpp/lib:/home/aiv/ev_ws/ros2_ver2/install/lidar_clustering/lib:/home/aiv/ev_ws/ros2/install/velodyne_pointcloud/lib:/home/aiv/ev_ws/ros2/install/velodyne_driver/lib:/home/aiv/ev_ws/ros2/install/velodyne_msgs/lib:/home/aiv/ev_ws/ros2/install/velodyne_laserscan/lib:/home/aiv/ev_ws/ros2/install/patchworkpp/lib:/home/aiv/ros2_study/install/my_first_package_msgs/lib:/home/aiv/workspace/ros2/velodyne/install/velodyne_pointcloud/lib:/home/aiv/workspace/ros2/velodyne/install/velodyne_driver/lib:/home/aiv/workspace/ros2/velodyne/install/velodyne_msgs/lib:/home/aiv/workspace/ros2/velodyne/install/velodyne_laserscan/lib:/home/aiv/workspace/ros2/erp42_ros/install/erp42_serial/lib:/home/aiv/workspace/ros2/erp42_ros/install/erp42_rqt_plugin/lib:/home/aiv/workspace/ros2/erp42_ros/install/erp42_gazebo/lib:/home/aiv/workspace/ros2/erp42_ros/install/erp42_util/lib:/home/aiv/workspace/ros2/erp42_ros/install/erp42_msgs/lib:/home/aiv/workspace/ros2/t870_ros/install/t870_serial/lib:/home/aiv/workspace/ros2/t870_ros/install/t870_rqt_plugin/lib:/home/aiv/workspace/ros2/t870_ros/install/t870_util/lib:/home/aiv/workspace/ros2/t870_ros/install/t870_msgs/lib:/home/aiv/workspace/ros2/erp42_racing_ros/install/erp42_racing_serial/lib:/home/aiv/workspace/ros2/erp42_racing_ros/install/erp42_racing_rqt_plugin/lib:/home/aiv/workspace/ros2/erp42_racing_ros/install/erp42_racing_gazebo/lib:/home/aiv/workspace/ros2/erp42_racing_ros/install/erp42_racing_util/lib:/home/aiv/workspace/ros2/erp42_racing_ros/install/erp42_racing_msgs/lib:/usr/lib/x86_64-linux-gnu/gazebo-11/plugins:/opt/ros/humble/opt/rviz_ogre_vendor/lib:/opt/ros/humble/lib/x86_64-linux-gnu:/opt/ros/humble/lib /usr/bin/cmake --install /home/aiv/ev_ws/ros2_ver2/build/velodyne_pointcloud
