[0.010s] Invoking command in '/home/aiv/ev_ws/ros2_ver2/build/velodyne_laserscan': CMAKE_PREFIX_PATH=${CMAKE_PREFIX_PATH}:/home/aiv/ros2_study/install/my_second_package:/opt/ros/humble /usr/bin/cmake /home/aiv/ev_ws/ros2_ver2/src/lidar/velodyne_laserscan -DCMAKE_INSTALL_PREFIX=/home/aiv/ev_ws/ros2_ver2/install/velodyne_laserscan
[0.064s] -- The C compiler identification is GNU 11.4.0
[0.102s] -- The CXX compiler identification is GNU 11.4.0
[0.107s] -- Detecting C compiler ABI info
[0.161s] -- Detecting C compiler ABI info - done
[0.165s] -- Check for working C compiler: /usr/bin/cc - skipped
[0.165s] -- Detecting C compile features
[0.165s] -- Detecting C compile features - done
[0.167s] -- Detecting CXX compiler ABI info
[0.225s] -- Detecting CXX compiler ABI info - done
[0.229s] -- Check for working CXX compiler: /usr/bin/c++ - skipped
[0.230s] -- Detecting CXX compile features
[0.230s] -- Detecting CXX compile features - done
[0.236s] -- Found ament_cmake_ros: 0.10.0 (/opt/ros/humble/share/ament_cmake_ros/cmake)
[0.353s] -- Found Python3: /usr/bin/python3 (found version "3.10.12") found components: Interpreter 
[0.420s] -- Found rclcpp: 16.0.17 (/opt/ros/humble/share/rclcpp/cmake)
[0.454s] -- Found rosidl_generator_c: 3.1.8 (/opt/ros/humble/share/rosidl_generator_c/cmake)
[0.459s] -- Found rosidl_adapter: 3.1.8 (/opt/ros/humble/share/rosidl_adapter/cmake)
[0.465s] -- Found rosidl_generator_cpp: 3.1.8 (/opt/ros/humble/share/rosidl_generator_cpp/cmake)
[0.474s] -- Using all available rosidl_typesupport_c: rosidl_typesupport_fastrtps_c;rosidl_typesupport_introspection_c
[0.487s] -- Using all available rosidl_typesupport_cpp: rosidl_typesupport_fastrtps_cpp;rosidl_typesupport_introspection_cpp
[0.522s] -- Found rmw_implementation_cmake: 6.1.2 (/opt/ros/humble/share/rmw_implementation_cmake/cmake)
[0.525s] -- Found rmw_cyclonedds_cpp: 1.3.4 (/opt/ros/humble/share/rmw_cyclonedds_cpp/cmake)
[0.544s] -- Using RMW implementation 'rmw_cyclonedds_cpp' as default
[0.553s] -- Looking for pthread.h
[0.611s] -- Looking for pthread.h - found
[0.611s] -- Performing Test CMAKE_HAVE_LIBC_PTHREAD
[0.669s] -- Performing Test CMAKE_HAVE_LIBC_PTHREAD - Success
[0.669s] -- Found Threads: TRUE  
[0.707s] -- Found rclcpp_components: 16.0.17 (/opt/ros/humble/share/rclcpp_components/cmake)
[0.728s] -- Found sensor_msgs: 4.9.0 (/opt/ros/humble/share/sensor_msgs/cmake)
[0.748s] -- Found ament_lint_auto: 0.12.14 (/opt/ros/humble/share/ament_lint_auto/cmake)
[0.808s] -- Added test 'copyright' to check source files copyright and LICENSE
[0.809s] -- Added test 'cppcheck' to perform static code analysis on C / C++ code
[0.809s] -- Configured cppcheck include dirs: $<BUILD_INTERFACE:/home/aiv/ev_ws/ros2_ver2/src/lidar/velodyne_laserscan/include>
[0.809s] -- Configured cppcheck exclude dirs and/or files: 
[0.810s] -- Added test 'cpplint' to check C / C++ code against the Google style
[0.810s] -- Configured cpplint exclude dirs and/or files: 
[0.811s] -- Added test 'flake8' to check Python code syntax and style conventions
[0.811s] -- Added test 'lint_cmake' to check CMake code style
[0.812s] -- Added test 'pep257' to check Python code against some of the docstring style conventions in PEP 257
[0.813s] -- Added test 'uncrustify' to check C / C++ code style
[0.813s] -- Configured uncrustify additional arguments: 
[0.813s] -- Added test 'xmllint' to check XML markup files
[0.815s] -- Configuring done
[0.822s] -- Generating done
[0.825s] -- Build files have been written to: /home/aiv/ev_ws/ros2_ver2/build/velodyne_laserscan
[0.830s] Invoked command in '/home/aiv/ev_ws/ros2_ver2/build/velodyne_laserscan' returned '0': CMAKE_PREFIX_PATH=${CMAKE_PREFIX_PATH}:/home/aiv/ros2_study/install/my_second_package:/opt/ros/humble /usr/bin/cmake /home/aiv/ev_ws/ros2_ver2/src/lidar/velodyne_laserscan -DCMAKE_INSTALL_PREFIX=/home/aiv/ev_ws/ros2_ver2/install/velodyne_laserscan
[0.831s] Invoking command in '/home/aiv/ev_ws/ros2_ver2/build/velodyne_laserscan': CMAKE_PREFIX_PATH=${CMAKE_PREFIX_PATH}:/home/aiv/ros2_study/install/my_second_package:/opt/ros/humble /usr/bin/cmake --build /home/aiv/ev_ws/ros2_ver2/build/velodyne_laserscan -- -j28 -l28
[0.874s] [ 25%] [32mBuilding CXX object CMakeFiles/velodyne_laserscan.dir/src/velodyne_laserscan.cpp.o[0m
[5.964s] [ 50%] [32m[1mLinking CXX shared library libvelodyne_laserscan.so[0m
[6.259s] [ 50%] Built target velodyne_laserscan
[6.282s] [ 75%] [32mBuilding CXX object CMakeFiles/velodyne_laserscan_node.dir/src/node.cpp.o[0m
[8.020s] [100%] [32m[1mLinking CXX executable velodyne_laserscan_node[0m
[8.163s] [100%] Built target velodyne_laserscan_node
[8.172s] Invoked command in '/home/aiv/ev_ws/ros2_ver2/build/velodyne_laserscan' returned '0': CMAKE_PREFIX_PATH=${CMAKE_PREFIX_PATH}:/home/aiv/ros2_study/install/my_second_package:/opt/ros/humble /usr/bin/cmake --build /home/aiv/ev_ws/ros2_ver2/build/velodyne_laserscan -- -j28 -l28
[8.173s] Invoking command in '/home/aiv/ev_ws/ros2_ver2/build/velodyne_laserscan': CMAKE_PREFIX_PATH=${CMAKE_PREFIX_PATH}:/home/aiv/ros2_study/install/my_second_package:/opt/ros/humble /usr/bin/cmake --install /home/aiv/ev_ws/ros2_ver2/build/velodyne_laserscan
[8.180s] -- Install configuration: ""
[8.181s] -- Installing: /home/aiv/ev_ws/ros2_ver2/install/velodyne_laserscan/lib/libvelodyne_laserscan.so
[8.184s] -- Set runtime path of "/home/aiv/ev_ws/ros2_ver2/install/velodyne_laserscan/lib/libvelodyne_laserscan.so" to ""
[8.184s] -- Installing: /home/aiv/ev_ws/ros2_ver2/install/velodyne_laserscan/lib/velodyne_laserscan/velodyne_laserscan_node
[8.185s] -- Set runtime path of "/home/aiv/ev_ws/ros2_ver2/install/velodyne_laserscan/lib/velodyne_laserscan/velodyne_laserscan_node" to ""
[8.185s] -- Installing: /home/aiv/ev_ws/ros2_ver2/install/velodyne_laserscan/include/velodyne_laserscan
[8.185s] -- Installing: /home/aiv/ev_ws/ros2_ver2/install/velodyne_laserscan/include/velodyne_laserscan/velodyne_laserscan.hpp
[8.185s] -- Installing: /home/aiv/ev_ws/ros2_ver2/install/velodyne_laserscan/share/velodyne_laserscan/config
[8.185s] -- Installing: /home/aiv/ev_ws/ros2_ver2/install/velodyne_laserscan/share/velodyne_laserscan/config/default-velodyne_laserscan_node-params.yaml
[8.185s] -- Installing: /home/aiv/ev_ws/ros2_ver2/install/velodyne_laserscan/share/velodyne_laserscan/launch
[8.185s] -- Installing: /home/aiv/ev_ws/ros2_ver2/install/velodyne_laserscan/share/velodyne_laserscan/launch/velodyne_laserscan_node-launch.py
[8.185s] -- Installing: /home/aiv/ev_ws/ros2_ver2/install/velodyne_laserscan/share/velodyne_laserscan/launch/velodyne_laserscan_node-composed-launch.py
[8.185s] -- Installing: /home/aiv/ev_ws/ros2_ver2/install/velodyne_laserscan/share/ament_index/resource_index/package_run_dependencies/velodyne_laserscan
[8.185s] -- Installing: /home/aiv/ev_ws/ros2_ver2/install/velodyne_laserscan/share/ament_index/resource_index/parent_prefix_path/velodyne_laserscan
[8.185s] -- Installing: /home/aiv/ev_ws/ros2_ver2/install/velodyne_laserscan/share/velodyne_laserscan/environment/ament_prefix_path.sh
[8.185s] -- Installing: /home/aiv/ev_ws/ros2_ver2/install/velodyne_laserscan/share/velodyne_laserscan/environment/ament_prefix_path.dsv
[8.185s] -- Installing: /home/aiv/ev_ws/ros2_ver2/install/velodyne_laserscan/share/velodyne_laserscan/environment/path.sh
[8.185s] -- Installing: /home/aiv/ev_ws/ros2_ver2/install/velodyne_laserscan/share/velodyne_laserscan/environment/path.dsv
[8.186s] -- Installing: /home/aiv/ev_ws/ros2_ver2/install/velodyne_laserscan/share/velodyne_laserscan/local_setup.bash
[8.186s] -- Installing: /home/aiv/ev_ws/ros2_ver2/install/velodyne_laserscan/share/velodyne_laserscan/local_setup.sh
[8.186s] -- Installing: /home/aiv/ev_ws/ros2_ver2/install/velodyne_laserscan/share/velodyne_laserscan/local_setup.zsh
[8.186s] -- Installing: /home/aiv/ev_ws/ros2_ver2/install/velodyne_laserscan/share/velodyne_laserscan/local_setup.dsv
[8.186s] -- Installing: /home/aiv/ev_ws/ros2_ver2/install/velodyne_laserscan/share/velodyne_laserscan/package.dsv
[8.186s] -- Installing: /home/aiv/ev_ws/ros2_ver2/install/velodyne_laserscan/share/ament_index/resource_index/packages/velodyne_laserscan
[8.186s] -- Installing: /home/aiv/ev_ws/ros2_ver2/install/velodyne_laserscan/share/ament_index/resource_index/rclcpp_components/velodyne_laserscan
[8.186s] -- Installing: /home/aiv/ev_ws/ros2_ver2/install/velodyne_laserscan/share/velodyne_laserscan/cmake/velodyne_laserscanExport.cmake
[8.186s] -- Installing: /home/aiv/ev_ws/ros2_ver2/install/velodyne_laserscan/share/velodyne_laserscan/cmake/velodyne_laserscanExport-noconfig.cmake
[8.186s] -- Installing: /home/aiv/ev_ws/ros2_ver2/install/velodyne_laserscan/share/velodyne_laserscan/cmake/ament_cmake_export_include_directories-extras.cmake
[8.186s] -- Installing: /home/aiv/ev_ws/ros2_ver2/install/velodyne_laserscan/share/velodyne_laserscan/cmake/ament_cmake_export_targets-extras.cmake
[8.186s] -- Installing: /home/aiv/ev_ws/ros2_ver2/install/velodyne_laserscan/share/velodyne_laserscan/cmake/ament_cmake_export_dependencies-extras.cmake
[8.186s] -- Installing: /home/aiv/ev_ws/ros2_ver2/install/velodyne_laserscan/share/velodyne_laserscan/cmake/velodyne_laserscanConfig.cmake
[8.186s] -- Installing: /home/aiv/ev_ws/ros2_ver2/install/velodyne_laserscan/share/velodyne_laserscan/cmake/velodyne_laserscanConfig-version.cmake
[8.186s] -- Installing: /home/aiv/ev_ws/ros2_ver2/install/velodyne_laserscan/share/velodyne_laserscan/package.xml
[8.188s] Invoked command in '/home/aiv/ev_ws/ros2_ver2/build/velodyne_laserscan' returned '0': CMAKE_PREFIX_PATH=${CMAKE_PREFIX_PATH}:/home/aiv/ros2_study/install/my_second_package:/opt/ros/humble /usr/bin/cmake --install /home/aiv/ev_ws/ros2_ver2/build/velodyne_laserscan
